starting MoveGAN training run 16
Tar file moved to scratch
Current time : 15:15:31

10k_train.tar.gz
990000_img.jpg
990000_mask_0.jpg
990000_mask_1.jpg
990000_mask_2.jpg
Tar file extracted on scratch
Current time : 15:15:37

Validation tar copied to scratch
Current time : 15:15:37

validation tar extracted on scratch
Current time : 15:15:37

----------------- Options ---------------
               batch_size: 64                            	[default: 1]
                    beta1: 0.5                           
                    beta2: 0.999                         
          checkpoints_dir: /scratch/checkpoints          	[default: ./checkpoints]
           continue_train: False                         
                crop_size: 64                            
                 dataroot: /scratch/datasets/ROOM/images/	[default: None]
             dataset_mode: room                          
                direction: AtoB                          
              display_env: main                          
             display_freq: 100                           
               display_id: 0                             	[default: 1]
            display_ncols: 4                             
             display_port: 8097                          
           display_server: http://localhost              
          display_winsize: 256                           
                    epoch: latest                        
              epoch_count: 1                             
              fake_target: 0.0                           	[default: 0.1]
                 gan_mode: vanilla                       
                  gpu_ids: 0                             
                init_gain: 0.02                          
                init_type: normal                        
                 input_nc: 3                             
                  isTrain: True                          	[default: None]
          keep_last_batch: False                         
                load_iter: 0                             	[default: 0]
                load_size: 64                            
                       lr: 0.0002                        
           lr_decay_iters: 50                            
                lr_policy: step                          
         max_dataset_size: 10000                         	[default: inf]
          min_obj_surface: 60                            	[default: 100]
                    model: move                          	[default: copy]
                 n_epochs: 10                            	[default: 100]
           n_epochs_decay: 40                            	[default: 100]
               n_layers_D: 3                             
            n_layers_conv: 4                             
                     name: Move                          	[default: MoveModel]
                      ndf: 64                            
                     netD: basic                         
                     netG: resnet_9blocks                
                      ngf: 64                            
               no_dropout: False                         
                  no_flip: True                          
                  no_html: False                         
             noisy_labels: False                         
                     norm: instance                      
              num_threads: 4                             
                output_nc: 3                             
                    phase: train                         
                pool_size: 50                            
               preprocess: resize                        
               print_freq: 20                            
              real_target: 0.9                           
             save_by_iter: False                         
          save_epoch_freq: 5                             
         save_latest_freq: 5000                          
                     seed: 0                             
           serial_batches: False                         
                   suffix:                               
                theta_dim: 6                             	[default: 2]
              tracemalloc: False                         
         update_html_freq: 100                           
                  use_amp: False                         
           val_batch_size: 128                           
                 val_freq: 100                           
                  verbose: True                          	[default: False]
----------------- End -------------------
dataset [RoomDataset] and dataloder are created
dataset [RoomDataset] and dataloder are created
Starting training of move-model
The number of training images = 10000
The number of validation images = 1111
The number of epochs to run = 50
gpu_ids: [0]
initialize network with normal
gpu_ids: [0]
initialize network with normal
model [MoveModel] was created
---------- Networks initialized -------------
DataParallel(
  (module): MoveConvNET(
    (obj_layer): Sequential(
      (0): Conv2d(3, 64, kernel_size=(3, 3), stride=(1, 1), padding=(1, 1))
      (1): InstanceNorm2d(64, eps=1e-05, momentum=0.1, affine=False, track_running_stats=False)
      (2): LeakyReLU(negative_slope=0.2)
    )
    (tgt_layer): Sequential(
      (0): Conv2d(3, 64, kernel_size=(3, 3), stride=(1, 1), padding=(1, 1))
      (1): InstanceNorm2d(64, eps=1e-05, momentum=0.1, affine=False, track_running_stats=False)
      (2): LeakyReLU(negative_slope=0.2)
    )
    (model): Sequential(
      (0): Conv2d(128, 256, kernel_size=(3, 3), stride=(2, 2), padding=(1, 1))
      (1): InstanceNorm2d(256, eps=1e-05, momentum=0.1, affine=False, track_running_stats=False)
      (2): LeakyReLU(negative_slope=0.2)
      (3): Conv2d(256, 512, kernel_size=(3, 3), stride=(2, 2), padding=(1, 1))
      (4): InstanceNorm2d(512, eps=1e-05, momentum=0.1, affine=False, track_running_stats=False)
      (5): LeakyReLU(negative_slope=0.2)
      (6): Conv2d(512, 1024, kernel_size=(3, 3), stride=(2, 2), padding=(1, 1))
      (7): InstanceNorm2d(1024, eps=1e-05, momentum=0.1, affine=False, track_running_stats=False)
      (8): LeakyReLU(negative_slope=0.2)
      (9): Conv2d(1024, 1024, kernel_size=(3, 3), stride=(2, 2), padding=(1, 1))
      (10): InstanceNorm2d(1024, eps=1e-05, momentum=0.1, affine=False, track_running_stats=False)
      (11): LeakyReLU(negative_slope=0.2)
      (12): Flatten(start_dim=1, end_dim=-1)
      (13): Linear(in_features=16384, out_features=100, bias=True)
    )
    (zero_c): Sequential(
      (0): Linear(in_features=100, out_features=2, bias=True)
      (1): Tanh()
    )
    (one_c): Sequential(
      (0): Linear(in_features=100, out_features=2, bias=True)
      (1): Tanh()
    )
    (trans): Sequential(
      (0): Linear(in_features=100, out_features=2, bias=True)
      (1): Tanh()
    )
  )
)
[Network Conv] Total number of parameters : 17.276 M
DataParallel(
  (module): NLayerDiscriminator(
    (model): Sequential(
      (0): Conv2d(3, 64, kernel_size=(4, 4), stride=(2, 2), padding=(1, 1))
      (1): LeakyReLU(negative_slope=0.2)
      (2): Conv2d(64, 128, kernel_size=(4, 4), stride=(2, 2), padding=(1, 1))
      (3): InstanceNorm2d(128, eps=1e-05, momentum=0.1, affine=False, track_running_stats=False)
      (4): LeakyReLU(negative_slope=0.2)
      (5): Conv2d(128, 256, kernel_size=(4, 4), stride=(2, 2), padding=(1, 1))
      (6): InstanceNorm2d(256, eps=1e-05, momentum=0.1, affine=False, track_running_stats=False)
      (7): LeakyReLU(negative_slope=0.2)
      (8): Conv2d(256, 512, kernel_size=(4, 4), stride=(2, 2), padding=(1, 1))
      (9): InstanceNorm2d(512, eps=1e-05, momentum=0.1, affine=False, track_running_stats=False)
      (10): LeakyReLU(negative_slope=0.2)
      (11): Conv2d(512, 512, kernel_size=(4, 4), stride=(1, 1), padding=(1, 1))
      (12): InstanceNorm2d(512, eps=1e-05, momentum=0.1, affine=False, track_running_stats=False)
      (13): LeakyReLU(negative_slope=0.2)
      (14): Conv2d(512, 1, kernel_size=(4, 4), stride=(1, 1), padding=(1, 1))
      (15): Sigmoid()
    )
  )
)
[Network D] Total number of parameters : 6.960 M
-----------------------------------------------
create web directory /scratch/checkpoints/Move/web...
validation accuracies:
                real: 0.44
                fake: 0.57

ran validation set (B:1) in                         19.1 s.
(epoch: 1, batches: 20, time: 0.005, data: 5.338) loss_D_real: 0.441 loss_D_fake: 1.870 loss_D: 1.155 loss_G: 0.419 loss_conv: 1.738 loss_eq: 1.319 acc_real: 0.899 acc_fake: 0.039 
(epoch: 1, batches: 40, time: 0.013, data: 0.001) loss_D_real: 0.397 loss_D_fake: 1.583 loss_D: 0.990 loss_G: 0.463 loss_conv: 1.798 loss_eq: 1.335 acc_real: 0.980 acc_fake: 0.045 
(epoch: 1, batches: 60, time: 0.005, data: 0.001) loss_D_real: 0.399 loss_D_fake: 1.699 loss_D: 1.049 loss_G: 0.404 loss_conv: 1.664 loss_eq: 1.260 acc_real: 0.979 acc_fake: 0.034 
(epoch: 1, batches: 80, time: 0.006, data: 0.001) loss_D_real: 0.398 loss_D_fake: 1.577 loss_D: 0.988 loss_G: 0.450 loss_conv: 1.606 loss_eq: 1.156 acc_real: 0.979 acc_fake: 0.017 
100 tensor([[ 0.7501,  0.0000, -0.6667],
        [ 0.0000,  0.7500, -0.6666]], device='cuda:0',
       grad_fn=<SelectBackward>)
(epoch: 1, batches: 100, time: 0.006, data: 0.001) loss_D_real: 0.429 loss_D_fake: 1.458 loss_D: 0.944 loss_G: 0.418 loss_conv: 1.711 loss_eq: 1.293 acc_real: 0.928 acc_fake: 0.030 
validation accuracies:
                real: 0.97
                fake: 0.04

ran validation set (B:101) in                         15.5 s.
(epoch: 1, batches: 120, time: 0.005, data: 9.814) loss_D_real: 0.402 loss_D_fake: 1.362 loss_D: 0.882 loss_G: 0.447 loss_conv: 1.616 loss_eq: 1.169 acc_real: 0.992 acc_fake: 0.038 
(epoch: 1, batches: 140, time: 0.005, data: 0.001) loss_D_real: 0.436 loss_D_fake: 1.461 loss_D: 0.948 loss_G: 0.415 loss_conv: 1.688 loss_eq: 1.273 acc_real: 0.971 acc_fake: 0.029 
learning rate 0.0002000 -> 0.0002000
End of epoch 1 / 50 	 Time Taken: 602 sec
(epoch: 2, batches: 20, time: 0.006, data: 0.001) loss_D_real: 0.417 loss_D_fake: 1.360 loss_D: 0.889 loss_G: 0.416 loss_conv: 1.492 loss_eq: 1.077 acc_real: 0.992 acc_fake: 0.017 
(epoch: 2, batches: 40, time: 0.005, data: 0.001) loss_D_real: 0.406 loss_D_fake: 1.416 loss_D: 0.911 loss_G: 0.404 loss_conv: 1.720 loss_eq: 1.316 acc_real: 0.988 acc_fake: 0.021 
200 tensor([[ 0.7502,  0.0000, -0.6667],
        [ 0.0000,  0.7501, -0.6666]], device='cuda:0',
       grad_fn=<SelectBackward>)
validation accuracies:
                real: 1.00
                fake: 0.01

ran validation set (B:201) in                         17.7 s.
(epoch: 2, batches: 60, time: 0.005, data: 8.419) loss_D_real: 0.395 loss_D_fake: 1.480 loss_D: 0.937 loss_G: 0.398 loss_conv: 1.675 loss_eq: 1.277 acc_real: 0.996 acc_fake: 0.000 
(epoch: 2, batches: 80, time: 0.005, data: 3.640) loss_D_real: 0.406 loss_D_fake: 1.258 loss_D: 0.832 loss_G: 0.411 loss_conv: 1.536 loss_eq: 1.126 acc_real: 0.986 acc_fake: 0.056 
(epoch: 2, batches: 100, time: 0.005, data: 0.001) loss_D_real: 0.387 loss_D_fake: 1.491 loss_D: 0.939 loss_G: 0.431 loss_conv: 1.453 loss_eq: 1.021 acc_real: 1.000 acc_fake: 0.012 
(epoch: 2, batches: 120, time: 0.005, data: 0.001) loss_D_real: 0.412 loss_D_fake: 1.410 loss_D: 0.911 loss_G: 0.428 loss_conv: 1.739 loss_eq: 1.311 acc_real: 0.996 acc_fake: 0.004 
(epoch: 2, batches: 140, time: 0.006, data: 0.001) loss_D_real: 0.399 loss_D_fake: 1.375 loss_D: 0.887 loss_G: 0.374 loss_conv: 1.580 loss_eq: 1.206 acc_real: 1.000 acc_fake: 0.029 
300 tensor([[ 0.7500,  0.0000, -0.6664],
        [ 0.0000,  0.7504, -0.6667]], device='cuda:0',
       grad_fn=<SelectBackward>)
validation accuracies:
                real: 1.00
                fake: 0.00

ran validation set (B:301) in                         18.2 s.
learning rate 0.0002000 -> 0.0002000
End of epoch 2 / 50 	 Time Taken: 596 sec
(epoch: 3, batches: 20, time: 0.005, data: 0.001) loss_D_real: 0.394 loss_D_fake: 1.384 loss_D: 0.889 loss_G: 0.387 loss_conv: 1.590 loss_eq: 1.203 acc_real: 0.996 acc_fake: 0.004 
(epoch: 3, batches: 40, time: 0.003, data: 0.002) loss_D_real: 0.414 loss_D_fake: 1.364 loss_D: 0.889 loss_G: 0.405 loss_conv: 1.657 loss_eq: 1.252 acc_real: 0.996 acc_fake: 0.004 
(epoch: 3, batches: 60, time: 0.005, data: 6.806) loss_D_real: 0.367 loss_D_fake: 1.536 loss_D: 0.952 loss_G: 0.391 loss_conv: 1.610 loss_eq: 1.219 acc_real: 1.000 acc_fake: 0.000 
(epoch: 3, batches: 80, time: 0.005, data: 0.585) loss_D_real: 0.395 loss_D_fake: 1.408 loss_D: 0.902 loss_G: 0.394 loss_conv: 1.565 loss_eq: 1.171 acc_real: 1.000 acc_fake: 0.000 
400 tensor([[ 0.7500,  0.0000, -0.6667],
        [ 0.0000,  0.7501, -0.6667]], device='cuda:0',
       grad_fn=<SelectBackward>)
validation accuracies:
                real: 1.00
                fake: 0.00

ran validation set (B:401) in                         15.8 s.
(epoch: 3, batches: 100, time: 0.005, data: 2.627) loss_D_real: 0.392 loss_D_fake: 1.452 loss_D: 0.922 loss_G: 0.413 loss_conv: 1.628 loss_eq: 1.216 acc_real: 1.000 acc_fake: 0.004 
(epoch: 3, batches: 120, time: 0.005, data: 14.516) loss_D_real: 0.412 loss_D_fake: 1.303 loss_D: 0.858 loss_G: 0.426 loss_conv: 1.676 loss_eq: 1.250 acc_real: 0.996 acc_fake: 0.000 
(epoch: 3, batches: 140, time: 0.005, data: 0.107) loss_D_real: 0.378 loss_D_fake: 1.483 loss_D: 0.931 loss_G: 0.428 loss_conv: 1.638 loss_eq: 1.210 acc_real: 0.996 acc_fake: 0.008 
learning rate 0.0002000 -> 0.0002000
End of epoch 3 / 50 	 Time Taken: 601 sec
(epoch: 4, batches: 20, time: 0.006, data: 14.837) loss_D_real: 0.387 loss_D_fake: 1.470 loss_D: 0.928 loss_G: 0.421 loss_conv: 1.644 loss_eq: 1.223 acc_real: 1.000 acc_fake: 0.000 
500 tensor([[ 0.7500,  0.0000, -0.6667],
        [ 0.0000,  0.7501, -0.6667]], device='cuda:0',
       grad_fn=<SelectBackward>)
validation accuracies:
                real: 1.00
                fake: 0.00

ran validation set (B:501) in                         17.5 s.
(epoch: 4, batches: 40, time: 0.005, data: 0.001) loss_D_real: 0.397 loss_D_fake: 1.429 loss_D: 0.913 loss_G: 0.414 loss_conv: 1.734 loss_eq: 1.319 acc_real: 1.000 acc_fake: 0.000 
(epoch: 4, batches: 60, time: 0.005, data: 0.001) loss_D_real: 0.390 loss_D_fake: 1.411 loss_D: 0.901 loss_G: 0.406 loss_conv: 1.627 loss_eq: 1.221 acc_real: 1.000 acc_fake: 0.000 
(epoch: 4, batches: 80, time: 0.005, data: 0.001) loss_D_real: 0.405 loss_D_fake: 1.356 loss_D: 0.881 loss_G: 0.412 loss_conv: 1.726 loss_eq: 1.314 acc_real: 1.000 acc_fake: 0.000 
(epoch: 4, batches: 100, time: 0.005, data: 0.007) loss_D_real: 0.388 loss_D_fake: 1.328 loss_D: 0.858 loss_G: 0.404 loss_conv: 1.600 loss_eq: 1.196 acc_real: 1.000 acc_fake: 0.000 
(epoch: 4, batches: 120, time: 0.003, data: 0.001) loss_D_real: 0.396 loss_D_fake: 1.365 loss_D: 0.881 loss_G: 0.405 loss_conv: 1.694 loss_eq: 1.289 acc_real: 0.996 acc_fake: 0.000 
600 tensor([[ 0.7500,  0.0000, -0.6666],
        [ 0.0000,  0.7501, -0.6667]], device='cuda:0',
       grad_fn=<SelectBackward>)
validation accuracies:
                real: 1.00
                fake: 0.00

ran validation set (B:601) in                         17.1 s.
(epoch: 4, batches: 140, time: 0.005, data: 0.002) loss_D_real: 0.402 loss_D_fake: 1.365 loss_D: 0.884 loss_G: 0.427 loss_conv: 1.747 loss_eq: 1.320 acc_real: 1.000 acc_fake: 0.000 
learning rate 0.0002000 -> 0.0002000
End of epoch 4 / 50 	 Time Taken: 604 sec
(epoch: 5, batches: 20, time: 0.006, data: 0.002) loss_D_real: 0.385 loss_D_fake: 1.385 loss_D: 0.885 loss_G: 0.413 loss_conv: 1.695 loss_eq: 1.281 acc_real: 1.000 acc_fake: 0.000 
(epoch: 5, batches: 40, time: 0.005, data: 10.027) loss_D_real: 0.352 loss_D_fake: 1.661 loss_D: 1.006 loss_G: 0.467 loss_conv: 1.642 loss_eq: 1.175 acc_real: 1.000 acc_fake: 0.000 
(epoch: 5, batches: 60, time: 0.005, data: 3.158) loss_D_real: 0.369 loss_D_fake: 1.483 loss_D: 0.926 loss_G: 0.381 loss_conv: 1.706 loss_eq: 1.325 acc_real: 1.000 acc_fake: 0.000 
700 tensor([[ 0.7500,  0.0000, -0.6667],
        [ 0.0000,  0.7500, -0.6667]], device='cuda:0',
       grad_fn=<SelectBackward>)
validation accuracies:
                real: 1.00
                fake: 0.00

ran validation set (B:701) in                         17.2 s.
(epoch: 5, batches: 80, time: 0.006, data: 9.301) loss_D_real: 0.370 loss_D_fake: 1.454 loss_D: 0.912 loss_G: 0.402 loss_conv: 1.591 loss_eq: 1.190 acc_real: 1.000 acc_fake: 0.000 
(epoch: 5, batches: 100, time: 0.005, data: 6.060) loss_D_real: 0.372 loss_D_fake: 1.438 loss_D: 0.905 loss_G: 0.406 loss_conv: 1.538 loss_eq: 1.132 acc_real: 1.000 acc_fake: 0.000 
(epoch: 5, batches: 120, time: 0.004, data: 15.600) loss_D_real: 0.419 loss_D_fake: 1.270 loss_D: 0.845 loss_G: 0.435 loss_conv: 1.717 loss_eq: 1.282 acc_real: 1.000 acc_fake: 0.004 
(epoch: 5, batches: 140, time: 0.006, data: 9.913) loss_D_real: 0.384 loss_D_fake: 1.388 loss_D: 0.886 loss_G: 0.400 loss_conv: 1.728 loss_eq: 1.328 acc_real: 1.000 acc_fake: 0.000 
saving the model at the end of epoch 5, iters 49920
learning rate 0.0002000 -> 0.0002000
End of epoch 5 / 50 	 Time Taken: 596 sec
800 tensor([[ 0.7500,  0.0000, -0.6667],
        [ 0.0000,  0.7500, -0.6667]], device='cuda:0',
       grad_fn=<SelectBackward>)
(epoch: 6, batches: 20, time: 0.006, data: 0.001) loss_D_real: 0.397 loss_D_fake: 1.332 loss_D: 0.865 loss_G: 0.413 loss_conv: 1.617 loss_eq: 1.204 acc_real: 1.000 acc_fake: 0.000 
validation accuracies:
                real: 1.00
                fake: 0.00

ran validation set (B:801) in                         18.8 s.
(epoch: 6, batches: 40, time: 0.005, data: 10.143) loss_D_real: 0.386 loss_D_fake: 1.391 loss_D: 0.888 loss_G: 0.395 loss_conv: 1.663 loss_eq: 1.268 acc_real: 1.000 acc_fake: 0.000 
(epoch: 6, batches: 60, time: 0.004, data: 0.001) loss_D_real: 0.374 loss_D_fake: 1.451 loss_D: 0.912 loss_G: 0.394 loss_conv: 1.585 loss_eq: 1.191 acc_real: 1.000 acc_fake: 0.000 
(epoch: 6, batches: 80, time: 0.005, data: 5.233) loss_D_real: 0.377 loss_D_fake: 1.444 loss_D: 0.911 loss_G: 0.416 loss_conv: 1.726 loss_eq: 1.310 acc_real: 1.000 acc_fake: 0.000 
(epoch: 6, batches: 100, time: 0.005, data: 0.001) loss_D_real: 0.373 loss_D_fake: 1.475 loss_D: 0.924 loss_G: 0.419 loss_conv: 1.691 loss_eq: 1.272 acc_real: 1.000 acc_fake: 0.000 
900 tensor([[ 0.7500,  0.0000, -0.6667],
        [ 0.0000,  0.7500, -0.6667]], device='cuda:0',
       grad_fn=<SelectBackward>)
(epoch: 6, batches: 120, time: 0.008, data: 0.001) loss_D_real: 0.398 loss_D_fake: 1.293 loss_D: 0.845 loss_G: 0.407 loss_conv: 1.630 loss_eq: 1.223 acc_real: 1.000 acc_fake: 0.004 
validation accuracies:
                real: 1.00
                fake: 0.00

ran validation set (B:901) in                         19.0 s.
(epoch: 6, batches: 140, time: 0.006, data: 13.834) loss_D_real: 0.365 loss_D_fake: 1.519 loss_D: 0.942 loss_G: 0.443 loss_conv: 1.772 loss_eq: 1.329 acc_real: 1.000 acc_fake: 0.000 
learning rate 0.0002000 -> 0.0002000
End of epoch 6 / 50 	 Time Taken: 600 sec
(epoch: 7, batches: 20, time: 0.005, data: 10.551) loss_D_real: 0.382 loss_D_fake: 1.371 loss_D: 0.877 loss_G: 0.402 loss_conv: 1.639 loss_eq: 1.237 acc_real: 1.000 acc_fake: 0.000 
(epoch: 7, batches: 40, time: 0.005, data: 9.790) loss_D_real: 0.374 loss_D_fake: 1.407 loss_D: 0.891 loss_G: 0.414 loss_conv: 1.682 loss_eq: 1.268 acc_real: 1.000 acc_fake: 0.000 
(epoch: 7, batches: 60, time: 0.005, data: 0.001) loss_D_real: 0.403 loss_D_fake: 1.333 loss_D: 0.868 loss_G: 0.424 loss_conv: 1.635 loss_eq: 1.211 acc_real: 1.000 acc_fake: 0.000 
1000 tensor([[ 0.7500,  0.0000, -0.6667],
        [ 0.0000,  0.7500, -0.6667]], device='cuda:0',
       grad_fn=<SelectBackward>)
validation accuracies:
                real: 1.00
                fake: 0.00

ran validation set (B:1001) in                         15.7 s.
(epoch: 7, batches: 80, time: 0.004, data: 11.099) loss_D_real: 0.381 loss_D_fake: 1.373 loss_D: 0.877 loss_G: 0.420 loss_conv: 1.543 loss_eq: 1.123 acc_real: 1.000 acc_fake: 0.000 
(epoch: 7, batches: 100, time: 0.005, data: 13.288) loss_D_real: 0.366 loss_D_fake: 1.516 loss_D: 0.941 loss_G: 0.421 loss_conv: 1.679 loss_eq: 1.258 acc_real: 1.000 acc_fake: 0.000 
(epoch: 7, batches: 120, time: 0.004, data: 10.347) loss_D_real: 0.375 loss_D_fake: 1.447 loss_D: 0.911 loss_G: 0.406 loss_conv: 1.543 loss_eq: 1.137 acc_real: 1.000 acc_fake: 0.000 
(epoch: 7, batches: 140, time: 0.005, data: 0.001) loss_D_real: 0.383 loss_D_fake: 1.343 loss_D: 0.863 loss_G: 0.412 loss_conv: 1.704 loss_eq: 1.292 acc_real: 1.000 acc_fake: 0.000 
learning rate 0.0002000 -> 0.0002000
End of epoch 7 / 50 	 Time Taken: 589 sec
1100 tensor([[ 0.7500,  0.0000, -0.6667],
        [ 0.0000,  0.7500, -0.6667]], device='cuda:0',
       grad_fn=<SelectBackward>)
validation accuracies:
                real: 1.00
                fake: 0.00

ran validation set (B:1101) in                         21.7 s.
(epoch: 8, batches: 20, time: 0.005, data: 0.001) loss_D_real: 0.385 loss_D_fake: 1.343 loss_D: 0.864 loss_G: 0.398 loss_conv: 1.487 loss_eq: 1.090 acc_real: 1.000 acc_fake: 0.000 
(epoch: 8, batches: 40, time: 0.005, data: 0.433) loss_D_real: 0.386 loss_D_fake: 1.315 loss_D: 0.851 loss_G: 0.388 loss_conv: 1.649 loss_eq: 1.260 acc_real: 1.000 acc_fake: 0.000 
(epoch: 8, batches: 60, time: 0.006, data: 0.001) loss_D_real: 0.367 loss_D_fake: 1.436 loss_D: 0.902 loss_G: 0.398 loss_conv: 1.681 loss_eq: 1.284 acc_real: 1.000 acc_fake: 0.000 
(epoch: 8, batches: 80, time: 0.006, data: 0.001) loss_D_real: 0.365 loss_D_fake: 1.425 loss_D: 0.895 loss_G: 0.406 loss_conv: 1.558 loss_eq: 1.152 acc_real: 1.000 acc_fake: 0.004 
(epoch: 8, batches: 100, time: 0.005, data: 0.001) loss_D_real: 0.370 loss_D_fake: 1.438 loss_D: 0.904 loss_G: 0.420 loss_conv: 1.578 loss_eq: 1.158 acc_real: 1.000 acc_fake: 0.000 
1200 tensor([[ 0.7500,  0.0000, -0.6667],
        [ 0.0000,  0.7500, -0.6667]], device='cuda:0',
       grad_fn=<SelectBackward>)
validation accuracies:
                real: 1.00
                fake: 0.00

ran validation set (B:1201) in                         17.6 s.
(epoch: 8, batches: 120, time: 0.005, data: 6.229) loss_D_real: 0.373 loss_D_fake: 1.342 loss_D: 0.858 loss_G: 0.408 loss_conv: 1.594 loss_eq: 1.186 acc_real: 1.000 acc_fake: 0.000 
(epoch: 8, batches: 140, time: 0.006, data: 0.001) loss_D_real: 0.382 loss_D_fake: 1.395 loss_D: 0.889 loss_G: 0.407 loss_conv: 1.600 loss_eq: 1.193 acc_real: 1.000 acc_fake: 0.000 
learning rate 0.0002000 -> 0.0002000
End of epoch 8 / 50 	 Time Taken: 599 sec
(epoch: 9, batches: 20, time: 0.006, data: 10.079) loss_D_real: 0.368 loss_D_fake: 1.361 loss_D: 0.865 loss_G: 0.426 loss_conv: 1.695 loss_eq: 1.268 acc_real: 1.000 acc_fake: 0.000 
(epoch: 9, batches: 40, time: 0.005, data: 7.022) loss_D_real: 0.378 loss_D_fake: 1.390 loss_D: 0.884 loss_G: 0.395 loss_conv: 1.722 loss_eq: 1.327 acc_real: 1.000 acc_fake: 0.008 
1300 tensor([[ 0.7500,  0.0000, -0.6666],
        [ 0.0000,  0.7500, -0.6667]], device='cuda:0',
       grad_fn=<SelectBackward>)
validation accuracies:
                real: 1.00
                fake: 0.00

ran validation set (B:1301) in                         19.4 s.
(epoch: 9, batches: 60, time: 0.003, data: 16.030) loss_D_real: 0.365 loss_D_fake: 1.379 loss_D: 0.872 loss_G: 0.411 loss_conv: 1.523 loss_eq: 1.112 acc_real: 1.000 acc_fake: 0.000 
(epoch: 9, batches: 80, time: 0.006, data: 10.472) loss_D_real: 0.371 loss_D_fake: 1.362 loss_D: 0.866 loss_G: 0.418 loss_conv: 1.687 loss_eq: 1.269 acc_real: 1.000 acc_fake: 0.000 
(epoch: 9, batches: 100, time: 0.005, data: 6.167) loss_D_real: 0.367 loss_D_fake: 1.421 loss_D: 0.894 loss_G: 0.412 loss_conv: 1.615 loss_eq: 1.204 acc_real: 1.000 acc_fake: 0.000 
(epoch: 9, batches: 120, time: 0.004, data: 0.001) loss_D_real: 0.358 loss_D_fake: 1.429 loss_D: 0.894 loss_G: 0.393 loss_conv: 1.579 loss_eq: 1.186 acc_real: 1.000 acc_fake: 0.000 
(epoch: 9, batches: 140, time: 0.004, data: 0.001) loss_D_real: 0.373 loss_D_fake: 1.420 loss_D: 0.896 loss_G: 0.427 loss_conv: 1.651 loss_eq: 1.224 acc_real: 1.000 acc_fake: 0.000 
1400 tensor([[ 0.7500,  0.0000, -0.6665],
        [ 0.0000,  0.7500, -0.6667]], device='cuda:0',
       grad_fn=<SelectBackward>)
validation accuracies:
                real: 1.00
                fake: 0.00

ran validation set (B:1401) in                         12.2 s.
learning rate 0.0002000 -> 0.0002000
End of epoch 9 / 50 	 Time Taken: 596 sec
(epoch: 10, batches: 20, time: 0.007, data: 5.643) loss_D_real: 0.362 loss_D_fake: 1.506 loss_D: 0.934 loss_G: 0.431 loss_conv: 1.602 loss_eq: 1.170 acc_real: 1.000 acc_fake: 0.000 
(epoch: 10, batches: 40, time: 0.005, data: 5.505) loss_D_real: 0.367 loss_D_fake: 1.449 loss_D: 0.908 loss_G: 0.411 loss_conv: 1.524 loss_eq: 1.113 acc_real: 1.000 acc_fake: 0.000 
(epoch: 10, batches: 60, time: 0.004, data: 2.153) loss_D_real: 0.391 loss_D_fake: 1.288 loss_D: 0.840 loss_G: 0.416 loss_conv: 1.621 loss_eq: 1.205 acc_real: 1.000 acc_fake: 0.000 
(epoch: 10, batches: 80, time: 0.005, data: 0.001) loss_D_real: 0.380 loss_D_fake: 1.316 loss_D: 0.848 loss_G: 0.389 loss_conv: 1.718 loss_eq: 1.329 acc_real: 1.000 acc_fake: 0.008 
1500 tensor([[ 0.7500,  0.0000, -0.6667],
        [ 0.0000,  0.7500, -0.6667]], device='cuda:0',
       grad_fn=<SelectBackward>)
validation accuracies:
                real: 1.00
                fake: 0.00

ran validation set (B:1501) in                         12.0 s.
(epoch: 10, batches: 100, time: 0.005, data: 14.443) loss_D_real: 0.374 loss_D_fake: 1.363 loss_D: 0.868 loss_G: 0.404 loss_conv: 1.672 loss_eq: 1.268 acc_real: 1.000 acc_fake: 0.000 
(epoch: 10, batches: 120, time: 0.008, data: 11.180) loss_D_real: 0.368 loss_D_fake: 1.399 loss_D: 0.884 loss_G: 0.408 loss_conv: 1.607 loss_eq: 1.200 acc_real: 1.000 acc_fake: 0.000 
(epoch: 10, batches: 140, time: 0.004, data: 8.014) loss_D_real: 0.361 loss_D_fake: 1.435 loss_D: 0.898 loss_G: 0.414 loss_conv: 1.619 loss_eq: 1.205 acc_real: 1.000 acc_fake: 0.000 
saving the model at the end of epoch 10, iters 99840
learning rate 0.0002000 -> 0.0001600
End of epoch 10 / 50 	 Time Taken: 594 sec
(epoch: 11, batches: 20, time: 0.006, data: 0.001) loss_D_real: 0.372 loss_D_fake: 1.373 loss_D: 0.873 loss_G: 0.415 loss_conv: 1.721 loss_eq: 1.306 acc_real: 1.000 acc_fake: 0.000 
1600 tensor([[ 0.7500,  0.0000, -0.6667],
        [ 0.0000,  0.7500, -0.6667]], device='cuda:0',
       grad_fn=<SelectBackward>)
(epoch: 11, batches: 40, time: 0.010, data: 0.001) loss_D_real: 0.369 loss_D_fake: 1.392 loss_D: 0.881 loss_G: 0.407 loss_conv: 1.573 loss_eq: 1.165 acc_real: 1.000 acc_fake: 0.000 
validation accuracies:
                real: 1.00
                fake: 0.00

ran validation set (B:1601) in                         17.0 s.
(epoch: 11, batches: 60, time: 0.005, data: 0.001) loss_D_real: 0.371 loss_D_fake: 1.389 loss_D: 0.880 loss_G: 0.407 loss_conv: 1.572 loss_eq: 1.164 acc_real: 1.000 acc_fake: 0.000 
(epoch: 11, batches: 80, time: 0.006, data: 0.001) loss_D_real: 0.366 loss_D_fake: 1.376 loss_D: 0.871 loss_G: 0.408 loss_conv: 1.645 loss_eq: 1.237 acc_real: 1.000 acc_fake: 0.000 
(epoch: 11, batches: 100, time: 0.005, data: 2.987) loss_D_real: 0.407 loss_D_fake: 1.381 loss_D: 0.894 loss_G: 0.394 loss_conv: 1.434 loss_eq: 1.040 acc_real: 1.000 acc_fake: 0.000 
(epoch: 11, batches: 120, time: 0.007, data: 0.001) loss_D_real: 0.393 loss_D_fake: 1.417 loss_D: 0.905 loss_G: 0.396 loss_conv: 1.551 loss_eq: 1.155 acc_real: 1.000 acc_fake: 0.000 
1700 tensor([[ 0.7500,  0.0000,  0.6667],
        [ 0.0000,  0.7500, -0.6667]], device='cuda:0',
       grad_fn=<SelectBackward>)
(epoch: 11, batches: 140, time: 0.008, data: 0.001) loss_D_real: 0.408 loss_D_fake: 1.347 loss_D: 0.878 loss_G: 0.393 loss_conv: 1.531 loss_eq: 1.138 acc_real: 1.000 acc_fake: 0.000 
validation accuracies:
                real: 1.00
                fake: 0.00

ran validation set (B:1701) in                         17.8 s.
learning rate 0.0001600 -> 0.0001600
End of epoch 11 / 50 	 Time Taken: 602 sec
(epoch: 12, batches: 20, time: 0.008, data: 0.001) loss_D_real: 0.393 loss_D_fake: 1.388 loss_D: 0.890 loss_G: 0.399 loss_conv: 1.611 loss_eq: 1.212 acc_real: 1.000 acc_fake: 0.000 
(epoch: 12, batches: 40, time: 0.003, data: 0.001) loss_D_real: 0.396 loss_D_fake: 1.371 loss_D: 0.884 loss_G: 0.401 loss_conv: 1.444 loss_eq: 1.043 acc_real: 1.000 acc_fake: 0.000 
(epoch: 12, batches: 60, time: 0.005, data: 0.001) loss_D_real: 0.398 loss_D_fake: 1.377 loss_D: 0.888 loss_G: 0.402 loss_conv: 1.566 loss_eq: 1.164 acc_real: 1.000 acc_fake: 0.000 
(epoch: 12, batches: 80, time: 0.005, data: 16.057) loss_D_real: 0.406 loss_D_fake: 1.341 loss_D: 0.873 loss_G: 0.397 loss_conv: 1.626 loss_eq: 1.229 acc_real: 1.000 acc_fake: 0.000 
1800 tensor([[ 0.7500,  0.0000,  0.6667],
        [ 0.0000,  0.7500, -0.6667]], device='cuda:0',
       grad_fn=<SelectBackward>)
validation accuracies:
                real: 1.00
                fake: 0.00

ran validation set (B:1801) in                         13.1 s.
(epoch: 12, batches: 100, time: 0.005, data: 11.721) loss_D_real: 0.394 loss_D_fake: 1.392 loss_D: 0.893 loss_G: 0.396 loss_conv: 1.714 loss_eq: 1.318 acc_real: 1.000 acc_fake: 0.000 
(epoch: 12, batches: 120, time: 0.005, data: 0.488) loss_D_real: 0.385 loss_D_fake: 1.444 loss_D: 0.914 loss_G: 0.389 loss_conv: 1.530 loss_eq: 1.141 acc_real: 1.000 acc_fake: 0.000 
(epoch: 12, batches: 140, time: 0.006, data: 0.001) loss_D_real: 0.391 loss_D_fake: 1.374 loss_D: 0.883 loss_G: 0.385 loss_conv: 1.579 loss_eq: 1.194 acc_real: 1.000 acc_fake: 0.000 
learning rate 0.0001600 -> 0.0001600
End of epoch 12 / 50 	 Time Taken: 590 sec
(epoch: 13, batches: 20, time: 0.005, data: 0.001) loss_D_real: 0.396 loss_D_fake: 1.375 loss_D: 0.885 loss_G: 0.392 loss_conv: 1.479 loss_eq: 1.086 acc_real: 1.000 acc_fake: 0.000 
1900 tensor([[ 0.7503,  0.0000,  0.6667],
        [ 0.0000,  0.7501, -0.6667]], device='cuda:0',
       grad_fn=<SelectBackward>)
validation accuracies:
                real: 1.00
                fake: 0.00

ran validation set (B:1901) in                         18.7 s.
(epoch: 13, batches: 40, time: 0.005, data: 0.002) loss_D_real: 0.394 loss_D_fake: 1.376 loss_D: 0.885 loss_G: 0.395 loss_conv: 1.559 loss_eq: 1.164 acc_real: 1.000 acc_fake: 0.000 
(epoch: 13, batches: 60, time: 0.004, data: 5.207) loss_D_real: 0.398 loss_D_fake: 1.374 loss_D: 0.886 loss_G: 0.409 loss_conv: 1.465 loss_eq: 1.057 acc_real: 1.000 acc_fake: 0.000 
(epoch: 13, batches: 80, time: 0.005, data: 10.452) loss_D_real: 0.398 loss_D_fake: 1.349 loss_D: 0.873 loss_G: 0.397 loss_conv: 1.537 loss_eq: 1.140 acc_real: 1.000 acc_fake: 0.000 
(epoch: 13, batches: 100, time: 0.003, data: 9.806) loss_D_real: 0.386 loss_D_fake: 1.414 loss_D: 0.900 loss_G: 0.408 loss_conv: 1.591 loss_eq: 1.183 acc_real: 1.000 acc_fake: 0.000 
(epoch: 13, batches: 120, time: 0.004, data: 0.001) loss_D_real: 0.381 loss_D_fake: 1.402 loss_D: 0.891 loss_G: 0.391 loss_conv: 1.600 loss_eq: 1.209 acc_real: 1.000 acc_fake: 0.000 
2000 tensor([[ 0.7504,  0.0000,  0.6667],
        [ 0.0000,  0.7500, -0.6667]], device='cuda:0',
       grad_fn=<SelectBackward>)
validation accuracies:
                real: 1.00
                fake: 0.00

ran validation set (B:2001) in                         16.5 s.
(epoch: 13, batches: 140, time: 0.005, data: 0.001) loss_D_real: 0.379 loss_D_fake: 1.405 loss_D: 0.892 loss_G: 0.406 loss_conv: 1.592 loss_eq: 1.186 acc_real: 1.000 acc_fake: 0.000 
learning rate 0.0001600 -> 0.0001600
End of epoch 13 / 50 	 Time Taken: 603 sec
(epoch: 14, batches: 20, time: 0.005, data: 1.463) loss_D_real: 0.392 loss_D_fake: 1.339 loss_D: 0.866 loss_G: 0.397 loss_conv: 1.471 loss_eq: 1.074 acc_real: 1.000 acc_fake: 0.000 
(epoch: 14, batches: 40, time: 0.005, data: 0.001) loss_D_real: 0.374 loss_D_fake: 1.433 loss_D: 0.904 loss_G: 0.430 loss_conv: 1.623 loss_eq: 1.194 acc_real: 1.000 acc_fake: 0.000 
(epoch: 14, batches: 60, time: 0.005, data: 0.001) loss_D_real: 0.384 loss_D_fake: 1.395 loss_D: 0.890 loss_G: 0.402 loss_conv: 1.595 loss_eq: 1.193 acc_real: 1.000 acc_fake: 0.000 
2100 tensor([[ 0.7500,  0.0000,  0.6667],
        [ 0.0000,  0.7501, -0.6667]], device='cuda:0',
       grad_fn=<SelectBackward>)
validation accuracies:
                real: 1.00
                fake: 0.00

ran validation set (B:2101) in                         18.8 s.
(epoch: 14, batches: 80, time: 0.005, data: 0.001) loss_D_real: 0.397 loss_D_fake: 1.385 loss_D: 0.891 loss_G: 0.396 loss_conv: 1.475 loss_eq: 1.079 acc_real: 1.000 acc_fake: 0.000 
(epoch: 14, batches: 100, time: 0.005, data: 1.813) loss_D_real: 0.392 loss_D_fake: 1.359 loss_D: 0.876 loss_G: 0.395 loss_conv: 1.490 loss_eq: 1.094 acc_real: 1.000 acc_fake: 0.000 
(epoch: 14, batches: 120, time: 0.007, data: 13.907) loss_D_real: 0.390 loss_D_fake: 1.362 loss_D: 0.876 loss_G: 0.405 loss_conv: 1.624 loss_eq: 1.220 acc_real: 1.000 acc_fake: 0.000 
(epoch: 14, batches: 140, time: 0.006, data: 14.195) loss_D_real: 0.395 loss_D_fake: 1.301 loss_D: 0.848 loss_G: 0.399 loss_conv: 1.570 loss_eq: 1.171 acc_real: 1.000 acc_fake: 0.000 
learning rate 0.0001600 -> 0.0001600
End of epoch 14 / 50 	 Time Taken: 586 sec
2200 tensor([[ 0.7500,  0.0000,  0.6667],
        [ 0.0000,  0.7500, -0.6667]], device='cuda:0',
       grad_fn=<SelectBackward>)
validation accuracies:
                real: 1.00
                fake: 0.00

ran validation set (B:2201) in                         17.4 s.
(epoch: 15, batches: 20, time: 0.005, data: 0.001) loss_D_real: 0.380 loss_D_fake: 1.421 loss_D: 0.901 loss_G: 0.409 loss_conv: 1.586 loss_eq: 1.178 acc_real: 1.000 acc_fake: 0.000 
(epoch: 15, batches: 40, time: 0.005, data: 0.001) loss_D_real: 0.386 loss_D_fake: 1.382 loss_D: 0.884 loss_G: 0.396 loss_conv: 1.548 loss_eq: 1.152 acc_real: 1.000 acc_fake: 0.000 
(epoch: 15, batches: 60, time: 0.005, data: 1.390) loss_D_real: 0.374 loss_D_fake: 1.416 loss_D: 0.895 loss_G: 0.393 loss_conv: 1.606 loss_eq: 1.213 acc_real: 1.000 acc_fake: 0.000 
(epoch: 15, batches: 80, time: 0.006, data: 3.361) loss_D_real: 0.382 loss_D_fake: 1.395 loss_D: 0.888 loss_G: 0.391 loss_conv: 1.592 loss_eq: 1.201 acc_real: 1.000 acc_fake: 0.000 
(epoch: 15, batches: 100, time: 0.005, data: 8.439) loss_D_real: 0.392 loss_D_fake: 1.334 loss_D: 0.863 loss_G: 0.391 loss_conv: 1.534 loss_eq: 1.143 acc_real: 1.000 acc_fake: 0.000 
2300 tensor([[ 0.7500,  0.0000,  0.6667],
        [ 0.0000,  0.7500, -0.6667]], device='cuda:0',
       grad_fn=<SelectBackward>)
validation accuracies:
                real: 1.00
                fake: 0.00

ran validation set (B:2301) in                         18.8 s.
(epoch: 15, batches: 120, time: 0.005, data: 12.518) loss_D_real: 0.382 loss_D_fake: 1.349 loss_D: 0.865 loss_G: 0.405 loss_conv: 1.571 loss_eq: 1.166 acc_real: 1.000 acc_fake: 0.000 
(epoch: 15, batches: 140, time: 0.006, data: 0.001) loss_D_real: 0.372 loss_D_fake: 1.447 loss_D: 0.909 loss_G: 0.413 loss_conv: 1.636 loss_eq: 1.223 acc_real: 1.000 acc_fake: 0.000 
saving the model at the end of epoch 15, iters 149760
learning rate 0.0001600 -> 0.0001600
End of epoch 15 / 50 	 Time Taken: 590 sec
(epoch: 16, batches: 20, time: 0.005, data: 0.002) loss_D_real: 0.378 loss_D_fake: 1.382 loss_D: 0.880 loss_G: 0.404 loss_conv: 1.561 loss_eq: 1.158 acc_real: 1.000 acc_fake: 0.000 
(epoch: 16, batches: 40, time: 0.005, data: 0.001) loss_D_real: 0.374 loss_D_fake: 1.384 loss_D: 0.879 loss_G: 0.412 loss_conv: 1.518 loss_eq: 1.106 acc_real: 1.000 acc_fake: 0.000 
2400 tensor([[ 0.7501,  0.0000,  0.6667],
        [ 0.0000,  0.7500, -0.6667]], device='cuda:0',
       grad_fn=<SelectBackward>)
(epoch: 16, batches: 60, time: 0.008, data: 0.001) loss_D_real: 0.373 loss_D_fake: 1.399 loss_D: 0.886 loss_G: 0.407 loss_conv: 1.443 loss_eq: 1.036 acc_real: 1.000 acc_fake: 0.000 
validation accuracies:
                real: 1.00
                fake: 0.00

ran validation set (B:2401) in                         13.4 s.
(epoch: 16, batches: 80, time: 0.004, data: 0.006) loss_D_real: 0.374 loss_D_fake: 1.444 loss_D: 0.909 loss_G: 0.408 loss_conv: 1.517 loss_eq: 1.109 acc_real: 1.000 acc_fake: 0.000 
(epoch: 16, batches: 100, time: 0.005, data: 0.001) loss_D_real: 0.385 loss_D_fake: 1.331 loss_D: 0.858 loss_G: 0.393 loss_conv: 1.674 loss_eq: 1.281 acc_real: 1.000 acc_fake: 0.000 
(epoch: 16, batches: 120, time: 0.005, data: 0.001) loss_D_real: 0.373 loss_D_fake: 1.416 loss_D: 0.895 loss_G: 0.400 loss_conv: 1.524 loss_eq: 1.124 acc_real: 1.000 acc_fake: 0.000 
(epoch: 16, batches: 140, time: 0.006, data: 0.001) loss_D_real: 0.383 loss_D_fake: 1.334 loss_D: 0.859 loss_G: 0.396 loss_conv: 1.556 loss_eq: 1.159 acc_real: 1.000 acc_fake: 0.000 
learning rate 0.0001600 -> 0.0001600
End of epoch 16 / 50 	 Time Taken: 590 sec
2500 tensor([[ 0.7500,  0.0000,  0.6667],
        [ 0.0000,  0.7500, -0.6667]], device='cuda:0',
       grad_fn=<SelectBackward>)
validation accuracies:
                real: 1.00
                fake: 0.00

ran validation set (B:2501) in                         14.1 s.
(epoch: 17, batches: 20, time: 0.006, data: 0.001) loss_D_real: 0.376 loss_D_fake: 1.416 loss_D: 0.896 loss_G: 0.408 loss_conv: 1.699 loss_eq: 1.291 acc_real: 1.000 acc_fake: 0.000 
(epoch: 17, batches: 40, time: 0.003, data: 0.002) loss_D_real: 0.370 loss_D_fake: 1.401 loss_D: 0.885 loss_G: 0.405 loss_conv: 1.608 loss_eq: 1.204 acc_real: 1.000 acc_fake: 0.000 
(epoch: 17, batches: 60, time: 0.007, data: 0.001) loss_D_real: 0.377 loss_D_fake: 1.396 loss_D: 0.886 loss_G: 0.400 loss_conv: 1.542 loss_eq: 1.143 acc_real: 1.000 acc_fake: 0.000 
(epoch: 17, batches: 80, time: 0.006, data: 0.001) loss_D_real: 0.364 loss_D_fake: 1.450 loss_D: 0.907 loss_G: 0.423 loss_conv: 1.486 loss_eq: 1.063 acc_real: 1.000 acc_fake: 0.000 
(epoch: 17, batches: 100, time: 0.005, data: 0.007) loss_D_real: 0.369 loss_D_fake: 1.356 loss_D: 0.862 loss_G: 0.401 loss_conv: 1.515 loss_eq: 1.115 acc_real: 1.000 acc_fake: 0.000 
2600 tensor([[ 0.7500,  0.0000,  0.6667],
        [ 0.0000,  0.7500, -0.6667]], device='cuda:0',
       grad_fn=<SelectBackward>)
validation accuracies:
                real: 1.00
                fake: 0.00

ran validation set (B:2601) in                         16.7 s.
(epoch: 17, batches: 120, time: 0.005, data: 0.001) loss_D_real: 0.377 loss_D_fake: 1.361 loss_D: 0.869 loss_G: 0.409 loss_conv: 1.519 loss_eq: 1.110 acc_real: 1.000 acc_fake: 0.000 
(epoch: 17, batches: 140, time: 0.006, data: 0.002) loss_D_real: 0.359 loss_D_fake: 1.489 loss_D: 0.924 loss_G: 0.419 loss_conv: 1.451 loss_eq: 1.033 acc_real: 1.000 acc_fake: 0.000 
learning rate 0.0001600 -> 0.0001600
End of epoch 17 / 50 	 Time Taken: 597 sec
(epoch: 18, batches: 20, time: 0.005, data: 0.384) loss_D_real: 0.393 loss_D_fake: 1.312 loss_D: 0.853 loss_G: 0.394 loss_conv: 1.556 loss_eq: 1.161 acc_real: 1.000 acc_fake: 0.000 
(epoch: 18, batches: 40, time: 0.007, data: 0.010) loss_D_real: 0.370 loss_D_fake: 1.422 loss_D: 0.896 loss_G: 0.408 loss_conv: 1.561 loss_eq: 1.154 acc_real: 1.000 acc_fake: 0.000 
2700 tensor([[ 0.7500,  0.0000,  0.6667],
        [ 0.0000,  0.7500, -0.6667]], device='cuda:0',
       grad_fn=<SelectBackward>)
validation accuracies:
                real: 1.00
                fake: 0.00

ran validation set (B:2701) in                         15.3 s.
(epoch: 18, batches: 60, time: 0.005, data: 0.001) loss_D_real: 0.369 loss_D_fake: 1.368 loss_D: 0.869 loss_G: 0.406 loss_conv: 1.602 loss_eq: 1.196 acc_real: 1.000 acc_fake: 0.000 
(epoch: 18, batches: 80, time: 0.005, data: 7.389) loss_D_real: 0.388 loss_D_fake: 1.283 loss_D: 0.835 loss_G: 0.377 loss_conv: 1.542 loss_eq: 1.165 acc_real: 1.000 acc_fake: 0.000 
(epoch: 18, batches: 100, time: 0.005, data: 0.007) loss_D_real: 0.374 loss_D_fake: 1.355 loss_D: 0.865 loss_G: 0.402 loss_conv: 1.639 loss_eq: 1.238 acc_real: 1.000 acc_fake: 0.000 
(epoch: 18, batches: 120, time: 0.006, data: 0.007) loss_D_real: 0.370 loss_D_fake: 1.364 loss_D: 0.867 loss_G: 0.398 loss_conv: 1.602 loss_eq: 1.204 acc_real: 1.000 acc_fake: 0.000 
(epoch: 18, batches: 140, time: 0.004, data: 18.336) loss_D_real: 0.367 loss_D_fake: 1.401 loss_D: 0.884 loss_G: 0.411 loss_conv: 1.595 loss_eq: 1.184 acc_real: 1.000 acc_fake: 0.000 
2800 tensor([[ 0.7500,  0.0000,  0.6667],
        [ 0.0000,  0.7500, -0.6667]], device='cuda:0',
       grad_fn=<SelectBackward>)
validation accuracies:
                real: 1.00
                fake: 0.00

ran validation set (B:2801) in                         14.8 s.
learning rate 0.0001600 -> 0.0001600
End of epoch 18 / 50 	 Time Taken: 598 sec
(epoch: 19, batches: 20, time: 0.005, data: 0.001) loss_D_real: 0.374 loss_D_fake: 1.375 loss_D: 0.875 loss_G: 0.418 loss_conv: 1.568 loss_eq: 1.150 acc_real: 1.000 acc_fake: 0.000 
(epoch: 19, batches: 40, time: 0.005, data: 3.890) loss_D_real: 0.386 loss_D_fake: 1.296 loss_D: 0.841 loss_G: 0.396 loss_conv: 1.584 loss_eq: 1.188 acc_real: 1.000 acc_fake: 0.000 
(epoch: 19, batches: 60, time: 0.004, data: 0.001) loss_D_real: 0.377 loss_D_fake: 1.361 loss_D: 0.869 loss_G: 0.407 loss_conv: 1.536 loss_eq: 1.129 acc_real: 1.000 acc_fake: 0.000 
(epoch: 19, batches: 80, time: 0.004, data: 0.001) loss_D_real: 0.377 loss_D_fake: 1.283 loss_D: 0.830 loss_G: 0.391 loss_conv: 1.592 loss_eq: 1.201 acc_real: 1.000 acc_fake: 0.000 
2900 tensor([[ 0.7500,  0.0000,  0.6667],
        [ 0.0000,  0.7500, -0.6667]], device='cuda:0',
       grad_fn=<SelectBackward>)
validation accuracies:
                real: 1.00
                fake: 0.00

ran validation set (B:2901) in                         16.9 s.
(epoch: 19, batches: 100, time: 0.005, data: 18.318) loss_D_real: 0.366 loss_D_fake: 1.408 loss_D: 0.887 loss_G: 0.413 loss_conv: 1.373 loss_eq: 0.961 acc_real: 1.000 acc_fake: 0.000 
(epoch: 19, batches: 120, time: 0.005, data: 11.773) loss_D_real: 0.374 loss_D_fake: 1.365 loss_D: 0.870 loss_G: 0.406 loss_conv: 1.503 loss_eq: 1.097 acc_real: 1.000 acc_fake: 0.000 
(epoch: 19, batches: 140, time: 0.006, data: 7.468) loss_D_real: 0.365 loss_D_fake: 1.378 loss_D: 0.872 loss_G: 0.410 loss_conv: 1.570 loss_eq: 1.160 acc_real: 1.000 acc_fake: 0.000 
learning rate 0.0001600 -> 0.0001600
End of epoch 19 / 50 	 Time Taken: 597 sec
(epoch: 20, batches: 20, time: 0.005, data: 0.001) loss_D_real: 0.374 loss_D_fake: 1.343 loss_D: 0.858 loss_G: 0.402 loss_conv: 1.546 loss_eq: 1.144 acc_real: 1.000 acc_fake: 0.000 
3000 tensor([[ 0.7500,  0.0000,  0.6667],
        [ 0.0000,  0.7500, -0.6667]], device='cuda:0',
       grad_fn=<SelectBackward>)
validation accuracies:
                real: 1.00
                fake: 0.00

ran validation set (B:3001) in                         19.0 s.
(epoch: 20, batches: 40, time: 0.005, data: 0.002) loss_D_real: 0.371 loss_D_fake: 1.362 loss_D: 0.867 loss_G: 0.402 loss_conv: 1.471 loss_eq: 1.068 acc_real: 1.000 acc_fake: 0.000 
(epoch: 20, batches: 60, time: 0.007, data: 0.001) loss_D_real: 0.364 loss_D_fake: 1.360 loss_D: 0.862 loss_G: 0.406 loss_conv: 1.652 loss_eq: 1.246 acc_real: 1.000 acc_fake: 0.000 
(epoch: 20, batches: 80, time: 0.005, data: 0.001) loss_D_real: 0.366 loss_D_fake: 1.368 loss_D: 0.867 loss_G: 0.413 loss_conv: 1.578 loss_eq: 1.165 acc_real: 1.000 acc_fake: 0.000 
(epoch: 20, batches: 100, time: 0.005, data: 0.002) loss_D_real: 0.363 loss_D_fake: 1.407 loss_D: 0.885 loss_G: 0.403 loss_conv: 1.636 loss_eq: 1.233 acc_real: 1.000 acc_fake: 0.000 
(epoch: 20, batches: 120, time: 0.005, data: 0.002) loss_D_real: 0.381 loss_D_fake: 1.389 loss_D: 0.885 loss_G: 0.398 loss_conv: 1.800 loss_eq: 1.402 acc_real: 1.000 acc_fake: 0.000 
3100 tensor([[ 1.2500,  0.0000,  0.6667],
        [ 0.0000,  0.7500, -0.6667]], device='cuda:0',
       grad_fn=<SelectBackward>)
validation accuracies:
                real: 1.00
                fake: 0.00

ran validation set (B:3101) in                         18.1 s.
(epoch: 20, batches: 140, time: 0.006, data: 0.001) loss_D_real: 0.374 loss_D_fake: 1.416 loss_D: 0.895 loss_G: 0.417 loss_conv: 1.752 loss_eq: 1.335 acc_real: 1.000 acc_fake: 0.000 
saving the model at the end of epoch 20, iters 199680
learning rate 0.0001600 -> 0.0001280
End of epoch 20 / 50 	 Time Taken: 596 sec
(epoch: 21, batches: 20, time: 0.004, data: 0.001) loss_D_real: 0.385 loss_D_fake: 1.331 loss_D: 0.858 loss_G: 0.403 loss_conv: 1.793 loss_eq: 1.389 acc_real: 1.000 acc_fake: 0.000 
(epoch: 21, batches: 40, time: 0.005, data: 0.960) loss_D_real: 0.373 loss_D_fake: 1.347 loss_D: 0.860 loss_G: 0.396 loss_conv: 1.859 loss_eq: 1.463 acc_real: 1.000 acc_fake: 0.000 
(epoch: 21, batches: 60, time: 0.005, data: 0.001) loss_D_real: 0.366 loss_D_fake: 1.370 loss_D: 0.868 loss_G: 0.409 loss_conv: 1.696 loss_eq: 1.287 acc_real: 1.000 acc_fake: 0.000 
3200 tensor([[ 1.2500,  0.0000,  0.6667],
        [ 0.0000,  0.7500, -0.6667]], device='cuda:0',
       grad_fn=<SelectBackward>)
(epoch: 21, batches: 80, time: 0.012, data: 5.676) loss_D_real: 0.373 loss_D_fake: 1.344 loss_D: 0.858 loss_G: 0.407 loss_conv: 1.861 loss_eq: 1.454 acc_real: 1.000 acc_fake: 0.000 
validation accuracies:
                real: 1.00
                fake: 0.00

ran validation set (B:3201) in                         17.6 s.
(epoch: 21, batches: 100, time: 0.007, data: 0.001) loss_D_real: 0.364 loss_D_fake: 1.396 loss_D: 0.880 loss_G: 0.423 loss_conv: 1.802 loss_eq: 1.379 acc_real: 1.000 acc_fake: 0.000 
(epoch: 21, batches: 120, time: 0.007, data: 0.001) loss_D_real: 0.372 loss_D_fake: 1.310 loss_D: 0.841 loss_G: 0.415 loss_conv: 1.860 loss_eq: 1.445 acc_real: 1.000 acc_fake: 0.000 
(epoch: 21, batches: 140, time: 0.006, data: 0.002) loss_D_real: 0.372 loss_D_fake: 1.333 loss_D: 0.852 loss_G: 0.402 loss_conv: 1.780 loss_eq: 1.377 acc_real: 1.000 acc_fake: 0.000 
learning rate 0.0001280 -> 0.0001280
End of epoch 21 / 50 	 Time Taken: 586 sec
(epoch: 22, batches: 20, time: 0.005, data: 0.002) loss_D_real: 0.374 loss_D_fake: 1.288 loss_D: 0.831 loss_G: 0.397 loss_conv: 1.845 loss_eq: 1.448 acc_real: 1.000 acc_fake: 0.000 
3300 tensor([[ 1.2500,  0.0000,  0.6667],
        [ 0.0000,  0.7500, -0.6667]], device='cuda:0',
       grad_fn=<SelectBackward>)
validation accuracies:
                real: 1.00
                fake: 0.00

ran validation set (B:3301) in                         21.6 s.
(epoch: 22, batches: 40, time: 0.005, data: 0.001) loss_D_real: 0.367 loss_D_fake: 1.354 loss_D: 0.861 loss_G: 0.413 loss_conv: 1.886 loss_eq: 1.473 acc_real: 1.000 acc_fake: 0.000 
(epoch: 22, batches: 60, time: 0.005, data: 6.028) loss_D_real: 0.370 loss_D_fake: 1.305 loss_D: 0.838 loss_G: 0.420 loss_conv: 1.836 loss_eq: 1.416 acc_real: 1.000 acc_fake: 0.000 
(epoch: 22, batches: 80, time: 0.007, data: 0.001) loss_D_real: 0.367 loss_D_fake: 1.372 loss_D: 0.870 loss_G: 0.417 loss_conv: 1.828 loss_eq: 1.411 acc_real: 1.000 acc_fake: 0.000 
(epoch: 22, batches: 100, time: 0.005, data: 0.001) loss_D_real: 0.362 loss_D_fake: 1.393 loss_D: 0.877 loss_G: 0.421 loss_conv: 1.806 loss_eq: 1.385 acc_real: 1.000 acc_fake: 0.000 
(epoch: 22, batches: 120, time: 0.003, data: 0.001) loss_D_real: 0.366 loss_D_fake: 1.325 loss_D: 0.846 loss_G: 0.411 loss_conv: 1.893 loss_eq: 1.483 acc_real: 1.000 acc_fake: 0.000 
3400 tensor([[ 1.2500,  0.0000,  0.6667],
        [ 0.0000,  0.7500, -0.6667]], device='cuda:0',
       grad_fn=<SelectBackward>)
validation accuracies:
                real: 1.00
                fake: 0.00

ran validation set (B:3401) in                         16.0 s.
(epoch: 22, batches: 140, time: 0.005, data: 0.001) loss_D_real: 0.372 loss_D_fake: 1.259 loss_D: 0.815 loss_G: 0.404 loss_conv: 1.820 loss_eq: 1.417 acc_real: 1.000 acc_fake: 0.000 
learning rate 0.0001280 -> 0.0001280
End of epoch 22 / 50 	 Time Taken: 595 sec
(epoch: 23, batches: 20, time: 0.004, data: 0.001) loss_D_real: 0.365 loss_D_fake: 1.299 loss_D: 0.832 loss_G: 0.394 loss_conv: 1.773 loss_eq: 1.379 acc_real: 1.000 acc_fake: 0.000 
(epoch: 23, batches: 40, time: 0.005, data: 0.002) loss_D_real: 0.361 loss_D_fake: 1.309 loss_D: 0.835 loss_G: 0.408 loss_conv: 1.857 loss_eq: 1.449 acc_real: 1.000 acc_fake: 0.000 
(epoch: 23, batches: 60, time: 0.005, data: 0.051) loss_D_real: 0.348 loss_D_fake: 1.385 loss_D: 0.866 loss_G: 0.402 loss_conv: 1.802 loss_eq: 1.400 acc_real: 1.000 acc_fake: 0.000 
3500 tensor([[ 1.2500,  0.0000,  0.6667],
        [ 0.0000,  0.7500, -0.6667]], device='cuda:0',
       grad_fn=<SelectBackward>)
validation accuracies:
                real: 1.00
                fake: 0.00

ran validation set (B:3501) in                         17.0 s.
(epoch: 23, batches: 80, time: 0.006, data: 0.002) loss_D_real: 0.352 loss_D_fake: 1.354 loss_D: 0.853 loss_G: 0.419 loss_conv: 1.841 loss_eq: 1.422 acc_real: 1.000 acc_fake: 0.000 
(epoch: 23, batches: 100, time: 0.005, data: 0.001) loss_D_real: 0.359 loss_D_fake: 1.337 loss_D: 0.848 loss_G: 0.408 loss_conv: 1.767 loss_eq: 1.359 acc_real: 1.000 acc_fake: 0.000 
(epoch: 23, batches: 120, time: 0.005, data: 0.001) loss_D_real: 0.350 loss_D_fake: 1.374 loss_D: 0.862 loss_G: 0.394 loss_conv: 1.813 loss_eq: 1.419 acc_real: 1.000 acc_fake: 0.000 
(epoch: 23, batches: 140, time: 0.007, data: 0.001) loss_D_real: 0.354 loss_D_fake: 1.386 loss_D: 0.870 loss_G: 0.411 loss_conv: 1.862 loss_eq: 1.451 acc_real: 1.000 acc_fake: 0.000 
learning rate 0.0001280 -> 0.0001280
End of epoch 23 / 50 	 Time Taken: 581 sec
3600 tensor([[ 1.2500,  0.0000,  0.6667],
        [ 0.0000,  0.7500, -0.6667]], device='cuda:0',
       grad_fn=<SelectBackward>)
validation accuracies:
                real: 1.00
                fake: 0.00

ran validation set (B:3601) in                         16.9 s.
(epoch: 24, batches: 20, time: 0.006, data: 0.001) loss_D_real: 0.363 loss_D_fake: 1.371 loss_D: 0.867 loss_G: 0.407 loss_conv: 1.803 loss_eq: 1.396 acc_real: 1.000 acc_fake: 0.000 
(epoch: 24, batches: 40, time: 0.004, data: 5.518) loss_D_real: 0.354 loss_D_fake: 1.422 loss_D: 0.888 loss_G: 0.416 loss_conv: 1.748 loss_eq: 1.332 acc_real: 1.000 acc_fake: 0.000 
(epoch: 24, batches: 60, time: 0.004, data: 0.001) loss_D_real: 0.358 loss_D_fake: 1.353 loss_D: 0.856 loss_G: 0.409 loss_conv: 1.769 loss_eq: 1.361 acc_real: 1.000 acc_fake: 0.000 
(epoch: 24, batches: 80, time: 0.003, data: 0.001) loss_D_real: 0.359 loss_D_fake: 1.327 loss_D: 0.843 loss_G: 0.409 loss_conv: 1.764 loss_eq: 1.355 acc_real: 1.000 acc_fake: 0.000 
(epoch: 24, batches: 100, time: 0.005, data: 9.084) loss_D_real: 0.357 loss_D_fake: 1.391 loss_D: 0.874 loss_G: 0.420 loss_conv: 1.801 loss_eq: 1.381 acc_real: 1.000 acc_fake: 0.000 
3700 tensor([[ 1.2500,  0.0000,  0.6667],
        [ 0.0000,  0.7500, -0.6667]], device='cuda:0',
       grad_fn=<SelectBackward>)
validation accuracies:
                real: 1.00
                fake: 0.00

ran validation set (B:3701) in                         19.1 s.
(epoch: 24, batches: 120, time: 0.005, data: 0.007) loss_D_real: 0.359 loss_D_fake: 1.300 loss_D: 0.830 loss_G: 0.423 loss_conv: 1.854 loss_eq: 1.431 acc_real: 1.000 acc_fake: 0.000 
(epoch: 24, batches: 140, time: 0.005, data: 0.002) loss_D_real: 0.362 loss_D_fake: 1.288 loss_D: 0.825 loss_G: 0.403 loss_conv: 1.815 loss_eq: 1.413 acc_real: 1.000 acc_fake: 0.000 
learning rate 0.0001280 -> 0.0001280
End of epoch 24 / 50 	 Time Taken: 609 sec
(epoch: 25, batches: 20, time: 0.004, data: 0.001) loss_D_real: 0.354 loss_D_fake: 1.385 loss_D: 0.869 loss_G: 0.405 loss_conv: 1.798 loss_eq: 1.394 acc_real: 1.000 acc_fake: 0.000 
(epoch: 25, batches: 40, time: 0.005, data: 0.001) loss_D_real: 0.346 loss_D_fake: 1.417 loss_D: 0.882 loss_G: 0.419 loss_conv: 1.826 loss_eq: 1.406 acc_real: 1.000 acc_fake: 0.000 
3800 tensor([[ 1.2500,  0.0000,  0.6667],
        [ 0.0000,  0.7500, -0.6667]], device='cuda:0',
       grad_fn=<SelectBackward>)
validation accuracies:
                real: 1.00
                fake: 0.00

ran validation set (B:3801) in                         15.9 s.
(epoch: 25, batches: 60, time: 0.005, data: 0.001) loss_D_real: 0.353 loss_D_fake: 1.420 loss_D: 0.886 loss_G: 0.402 loss_conv: 1.852 loss_eq: 1.450 acc_real: 1.000 acc_fake: 0.000 
(epoch: 25, batches: 80, time: 0.006, data: 0.001) loss_D_real: 0.361 loss_D_fake: 1.316 loss_D: 0.838 loss_G: 0.403 loss_conv: 1.838 loss_eq: 1.434 acc_real: 1.000 acc_fake: 0.000 
(epoch: 25, batches: 100, time: 0.007, data: 0.001) loss_D_real: 0.343 loss_D_fake: 1.474 loss_D: 0.908 loss_G: 0.429 loss_conv: 1.819 loss_eq: 1.390 acc_real: 1.000 acc_fake: 0.000 
(epoch: 25, batches: 120, time: 0.006, data: 0.001) loss_D_real: 0.352 loss_D_fake: 1.320 loss_D: 0.836 loss_G: 0.417 loss_conv: 1.793 loss_eq: 1.377 acc_real: 1.000 acc_fake: 0.000 
(epoch: 25, batches: 140, time: 0.006, data: 0.001) loss_D_real: 0.346 loss_D_fake: 1.416 loss_D: 0.881 loss_G: 0.421 loss_conv: 1.883 loss_eq: 1.462 acc_real: 1.000 acc_fake: 0.000 
3900 tensor([[ 1.2500,  0.0000,  0.6667],
        [ 0.0000,  0.7500, -0.6667]], device='cuda:0',
       grad_fn=<SelectBackward>)
saving the model at the end of epoch 25, iters 249600
learning rate 0.0001280 -> 0.0001280
End of epoch 25 / 50 	 Time Taken: 584 sec
validation accuracies:
                real: 1.00
                fake: 0.00

ran validation set (B:3901) in                         20.7 s.
(epoch: 26, batches: 20, time: 0.006, data: 0.002) loss_D_real: 0.354 loss_D_fake: 1.376 loss_D: 0.865 loss_G: 0.404 loss_conv: 1.807 loss_eq: 1.403 acc_real: 1.000 acc_fake: 0.000 
(epoch: 26, batches: 40, time: 0.006, data: 0.002) loss_D_real: 0.355 loss_D_fake: 1.283 loss_D: 0.819 loss_G: 0.402 loss_conv: 1.771 loss_eq: 1.369 acc_real: 1.000 acc_fake: 0.000 
(epoch: 26, batches: 60, time: 0.005, data: 0.002) loss_D_real: 0.353 loss_D_fake: 1.320 loss_D: 0.836 loss_G: 0.417 loss_conv: 1.872 loss_eq: 1.455 acc_real: 1.000 acc_fake: 0.000 
(epoch: 26, batches: 80, time: 0.005, data: 0.001) loss_D_real: 0.357 loss_D_fake: 1.262 loss_D: 0.809 loss_G: 0.406 loss_conv: 1.793 loss_eq: 1.386 acc_real: 1.000 acc_fake: 0.000 
4000 tensor([[ 1.2500,  0.0000,  0.6667],
        [ 0.0000,  0.7500, -0.6667]], device='cuda:0',
       grad_fn=<SelectBackward>)
(epoch: 26, batches: 100, time: 0.009, data: 0.001) loss_D_real: 0.356 loss_D_fake: 1.321 loss_D: 0.839 loss_G: 0.417 loss_conv: 1.755 loss_eq: 1.339 acc_real: 1.000 acc_fake: 0.000 
validation accuracies:
                real: 1.00
                fake: 0.00

ran validation set (B:4001) in                         17.5 s.
(epoch: 26, batches: 120, time: 0.004, data: 1.676) loss_D_real: 0.357 loss_D_fake: 1.377 loss_D: 0.867 loss_G: 0.414 loss_conv: 1.769 loss_eq: 1.355 acc_real: 1.000 acc_fake: 0.000 
(epoch: 26, batches: 140, time: 0.005, data: 15.514) loss_D_real: 0.362 loss_D_fake: 1.289 loss_D: 0.826 loss_G: 0.392 loss_conv: 1.829 loss_eq: 1.436 acc_real: 1.000 acc_fake: 0.000 
learning rate 0.0001280 -> 0.0001280
End of epoch 26 / 50 	 Time Taken: 608 sec
(epoch: 27, batches: 20, time: 0.005, data: 1.046) loss_D_real: 0.348 loss_D_fake: 1.317 loss_D: 0.832 loss_G: 0.423 loss_conv: 1.855 loss_eq: 1.433 acc_real: 1.000 acc_fake: 0.000 
(epoch: 27, batches: 40, time: 0.005, data: 0.001) loss_D_real: 0.352 loss_D_fake: 1.349 loss_D: 0.851 loss_G: 0.405 loss_conv: 1.829 loss_eq: 1.424 acc_real: 1.000 acc_fake: 0.000 
4100 tensor([[ 1.2500,  0.0000,  0.6667],
        [ 0.0000,  0.7500, -0.6667]], device='cuda:0',
       grad_fn=<SelectBackward>)
validation accuracies:
                real: 1.00
                fake: 0.00

ran validation set (B:4101) in                         16.0 s.
(epoch: 27, batches: 60, time: 0.007, data: 0.001) loss_D_real: 0.350 loss_D_fake: 1.357 loss_D: 0.854 loss_G: 0.404 loss_conv: 1.820 loss_eq: 1.415 acc_real: 1.000 acc_fake: 0.000 
(epoch: 27, batches: 80, time: 0.006, data: 0.002) loss_D_real: 0.365 loss_D_fake: 1.268 loss_D: 0.816 loss_G: 0.402 loss_conv: 1.853 loss_eq: 1.451 acc_real: 1.000 acc_fake: 0.000 
(epoch: 27, batches: 100, time: 0.005, data: 0.001) loss_D_real: 0.355 loss_D_fake: 1.339 loss_D: 0.847 loss_G: 0.415 loss_conv: 1.780 loss_eq: 1.365 acc_real: 1.000 acc_fake: 0.000 
(epoch: 27, batches: 120, time: 0.005, data: 0.002) loss_D_real: 0.351 loss_D_fake: 1.342 loss_D: 0.847 loss_G: 0.407 loss_conv: 1.829 loss_eq: 1.422 acc_real: 1.000 acc_fake: 0.000 
(epoch: 27, batches: 140, time: 0.005, data: 0.001) loss_D_real: 0.350 loss_D_fake: 1.281 loss_D: 0.816 loss_G: 0.401 loss_conv: 1.860 loss_eq: 1.459 acc_real: 1.000 acc_fake: 0.000 
4200 tensor([[ 1.2500,  0.0000,  0.6667],
        [ 0.0000,  0.7500, -0.6667]], device='cuda:0',
       grad_fn=<SelectBackward>)
validation accuracies:
                real: 1.00
                fake: 0.00

ran validation set (B:4201) in                         20.5 s.
learning rate 0.0001280 -> 0.0001280
End of epoch 27 / 50 	 Time Taken: 594 sec
(epoch: 28, batches: 20, time: 0.005, data: 0.932) loss_D_real: 0.350 loss_D_fake: 1.374 loss_D: 0.862 loss_G: 0.413 loss_conv: 1.861 loss_eq: 1.448 acc_real: 1.000 acc_fake: 0.000 
(epoch: 28, batches: 40, time: 0.005, data: 0.001) loss_D_real: 0.345 loss_D_fake: 1.325 loss_D: 0.835 loss_G: 0.416 loss_conv: 1.834 loss_eq: 1.418 acc_real: 1.000 acc_fake: 0.000 
(epoch: 28, batches: 60, time: 0.004, data: 5.291) loss_D_real: 0.358 loss_D_fake: 1.330 loss_D: 0.844 loss_G: 0.412 loss_conv: 1.832 loss_eq: 1.419 acc_real: 1.000 acc_fake: 0.000 
(epoch: 28, batches: 80, time: 0.004, data: 6.917) loss_D_real: 0.362 loss_D_fake: 1.273 loss_D: 0.818 loss_G: 0.395 loss_conv: 1.884 loss_eq: 1.488 acc_real: 1.000 acc_fake: 0.000 
4300 tensor([[ 1.2500,  0.0000,  0.6667],
        [ 0.0000,  0.7500, -0.6667]], device='cuda:0',
       grad_fn=<SelectBackward>)
validation accuracies:
                real: 1.00
                fake: 0.00

ran validation set (B:4301) in                         15.6 s.
(epoch: 28, batches: 100, time: 0.005, data: 9.703) loss_D_real: 0.354 loss_D_fake: 1.278 loss_D: 0.816 loss_G: 0.409 loss_conv: 1.828 loss_eq: 1.419 acc_real: 1.000 acc_fake: 0.000 
(epoch: 28, batches: 120, time: 0.005, data: 3.359) loss_D_real: 0.349 loss_D_fake: 1.359 loss_D: 0.854 loss_G: 0.409 loss_conv: 1.858 loss_eq: 1.449 acc_real: 1.000 acc_fake: 0.000 
(epoch: 28, batches: 140, time: 0.005, data: 14.719) loss_D_real: 0.353 loss_D_fake: 1.312 loss_D: 0.832 loss_G: 0.409 loss_conv: 1.836 loss_eq: 1.426 acc_real: 1.000 acc_fake: 0.000 
learning rate 0.0001280 -> 0.0001280
End of epoch 28 / 50 	 Time Taken: 596 sec
(epoch: 29, batches: 20, time: 0.005, data: 4.123) loss_D_real: 0.351 loss_D_fake: 1.280 loss_D: 0.815 loss_G: 0.402 loss_conv: 1.830 loss_eq: 1.428 acc_real: 1.000 acc_fake: 0.000 
4400 tensor([[ 1.2500,  0.0000,  0.6667],
        [ 0.0000,  0.7500, -0.6667]], device='cuda:0',
       grad_fn=<SelectBackward>)
validation accuracies:
                real: 1.00
                fake: 0.00

ran validation set (B:4401) in                         17.2 s.
(epoch: 29, batches: 40, time: 0.006, data: 0.001) loss_D_real: 0.353 loss_D_fake: 1.284 loss_D: 0.818 loss_G: 0.400 loss_conv: 1.820 loss_eq: 1.420 acc_real: 1.000 acc_fake: 0.000 
(epoch: 29, batches: 60, time: 0.003, data: 0.001) loss_D_real: 0.352 loss_D_fake: 1.316 loss_D: 0.834 loss_G: 0.414 loss_conv: 1.882 loss_eq: 1.468 acc_real: 1.000 acc_fake: 0.000 
(epoch: 29, batches: 80, time: 0.004, data: 4.324) loss_D_real: 0.343 loss_D_fake: 1.314 loss_D: 0.828 loss_G: 0.420 loss_conv: 1.920 loss_eq: 1.500 acc_real: 1.000 acc_fake: 0.000 
(epoch: 29, batches: 100, time: 0.006, data: 0.001) loss_D_real: 0.344 loss_D_fake: 1.332 loss_D: 0.838 loss_G: 0.412 loss_conv: 1.786 loss_eq: 1.374 acc_real: 1.000 acc_fake: 0.000 
(epoch: 29, batches: 120, time: 0.005, data: 6.825) loss_D_real: 0.359 loss_D_fake: 1.263 loss_D: 0.811 loss_G: 0.432 loss_conv: 1.893 loss_eq: 1.462 acc_real: 1.000 acc_fake: 0.000 
4500 tensor([[ 1.2500,  0.0000,  0.6667],
        [ 0.0000,  0.7500, -0.6667]], device='cuda:0',
       grad_fn=<SelectBackward>)
validation accuracies:
                real: 1.00
                fake: 0.00

ran validation set (B:4501) in                         20.5 s.
(epoch: 29, batches: 140, time: 0.005, data: 5.075) loss_D_real: 0.352 loss_D_fake: 1.323 loss_D: 0.837 loss_G: 0.420 loss_conv: 1.846 loss_eq: 1.426 acc_real: 1.000 acc_fake: 0.000 
learning rate 0.0001280 -> 0.0001280
End of epoch 29 / 50 	 Time Taken: 602 sec
(epoch: 30, batches: 20, time: 0.006, data: 0.002) loss_D_real: 0.344 loss_D_fake: 1.354 loss_D: 0.849 loss_G: 0.416 loss_conv: 1.854 loss_eq: 1.438 acc_real: 1.000 acc_fake: 0.000 
(epoch: 30, batches: 40, time: 0.005, data: 0.001) loss_D_real: 0.339 loss_D_fake: 1.335 loss_D: 0.837 loss_G: 0.419 loss_conv: 1.861 loss_eq: 1.442 acc_real: 1.000 acc_fake: 0.000 
(epoch: 30, batches: 60, time: 0.004, data: 4.061) loss_D_real: 0.350 loss_D_fake: 1.350 loss_D: 0.850 loss_G: 0.415 loss_conv: 1.786 loss_eq: 1.370 acc_real: 1.000 acc_fake: 0.000 
4600 tensor([[ 1.2500,  0.0000,  0.6667],
        [ 0.0000,  0.7500, -0.6667]], device='cuda:0',
       grad_fn=<SelectBackward>)
validation accuracies:
                real: 1.00
                fake: 0.00

ran validation set (B:4601) in                         16.4 s.
(epoch: 30, batches: 80, time: 0.005, data: 0.002) loss_D_real: 0.346 loss_D_fake: 1.320 loss_D: 0.833 loss_G: 0.408 loss_conv: 1.811 loss_eq: 1.402 acc_real: 1.000 acc_fake: 0.000 
(epoch: 30, batches: 100, time: 0.005, data: 5.698) loss_D_real: 0.345 loss_D_fake: 1.345 loss_D: 0.845 loss_G: 0.424 loss_conv: 1.854 loss_eq: 1.430 acc_real: 1.000 acc_fake: 0.000 
(epoch: 30, batches: 120, time: 0.006, data: 14.444) loss_D_real: 0.352 loss_D_fake: 1.358 loss_D: 0.855 loss_G: 0.403 loss_conv: 1.909 loss_eq: 1.506 acc_real: 1.000 acc_fake: 0.000 
(epoch: 30, batches: 140, time: 0.005, data: 0.001) loss_D_real: 0.356 loss_D_fake: 1.282 loss_D: 0.819 loss_G: 0.415 loss_conv: 1.816 loss_eq: 1.402 acc_real: 1.000 acc_fake: 0.000 
saving the model at the end of epoch 30, iters 299520
learning rate 0.0001280 -> 0.0001024
End of epoch 30 / 50 	 Time Taken: 596 sec
4700 tensor([[ 1.2500,  0.0000,  0.6667],
        [ 0.0000,  0.7500, -0.6667]], device='cuda:0',
       grad_fn=<SelectBackward>)
(epoch: 31, batches: 20, time: 0.013, data: 12.832) loss_D_real: 0.347 loss_D_fake: 1.345 loss_D: 0.846 loss_G: 0.420 loss_conv: 1.754 loss_eq: 1.334 acc_real: 1.000 acc_fake: 0.000 
validation accuracies:
                real: 1.00
                fake: 0.00

ran validation set (B:4701) in                         15.7 s.
(epoch: 31, batches: 40, time: 0.005, data: 10.101) loss_D_real: 0.347 loss_D_fake: 1.344 loss_D: 0.846 loss_G: 0.411 loss_conv: 1.829 loss_eq: 1.418 acc_real: 1.000 acc_fake: 0.000 
(epoch: 31, batches: 60, time: 0.003, data: 15.867) loss_D_real: 0.351 loss_D_fake: 1.297 loss_D: 0.824 loss_G: 0.417 loss_conv: 1.910 loss_eq: 1.493 acc_real: 1.000 acc_fake: 0.000 
(epoch: 31, batches: 80, time: 0.005, data: 7.048) loss_D_real: 0.345 loss_D_fake: 1.276 loss_D: 0.811 loss_G: 0.410 loss_conv: 1.854 loss_eq: 1.444 acc_real: 1.000 acc_fake: 0.000 
(epoch: 31, batches: 100, time: 0.005, data: 14.055) loss_D_real: 0.351 loss_D_fake: 1.295 loss_D: 0.823 loss_G: 0.409 loss_conv: 1.768 loss_eq: 1.359 acc_real: 1.000 acc_fake: 0.000 
4800 tensor([[ 1.2500,  0.0000,  0.6667],
        [ 0.0000,  0.7500, -0.6667]], device='cuda:0',
       grad_fn=<SelectBackward>)
(epoch: 31, batches: 120, time: 0.008, data: 9.167) loss_D_real: 0.347 loss_D_fake: 1.346 loss_D: 0.847 loss_G: 0.411 loss_conv: 1.862 loss_eq: 1.451 acc_real: 1.000 acc_fake: 0.000 
validation accuracies:
                real: 1.00
                fake: 0.00

ran validation set (B:4801) in                         19.2 s.
(epoch: 31, batches: 140, time: 0.005, data: 14.092) loss_D_real: 0.347 loss_D_fake: 1.329 loss_D: 0.838 loss_G: 0.406 loss_conv: 1.799 loss_eq: 1.393 acc_real: 1.000 acc_fake: 0.000 
learning rate 0.0001024 -> 0.0001024
End of epoch 31 / 50 	 Time Taken: 606 sec
(epoch: 32, batches: 20, time: 0.006, data: 0.001) loss_D_real: 0.345 loss_D_fake: 1.297 loss_D: 0.821 loss_G: 0.412 loss_conv: 1.943 loss_eq: 1.531 acc_real: 1.000 acc_fake: 0.000 
(epoch: 32, batches: 40, time: 0.007, data: 0.001) loss_D_real: 0.353 loss_D_fake: 1.327 loss_D: 0.840 loss_G: 0.408 loss_conv: 1.848 loss_eq: 1.440 acc_real: 1.000 acc_fake: 0.000 
(epoch: 32, batches: 60, time: 0.005, data: 11.930) loss_D_real: 0.344 loss_D_fake: 1.306 loss_D: 0.825 loss_G: 0.429 loss_conv: 1.817 loss_eq: 1.388 acc_real: 1.000 acc_fake: 0.000 
4900 tensor([[ 1.2500,  0.0000,  0.6667],
        [ 0.0000,  0.7500, -0.6667]], device='cuda:0',
       grad_fn=<SelectBackward>)
validation accuracies:
                real: 1.00
                fake: 0.00

ran validation set (B:4901) in                         18.4 s.
(epoch: 32, batches: 80, time: 0.005, data: 11.777) loss_D_real: 0.350 loss_D_fake: 1.335 loss_D: 0.842 loss_G: 0.413 loss_conv: 1.795 loss_eq: 1.382 acc_real: 1.000 acc_fake: 0.000 
(epoch: 32, batches: 100, time: 0.003, data: 16.420) loss_D_real: 0.355 loss_D_fake: 1.281 loss_D: 0.818 loss_G: 0.409 loss_conv: 1.781 loss_eq: 1.372 acc_real: 1.000 acc_fake: 0.000 
(epoch: 32, batches: 120, time: 0.004, data: 14.900) loss_D_real: 0.346 loss_D_fake: 1.312 loss_D: 0.829 loss_G: 0.419 loss_conv: 1.799 loss_eq: 1.380 acc_real: 1.000 acc_fake: 0.000 
(epoch: 32, batches: 140, time: 0.005, data: 1.196) loss_D_real: 0.346 loss_D_fake: 1.310 loss_D: 0.828 loss_G: 0.425 loss_conv: 1.781 loss_eq: 1.356 acc_real: 1.000 acc_fake: 0.000 
learning rate 0.0001024 -> 0.0001024
End of epoch 32 / 50 	 Time Taken: 584 sec
5000 tensor([[ 1.2500,  0.0000,  0.6667],
        [ 0.0000,  0.7500, -0.6667]], device='cuda:0',
       grad_fn=<SelectBackward>)
validation accuracies:
                real: 1.00
                fake: 0.00

ran validation set (B:5001) in                         18.1 s.
(epoch: 33, batches: 20, time: 0.007, data: 0.002) loss_D_real: 0.344 loss_D_fake: 1.312 loss_D: 0.828 loss_G: 0.413 loss_conv: 1.837 loss_eq: 1.424 acc_real: 1.000 acc_fake: 0.000 
(epoch: 33, batches: 40, time: 0.005, data: 6.304) loss_D_real: 0.341 loss_D_fake: 1.316 loss_D: 0.828 loss_G: 0.418 loss_conv: 1.736 loss_eq: 1.318 acc_real: 1.000 acc_fake: 0.000 
(epoch: 33, batches: 60, time: 0.005, data: 10.402) loss_D_real: 0.347 loss_D_fake: 1.327 loss_D: 0.837 loss_G: 0.419 loss_conv: 1.824 loss_eq: 1.405 acc_real: 1.000 acc_fake: 0.000 
(epoch: 33, batches: 80, time: 0.005, data: 0.002) loss_D_real: 0.345 loss_D_fake: 1.341 loss_D: 0.843 loss_G: 0.420 loss_conv: 1.859 loss_eq: 1.439 acc_real: 1.000 acc_fake: 0.000 
(epoch: 33, batches: 100, time: 0.007, data: 0.001) loss_D_real: 0.355 loss_D_fake: 1.342 loss_D: 0.848 loss_G: 0.419 loss_conv: 1.768 loss_eq: 1.349 acc_real: 1.000 acc_fake: 0.000 
5100 tensor([[ 1.2500,  0.0000,  0.6667],
        [ 0.0000,  0.7500, -0.6667]], device='cuda:0',
       grad_fn=<SelectBackward>)
validation accuracies:
                real: 1.00
                fake: 0.00

ran validation set (B:5101) in                         20.2 s.
(epoch: 33, batches: 120, time: 0.005, data: 0.001) loss_D_real: 0.342 loss_D_fake: 1.364 loss_D: 0.853 loss_G: 0.402 loss_conv: 1.842 loss_eq: 1.440 acc_real: 1.000 acc_fake: 0.000 
(epoch: 33, batches: 140, time: 0.005, data: 0.001) loss_D_real: 0.343 loss_D_fake: 1.325 loss_D: 0.834 loss_G: 0.413 loss_conv: 1.830 loss_eq: 1.417 acc_real: 1.000 acc_fake: 0.000 
learning rate 0.0001024 -> 0.0001024
End of epoch 33 / 50 	 Time Taken: 607 sec
(epoch: 34, batches: 20, time: 0.006, data: 0.001) loss_D_real: 0.341 loss_D_fake: 1.319 loss_D: 0.830 loss_G: 0.427 loss_conv: 1.832 loss_eq: 1.405 acc_real: 1.000 acc_fake: 0.000 
(epoch: 34, batches: 40, time: 0.006, data: 0.001) loss_D_real: 0.347 loss_D_fake: 1.265 loss_D: 0.806 loss_G: 0.410 loss_conv: 1.774 loss_eq: 1.364 acc_real: 1.000 acc_fake: 0.000 
5200 tensor([[ 1.2500,  0.0000,  0.6667],
        [ 0.0000,  0.7500, -0.6667]], device='cuda:0',
       grad_fn=<SelectBackward>)
validation accuracies:
                real: 1.00
                fake: 0.00

ran validation set (B:5201) in                         17.7 s.
(epoch: 34, batches: 60, time: 0.005, data: 0.001) loss_D_real: 0.348 loss_D_fake: 1.267 loss_D: 0.807 loss_G: 0.432 loss_conv: 1.868 loss_eq: 1.436 acc_real: 1.000 acc_fake: 0.000 
(epoch: 34, batches: 80, time: 0.006, data: 0.001) loss_D_real: 0.343 loss_D_fake: 1.315 loss_D: 0.829 loss_G: 0.411 loss_conv: 1.878 loss_eq: 1.467 acc_real: 1.000 acc_fake: 0.000 
(epoch: 34, batches: 100, time: 0.003, data: 0.001) loss_D_real: 0.345 loss_D_fake: 1.298 loss_D: 0.822 loss_G: 0.406 loss_conv: 1.744 loss_eq: 1.338 acc_real: 1.000 acc_fake: 0.000 
(epoch: 34, batches: 120, time: 0.005, data: 0.001) loss_D_real: 0.343 loss_D_fake: 1.306 loss_D: 0.825 loss_G: 0.424 loss_conv: 1.799 loss_eq: 1.375 acc_real: 1.000 acc_fake: 0.000 
(epoch: 34, batches: 140, time: 0.005, data: 4.685) loss_D_real: 0.349 loss_D_fake: 1.307 loss_D: 0.828 loss_G: 0.401 loss_conv: 1.820 loss_eq: 1.419 acc_real: 1.000 acc_fake: 0.000 
5300 tensor([[ 1.2500,  0.0000,  0.6667],
        [ 0.0000,  0.7500, -0.6667]], device='cuda:0',
       grad_fn=<SelectBackward>)
validation accuracies:
                real: 1.00
                fake: 0.00

ran validation set (B:5301) in                         11.7 s.
learning rate 0.0001024 -> 0.0001024
End of epoch 34 / 50 	 Time Taken: 594 sec
(epoch: 35, batches: 20, time: 0.006, data: 0.045) loss_D_real: 0.336 loss_D_fake: 1.373 loss_D: 0.854 loss_G: 0.428 loss_conv: 1.736 loss_eq: 1.308 acc_real: 1.000 acc_fake: 0.000 
(epoch: 35, batches: 40, time: 0.005, data: 0.003) loss_D_real: 0.342 loss_D_fake: 1.348 loss_D: 0.845 loss_G: 0.407 loss_conv: 1.808 loss_eq: 1.402 acc_real: 1.000 acc_fake: 0.000 
(epoch: 35, batches: 60, time: 0.005, data: 0.001) loss_D_real: 0.340 loss_D_fake: 1.341 loss_D: 0.841 loss_G: 0.416 loss_conv: 1.842 loss_eq: 1.426 acc_real: 1.000 acc_fake: 0.000 
(epoch: 35, batches: 80, time: 0.005, data: 6.442) loss_D_real: 0.343 loss_D_fake: 1.276 loss_D: 0.810 loss_G: 0.419 loss_conv: 1.840 loss_eq: 1.422 acc_real: 1.000 acc_fake: 0.000 
5400 tensor([[ 1.2500,  0.0000,  0.6667],
        [ 0.0000,  0.7500, -0.6667]], device='cuda:0',
       grad_fn=<SelectBackward>)
validation accuracies:
                real: 1.00
                fake: 0.00

ran validation set (B:5401) in                         16.9 s.
(epoch: 35, batches: 100, time: 0.005, data: 0.001) loss_D_real: 0.345 loss_D_fake: 1.321 loss_D: 0.833 loss_G: 0.411 loss_conv: 1.808 loss_eq: 1.397 acc_real: 1.000 acc_fake: 0.000 
(epoch: 35, batches: 120, time: 0.004, data: 0.001) loss_D_real: 0.344 loss_D_fake: 1.245 loss_D: 0.795 loss_G: 0.425 loss_conv: 1.937 loss_eq: 1.513 acc_real: 1.000 acc_fake: 0.000 
(epoch: 35, batches: 140, time: 0.004, data: 0.017) loss_D_real: 0.349 loss_D_fake: 1.291 loss_D: 0.820 loss_G: 0.404 loss_conv: 1.788 loss_eq: 1.384 acc_real: 1.000 acc_fake: 0.000 
saving the model at the end of epoch 35, iters 349440
learning rate 0.0001024 -> 0.0001024
End of epoch 35 / 50 	 Time Taken: 584 sec
(epoch: 36, batches: 20, time: 0.006, data: 0.001) loss_D_real: 0.337 loss_D_fake: 1.350 loss_D: 0.844 loss_G: 0.413 loss_conv: 1.816 loss_eq: 1.403 acc_real: 1.000 acc_fake: 0.000 
5500 tensor([[ 1.2500,  0.0000,  0.6667],
        [ 0.0000,  0.7500, -0.6667]], device='cuda:0',
       grad_fn=<SelectBackward>)
(epoch: 36, batches: 40, time: 0.010, data: 5.493) loss_D_real: 0.336 loss_D_fake: 1.311 loss_D: 0.824 loss_G: 0.418 loss_conv: 1.839 loss_eq: 1.421 acc_real: 1.000 acc_fake: 0.000 
validation accuracies:
                real: 1.00
                fake: 0.00

ran validation set (B:5501) in                         13.0 s.
(epoch: 36, batches: 60, time: 0.005, data: 0.001) loss_D_real: 0.345 loss_D_fake: 1.293 loss_D: 0.819 loss_G: 0.423 loss_conv: 1.880 loss_eq: 1.457 acc_real: 1.000 acc_fake: 0.000 
(epoch: 36, batches: 80, time: 0.005, data: 1.605) loss_D_real: 0.343 loss_D_fake: 1.329 loss_D: 0.836 loss_G: 0.412 loss_conv: 1.843 loss_eq: 1.431 acc_real: 1.000 acc_fake: 0.000 
(epoch: 36, batches: 100, time: 0.005, data: 10.299) loss_D_real: 0.345 loss_D_fake: 1.303 loss_D: 0.824 loss_G: 0.409 loss_conv: 1.820 loss_eq: 1.411 acc_real: 1.000 acc_fake: 0.000 
(epoch: 36, batches: 120, time: 0.004, data: 10.349) loss_D_real: 0.340 loss_D_fake: 1.360 loss_D: 0.850 loss_G: 0.413 loss_conv: 1.799 loss_eq: 1.386 acc_real: 1.000 acc_fake: 0.000 
5600 tensor([[ 1.2500,  0.0000,  0.6667],
        [ 0.0000,  0.7500, -0.6667]], device='cuda:0',
       grad_fn=<SelectBackward>)
(epoch: 36, batches: 140, time: 0.011, data: 0.862) loss_D_real: 0.343 loss_D_fake: 1.319 loss_D: 0.831 loss_G: 0.420 loss_conv: 1.754 loss_eq: 1.334 acc_real: 1.000 acc_fake: 0.000 
validation accuracies:
                real: 1.00
                fake: 0.00

ran validation set (B:5601) in                         18.3 s.
learning rate 0.0001024 -> 0.0001024
End of epoch 36 / 50 	 Time Taken: 592 sec
(epoch: 37, batches: 20, time: 0.005, data: 3.506) loss_D_real: 0.338 loss_D_fake: 1.333 loss_D: 0.836 loss_G: 0.414 loss_conv: 1.787 loss_eq: 1.373 acc_real: 1.000 acc_fake: 0.000 
(epoch: 37, batches: 40, time: 0.005, data: 0.001) loss_D_real: 0.338 loss_D_fake: 1.283 loss_D: 0.811 loss_G: 0.405 loss_conv: 1.898 loss_eq: 1.493 acc_real: 1.000 acc_fake: 0.000 
(epoch: 37, batches: 60, time: 0.005, data: 0.002) loss_D_real: 0.345 loss_D_fake: 1.278 loss_D: 0.811 loss_G: 0.414 loss_conv: 1.872 loss_eq: 1.458 acc_real: 1.000 acc_fake: 0.000 
(epoch: 37, batches: 80, time: 0.006, data: 0.001) loss_D_real: 0.337 loss_D_fake: 1.381 loss_D: 0.859 loss_G: 0.438 loss_conv: 1.820 loss_eq: 1.382 acc_real: 1.000 acc_fake: 0.000 
5700 tensor([[ 1.2500,  0.0000,  0.6667],
        [ 0.0000,  0.7500, -0.6667]], device='cuda:0',
       grad_fn=<SelectBackward>)
validation accuracies:
                real: 1.00
                fake: 0.00

ran validation set (B:5701) in                         18.9 s.
(epoch: 37, batches: 100, time: 0.005, data: 0.001) loss_D_real: 0.342 loss_D_fake: 1.300 loss_D: 0.821 loss_G: 0.409 loss_conv: 1.893 loss_eq: 1.483 acc_real: 1.000 acc_fake: 0.000 
(epoch: 37, batches: 120, time: 0.005, data: 0.001) loss_D_real: 0.341 loss_D_fake: 1.306 loss_D: 0.823 loss_G: 0.423 loss_conv: 1.825 loss_eq: 1.402 acc_real: 1.000 acc_fake: 0.000 
(epoch: 37, batches: 140, time: 0.005, data: 0.001) loss_D_real: 0.336 loss_D_fake: 1.332 loss_D: 0.834 loss_G: 0.432 loss_conv: 1.852 loss_eq: 1.420 acc_real: 1.000 acc_fake: 0.000 
learning rate 0.0001024 -> 0.0001024
End of epoch 37 / 50 	 Time Taken: 598 sec
(epoch: 38, batches: 20, time: 0.006, data: 0.001) loss_D_real: 0.337 loss_D_fake: 1.348 loss_D: 0.843 loss_G: 0.415 loss_conv: 1.790 loss_eq: 1.375 acc_real: 1.000 acc_fake: 0.000 
5800 tensor([[ 1.2500,  0.0000,  0.6667],
        [ 0.0000,  0.7500, -0.6667]], device='cuda:0',
       grad_fn=<SelectBackward>)
validation accuracies:
                real: 1.00
                fake: 0.00

ran validation set (B:5801) in                         13.8 s.
(epoch: 38, batches: 40, time: 0.005, data: 0.001) loss_D_real: 0.341 loss_D_fake: 1.349 loss_D: 0.845 loss_G: 0.419 loss_conv: 1.896 loss_eq: 1.476 acc_real: 1.000 acc_fake: 0.000 
(epoch: 38, batches: 60, time: 0.004, data: 0.001) loss_D_real: 0.349 loss_D_fake: 1.279 loss_D: 0.814 loss_G: 0.420 loss_conv: 1.863 loss_eq: 1.443 acc_real: 1.000 acc_fake: 0.000 
(epoch: 38, batches: 80, time: 0.006, data: 0.007) loss_D_real: 0.338 loss_D_fake: 1.352 loss_D: 0.845 loss_G: 0.417 loss_conv: 1.868 loss_eq: 1.451 acc_real: 1.000 acc_fake: 0.000 
(epoch: 38, batches: 100, time: 0.007, data: 0.001) loss_D_real: 0.341 loss_D_fake: 1.347 loss_D: 0.844 loss_G: 0.423 loss_conv: 1.784 loss_eq: 1.361 acc_real: 1.000 acc_fake: 0.000 
(epoch: 38, batches: 120, time: 0.006, data: 0.002) loss_D_real: 0.333 loss_D_fake: 1.313 loss_D: 0.823 loss_G: 0.411 loss_conv: 1.850 loss_eq: 1.439 acc_real: 1.000 acc_fake: 0.000 
5900 tensor([[ 1.2500,  0.0000,  0.6667],
        [ 0.0000,  0.7500, -0.6667]], device='cuda:0',
       grad_fn=<SelectBackward>)
validation accuracies:
                real: 1.00
                fake: 0.00

ran validation set (B:5901) in                         18.4 s.
(epoch: 38, batches: 140, time: 0.004, data: 0.001) loss_D_real: 0.341 loss_D_fake: 1.312 loss_D: 0.827 loss_G: 0.410 loss_conv: 1.821 loss_eq: 1.411 acc_real: 1.000 acc_fake: 0.000 
learning rate 0.0001024 -> 0.0001024
End of epoch 38 / 50 	 Time Taken: 597 sec
(epoch: 39, batches: 20, time: 0.006, data: 0.002) loss_D_real: 0.334 loss_D_fake: 1.310 loss_D: 0.822 loss_G: 0.420 loss_conv: 1.880 loss_eq: 1.460 acc_real: 1.000 acc_fake: 0.000 
(epoch: 39, batches: 40, time: 0.005, data: 0.001) loss_D_real: 0.336 loss_D_fake: 1.362 loss_D: 0.849 loss_G: 0.425 loss_conv: 1.836 loss_eq: 1.410 acc_real: 1.000 acc_fake: 0.000 
(epoch: 39, batches: 60, time: 0.005, data: 0.007) loss_D_real: 0.341 loss_D_fake: 1.275 loss_D: 0.808 loss_G: 0.433 loss_conv: 1.886 loss_eq: 1.453 acc_real: 1.000 acc_fake: 0.000 
6000 tensor([[ 1.2500,  0.0000,  0.6667],
        [ 0.0000,  0.7500, -0.6667]], device='cuda:0',
       grad_fn=<SelectBackward>)
validation accuracies:
                real: 1.00
                fake: 0.00

ran validation set (B:6001) in                         20.6 s.
(epoch: 39, batches: 80, time: 0.006, data: 0.016) loss_D_real: 0.344 loss_D_fake: 1.305 loss_D: 0.825 loss_G: 0.405 loss_conv: 1.866 loss_eq: 1.460 acc_real: 1.000 acc_fake: 0.000 
(epoch: 39, batches: 100, time: 0.005, data: 0.001) loss_D_real: 0.339 loss_D_fake: 1.315 loss_D: 0.827 loss_G: 0.414 loss_conv: 1.809 loss_eq: 1.395 acc_real: 1.000 acc_fake: 0.000 
(epoch: 39, batches: 120, time: 0.004, data: 0.001) loss_D_real: 0.333 loss_D_fake: 1.399 loss_D: 0.866 loss_G: 0.403 loss_conv: 1.764 loss_eq: 1.362 acc_real: 1.000 acc_fake: 0.000 
(epoch: 39, batches: 140, time: 0.005, data: 0.001) loss_D_real: 0.337 loss_D_fake: 1.335 loss_D: 0.836 loss_G: 0.412 loss_conv: 1.808 loss_eq: 1.396 acc_real: 1.000 acc_fake: 0.000 
learning rate 0.0001024 -> 0.0001024
End of epoch 39 / 50 	 Time Taken: 586 sec
6100 tensor([[ 1.2500,  0.0000,  0.6667],
        [ 0.0000,  0.7500, -0.6667]], device='cuda:0',
       grad_fn=<SelectBackward>)
validation accuracies:
                real: 1.00
                fake: 0.00

ran validation set (B:6101) in                         14.8 s.
(epoch: 40, batches: 20, time: 0.005, data: 6.418) loss_D_real: 0.346 loss_D_fake: 1.329 loss_D: 0.837 loss_G: 0.417 loss_conv: 1.849 loss_eq: 1.432 acc_real: 1.000 acc_fake: 0.000 
(epoch: 40, batches: 40, time: 0.006, data: 12.613) loss_D_real: 0.349 loss_D_fake: 1.293 loss_D: 0.821 loss_G: 0.405 loss_conv: 1.796 loss_eq: 1.391 acc_real: 1.000 acc_fake: 0.000 
(epoch: 40, batches: 60, time: 0.005, data: 0.002) loss_D_real: 0.334 loss_D_fake: 1.297 loss_D: 0.815 loss_G: 0.420 loss_conv: 1.889 loss_eq: 1.469 acc_real: 1.000 acc_fake: 0.000 
(epoch: 40, batches: 80, time: 0.005, data: 4.761) loss_D_real: 0.340 loss_D_fake: 1.335 loss_D: 0.837 loss_G: 0.417 loss_conv: 1.825 loss_eq: 1.408 acc_real: 1.000 acc_fake: 0.000 
(epoch: 40, batches: 100, time: 0.003, data: 0.002) loss_D_real: 0.340 loss_D_fake: 1.315 loss_D: 0.827 loss_G: 0.430 loss_conv: 1.839 loss_eq: 1.409 acc_real: 1.000 acc_fake: 0.000 
6200 tensor([[ 1.2500,  0.0000,  0.6667],
        [ 0.0000,  0.7500, -0.6667]], device='cuda:0',
       grad_fn=<SelectBackward>)
validation accuracies:
                real: 1.00
                fake: 0.00

ran validation set (B:6201) in                         17.8 s.
(epoch: 40, batches: 120, time: 0.004, data: 0.006) loss_D_real: 0.344 loss_D_fake: 1.260 loss_D: 0.802 loss_G: 0.428 loss_conv: 1.843 loss_eq: 1.415 acc_real: 1.000 acc_fake: 0.000 
(epoch: 40, batches: 140, time: 0.005, data: 0.001) loss_D_real: 0.339 loss_D_fake: 1.351 loss_D: 0.845 loss_G: 0.420 loss_conv: 1.834 loss_eq: 1.414 acc_real: 1.000 acc_fake: 0.000 
saving the model at the end of epoch 40, iters 399360
learning rate 0.0001024 -> 0.0000819
End of epoch 40 / 50 	 Time Taken: 595 sec
(epoch: 41, batches: 20, time: 0.004, data: 0.001) loss_D_real: 0.340 loss_D_fake: 1.345 loss_D: 0.843 loss_G: 0.418 loss_conv: 1.894 loss_eq: 1.476 acc_real: 1.000 acc_fake: 0.000 
(epoch: 41, batches: 40, time: 0.006, data: 0.001) loss_D_real: 0.335 loss_D_fake: 1.330 loss_D: 0.833 loss_G: 0.414 loss_conv: 1.767 loss_eq: 1.353 acc_real: 1.000 acc_fake: 0.000 
6300 tensor([[ 1.2500,  0.0000,  0.6667],
        [ 0.0000,  0.7500, -0.6667]], device='cuda:0',
       grad_fn=<SelectBackward>)
(epoch: 41, batches: 60, time: 0.006, data: 0.001) loss_D_real: 0.338 loss_D_fake: 1.279 loss_D: 0.809 loss_G: 0.423 loss_conv: 1.763 loss_eq: 1.339 acc_real: 1.000 acc_fake: 0.000 
validation accuracies:
                real: 1.00
                fake: 0.00

ran validation set (B:6301) in                         18.1 s.
(epoch: 41, batches: 80, time: 0.005, data: 0.327) loss_D_real: 0.343 loss_D_fake: 1.310 loss_D: 0.826 loss_G: 0.408 loss_conv: 1.830 loss_eq: 1.422 acc_real: 1.000 acc_fake: 0.000 
(epoch: 41, batches: 100, time: 0.005, data: 9.546) loss_D_real: 0.334 loss_D_fake: 1.273 loss_D: 0.804 loss_G: 0.413 loss_conv: 1.802 loss_eq: 1.390 acc_real: 1.000 acc_fake: 0.000 
(epoch: 41, batches: 120, time: 0.005, data: 0.001) loss_D_real: 0.336 loss_D_fake: 1.350 loss_D: 0.843 loss_G: 0.412 loss_conv: 1.803 loss_eq: 1.391 acc_real: 1.000 acc_fake: 0.000 
(epoch: 41, batches: 140, time: 0.006, data: 0.007) loss_D_real: 0.336 loss_D_fake: 1.305 loss_D: 0.821 loss_G: 0.423 loss_conv: 1.793 loss_eq: 1.370 acc_real: 1.000 acc_fake: 0.000 
learning rate 0.0000819 -> 0.0000819
End of epoch 41 / 50 	 Time Taken: 597 sec
6400 tensor([[ 1.2500,  0.0000,  0.6667],
        [ 0.0000,  0.7500, -0.6667]], device='cuda:0',
       grad_fn=<SelectBackward>)
validation accuracies:
                real: 1.00
                fake: 0.00

ran validation set (B:6401) in                         18.3 s.
(epoch: 42, batches: 20, time: 0.008, data: 0.001) loss_D_real: 0.336 loss_D_fake: 1.333 loss_D: 0.834 loss_G: 0.418 loss_conv: 1.853 loss_eq: 1.435 acc_real: 1.000 acc_fake: 0.000 
(epoch: 42, batches: 40, time: 0.005, data: 0.001) loss_D_real: 0.340 loss_D_fake: 1.353 loss_D: 0.846 loss_G: 0.419 loss_conv: 1.829 loss_eq: 1.409 acc_real: 1.000 acc_fake: 0.000 
(epoch: 42, batches: 60, time: 0.005, data: 0.001) loss_D_real: 0.336 loss_D_fake: 1.295 loss_D: 0.816 loss_G: 0.420 loss_conv: 1.804 loss_eq: 1.384 acc_real: 1.000 acc_fake: 0.000 
(epoch: 42, batches: 80, time: 0.005, data: 1.574) loss_D_real: 0.333 loss_D_fake: 1.340 loss_D: 0.836 loss_G: 0.428 loss_conv: 1.831 loss_eq: 1.404 acc_real: 1.000 acc_fake: 0.000 
(epoch: 42, batches: 100, time: 0.005, data: 0.001) loss_D_real: 0.340 loss_D_fake: 1.249 loss_D: 0.795 loss_G: 0.409 loss_conv: 1.816 loss_eq: 1.407 acc_real: 1.000 acc_fake: 0.000 
6500 tensor([[ 1.2500,  0.0000,  0.6667],
        [ 0.0000,  0.7500, -0.6667]], device='cuda:0',
       grad_fn=<SelectBackward>)
validation accuracies:
                real: 1.00
                fake: 0.00

ran validation set (B:6501) in                         18.4 s.
(epoch: 42, batches: 120, time: 0.008, data: 0.001) loss_D_real: 0.333 loss_D_fake: 1.291 loss_D: 0.812 loss_G: 0.416 loss_conv: 1.819 loss_eq: 1.403 acc_real: 1.000 acc_fake: 0.000 
(epoch: 42, batches: 140, time: 0.004, data: 0.717) loss_D_real: 0.338 loss_D_fake: 1.278 loss_D: 0.808 loss_G: 0.419 loss_conv: 1.844 loss_eq: 1.425 acc_real: 1.000 acc_fake: 0.000 
learning rate 0.0000819 -> 0.0000819
End of epoch 42 / 50 	 Time Taken: 599 sec
(epoch: 43, batches: 20, time: 0.005, data: 3.499) loss_D_real: 0.335 loss_D_fake: 1.328 loss_D: 0.832 loss_G: 0.421 loss_conv: 1.812 loss_eq: 1.391 acc_real: 1.000 acc_fake: 0.000 
(epoch: 43, batches: 40, time: 0.005, data: 0.001) loss_D_real: 0.336 loss_D_fake: 1.298 loss_D: 0.817 loss_G: 0.428 loss_conv: 1.742 loss_eq: 1.314 acc_real: 1.000 acc_fake: 0.000 
6600 tensor([[ 1.2500,  0.0000,  0.6667],
        [ 0.0000,  0.7500, -0.6667]], device='cuda:0',
       grad_fn=<SelectBackward>)
validation accuracies:
                real: 1.00
                fake: 0.00

ran validation set (B:6601) in                         13.2 s.
(epoch: 43, batches: 60, time: 0.005, data: 1.894) loss_D_real: 0.337 loss_D_fake: 1.306 loss_D: 0.821 loss_G: 0.415 loss_conv: 1.809 loss_eq: 1.394 acc_real: 1.000 acc_fake: 0.000 
(epoch: 43, batches: 80, time: 0.005, data: 0.001) loss_D_real: 0.337 loss_D_fake: 1.281 loss_D: 0.809 loss_G: 0.418 loss_conv: 1.802 loss_eq: 1.384 acc_real: 1.000 acc_fake: 0.000 
(epoch: 43, batches: 100, time: 0.005, data: 0.001) loss_D_real: 0.339 loss_D_fake: 1.300 loss_D: 0.820 loss_G: 0.410 loss_conv: 1.812 loss_eq: 1.402 acc_real: 1.000 acc_fake: 0.000 
(epoch: 43, batches: 120, time: 0.003, data: 0.001) loss_D_real: 0.340 loss_D_fake: 1.336 loss_D: 0.838 loss_G: 0.410 loss_conv: 1.769 loss_eq: 1.358 acc_real: 1.000 acc_fake: 0.000 
(epoch: 43, batches: 140, time: 0.005, data: 0.001) loss_D_real: 0.341 loss_D_fake: 1.298 loss_D: 0.819 loss_G: 0.415 loss_conv: 1.926 loss_eq: 1.511 acc_real: 1.000 acc_fake: 0.000 
6700 tensor([[ 1.2500,  0.0000,  0.6667],
        [ 0.0000,  0.7500, -0.6667]], device='cuda:0',
       grad_fn=<SelectBackward>)
validation accuracies:
                real: 1.00
                fake: 0.00

ran validation set (B:6701) in                         15.4 s.
learning rate 0.0000819 -> 0.0000819
End of epoch 43 / 50 	 Time Taken: 602 sec
(epoch: 44, batches: 20, time: 0.007, data: 0.001) loss_D_real: 0.343 loss_D_fake: 1.292 loss_D: 0.818 loss_G: 0.410 loss_conv: 1.825 loss_eq: 1.415 acc_real: 1.000 acc_fake: 0.000 
(epoch: 44, batches: 40, time: 0.005, data: 3.051) loss_D_real: 0.338 loss_D_fake: 1.331 loss_D: 0.834 loss_G: 0.420 loss_conv: 1.848 loss_eq: 1.428 acc_real: 1.000 acc_fake: 0.000 
(epoch: 44, batches: 60, time: 0.006, data: 14.757) loss_D_real: 0.341 loss_D_fake: 1.316 loss_D: 0.829 loss_G: 0.412 loss_conv: 1.812 loss_eq: 1.400 acc_real: 1.000 acc_fake: 0.000 
(epoch: 44, batches: 80, time: 0.005, data: 0.864) loss_D_real: 0.340 loss_D_fake: 1.353 loss_D: 0.847 loss_G: 0.423 loss_conv: 1.843 loss_eq: 1.420 acc_real: 1.000 acc_fake: 0.000 
6800 tensor([[ 1.2500,  0.0000,  0.6667],
        [ 0.0000,  0.7500, -0.6667]], device='cuda:0',
       grad_fn=<SelectBackward>)
validation accuracies:
                real: 1.00
                fake: 0.00

ran validation set (B:6801) in                         16.5 s.
(epoch: 44, batches: 100, time: 0.006, data: 0.001) loss_D_real: 0.350 loss_D_fake: 1.300 loss_D: 0.825 loss_G: 0.412 loss_conv: 1.783 loss_eq: 1.371 acc_real: 1.000 acc_fake: 0.000 
(epoch: 44, batches: 120, time: 0.004, data: 3.060) loss_D_real: 0.335 loss_D_fake: 1.335 loss_D: 0.835 loss_G: 0.411 loss_conv: 1.834 loss_eq: 1.423 acc_real: 1.000 acc_fake: 0.000 
(epoch: 44, batches: 140, time: 0.005, data: 0.007) loss_D_real: 0.337 loss_D_fake: 1.321 loss_D: 0.829 loss_G: 0.416 loss_conv: 1.826 loss_eq: 1.410 acc_real: 1.000 acc_fake: 0.000 
learning rate 0.0000819 -> 0.0000819
End of epoch 44 / 50 	 Time Taken: 590 sec
(epoch: 45, batches: 20, time: 0.006, data: 0.542) loss_D_real: 0.338 loss_D_fake: 1.293 loss_D: 0.815 loss_G: 0.418 loss_conv: 1.802 loss_eq: 1.384 acc_real: 1.000 acc_fake: 0.000 
6900 tensor([[ 1.2500,  0.0000,  0.6667],
        [ 0.0000,  0.7500, -0.6667]], device='cuda:0',
       grad_fn=<SelectBackward>)
validation accuracies:
                real: 1.00
                fake: 0.00

ran validation set (B:6901) in                         20.9 s.
(epoch: 45, batches: 40, time: 0.005, data: 2.699) loss_D_real: 0.340 loss_D_fake: 1.308 loss_D: 0.824 loss_G: 0.420 loss_conv: 1.783 loss_eq: 1.363 acc_real: 1.000 acc_fake: 0.000 
(epoch: 45, batches: 60, time: 0.004, data: 0.002) loss_D_real: 0.343 loss_D_fake: 1.281 loss_D: 0.812 loss_G: 0.422 loss_conv: 1.882 loss_eq: 1.459 acc_real: 1.000 acc_fake: 0.000 
(epoch: 45, batches: 80, time: 0.005, data: 0.006) loss_D_real: 0.335 loss_D_fake: 1.279 loss_D: 0.807 loss_G: 0.414 loss_conv: 1.821 loss_eq: 1.407 acc_real: 1.000 acc_fake: 0.000 
(epoch: 45, batches: 100, time: 0.005, data: 13.660) loss_D_real: 0.339 loss_D_fake: 1.339 loss_D: 0.839 loss_G: 0.423 loss_conv: 1.893 loss_eq: 1.469 acc_real: 1.000 acc_fake: 0.000 
(epoch: 45, batches: 120, time: 0.004, data: 5.272) loss_D_real: 0.335 loss_D_fake: 1.330 loss_D: 0.832 loss_G: 0.410 loss_conv: 1.735 loss_eq: 1.325 acc_real: 1.000 acc_fake: 0.000 
7000 tensor([[ 1.2500,  0.0000,  0.6667],
        [ 0.0000,  0.7500, -0.6667]], device='cuda:0',
       grad_fn=<SelectBackward>)
validation accuracies:
                real: 1.00
                fake: 0.00

ran validation set (B:7001) in                         14.4 s.
(epoch: 45, batches: 140, time: 0.005, data: 0.001) loss_D_real: 0.341 loss_D_fake: 1.292 loss_D: 0.816 loss_G: 0.414 loss_conv: 1.836 loss_eq: 1.423 acc_real: 1.000 acc_fake: 0.000 
saving the model at the end of epoch 45, iters 449280
learning rate 0.0000819 -> 0.0000819
End of epoch 45 / 50 	 Time Taken: 607 sec
(epoch: 46, batches: 20, time: 0.006, data: 0.001) loss_D_real: 0.335 loss_D_fake: 1.323 loss_D: 0.829 loss_G: 0.417 loss_conv: 1.856 loss_eq: 1.439 acc_real: 1.000 acc_fake: 0.000 
(epoch: 46, batches: 40, time: 0.005, data: 0.002) loss_D_real: 0.336 loss_D_fake: 1.352 loss_D: 0.844 loss_G: 0.428 loss_conv: 1.914 loss_eq: 1.486 acc_real: 1.000 acc_fake: 0.000 
(epoch: 46, batches: 60, time: 0.005, data: 0.001) loss_D_real: 0.337 loss_D_fake: 1.289 loss_D: 0.813 loss_G: 0.422 loss_conv: 1.779 loss_eq: 1.358 acc_real: 1.000 acc_fake: 0.000 
7100 tensor([[ 1.2500,  0.0000,  0.6667],
        [ 0.0000,  0.7500, -0.6667]], device='cuda:0',
       grad_fn=<SelectBackward>)
(epoch: 46, batches: 80, time: 0.012, data: 0.006) loss_D_real: 0.337 loss_D_fake: 1.346 loss_D: 0.842 loss_G: 0.426 loss_conv: 1.841 loss_eq: 1.415 acc_real: 1.000 acc_fake: 0.000 
validation accuracies:
                real: 1.00
                fake: 0.00

ran validation set (B:7101) in                         19.1 s.
(epoch: 46, batches: 100, time: 0.004, data: 0.001) loss_D_real: 0.345 loss_D_fake: 1.316 loss_D: 0.830 loss_G: 0.418 loss_conv: 1.839 loss_eq: 1.421 acc_real: 1.000 acc_fake: 0.000 
(epoch: 46, batches: 120, time: 0.006, data: 0.007) loss_D_real: 0.340 loss_D_fake: 1.296 loss_D: 0.818 loss_G: 0.427 loss_conv: 1.910 loss_eq: 1.483 acc_real: 1.000 acc_fake: 0.000 
(epoch: 46, batches: 140, time: 0.007, data: 0.001) loss_D_real: 0.335 loss_D_fake: 1.311 loss_D: 0.823 loss_G: 0.423 loss_conv: 1.798 loss_eq: 1.375 acc_real: 1.000 acc_fake: 0.000 
learning rate 0.0000819 -> 0.0000819
End of epoch 46 / 50 	 Time Taken: 589 sec
(epoch: 47, batches: 20, time: 0.005, data: 0.001) loss_D_real: 0.340 loss_D_fake: 1.334 loss_D: 0.837 loss_G: 0.421 loss_conv: 1.830 loss_eq: 1.408 acc_real: 1.000 acc_fake: 0.000 
7200 tensor([[ 1.2500,  0.0000,  0.6667],
        [ 0.0000,  0.7500, -0.6667]], device='cuda:0',
       grad_fn=<SelectBackward>)
validation accuracies:
                real: 1.00
                fake: 0.00

ran validation set (B:7201) in                         20.9 s.
(epoch: 47, batches: 40, time: 0.004, data: 0.001) loss_D_real: 0.337 loss_D_fake: 1.313 loss_D: 0.825 loss_G: 0.413 loss_conv: 1.771 loss_eq: 1.358 acc_real: 1.000 acc_fake: 0.000 
(epoch: 47, batches: 60, time: 0.005, data: 3.825) loss_D_real: 0.339 loss_D_fake: 1.276 loss_D: 0.807 loss_G: 0.422 loss_conv: 1.855 loss_eq: 1.433 acc_real: 1.000 acc_fake: 0.000 
(epoch: 47, batches: 80, time: 0.005, data: 0.006) loss_D_real: 0.337 loss_D_fake: 1.294 loss_D: 0.815 loss_G: 0.415 loss_conv: 1.841 loss_eq: 1.425 acc_real: 1.000 acc_fake: 0.000 
(epoch: 47, batches: 100, time: 0.005, data: 8.504) loss_D_real: 0.336 loss_D_fake: 1.295 loss_D: 0.815 loss_G: 0.425 loss_conv: 1.813 loss_eq: 1.389 acc_real: 1.000 acc_fake: 0.000 
(epoch: 47, batches: 120, time: 0.005, data: 0.001) loss_D_real: 0.339 loss_D_fake: 1.328 loss_D: 0.833 loss_G: 0.418 loss_conv: 1.841 loss_eq: 1.423 acc_real: 1.000 acc_fake: 0.000 
7300 tensor([[ 1.2500,  0.0000,  0.6667],
        [ 0.0000,  0.7500, -0.6667]], device='cuda:0',
       grad_fn=<SelectBackward>)
validation accuracies:
                real: 1.00
                fake: 0.00

ran validation set (B:7301) in                         20.0 s.
(epoch: 47, batches: 140, time: 0.005, data: 0.001) loss_D_real: 0.342 loss_D_fake: 1.321 loss_D: 0.831 loss_G: 0.424 loss_conv: 1.828 loss_eq: 1.403 acc_real: 1.000 acc_fake: 0.000 
learning rate 0.0000819 -> 0.0000819
End of epoch 47 / 50 	 Time Taken: 600 sec
(epoch: 48, batches: 20, time: 0.007, data: 3.754) loss_D_real: 0.332 loss_D_fake: 1.414 loss_D: 0.873 loss_G: 0.436 loss_conv: 1.795 loss_eq: 1.359 acc_real: 1.000 acc_fake: 0.000 
(epoch: 48, batches: 40, time: 0.006, data: 12.831) loss_D_real: 0.334 loss_D_fake: 1.361 loss_D: 0.847 loss_G: 0.430 loss_conv: 1.776 loss_eq: 1.346 acc_real: 1.000 acc_fake: 0.000 
(epoch: 48, batches: 60, time: 0.005, data: 9.587) loss_D_real: 0.337 loss_D_fake: 1.286 loss_D: 0.812 loss_G: 0.418 loss_conv: 1.750 loss_eq: 1.333 acc_real: 1.000 acc_fake: 0.000 
7400 tensor([[ 1.2500,  0.0000,  0.6667],
        [ 0.0000,  0.7500, -0.6667]], device='cuda:0',
       grad_fn=<SelectBackward>)
validation accuracies:
                real: 1.00
                fake: 0.00

ran validation set (B:7401) in                         17.5 s.
(epoch: 48, batches: 80, time: 0.006, data: 11.036) loss_D_real: 0.340 loss_D_fake: 1.290 loss_D: 0.815 loss_G: 0.412 loss_conv: 1.850 loss_eq: 1.438 acc_real: 1.000 acc_fake: 0.000 
(epoch: 48, batches: 100, time: 0.005, data: 0.001) loss_D_real: 0.338 loss_D_fake: 1.283 loss_D: 0.811 loss_G: 0.422 loss_conv: 1.859 loss_eq: 1.437 acc_real: 1.000 acc_fake: 0.000 
(epoch: 48, batches: 120, time: 0.004, data: 0.001) loss_D_real: 0.342 loss_D_fake: 1.292 loss_D: 0.817 loss_G: 0.417 loss_conv: 1.841 loss_eq: 1.425 acc_real: 1.000 acc_fake: 0.000 
(epoch: 48, batches: 140, time: 0.005, data: 0.001) loss_D_real: 0.338 loss_D_fake: 1.298 loss_D: 0.818 loss_G: 0.418 loss_conv: 1.793 loss_eq: 1.375 acc_real: 1.000 acc_fake: 0.000 
learning rate 0.0000819 -> 0.0000819
End of epoch 48 / 50 	 Time Taken: 585 sec
7500 tensor([[ 1.2500,  0.0000,  0.6667],
        [ 0.0000,  0.7500, -0.6667]], device='cuda:0',
       grad_fn=<SelectBackward>)
validation accuracies:
                real: 1.00
                fake: 0.00

ran validation set (B:7501) in                         19.6 s.
(epoch: 49, batches: 20, time: 0.006, data: 16.574) loss_D_real: 0.337 loss_D_fake: 1.339 loss_D: 0.838 loss_G: 0.422 loss_conv: 1.845 loss_eq: 1.423 acc_real: 1.000 acc_fake: 0.000 
(epoch: 49, batches: 40, time: 0.005, data: 8.003) loss_D_real: 0.339 loss_D_fake: 1.295 loss_D: 0.817 loss_G: 0.421 loss_conv: 1.811 loss_eq: 1.391 acc_real: 1.000 acc_fake: 0.000 
(epoch: 49, batches: 60, time: 0.005, data: 4.365) loss_D_real: 0.340 loss_D_fake: 1.300 loss_D: 0.820 loss_G: 0.421 loss_conv: 1.763 loss_eq: 1.341 acc_real: 1.000 acc_fake: 0.000 
(epoch: 49, batches: 80, time: 0.004, data: 5.406) loss_D_real: 0.339 loss_D_fake: 1.300 loss_D: 0.819 loss_G: 0.411 loss_conv: 1.807 loss_eq: 1.396 acc_real: 1.000 acc_fake: 0.000 
(epoch: 49, batches: 100, time: 0.003, data: 11.872) loss_D_real: 0.340 loss_D_fake: 1.306 loss_D: 0.823 loss_G: 0.414 loss_conv: 1.898 loss_eq: 1.484 acc_real: 1.000 acc_fake: 0.000 
7600 tensor([[ 1.2500,  0.0000,  0.6667],
        [ 0.0000,  0.7500, -0.6667]], device='cuda:0',
       grad_fn=<SelectBackward>)
validation accuracies:
                real: 1.00
                fake: 0.00

ran validation set (B:7601) in                         20.1 s.
(epoch: 49, batches: 120, time: 0.005, data: 6.140) loss_D_real: 0.338 loss_D_fake: 1.328 loss_D: 0.833 loss_G: 0.409 loss_conv: 1.822 loss_eq: 1.413 acc_real: 1.000 acc_fake: 0.000 
(epoch: 49, batches: 140, time: 0.004, data: 0.001) loss_D_real: 0.340 loss_D_fake: 1.306 loss_D: 0.823 loss_G: 0.412 loss_conv: 1.833 loss_eq: 1.421 acc_real: 1.000 acc_fake: 0.000 
learning rate 0.0000819 -> 0.0000819
End of epoch 49 / 50 	 Time Taken: 597 sec
(epoch: 50, batches: 20, time: 0.006, data: 0.001) loss_D_real: 0.341 loss_D_fake: 1.341 loss_D: 0.841 loss_G: 0.416 loss_conv: 1.844 loss_eq: 1.427 acc_real: 1.000 acc_fake: 0.000 
(epoch: 50, batches: 40, time: 0.005, data: 0.001) loss_D_real: 0.345 loss_D_fake: 1.255 loss_D: 0.800 loss_G: 0.412 loss_conv: 1.869 loss_eq: 1.457 acc_real: 1.000 acc_fake: 0.000 
7700 tensor([[ 1.2500,  0.0000,  0.6667],
        [ 0.0000,  0.7500, -0.6667]], device='cuda:0',
       grad_fn=<SelectBackward>)
validation accuracies:
                real: 1.00
                fake: 0.00

ran validation set (B:7701) in                         17.2 s.
(epoch: 50, batches: 60, time: 0.005, data: 0.001) loss_D_real: 0.343 loss_D_fake: 1.301 loss_D: 0.822 loss_G: 0.422 loss_conv: 1.789 loss_eq: 1.367 acc_real: 1.000 acc_fake: 0.000 
(epoch: 50, batches: 80, time: 0.006, data: 0.001) loss_D_real: 0.343 loss_D_fake: 1.261 loss_D: 0.802 loss_G: 0.405 loss_conv: 1.824 loss_eq: 1.419 acc_real: 1.000 acc_fake: 0.000 
(epoch: 50, batches: 100, time: 0.005, data: 0.001) loss_D_real: 0.334 loss_D_fake: 1.313 loss_D: 0.824 loss_G: 0.429 loss_conv: 1.825 loss_eq: 1.397 acc_real: 1.000 acc_fake: 0.000 
(epoch: 50, batches: 120, time: 0.006, data: 0.001) loss_D_real: 0.339 loss_D_fake: 1.306 loss_D: 0.822 loss_G: 0.416 loss_conv: 1.797 loss_eq: 1.381 acc_real: 1.000 acc_fake: 0.000 
(epoch: 50, batches: 140, time: 0.006, data: 2.593) loss_D_real: 0.332 loss_D_fake: 1.333 loss_D: 0.832 loss_G: 0.423 loss_conv: 1.789 loss_eq: 1.366 acc_real: 1.000 acc_fake: 0.000 
7800 tensor([[ 1.2500,  0.0000,  0.6667],
        [ 0.0000,  0.7500, -0.6667]], device='cuda:0',
       grad_fn=<SelectBackward>)
saving the model at the end of epoch 50, iters 499200
learning rate 0.0000819 -> 0.0000655
End of epoch 50 / 50 	 Time Taken: 582 sec
Finished training, model is saved
Batches trained - G: 5200, D: 2600 
