starting training run 15
Setting up a new session...
Traceback (most recent call last):
  File "/sw/arch/Debian10/EB_production/2020/software/Python/3.8.2-GCCcore-9.3.0/lib/python3.8/site-packages/urllib3/connection.py", line 159, in _new_conn
    conn = connection.create_connection(
  File "/sw/arch/Debian10/EB_production/2020/software/Python/3.8.2-GCCcore-9.3.0/lib/python3.8/site-packages/urllib3/util/connection.py", line 84, in create_connection
    raise err
  File "/sw/arch/Debian10/EB_production/2020/software/Python/3.8.2-GCCcore-9.3.0/lib/python3.8/site-packages/urllib3/util/connection.py", line 74, in create_connection
    sock.connect(sa)
ConnectionRefusedError: [Errno 111] Connection refused

During handling of the above exception, another exception occurred:

Traceback (most recent call last):
  File "/sw/arch/Debian10/EB_production/2020/software/Python/3.8.2-GCCcore-9.3.0/lib/python3.8/site-packages/urllib3/connectionpool.py", line 670, in urlopen
    httplib_response = self._make_request(
  File "/sw/arch/Debian10/EB_production/2020/software/Python/3.8.2-GCCcore-9.3.0/lib/python3.8/site-packages/urllib3/connectionpool.py", line 392, in _make_request
    conn.request(method, url, **httplib_request_kw)
  File "/sw/arch/Debian10/EB_production/2020/software/Python/3.8.2-GCCcore-9.3.0/lib/python3.8/http/client.py", line 1230, in request
    self._send_request(method, url, body, headers, encode_chunked)
  File "/sw/arch/Debian10/EB_production/2020/software/Python/3.8.2-GCCcore-9.3.0/lib/python3.8/http/client.py", line 1276, in _send_request
    self.endheaders(body, encode_chunked=encode_chunked)
  File "/sw/arch/Debian10/EB_production/2020/software/Python/3.8.2-GCCcore-9.3.0/lib/python3.8/http/client.py", line 1225, in endheaders
    self._send_output(message_body, encode_chunked=encode_chunked)
  File "/sw/arch/Debian10/EB_production/2020/software/Python/3.8.2-GCCcore-9.3.0/lib/python3.8/http/client.py", line 1004, in _send_output
    self.send(msg)
  File "/sw/arch/Debian10/EB_production/2020/software/Python/3.8.2-GCCcore-9.3.0/lib/python3.8/http/client.py", line 944, in send
    self.connect()
  File "/sw/arch/Debian10/EB_production/2020/software/Python/3.8.2-GCCcore-9.3.0/lib/python3.8/site-packages/urllib3/connection.py", line 187, in connect
    conn = self._new_conn()
  File "/sw/arch/Debian10/EB_production/2020/software/Python/3.8.2-GCCcore-9.3.0/lib/python3.8/site-packages/urllib3/connection.py", line 171, in _new_conn
    raise NewConnectionError(
urllib3.exceptions.NewConnectionError: <urllib3.connection.HTTPConnection object at 0x154e33e88df0>: Failed to establish a new connection: [Errno 111] Connection refused

During handling of the above exception, another exception occurred:

Traceback (most recent call last):
  File "/sw/arch/Debian10/EB_production/2020/software/Python/3.8.2-GCCcore-9.3.0/lib/python3.8/site-packages/requests/adapters.py", line 439, in send
    resp = conn.urlopen(
  File "/sw/arch/Debian10/EB_production/2020/software/Python/3.8.2-GCCcore-9.3.0/lib/python3.8/site-packages/urllib3/connectionpool.py", line 724, in urlopen
    retries = retries.increment(
  File "/sw/arch/Debian10/EB_production/2020/software/Python/3.8.2-GCCcore-9.3.0/lib/python3.8/site-packages/urllib3/util/retry.py", line 439, in increment
    raise MaxRetryError(_pool, url, error or ResponseError(cause))
urllib3.exceptions.MaxRetryError: HTTPConnectionPool(host='localhost', port=8097): Max retries exceeded with url: /env/main (Caused by NewConnectionError('<urllib3.connection.HTTPConnection object at 0x154e33e88df0>: Failed to establish a new connection: [Errno 111] Connection refused'))

During handling of the above exception, another exception occurred:

Traceback (most recent call last):
  File "/home/tlotze/.local/lib/python3.8/site-packages/visdom/__init__.py", line 708, in _send
    return self._handle_post(
  File "/home/tlotze/.local/lib/python3.8/site-packages/visdom/__init__.py", line 677, in _handle_post
    r = self.session.post(url, data=data)
  File "/sw/arch/Debian10/EB_production/2020/software/Python/3.8.2-GCCcore-9.3.0/lib/python3.8/site-packages/requests/sessions.py", line 578, in post
    return self.request('POST', url, data=data, json=json, **kwargs)
  File "/sw/arch/Debian10/EB_production/2020/software/Python/3.8.2-GCCcore-9.3.0/lib/python3.8/site-packages/requests/sessions.py", line 530, in request
    resp = self.send(prep, **send_kwargs)
  File "/sw/arch/Debian10/EB_production/2020/software/Python/3.8.2-GCCcore-9.3.0/lib/python3.8/site-packages/requests/sessions.py", line 643, in send
    r = adapter.send(request, **kwargs)
  File "/sw/arch/Debian10/EB_production/2020/software/Python/3.8.2-GCCcore-9.3.0/lib/python3.8/site-packages/requests/adapters.py", line 516, in send
    raise ConnectionError(e, request=request)
requests.exceptions.ConnectionError: HTTPConnectionPool(host='localhost', port=8097): Max retries exceeded with url: /env/main (Caused by NewConnectionError('<urllib3.connection.HTTPConnection object at 0x154e33e88df0>: Failed to establish a new connection: [Errno 111] Connection refused'))
[Errno 111] Connection refused
----------------- Options ---------------
              D_headstart: 10000                         	[default: 80000]
              D_threshold: 0.5                           
               batch_size: 50                            
                    beta1: 0.5                           
                    beta2: 0.999                         
           border_zeroing: True                          
          checkpoints_dir: /scratch/checkpoints          	[default: ./checkpoints]
        confidence_weight: 0.0                           
           continue_train: False                         
                crop_size: 64                            
                 dataroot: /scratch/datasets/CLEVR_colorized/images	[default: datasets]
             dataset_mode: double                        
                direction: None                          
              display_env: main                          
             display_freq: 5000                          	[default: 1]
               display_id: 1                             
            display_ncols: 4                             
             display_port: 8097                          
           display_server: http://localhost              
          display_winsize: 256                           
                    epoch: latest                        
              epoch_count: 1                             
                 gan_mode: lsgan                         
                  gpu_ids: 0                             
                init_gain: 0.02                          
                init_type: normal                        
                 input_nc: 3                             
                  isTrain: True                          	[default: None]
               lambda_aux: 0.2                           
                load_iter: 0                             	[default: 0]
                load_size: 70                            
                       lr: 0.0001                        
           lr_decay_iters: 50                            
                lr_policy: step                          
         max_dataset_size: inf                           
                    model: copypasteGAN                  	[default: cycle_gan]
                 n_epochs: 3                             	[default: 1]
           n_epochs_decay: 3                             
               n_layers_D: 3                             
                     name: CopyGAN                       
                      ndf: 64                            
                     netD: copy                          
                     netG: copy                          
                      ngf: 64                            
               no_dropout: False                         
                  no_flip: True                          
                  no_html: False                         
                     norm: instance                      
           nr_obj_classes: 1                             
              num_threads: 4                             
                output_nc: 3                             
                    phase: train                         
                pool_size: 50                            
               preprocess: resize_and_crop               
               print_freq: 1000                          	[default: 100]
              real_target: 1.0                           
             save_by_iter: False                         
          save_epoch_freq: 10                            	[default: 50]
         save_latest_freq: 5000                          
                     seed: 42                            
           serial_batches: False                         
               sigma_blur: 1.0                           
                   suffix:                               
         update_html_freq: 5000                          	[default: 1000]
                  verbose: True                          	[default: False]
----------------- End -------------------
dataset [DoubleDataset] was created
The number of training images = 15000
The number of epochs to run = 6
initialize network with normal
initialize network with normal
model [CopyPasteGANModel] was created
---------- Networks initialized -------------
DataParallel(
  (module): CopyUNet(
    (enc1): EncoderBlock(
      (model): Sequential(
        (0): Conv2d(3, 64, kernel_size=(3, 3), stride=(1, 1), padding=(1, 1), bias=False)
        (1): InstanceNorm2d(64, eps=1e-05, momentum=0.1, affine=False, track_running_stats=False)
        (2): LeakyReLU(negative_slope=0.2, inplace=True)
      )
    )
    (enc2): EncoderBlock(
      (model): Sequential(
        (0): Conv2d(64, 128, kernel_size=(3, 3), stride=(2, 2), padding=(1, 1), bias=False)
        (1): InstanceNorm2d(128, eps=1e-05, momentum=0.1, affine=False, track_running_stats=False)
        (2): LeakyReLU(negative_slope=0.2, inplace=True)
      )
    )
    (enc3): EncoderBlock(
      (model): Sequential(
        (0): Conv2d(128, 256, kernel_size=(3, 3), stride=(2, 2), padding=(1, 1), bias=False)
        (1): InstanceNorm2d(256, eps=1e-05, momentum=0.1, affine=False, track_running_stats=False)
        (2): LeakyReLU(negative_slope=0.2, inplace=True)
      )
    )
    (enc4): EncoderBlock(
      (model): Sequential(
        (0): Conv2d(256, 512, kernel_size=(3, 3), stride=(2, 2), padding=(1, 1), bias=False)
        (1): InstanceNorm2d(512, eps=1e-05, momentum=0.1, affine=False, track_running_stats=False)
        (2): LeakyReLU(negative_slope=0.2, inplace=True)
      )
    )
    (dec4): DecoderBlock(
      (model): Sequential(
        (0): Upsample(scale_factor=2.0, mode=bilinear)
        (1): Conv2d(512, 256, kernel_size=(3, 3), stride=(1, 1), padding=(1, 1))
        (2): InstanceNorm2d(256, eps=1e-05, momentum=0.1, affine=False, track_running_stats=False)
        (3): LeakyReLU(negative_slope=0.2, inplace=True)
      )
    )
    (dec3): DecoderBlock(
      (model): Sequential(
        (0): Upsample(scale_factor=2.0, mode=bilinear)
        (1): Conv2d(512, 128, kernel_size=(3, 3), stride=(1, 1), padding=(1, 1))
        (2): InstanceNorm2d(128, eps=1e-05, momentum=0.1, affine=False, track_running_stats=False)
        (3): LeakyReLU(negative_slope=0.2, inplace=True)
      )
    )
    (dec2): DecoderBlock(
      (model): Sequential(
        (0): Upsample(scale_factor=2.0, mode=bilinear)
        (1): Conv2d(256, 64, kernel_size=(3, 3), stride=(1, 1), padding=(1, 1))
        (2): InstanceNorm2d(64, eps=1e-05, momentum=0.1, affine=False, track_running_stats=False)
        (3): LeakyReLU(negative_slope=0.2, inplace=True)
      )
    )
    (dec1): DecoderBlock(
      (model): Sequential(
        (0): Conv2d(128, 1, kernel_size=(3, 3), stride=(1, 1), padding=(1, 1))
      )
    )
    (sigmoid): Sigmoid()
    (avg_pool): AvgPool2d(kernel_size=8, stride=2, padding=0)
    (fc): Linear(in_features=512, out_features=1, bias=True)
    (relu): ReLU()
  )
)
[Network G] Total number of parameters : 3.469 M
DataParallel(
  (module): CopyUNet(
    (blur_filter): Conv2d(3, 3, kernel_size=(3, 3), stride=(1, 1), padding=(1, 1), groups=3, bias=False, padding_mode=replicate)
    (enc1): EncoderBlock(
      (model): Sequential(
        (0): Conv2d(3, 64, kernel_size=(3, 3), stride=(1, 1), padding=(1, 1), bias=False)
        (1): InstanceNorm2d(64, eps=1e-05, momentum=0.1, affine=False, track_running_stats=False)
        (2): LeakyReLU(negative_slope=0.2, inplace=True)
      )
    )
    (enc2): EncoderBlock(
      (model): Sequential(
        (0): Conv2d(64, 128, kernel_size=(3, 3), stride=(2, 2), padding=(1, 1), bias=False)
        (1): InstanceNorm2d(128, eps=1e-05, momentum=0.1, affine=False, track_running_stats=False)
        (2): LeakyReLU(negative_slope=0.2, inplace=True)
      )
    )
    (enc3): EncoderBlock(
      (model): Sequential(
        (0): Conv2d(128, 256, kernel_size=(3, 3), stride=(2, 2), padding=(1, 1), bias=False)
        (1): InstanceNorm2d(256, eps=1e-05, momentum=0.1, affine=False, track_running_stats=False)
        (2): LeakyReLU(negative_slope=0.2, inplace=True)
      )
    )
    (enc4): EncoderBlock(
      (model): Sequential(
        (0): Conv2d(256, 512, kernel_size=(3, 3), stride=(2, 2), padding=(1, 1), bias=False)
        (1): InstanceNorm2d(512, eps=1e-05, momentum=0.1, affine=False, track_running_stats=False)
        (2): LeakyReLU(negative_slope=0.2, inplace=True)
      )
    )
    (dec4): DecoderBlock(
      (model): Sequential(
        (0): Upsample(scale_factor=2.0, mode=bilinear)
        (1): Conv2d(512, 256, kernel_size=(3, 3), stride=(1, 1), padding=(1, 1))
        (2): InstanceNorm2d(256, eps=1e-05, momentum=0.1, affine=False, track_running_stats=False)
        (3): LeakyReLU(negative_slope=0.2, inplace=True)
      )
    )
    (dec3): DecoderBlock(
      (model): Sequential(
        (0): Upsample(scale_factor=2.0, mode=bilinear)
        (1): Conv2d(512, 128, kernel_size=(3, 3), stride=(1, 1), padding=(1, 1))
        (2): InstanceNorm2d(128, eps=1e-05, momentum=0.1, affine=False, track_running_stats=False)
        (3): LeakyReLU(negative_slope=0.2, inplace=True)
      )
    )
    (dec2): DecoderBlock(
      (model): Sequential(
        (0): Upsample(scale_factor=2.0, mode=bilinear)
        (1): Conv2d(256, 64, kernel_size=(3, 3), stride=(1, 1), padding=(1, 1))
        (2): InstanceNorm2d(64, eps=1e-05, momentum=0.1, affine=False, track_running_stats=False)
        (3): LeakyReLU(negative_slope=0.2, inplace=True)
      )
    )
    (dec1): DecoderBlock(
      (model): Sequential(
        (0): Conv2d(128, 1, kernel_size=(3, 3), stride=(1, 1), padding=(1, 1))
      )
    )
    (sigmoid): Sigmoid()
    (avg_pool): AvgPool2d(kernel_size=8, stride=2, padding=0)
    (fc): Linear(in_features=512, out_features=1, bias=True)
    (relu): ReLU()
  )
)
[Network D] Total number of parameters : 3.469 M
-----------------------------------------------
Exception in user code:
------------------------------------------------------------
checking connection: False


Could not connect to Visdom server. 
 Trying to start a server....
Command: /sw/arch/Debian10/EB_production/2020/software/Python/3.8.2-GCCcore-9.3.0/bin/python -m visdom.server -p 8097 &>/dev/null &
check connection after creating new server: False
create web directory /scratch/checkpoints/CopyGAN/web...
(epoch: 1, iters: 1000, time: 0.008, data: 0.819) loss_G_comp: 0.425 loss_G_anti_sc: 1.045 loss_G: 1.469 loss_D_real: 0.370 loss_D_fake: 1.033 loss_D_gr_fake: 0.681 loss_AUX: 0.381 loss_D: 1.784 acc_real: 1.000 acc_fake: 0.000 acc_grfake: 0.000 
D preds: real 0.70, fake 0.65, grfake: 0.66
accuracy: real: 1.0, fake: 0.0, grfake: 0.0

(epoch: 1, iters: 2000, time: 0.008, data: 0.003) loss_G_comp: 0.587 loss_G_anti_sc: 0.829 loss_G: 1.416 loss_D_real: 0.490 loss_D_fake: 0.857 loss_D_gr_fake: 0.801 loss_AUX: 0.464 loss_D: 2.613 acc_real: 1.000 acc_fake: 0.000 acc_grfake: 0.220 
D preds: real 0.61, fake 0.56, grfake: 0.53
accuracy: real: 1.0, fake: 0.0, grfake: 0.22

(epoch: 1, iters: 3000, time: 0.008, data: 0.003) loss_G_comp: 0.629 loss_G_anti_sc: 0.764 loss_G: 1.392 loss_D_real: 0.518 loss_D_fake: 0.748 loss_D_gr_fake: 0.669 loss_AUX: 0.474 loss_D: 2.409 acc_real: 0.960 acc_fake: 0.200 acc_grfake: 0.680 
D preds: real 0.60, fake 0.53, grfake: 0.48
accuracy: real: 0.96, fake: 0.2, grfake: 0.68

(epoch: 1, iters: 4000, time: 0.008, data: 0.002) loss_G_comp: 0.692 loss_G_anti_sc: 0.677 loss_G: 1.368 loss_D_real: 0.497 loss_D_fake: 0.726 loss_D_gr_fake: 0.608 loss_AUX: 0.501 loss_D: 2.333 acc_real: 0.880 acc_fake: 0.520 acc_grfake: 0.820 
D preds: real 0.58, fake 0.50, grfake: 0.45
accuracy: real: 0.88, fake: 0.52, grfake: 0.82

(epoch: 1, iters: 5000, time: 0.011, data: 0.003) loss_G_comp: 0.717 loss_G_anti_sc: 0.653 loss_G: 1.370 loss_D_real: 0.527 loss_D_fake: 0.705 loss_D_gr_fake: 0.568 loss_AUX: 0.520 loss_D: 2.320 acc_real: 0.860 acc_fake: 0.640 acc_grfake: 0.900 
D preds: real 0.59, fake 0.49, grfake: 0.42
accuracy: real: 0.86, fake: 0.64, grfake: 0.9

saving the latest model (epoch 1, total_iters 5000)
(epoch: 1, iters: 6000, time: 0.008, data: 0.003) loss_G_comp: 0.741 loss_G_anti_sc: 0.637 loss_G: 1.378 loss_D_real: 0.471 loss_D_fake: 0.736 loss_D_gr_fake: 0.597 loss_AUX: 0.547 loss_D: 2.350 acc_real: 0.880 acc_fake: 0.740 acc_grfake: 0.880 
D preds: real 0.59, fake 0.48, grfake: 0.39
accuracy: real: 0.88, fake: 0.74, grfake: 0.88

(epoch: 1, iters: 7000, time: 0.008, data: 0.002) loss_G_comp: 0.658 loss_G_anti_sc: 0.691 loss_G: 1.348 loss_D_real: 0.519 loss_D_fake: 0.630 loss_D_gr_fake: 0.479 loss_AUX: 0.571 loss_D: 2.199 acc_real: 0.980 acc_fake: 0.320 acc_grfake: 0.780 
D preds: real 0.60, fake 0.52, grfake: 0.44
accuracy: real: 0.98, fake: 0.32, grfake: 0.78

(epoch: 1, iters: 8000, time: 0.008, data: 0.003) loss_G_comp: 0.738 loss_G_anti_sc: 0.644 loss_G: 1.382 loss_D_real: 0.469 loss_D_fake: 0.703 loss_D_gr_fake: 0.516 loss_AUX: 0.592 loss_D: 2.281 acc_real: 0.980 acc_fake: 0.660 acc_grfake: 0.920 
D preds: real 0.62, fake 0.48, grfake: 0.37
accuracy: real: 0.98, fake: 0.66, grfake: 0.92

(epoch: 1, iters: 9000, time: 0.008, data: 0.003) loss_G_comp: 0.694 loss_G_anti_sc: 0.635 loss_G: 1.329 loss_D_real: 0.508 loss_D_fake: 0.622 loss_D_gr_fake: 0.461 loss_AUX: 0.601 loss_D: 2.192 acc_real: 0.940 acc_fake: 0.520 acc_grfake: 0.860 
D preds: real 0.63, fake 0.50, grfake: 0.39
accuracy: real: 0.94, fake: 0.52, grfake: 0.86

Headstart D over, starting G training
(epoch: 1, iters: 10000, time: 0.010, data: 0.003) loss_G_comp: 0.624 loss_G_anti_sc: 0.672 loss_G: 1.296 loss_D_real: 0.540 loss_D_fake: 0.648 loss_D_gr_fake: 0.451 loss_AUX: 0.614 loss_D: 2.252 acc_real: 0.920 acc_fake: 0.300 acc_grfake: 0.840 
D preds: real 0.64, fake 0.54, grfake: 0.39
accuracy: real: 0.92, fake: 0.3, grfake: 0.84

saving the latest model (epoch 1, total_iters 10000)
(epoch: 1, iters: 11000, time: 0.008, data: 0.003) loss_G_comp: 0.710 loss_G_anti_sc: 0.585 loss_G: 1.295 loss_D_real: 0.453 loss_D_fake: 0.712 loss_D_gr_fake: 0.472 loss_AUX: 0.615 loss_D: 2.252 acc_real: 0.940 acc_fake: 0.580 acc_grfake: 0.900 
D preds: real 0.65, fake 0.50, grfake: 0.35
accuracy: real: 0.94, fake: 0.58, grfake: 0.9

(epoch: 1, iters: 12000, time: 0.008, data: 0.003) loss_G_comp: 0.661 loss_G_anti_sc: 0.624 loss_G: 1.285 loss_D_real: 0.449 loss_D_fake: 0.690 loss_D_gr_fake: 0.429 loss_AUX: 0.612 loss_D: 2.181 acc_real: 1.000 acc_fake: 0.380 acc_grfake: 0.840 
D preds: real 0.67, fake 0.52, grfake: 0.36
accuracy: real: 1.0, fake: 0.38, grfake: 0.84

(epoch: 1, iters: 13000, time: 0.008, data: 0.003) loss_G_comp: 0.624 loss_G_anti_sc: 0.586 loss_G: 1.210 loss_D_real: 0.423 loss_D_fake: 0.758 loss_D_gr_fake: 0.436 loss_AUX: 0.623 loss_D: 2.240 acc_real: 0.940 acc_fake: 0.320 acc_grfake: 0.800 
D preds: real 0.68, fake 0.54, grfake: 0.37
accuracy: real: 0.94, fake: 0.32, grfake: 0.8

(epoch: 1, iters: 14000, time: 0.008, data: 0.003) loss_G_comp: 0.655 loss_G_anti_sc: 0.592 loss_G: 1.246 loss_D_real: 0.417 loss_D_fake: 0.739 loss_D_gr_fake: 0.424 loss_AUX: 0.613 loss_D: 2.194 acc_real: 0.960 acc_fake: 0.360 acc_grfake: 0.880 
D preds: real 0.68, fake 0.53, grfake: 0.33
accuracy: real: 0.96, fake: 0.36, grfake: 0.88

(epoch: 1, iters: 15000, time: 0.010, data: 0.002) loss_G_comp: 0.618 loss_G_anti_sc: 0.611 loss_G: 1.229 loss_D_real: 0.428 loss_D_fake: 0.641 loss_D_gr_fake: 0.376 loss_AUX: 0.609 loss_D: 2.054 acc_real: 0.960 acc_fake: 0.260 acc_grfake: 0.760 
D preds: real 0.69, fake 0.55, grfake: 0.38
accuracy: real: 0.96, fake: 0.26, grfake: 0.76

saving the latest model (epoch 1, total_iters 15000)
learning rate 0.0001000 -> 0.0001000
End of epoch 1 / 6 	 Time Taken: 105 sec
(epoch: 2, iters: 1000, time: 0.009, data: 0.826) loss_G_comp: 0.640 loss_G_anti_sc: 0.559 loss_G: 1.199 loss_D_real: 0.398 loss_D_fake: 0.716 loss_D_gr_fake: 0.358 loss_AUX: 0.606 loss_D: 2.078 acc_real: 1.000 acc_fake: 0.340 acc_grfake: 0.840 
D preds: real 0.70, fake 0.53, grfake: 0.32
accuracy: real: 1.0, fake: 0.34, grfake: 0.84

(epoch: 2, iters: 2000, time: 0.008, data: 0.003) loss_G_comp: 0.681 loss_G_anti_sc: 0.540 loss_G: 1.221 loss_D_real: 0.377 loss_D_fake: 0.758 loss_D_gr_fake: 0.364 loss_AUX: 0.623 loss_D: 2.122 acc_real: 0.980 acc_fake: 0.400 acc_grfake: 0.960 
D preds: real 0.69, fake 0.51, grfake: 0.29
accuracy: real: 0.98, fake: 0.4, grfake: 0.96

(epoch: 2, iters: 3000, time: 0.008, data: 0.003) loss_G_comp: 0.649 loss_G_anti_sc: 0.557 loss_G: 1.206 loss_D_real: 0.342 loss_D_fake: 0.799 loss_D_gr_fake: 0.417 loss_AUX: 0.611 loss_D: 2.169 acc_real: 0.980 acc_fake: 0.400 acc_grfake: 0.920 
D preds: real 0.72, fake 0.53, grfake: 0.28
accuracy: real: 0.98, fake: 0.4, grfake: 0.92

(epoch: 2, iters: 4000, time: 0.007, data: 0.003) loss_G_comp: 0.352 loss_G_anti_sc: 1.018 loss_G: 1.370 loss_D_real: 0.227 loss_D_fake: 1.214 loss_D_gr_fake: 0.318 loss_AUX: 0.604 loss_D: 2.044 acc_real: 1.000 acc_fake: 0.000 acc_grfake: 0.600 
D preds: real 0.79, fake 0.71, grfake: 0.51
accuracy: real: 1.0, fake: 0.0, grfake: 0.6

(epoch: 2, iters: 5000, time: 0.009, data: 0.003) loss_G_comp: 0.374 loss_G_anti_sc: 0.854 loss_G: 1.228 loss_D_real: 0.214 loss_D_fake: 1.225 loss_D_gr_fake: 0.309 loss_AUX: 0.614 loss_D: 2.053 acc_real: 1.000 acc_fake: 0.020 acc_grfake: 0.460 
D preds: real 0.80, fake 0.69, grfake: 0.54
accuracy: real: 1.0, fake: 0.02, grfake: 0.46

saving the latest model (epoch 2, total_iters 20000)
(epoch: 2, iters: 6000, time: 0.008, data: 0.003) loss_G_comp: 0.755 loss_G_anti_sc: 0.496 loss_G: 1.251 loss_D_real: 0.318 loss_D_fake: 0.669 loss_D_gr_fake: 0.320 loss_AUX: 0.632 loss_D: 1.939 acc_real: 0.960 acc_fake: 0.640 acc_grfake: 0.820 
D preds: real 0.72, fake 0.49, grfake: 0.32
accuracy: real: 0.96, fake: 0.64, grfake: 0.82

(epoch: 2, iters: 7000, time: 0.008, data: 0.003) loss_G_comp: 0.530 loss_G_anti_sc: 0.691 loss_G: 1.221 loss_D_real: 0.267 loss_D_fake: 1.048 loss_D_gr_fake: 0.561 loss_AUX: 0.646 loss_D: 2.523 acc_real: 0.980 acc_fake: 0.160 acc_grfake: 0.800 
D preds: real 0.75, fake 0.60, grfake: 0.37
accuracy: real: 0.98, fake: 0.16, grfake: 0.8

(epoch: 2, iters: 8000, time: 0.008, data: 0.003) loss_G_comp: 0.620 loss_G_anti_sc: 0.454 loss_G: 1.073 loss_D_real: 0.290 loss_D_fake: 0.929 loss_D_gr_fake: 0.453 loss_AUX: 0.634 loss_D: 2.307 acc_real: 1.000 acc_fake: 0.380 acc_grfake: 0.840 
D preds: real 0.77, fake 0.55, grfake: 0.31
accuracy: real: 1.0, fake: 0.38, grfake: 0.84

(epoch: 2, iters: 9000, time: 0.008, data: 0.003) loss_G_comp: 0.624 loss_G_anti_sc: 0.585 loss_G: 1.209 loss_D_real: 0.322 loss_D_fake: 0.772 loss_D_gr_fake: 0.321 loss_AUX: 0.619 loss_D: 2.034 acc_real: 1.000 acc_fake: 0.340 acc_grfake: 0.960 
D preds: real 0.78, fake 0.55, grfake: 0.24
accuracy: real: 1.0, fake: 0.34, grfake: 0.96

(epoch: 2, iters: 10000, time: 0.010, data: 0.003) loss_G_comp: 0.313 loss_G_anti_sc: 1.014 loss_G: 1.327 loss_D_real: 0.210 loss_D_fake: 1.213 loss_D_gr_fake: 0.219 loss_AUX: 0.611 loss_D: 2.034 acc_real: 1.000 acc_fake: 0.000 acc_grfake: 0.620 
D preds: real 0.83, fake 0.73, grfake: 0.45
accuracy: real: 1.0, fake: 0.0, grfake: 0.62

saving the latest model (epoch 2, total_iters 25000)
(epoch: 2, iters: 11000, time: 0.008, data: 0.003) loss_G_comp: 0.740 loss_G_anti_sc: 0.467 loss_G: 1.207 loss_D_real: 0.280 loss_D_fake: 0.839 loss_D_gr_fake: 0.376 loss_AUX: 0.624 loss_D: 2.119 acc_real: 0.940 acc_fake: 0.540 acc_grfake: 0.860 
D preds: real 0.74, fake 0.50, grfake: 0.27
accuracy: real: 0.94, fake: 0.54, grfake: 0.86

(epoch: 2, iters: 12000, time: 0.008, data: 0.003) loss_G_comp: 0.691 loss_G_anti_sc: 0.579 loss_G: 1.269 loss_D_real: 0.315 loss_D_fake: 0.652 loss_D_gr_fake: 0.331 loss_AUX: 0.634 loss_D: 1.932 acc_real: 0.940 acc_fake: 0.480 acc_grfake: 0.840 
D preds: real 0.77, fake 0.52, grfake: 0.25
accuracy: real: 0.94, fake: 0.48, grfake: 0.84

(epoch: 2, iters: 13000, time: 0.008, data: 0.003) loss_G_comp: 0.559 loss_G_anti_sc: 0.620 loss_G: 1.179 loss_D_real: 0.253 loss_D_fake: 0.944 loss_D_gr_fake: 0.377 loss_AUX: 0.638 loss_D: 2.212 acc_real: 1.000 acc_fake: 0.160 acc_grfake: 0.880 
D preds: real 0.79, fake 0.58, grfake: 0.26
accuracy: real: 1.0, fake: 0.16, grfake: 0.88

(epoch: 2, iters: 14000, time: 0.008, data: 0.002) loss_G_comp: 0.575 loss_G_anti_sc: 0.523 loss_G: 1.098 loss_D_real: 0.299 loss_D_fake: 0.873 loss_D_gr_fake: 0.377 loss_AUX: 0.636 loss_D: 2.185 acc_real: 0.980 acc_fake: 0.240 acc_grfake: 0.860 
D preds: real 0.78, fake 0.58, grfake: 0.26
accuracy: real: 0.98, fake: 0.24, grfake: 0.86

(epoch: 2, iters: 15000, time: 0.010, data: 0.003) loss_G_comp: 0.727 loss_G_anti_sc: 0.474 loss_G: 1.201 loss_D_real: 0.229 loss_D_fake: 0.839 loss_D_gr_fake: 0.341 loss_AUX: 0.620 loss_D: 2.028 acc_real: 0.960 acc_fake: 0.520 acc_grfake: 0.880 
D preds: real 0.74, fake 0.50, grfake: 0.24
accuracy: real: 0.96, fake: 0.52, grfake: 0.88

saving the latest model (epoch 2, total_iters 30000)
learning rate 0.0001000 -> 0.0001000
End of epoch 2 / 6 	 Time Taken: 103 sec
(epoch: 3, iters: 1000, time: 0.008, data: 0.827) loss_G_comp: 0.828 loss_G_anti_sc: 0.377 loss_G: 1.205 loss_D_real: 0.293 loss_D_fake: 0.735 loss_D_gr_fake: 0.323 loss_AUX: 0.626 loss_D: 1.977 acc_real: 0.920 acc_fake: 0.660 acc_grfake: 0.940 
D preds: real 0.74, fake 0.46, grfake: 0.20
accuracy: real: 0.92, fake: 0.66, grfake: 0.94

(epoch: 3, iters: 2000, time: 0.008, data: 0.003) loss_G_comp: 0.700 loss_G_anti_sc: 0.552 loss_G: 1.252 loss_D_real: 0.348 loss_D_fake: 0.707 loss_D_gr_fake: 0.349 loss_AUX: 0.659 loss_D: 2.063 acc_real: 1.000 acc_fake: 0.440 acc_grfake: 0.860 
D preds: real 0.80, fake 0.51, grfake: 0.26
accuracy: real: 1.0, fake: 0.44, grfake: 0.86

(epoch: 3, iters: 3000, time: 0.007, data: 0.003) loss_G_comp: 0.295 loss_G_anti_sc: 1.093 loss_G: 1.389 loss_D_real: 0.187 loss_D_fake: 1.310 loss_D_gr_fake: 0.164 loss_AUX: 0.619 loss_D: 2.117 acc_real: 1.000 acc_fake: 0.000 acc_grfake: 0.660 
D preds: real 0.86, fake 0.75, grfake: 0.40
accuracy: real: 1.0, fake: 0.0, grfake: 0.66

(epoch: 3, iters: 4000, time: 0.008, data: 0.003) loss_G_comp: 0.538 loss_G_anti_sc: 0.636 loss_G: 1.174 loss_D_real: 0.247 loss_D_fake: 0.798 loss_D_gr_fake: 0.184 loss_AUX: 0.620 loss_D: 1.849 acc_real: 0.960 acc_fake: 0.280 acc_grfake: 0.800 
D preds: real 0.83, fake 0.61, grfake: 0.29
accuracy: real: 0.96, fake: 0.28, grfake: 0.8

(epoch: 3, iters: 5000, time: 0.011, data: 0.003) loss_G_comp: 0.736 loss_G_anti_sc: 0.378 loss_G: 1.114 loss_D_real: 0.212 loss_D_fake: 0.908 loss_D_gr_fake: 0.235 loss_AUX: 0.640 loss_D: 1.994 acc_real: 0.960 acc_fake: 0.580 acc_grfake: 0.840 
D preds: real 0.79, fake 0.51, grfake: 0.26
accuracy: real: 0.96, fake: 0.58, grfake: 0.84

saving the latest model (epoch 3, total_iters 35000)
(epoch: 3, iters: 6000, time: 0.008, data: 0.003) loss_G_comp: 0.513 loss_G_anti_sc: 0.417 loss_G: 0.930 loss_D_real: 0.235 loss_D_fake: 0.867 loss_D_gr_fake: 0.292 loss_AUX: 0.639 loss_D: 2.034 acc_real: 1.000 acc_fake: 0.180 acc_grfake: 0.780 
D preds: real 0.83, fake 0.62, grfake: 0.29
accuracy: real: 1.0, fake: 0.18, grfake: 0.78

(epoch: 3, iters: 7000, time: 0.008, data: 0.002) loss_G_comp: 0.823 loss_G_anti_sc: 0.388 loss_G: 1.212 loss_D_real: 0.185 loss_D_fake: 0.960 loss_D_gr_fake: 0.323 loss_AUX: 0.640 loss_D: 2.108 acc_real: 0.920 acc_fake: 0.560 acc_grfake: 0.900 
D preds: real 0.76, fake 0.48, grfake: 0.18
accuracy: real: 0.92, fake: 0.56, grfake: 0.9

(epoch: 3, iters: 8000, time: 0.008, data: 0.003) loss_G_comp: 0.643 loss_G_anti_sc: 0.476 loss_G: 1.119 loss_D_real: 0.223 loss_D_fake: 0.962 loss_D_gr_fake: 0.300 loss_AUX: 0.646 loss_D: 2.131 acc_real: 0.960 acc_fake: 0.380 acc_grfake: 0.860 
D preds: real 0.82, fake 0.55, grfake: 0.20
accuracy: real: 0.96, fake: 0.38, grfake: 0.86

(epoch: 3, iters: 9000, time: 0.008, data: 0.003) loss_G_comp: 0.606 loss_G_anti_sc: 0.519 loss_G: 1.126 loss_D_real: 0.200 loss_D_fake: 0.979 loss_D_gr_fake: 0.267 loss_AUX: 0.639 loss_D: 2.085 acc_real: 0.900 acc_fake: 0.320 acc_grfake: 0.920 
D preds: real 0.79, fake 0.56, grfake: 0.16
accuracy: real: 0.9, fake: 0.32, grfake: 0.92

(epoch: 3, iters: 10000, time: 0.011, data: 0.003) loss_G_comp: 0.583 loss_G_anti_sc: 0.556 loss_G: 1.139 loss_D_real: 0.194 loss_D_fake: 1.068 loss_D_gr_fake: 0.292 loss_AUX: 0.619 loss_D: 2.173 acc_real: 0.960 acc_fake: 0.240 acc_grfake: 0.880 
D preds: real 0.80, fake 0.58, grfake: 0.21
accuracy: real: 0.96, fake: 0.24, grfake: 0.88

saving the latest model (epoch 3, total_iters 40000)
(epoch: 3, iters: 11000, time: 0.007, data: 0.003) loss_G_comp: 0.200 loss_G_anti_sc: 1.447 loss_G: 1.647 loss_D_real: 0.101 loss_D_fake: 1.795 loss_D_gr_fake: 0.127 loss_AUX: 0.637 loss_D: 2.532 acc_real: 1.000 acc_fake: 0.000 acc_grfake: 0.520 
D preds: real 0.91, fake 0.82, grfake: 0.48
accuracy: real: 1.0, fake: 0.0, grfake: 0.52

(epoch: 3, iters: 12000, time: 0.008, data: 0.003) loss_G_comp: 0.592 loss_G_anti_sc: 0.490 loss_G: 1.082 loss_D_real: 0.153 loss_D_fake: 1.019 loss_D_gr_fake: 0.243 loss_AUX: 0.656 loss_D: 2.072 acc_real: 1.000 acc_fake: 0.360 acc_grfake: 0.840 
D preds: real 0.86, fake 0.58, grfake: 0.23
accuracy: real: 1.0, fake: 0.36, grfake: 0.84

(epoch: 3, iters: 13000, time: 0.008, data: 0.003) loss_G_comp: 0.462 loss_G_anti_sc: 0.644 loss_G: 1.107 loss_D_real: 0.226 loss_D_fake: 0.893 loss_D_gr_fake: 0.251 loss_AUX: 0.669 loss_D: 2.039 acc_real: 1.000 acc_fake: 0.180 acc_grfake: 0.840 
D preds: real 0.86, fake 0.65, grfake: 0.27
accuracy: real: 1.0, fake: 0.18, grfake: 0.84

(epoch: 3, iters: 14000, time: 0.008, data: 0.003) loss_G_comp: 0.716 loss_G_anti_sc: 0.292 loss_G: 1.007 loss_D_real: 0.150 loss_D_fake: 0.984 loss_D_gr_fake: 0.360 loss_AUX: 0.678 loss_D: 2.172 acc_real: 0.980 acc_fake: 0.520 acc_grfake: 0.860 
D preds: real 0.83, fake 0.52, grfake: 0.20
accuracy: real: 0.98, fake: 0.52, grfake: 0.86

(epoch: 3, iters: 15000, time: 0.010, data: 0.003) loss_G_comp: 0.493 loss_G_anti_sc: 0.524 loss_G: 1.017 loss_D_real: 0.168 loss_D_fake: 0.977 loss_D_gr_fake: 0.185 loss_AUX: 0.671 loss_D: 2.000 acc_real: 0.980 acc_fake: 0.280 acc_grfake: 0.940 
D preds: real 0.84, fake 0.63, grfake: 0.15
accuracy: real: 0.98, fake: 0.28, grfake: 0.94

saving the latest model (epoch 3, total_iters 45000)
learning rate 0.0001000 -> 0.0000800
End of epoch 3 / 6 	 Time Taken: 104 sec
(epoch: 4, iters: 1000, time: 0.009, data: 0.815) loss_G_comp: 0.550 loss_G_anti_sc: 0.516 loss_G: 1.065 loss_D_real: 0.161 loss_D_fake: 1.086 loss_D_gr_fake: 0.258 loss_AUX: 0.668 loss_D: 2.173 acc_real: 1.000 acc_fake: 0.320 acc_grfake: 0.880 
D preds: real 0.85, fake 0.60, grfake: 0.20
accuracy: real: 1.0, fake: 0.32, grfake: 0.88

(epoch: 4, iters: 2000, time: 0.008, data: 0.003) loss_G_comp: 0.588 loss_G_anti_sc: 0.391 loss_G: 0.979 loss_D_real: 0.203 loss_D_fake: 0.902 loss_D_gr_fake: 0.224 loss_AUX: 0.662 loss_D: 1.992 acc_real: 1.000 acc_fake: 0.300 acc_grfake: 0.940 
D preds: real 0.85, fake 0.58, grfake: 0.15
accuracy: real: 1.0, fake: 0.3, grfake: 0.94

(epoch: 4, iters: 3000, time: 0.008, data: 0.003) loss_G_comp: 0.524 loss_G_anti_sc: 0.487 loss_G: 1.012 loss_D_real: 0.156 loss_D_fake: 0.977 loss_D_gr_fake: 0.196 loss_AUX: 0.657 loss_D: 1.986 acc_real: 1.000 acc_fake: 0.240 acc_grfake: 0.860 
D preds: real 0.85, fake 0.62, grfake: 0.18
accuracy: real: 1.0, fake: 0.24, grfake: 0.86

(epoch: 4, iters: 4000, time: 0.008, data: 0.003) loss_G_comp: 0.477 loss_G_anti_sc: 0.538 loss_G: 1.016 loss_D_real: 0.142 loss_D_fake: 1.166 loss_D_gr_fake: 0.416 loss_AUX: 0.663 loss_D: 2.388 acc_real: 1.000 acc_fake: 0.080 acc_grfake: 0.900 
D preds: real 0.84, fake 0.63, grfake: 0.19
accuracy: real: 1.0, fake: 0.08, grfake: 0.9

(epoch: 4, iters: 5000, time: 0.011, data: 0.002) loss_G_comp: 0.765 loss_G_anti_sc: 0.296 loss_G: 1.061 loss_D_real: 0.183 loss_D_fake: 0.905 loss_D_gr_fake: 0.209 loss_AUX: 0.647 loss_D: 1.944 acc_real: 0.920 acc_fake: 0.540 acc_grfake: 0.980 
D preds: real 0.83, fake 0.50, grfake: 0.11
accuracy: real: 0.92, fake: 0.54, grfake: 0.98

saving the latest model (epoch 4, total_iters 50000)
(epoch: 4, iters: 6000, time: 0.008, data: 0.004) loss_G_comp: 0.577 loss_G_anti_sc: 0.407 loss_G: 0.984 loss_D_real: 0.173 loss_D_fake: 1.049 loss_D_gr_fake: 0.264 loss_AUX: 0.654 loss_D: 2.140 acc_real: 0.980 acc_fake: 0.280 acc_grfake: 0.900 
D preds: real 0.86, fake 0.59, grfake: 0.17
accuracy: real: 0.98, fake: 0.28, grfake: 0.9

(epoch: 4, iters: 7000, time: 0.008, data: 0.003) loss_G_comp: 0.617 loss_G_anti_sc: 0.416 loss_G: 1.033 loss_D_real: 0.140 loss_D_fake: 1.051 loss_D_gr_fake: 0.211 loss_AUX: 0.649 loss_D: 2.051 acc_real: 0.980 acc_fake: 0.260 acc_grfake: 0.980 
D preds: real 0.84, fake 0.57, grfake: 0.13
accuracy: real: 0.98, fake: 0.26, grfake: 0.98

(epoch: 4, iters: 8000, time: 0.008, data: 0.003) loss_G_comp: 0.622 loss_G_anti_sc: 0.480 loss_G: 1.102 loss_D_real: 0.154 loss_D_fake: 1.074 loss_D_gr_fake: 0.265 loss_AUX: 0.651 loss_D: 2.144 acc_real: 0.980 acc_fake: 0.320 acc_grfake: 0.940 
D preds: real 0.85, fake 0.56, grfake: 0.11
accuracy: real: 0.98, fake: 0.32, grfake: 0.94

(epoch: 4, iters: 9000, time: 0.008, data: 0.004) loss_G_comp: 0.475 loss_G_anti_sc: 0.497 loss_G: 0.972 loss_D_real: 0.148 loss_D_fake: 1.056 loss_D_gr_fake: 0.164 loss_AUX: 0.652 loss_D: 2.019 acc_real: 1.000 acc_fake: 0.120 acc_grfake: 0.920 
D preds: real 0.88, fake 0.65, grfake: 0.14
accuracy: real: 1.0, fake: 0.12, grfake: 0.92

(epoch: 4, iters: 10000, time: 0.011, data: 0.003) loss_G_comp: 0.445 loss_G_anti_sc: 0.499 loss_G: 0.944 loss_D_real: 0.128 loss_D_fake: 1.224 loss_D_gr_fake: 0.281 loss_AUX: 0.655 loss_D: 2.288 acc_real: 1.000 acc_fake: 0.160 acc_grfake: 0.840 
D preds: real 0.87, fake 0.66, grfake: 0.19
accuracy: real: 1.0, fake: 0.16, grfake: 0.84

saving the latest model (epoch 4, total_iters 55000)
(epoch: 4, iters: 11000, time: 0.008, data: 0.004) loss_G_comp: 0.457 loss_G_anti_sc: 0.540 loss_G: 0.997 loss_D_real: 0.218 loss_D_fake: 0.873 loss_D_gr_fake: 0.201 loss_AUX: 0.654 loss_D: 1.947 acc_real: 1.000 acc_fake: 0.120 acc_grfake: 0.960 
D preds: real 0.87, fake 0.65, grfake: 0.12
accuracy: real: 1.0, fake: 0.12, grfake: 0.96

(epoch: 4, iters: 12000, time: 0.008, data: 0.003) loss_G_comp: 0.521 loss_G_anti_sc: 0.393 loss_G: 0.914 loss_D_real: 0.251 loss_D_fake: 0.829 loss_D_gr_fake: 0.179 loss_AUX: 0.652 loss_D: 1.910 acc_real: 1.000 acc_fake: 0.280 acc_grfake: 0.820 
D preds: real 0.85, fake 0.61, grfake: 0.21
accuracy: real: 1.0, fake: 0.28, grfake: 0.82

(epoch: 4, iters: 13000, time: 0.008, data: 0.003) loss_G_comp: 0.635 loss_G_anti_sc: 0.438 loss_G: 1.073 loss_D_real: 0.169 loss_D_fake: 0.868 loss_D_gr_fake: 0.174 loss_AUX: 0.649 loss_D: 1.860 acc_real: 0.980 acc_fake: 0.380 acc_grfake: 0.960 
D preds: real 0.87, fake 0.56, grfake: 0.08
accuracy: real: 0.98, fake: 0.38, grfake: 0.96

(epoch: 4, iters: 14000, time: 0.007, data: 0.003) loss_G_comp: 0.284 loss_G_anti_sc: 1.000 loss_G: 1.284 loss_D_real: 0.087 loss_D_fake: 1.633 loss_D_gr_fake: 0.094 loss_AUX: 0.646 loss_D: 2.366 acc_real: 1.000 acc_fake: 0.060 acc_grfake: 0.800 
D preds: real 0.91, fake 0.76, grfake: 0.27
accuracy: real: 1.0, fake: 0.06, grfake: 0.8

(epoch: 4, iters: 15000, time: 0.011, data: 0.003) loss_G_comp: 0.745 loss_G_anti_sc: 0.291 loss_G: 1.036 loss_D_real: 0.133 loss_D_fake: 0.998 loss_D_gr_fake: 0.285 loss_AUX: 0.655 loss_D: 2.072 acc_real: 0.920 acc_fake: 0.500 acc_grfake: 0.880 
D preds: real 0.84, fake 0.52, grfake: 0.17
accuracy: real: 0.92, fake: 0.5, grfake: 0.88

saving the latest model (epoch 4, total_iters 60000)
learning rate 0.0000800 -> 0.0000800
End of epoch 4 / 6 	 Time Taken: 106 sec
(epoch: 5, iters: 1000, time: 0.008, data: 0.813) loss_G_comp: 0.596 loss_G_anti_sc: 0.513 loss_G: 1.109 loss_D_real: 0.147 loss_D_fake: 1.017 loss_D_gr_fake: 0.210 loss_AUX: 0.665 loss_D: 2.039 acc_real: 1.000 acc_fake: 0.400 acc_grfake: 0.880 
D preds: real 0.89, fake 0.60, grfake: 0.17
accuracy: real: 1.0, fake: 0.4, grfake: 0.88

(epoch: 5, iters: 2000, time: 0.008, data: 0.003) loss_G_comp: 0.550 loss_G_anti_sc: 0.293 loss_G: 0.843 loss_D_real: 0.148 loss_D_fake: 0.863 loss_D_gr_fake: 0.158 loss_AUX: 0.652 loss_D: 1.821 acc_real: 1.000 acc_fake: 0.260 acc_grfake: 0.920 
D preds: real 0.88, fake 0.61, grfake: 0.14
accuracy: real: 1.0, fake: 0.26, grfake: 0.92

(epoch: 5, iters: 3000, time: 0.008, data: 0.003) loss_G_comp: 0.776 loss_G_anti_sc: 0.330 loss_G: 1.107 loss_D_real: 0.155 loss_D_fake: 0.907 loss_D_gr_fake: 0.239 loss_AUX: 0.646 loss_D: 1.947 acc_real: 1.000 acc_fake: 0.520 acc_grfake: 0.980 
D preds: real 0.86, fake 0.51, grfake: 0.08
accuracy: real: 1.0, fake: 0.52, grfake: 0.98

(epoch: 5, iters: 4000, time: 0.008, data: 0.003) loss_G_comp: 0.555 loss_G_anti_sc: 0.342 loss_G: 0.897 loss_D_real: 0.123 loss_D_fake: 0.977 loss_D_gr_fake: 0.168 loss_AUX: 0.650 loss_D: 1.918 acc_real: 1.000 acc_fake: 0.280 acc_grfake: 0.840 
D preds: real 0.89, fake 0.61, grfake: 0.19
accuracy: real: 1.0, fake: 0.28, grfake: 0.84

(epoch: 5, iters: 5000, time: 0.011, data: 0.003) loss_G_comp: 0.621 loss_G_anti_sc: 0.265 loss_G: 0.886 loss_D_real: 0.119 loss_D_fake: 1.049 loss_D_gr_fake: 0.183 loss_AUX: 0.650 loss_D: 2.001 acc_real: 1.000 acc_fake: 0.340 acc_grfake: 0.920 
D preds: real 0.88, fake 0.57, grfake: 0.13
accuracy: real: 1.0, fake: 0.34, grfake: 0.92

saving the latest model (epoch 5, total_iters 65000)
(epoch: 5, iters: 6000, time: 0.008, data: 0.004) loss_G_comp: 0.508 loss_G_anti_sc: 0.445 loss_G: 0.953 loss_D_real: 0.173 loss_D_fake: 0.995 loss_D_gr_fake: 0.204 loss_AUX: 0.653 loss_D: 2.025 acc_real: 1.000 acc_fake: 0.180 acc_grfake: 0.880 
D preds: real 0.87, fake 0.63, grfake: 0.18
accuracy: real: 1.0, fake: 0.18, grfake: 0.88

(epoch: 5, iters: 7000, time: 0.008, data: 0.002) loss_G_comp: 0.547 loss_G_anti_sc: 0.395 loss_G: 0.942 loss_D_real: 0.164 loss_D_fake: 0.905 loss_D_gr_fake: 0.197 loss_AUX: 0.639 loss_D: 1.905 acc_real: 0.960 acc_fake: 0.260 acc_grfake: 0.960 
D preds: real 0.88, fake 0.62, grfake: 0.09
accuracy: real: 0.96, fake: 0.26, grfake: 0.96

(epoch: 5, iters: 8000, time: 0.008, data: 0.003) loss_G_comp: 0.245 loss_G_anti_sc: 1.093 loss_G: 1.338 loss_D_real: 0.066 loss_D_fake: 1.686 loss_D_gr_fake: 0.070 loss_AUX: 0.649 loss_D: 2.401 acc_real: 1.000 acc_fake: 0.000 acc_grfake: 0.840 
D preds: real 0.93, fake 0.79, grfake: 0.24
accuracy: real: 1.0, fake: 0.0, grfake: 0.84

(epoch: 5, iters: 9000, time: 0.007, data: 0.002) loss_G_comp: 0.304 loss_G_anti_sc: 0.869 loss_G: 1.173 loss_D_real: 0.076 loss_D_fake: 1.510 loss_D_gr_fake: 0.056 loss_AUX: 0.666 loss_D: 2.253 acc_real: 1.000 acc_fake: 0.040 acc_grfake: 0.900 
D preds: real 0.93, fake 0.75, grfake: 0.19
accuracy: real: 1.0, fake: 0.04, grfake: 0.9

(epoch: 5, iters: 10000, time: 0.011, data: 0.003) loss_G_comp: 0.551 loss_G_anti_sc: 0.424 loss_G: 0.976 loss_D_real: 0.102 loss_D_fake: 1.173 loss_D_gr_fake: 0.169 loss_AUX: 0.652 loss_D: 2.096 acc_real: 0.980 acc_fake: 0.280 acc_grfake: 0.920 
D preds: real 0.91, fake 0.61, grfake: 0.14
accuracy: real: 0.98, fake: 0.28, grfake: 0.92

saving the latest model (epoch 5, total_iters 70000)
(epoch: 5, iters: 11000, time: 0.009, data: 0.003) loss_G_comp: 0.504 loss_G_anti_sc: 0.424 loss_G: 0.928 loss_D_real: 0.148 loss_D_fake: 0.998 loss_D_gr_fake: 0.194 loss_AUX: 0.659 loss_D: 1.999 acc_real: 1.000 acc_fake: 0.160 acc_grfake: 0.900 
D preds: real 0.90, fake 0.63, grfake: 0.14
accuracy: real: 1.0, fake: 0.16, grfake: 0.9

(epoch: 5, iters: 12000, time: 0.008, data: 0.003) loss_G_comp: 0.572 loss_G_anti_sc: 0.372 loss_G: 0.943 loss_D_real: 0.100 loss_D_fake: 1.165 loss_D_gr_fake: 0.163 loss_AUX: 0.648 loss_D: 2.076 acc_real: 1.000 acc_fake: 0.300 acc_grfake: 0.940 
D preds: real 0.91, fake 0.60, grfake: 0.10
accuracy: real: 1.0, fake: 0.3, grfake: 0.94

(epoch: 5, iters: 13000, time: 0.008, data: 0.003) loss_G_comp: 0.840 loss_G_anti_sc: 0.195 loss_G: 1.035 loss_D_real: 0.143 loss_D_fake: 0.993 loss_D_gr_fake: 0.336 loss_AUX: 0.645 loss_D: 2.117 acc_real: 0.940 acc_fake: 0.500 acc_grfake: 0.920 
D preds: real 0.82, fake 0.48, grfake: 0.12
accuracy: real: 0.94, fake: 0.5, grfake: 0.92

(epoch: 5, iters: 14000, time: 0.008, data: 0.003) loss_G_comp: 0.535 loss_G_anti_sc: 0.518 loss_G: 1.053 loss_D_real: 0.172 loss_D_fake: 1.078 loss_D_gr_fake: 0.309 loss_AUX: 0.661 loss_D: 2.219 acc_real: 1.000 acc_fake: 0.280 acc_grfake: 0.900 
D preds: real 0.83, fake 0.61, grfake: 0.17
accuracy: real: 1.0, fake: 0.28, grfake: 0.9

(epoch: 5, iters: 15000, time: 0.012, data: 0.003) loss_G_comp: 0.545 loss_G_anti_sc: 0.408 loss_G: 0.953 loss_D_real: 0.150 loss_D_fake: 1.026 loss_D_gr_fake: 0.145 loss_AUX: 0.635 loss_D: 1.956 acc_real: 1.000 acc_fake: 0.280 acc_grfake: 0.940 
D preds: real 0.87, fake 0.61, grfake: 0.11
accuracy: real: 1.0, fake: 0.28, grfake: 0.94

saving the latest model (epoch 5, total_iters 75000)
learning rate 0.0000800 -> 0.0000800
End of epoch 5 / 6 	 Time Taken: 106 sec
(epoch: 6, iters: 1000, time: 0.008, data: 0.837) loss_G_comp: 0.518 loss_G_anti_sc: 0.375 loss_G: 0.893 loss_D_real: 0.126 loss_D_fake: 1.156 loss_D_gr_fake: 0.130 loss_AUX: 0.612 loss_D: 2.024 acc_real: 0.980 acc_fake: 0.280 acc_grfake: 0.960 
D preds: real 0.89, fake 0.63, grfake: 0.08
accuracy: real: 0.98, fake: 0.28, grfake: 0.96

(epoch: 6, iters: 2000, time: 0.008, data: 0.003) loss_G_comp: 0.412 loss_G_anti_sc: 0.589 loss_G: 1.001 loss_D_real: 0.202 loss_D_fake: 0.887 loss_D_gr_fake: 0.143 loss_AUX: 0.631 loss_D: 1.863 acc_real: 1.000 acc_fake: 0.120 acc_grfake: 0.940 
D preds: real 0.89, fake 0.68, grfake: 0.11
accuracy: real: 1.0, fake: 0.12, grfake: 0.94

(epoch: 6, iters: 3000, time: 0.008, data: 0.004) loss_G_comp: 0.460 loss_G_anti_sc: 0.571 loss_G: 1.031 loss_D_real: 0.109 loss_D_fake: 1.164 loss_D_gr_fake: 0.307 loss_AUX: 0.632 loss_D: 2.213 acc_real: 1.000 acc_fake: 0.120 acc_grfake: 0.920 
D preds: real 0.88, fake 0.65, grfake: 0.14
accuracy: real: 1.0, fake: 0.12, grfake: 0.92

(epoch: 6, iters: 4000, time: 0.008, data: 0.003) loss_G_comp: 0.709 loss_G_anti_sc: 0.255 loss_G: 0.964 loss_D_real: 0.100 loss_D_fake: 0.843 loss_D_gr_fake: 0.133 loss_AUX: 0.618 loss_D: 1.694 acc_real: 1.000 acc_fake: 0.380 acc_grfake: 0.940 
D preds: real 0.89, fake 0.55, grfake: 0.10
accuracy: real: 1.0, fake: 0.38, grfake: 0.94

(epoch: 6, iters: 5000, time: 0.012, data: 0.002) loss_G_comp: 0.516 loss_G_anti_sc: 0.537 loss_G: 1.053 loss_D_real: 0.125 loss_D_fake: 1.263 loss_D_gr_fake: 0.474 loss_AUX: 0.652 loss_D: 2.514 acc_real: 1.000 acc_fake: 0.200 acc_grfake: 0.960 
D preds: real 0.88, fake 0.63, grfake: 0.11
accuracy: real: 1.0, fake: 0.2, grfake: 0.96

saving the latest model (epoch 6, total_iters 80000)
(epoch: 6, iters: 6000, time: 0.008, data: 0.003) loss_G_comp: 0.512 loss_G_anti_sc: 0.687 loss_G: 1.199 loss_D_real: 0.096 loss_D_fake: 1.098 loss_D_gr_fake: 0.114 loss_AUX: 0.629 loss_D: 1.937 acc_real: 0.960 acc_fake: 0.240 acc_grfake: 0.900 
D preds: real 0.89, fake 0.63, grfake: 0.12
accuracy: real: 0.96, fake: 0.24, grfake: 0.9

(epoch: 6, iters: 7000, time: 0.008, data: 0.003) loss_G_comp: 0.616 loss_G_anti_sc: 0.345 loss_G: 0.961 loss_D_real: 0.120 loss_D_fake: 0.860 loss_D_gr_fake: 0.061 loss_AUX: 0.617 loss_D: 1.657 acc_real: 1.000 acc_fake: 0.360 acc_grfake: 0.960 
D preds: real 0.90, fake 0.58, grfake: 0.08
accuracy: real: 1.0, fake: 0.36, grfake: 0.96

(epoch: 6, iters: 8000, time: 0.008, data: 0.003) loss_G_comp: 0.570 loss_G_anti_sc: 0.230 loss_G: 0.801 loss_D_real: 0.137 loss_D_fake: 0.868 loss_D_gr_fake: 0.188 loss_AUX: 0.640 loss_D: 1.833 acc_real: 1.000 acc_fake: 0.300 acc_grfake: 0.960 
D preds: real 0.90, fake 0.60, grfake: 0.08
accuracy: real: 1.0, fake: 0.3, grfake: 0.96

(epoch: 6, iters: 9000, time: 0.008, data: 0.003) loss_G_comp: 0.583 loss_G_anti_sc: 0.304 loss_G: 0.887 loss_D_real: 0.095 loss_D_fake: 1.230 loss_D_gr_fake: 0.307 loss_AUX: 0.621 loss_D: 2.254 acc_real: 0.980 acc_fake: 0.320 acc_grfake: 0.920 
D preds: real 0.88, fake 0.61, grfake: 0.11
accuracy: real: 0.98, fake: 0.32, grfake: 0.92

(epoch: 6, iters: 10000, time: 0.011, data: 0.003) loss_G_comp: 0.243 loss_G_anti_sc: 0.948 loss_G: 1.191 loss_D_real: 0.072 loss_D_fake: 1.708 loss_D_gr_fake: 0.050 loss_AUX: 0.625 loss_D: 2.405 acc_real: 1.000 acc_fake: 0.040 acc_grfake: 0.900 
D preds: real 0.94, fake 0.79, grfake: 0.15
accuracy: real: 1.0, fake: 0.04, grfake: 0.9

saving the latest model (epoch 6, total_iters 85000)
(epoch: 6, iters: 11000, time: 0.008, data: 0.003) loss_G_comp: 0.594 loss_G_anti_sc: 0.366 loss_G: 0.960 loss_D_real: 0.107 loss_D_fake: 1.022 loss_D_gr_fake: 0.250 loss_AUX: 0.649 loss_D: 2.028 acc_real: 1.000 acc_fake: 0.340 acc_grfake: 0.960 
D preds: real 0.89, fake 0.59, grfake: 0.07
accuracy: real: 1.0, fake: 0.34, grfake: 0.96

(epoch: 6, iters: 12000, time: 0.008, data: 0.003) loss_G_comp: 0.718 loss_G_anti_sc: 0.297 loss_G: 1.015 loss_D_real: 0.116 loss_D_fake: 1.277 loss_D_gr_fake: 0.385 loss_AUX: 0.640 loss_D: 2.418 acc_real: 0.980 acc_fake: 0.420 acc_grfake: 0.940 
D preds: real 0.84, fake 0.52, grfake: 0.08
accuracy: real: 0.98, fake: 0.42, grfake: 0.94

(epoch: 6, iters: 13000, time: 0.007, data: 0.003) loss_G_comp: 0.248 loss_G_anti_sc: 0.834 loss_G: 1.081 loss_D_real: 0.054 loss_D_fake: 1.831 loss_D_gr_fake: 0.038 loss_AUX: 0.641 loss_D: 2.526 acc_real: 1.000 acc_fake: 0.060 acc_grfake: 0.860 
D preds: real 0.95, fake 0.80, grfake: 0.19
accuracy: real: 1.0, fake: 0.06, grfake: 0.86

(epoch: 6, iters: 14000, time: 0.007, data: 0.003) loss_G_comp: 0.207 loss_G_anti_sc: 0.967 loss_G: 1.174 loss_D_real: 0.053 loss_D_fake: 1.798 loss_D_gr_fake: 0.048 loss_AUX: 0.652 loss_D: 2.503 acc_real: 1.000 acc_fake: 0.000 acc_grfake: 0.820 
D preds: real 0.95, fake 0.82, grfake: 0.25
accuracy: real: 1.0, fake: 0.0, grfake: 0.82

(epoch: 6, iters: 15000, time: 0.011, data: 0.003) loss_G_comp: 0.812 loss_G_anti_sc: 0.290 loss_G: 1.103 loss_D_real: 0.088 loss_D_fake: 1.019 loss_D_gr_fake: 0.248 loss_AUX: 0.650 loss_D: 2.006 acc_real: 0.960 acc_fake: 0.460 acc_grfake: 0.940 
D preds: real 0.88, fake 0.49, grfake: 0.08
accuracy: real: 0.96, fake: 0.46, grfake: 0.94

saving the latest model (epoch 6, total_iters 90000)
learning rate 0.0000800 -> 0.0000640
End of epoch 6 / 6 	 Time Taken: 104 sec
Finished training, model is saved
