Starting run 3
Cityscapes data copied to scratch
----------------- Options ---------------
               batch_size: 64                            	[default: 1]
                    beta1: 0.5                           
                    beta2: 0.999                         
          checkpoints_dir: /scratch/checkpoints          	[default: ./checkpoints]
           continue_train: False                         
                crop_size: 128                           	[default: 64]
                 dataroot: /scratch/datasets/Cityscapes/ 	[default: None]
             dataset_mode: move_coco                     	[default: room]
                direction: AtoB                          
              display_env: main                          
             display_freq: 100                           
               display_id: 0                             	[default: 1]
            display_ncols: 4                             
             display_port: 8097                          
           display_server: http://localhost              
          display_winsize: 256                           
                    epoch: latest                        
              epoch_count: 1                             
              fake_target: 0.1                           
                 gan_mode: vanilla                       
                  gpu_ids: 0                             
                init_gain: 0.02                          
                init_type: normal                        
                 input_nc: 3                             
                  isTrain: True                          	[default: None]
          keep_last_batch: False                         
                load_iter: 0                             	[default: 0]
                load_size: 128                           	[default: 64]
                       lr: 0.0002                        
           lr_decay_iters: 50                            
                lr_policy: step                          
         max_dataset_size: 10000                         	[default: inf]
          min_obj_surface: 50                            	[default: 100]
                    model: move                          	[default: copy]
                 n_epochs: 10                            	[default: 100]
           n_epochs_decay: 5                             	[default: 100]
               n_layers_D: 3                             
            n_layers_conv: 4                             
                     name: Move                          	[default: MoveModel]
                      ndf: 64                            
                     netD: basic                         
                     netG: resnet_9blocks                
                      ngf: 64                            
               no_dropout: False                         
                  no_flip: True                          
                  no_html: False                         
             noisy_labels: False                         
                     norm: instance                      
              num_threads: 4                             
                output_nc: 3                             
                    phase: train                         
                pool_size: 50                            
               preprocess: resize_and_crop               	[default: resize]
               print_freq: 20                            
              real_target: 0.9                           
                      run: -1                            
             save_by_iter: False                         
          save_epoch_freq: 5                             
         save_latest_freq: 5000                          
                     seed: 42                            	[default: 0]
           serial_batches: False                         
                   suffix:                               
                theta_dim: 6                             	[default: 2]
              tracemalloc: False                         
               two_stream: False                         
         update_html_freq: 100                           
                  use_amp: False                         
              use_eq_loss: False                         
           val_batch_size: 128                           
                 val_freq: 100                           
                  verbose: True                          	[default: False]
----------------- End -------------------
img_id 255917
img_id 30408
img_id 395007
img_id 18309
img_id 243472
img_id 518853
img_id 10434
img_id 476515
img_id 146389
img_id 78696
dataset [MoveCocoDataset] and dataloder are created
img_id 255917
img_id 30408
img_id 395007
img_id 18309
img_id 243472
img_id 518853
img_id 10434
img_id 476515
img_id 146389
img_id 78696
dataset [MoveCocoDataset] and dataloder are created
The number of validation images = 500
Starting training of move-model
The number of training images = 2975
The number of epochs to run = 15
gpu_ids: [0]
initialize network with normal
gpu_ids: [0]
initialize network with normal
model [MoveModel] was created
---------- Networks initialized -------------
DataParallel(
  (module): MoveConvNET(
    (model): Sequential(
      (0): Conv2d(6, 64, kernel_size=(3, 3), stride=(1, 1), padding=(1, 1))
      (1): LeakyReLU(negative_slope=0.2, inplace=True)
      (2): Conv2d(64, 128, kernel_size=(3, 3), stride=(2, 2), padding=(1, 1))
      (3): InstanceNorm2d(128, eps=1e-05, momentum=0.1, affine=False, track_running_stats=False)
      (4): LeakyReLU(negative_slope=0.2, inplace=True)
      (5): Conv2d(128, 256, kernel_size=(3, 3), stride=(2, 2), padding=(1, 1))
      (6): InstanceNorm2d(256, eps=1e-05, momentum=0.1, affine=False, track_running_stats=False)
      (7): LeakyReLU(negative_slope=0.2, inplace=True)
      (8): Conv2d(256, 512, kernel_size=(3, 3), stride=(2, 2), padding=(1, 1))
      (9): InstanceNorm2d(512, eps=1e-05, momentum=0.1, affine=False, track_running_stats=False)
      (10): LeakyReLU(negative_slope=0.2, inplace=True)
      (11): Conv2d(512, 512, kernel_size=(3, 3), stride=(2, 2), padding=(1, 1))
      (12): InstanceNorm2d(512, eps=1e-05, momentum=0.1, affine=False, track_running_stats=False)
      (13): LeakyReLU(negative_slope=0.2, inplace=True)
      (14): Flatten(start_dim=1, end_dim=-1)
      (15): Linear(in_features=32768, out_features=100, bias=True)
    )
    (zero_c): Sequential(
      (0): Linear(in_features=100, out_features=2, bias=True)
      (1): Tanh()
    )
    (one_c): Sequential(
      (0): Linear(in_features=100, out_features=2, bias=True)
      (1): Tanh()
    )
    (trans): Sequential(
      (0): Linear(in_features=100, out_features=2, bias=True)
      (1): Tanh()
    )
  )
)
[Network Conv] Total number of parameters : 7.190 M
DataParallel(
  (module): NLayerDiscriminator(
    (model): Sequential(
      (0): Conv2d(3, 64, kernel_size=(4, 4), stride=(2, 2), padding=(1, 1))
      (1): LeakyReLU(negative_slope=0.2)
      (2): Conv2d(64, 128, kernel_size=(4, 4), stride=(2, 2), padding=(1, 1))
      (3): InstanceNorm2d(128, eps=1e-05, momentum=0.1, affine=False, track_running_stats=False)
      (4): LeakyReLU(negative_slope=0.2)
      (5): Conv2d(128, 256, kernel_size=(4, 4), stride=(2, 2), padding=(1, 1))
      (6): InstanceNorm2d(256, eps=1e-05, momentum=0.1, affine=False, track_running_stats=False)
      (7): LeakyReLU(negative_slope=0.2)
      (8): Conv2d(256, 512, kernel_size=(4, 4), stride=(2, 2), padding=(1, 1))
      (9): InstanceNorm2d(512, eps=1e-05, momentum=0.1, affine=False, track_running_stats=False)
      (10): LeakyReLU(negative_slope=0.2)
      (11): Conv2d(512, 512, kernel_size=(4, 4), stride=(1, 1), padding=(1, 1))
      (12): InstanceNorm2d(512, eps=1e-05, momentum=0.1, affine=False, track_running_stats=False)
      (13): LeakyReLU(negative_slope=0.2)
      (14): Conv2d(512, 1, kernel_size=(4, 4), stride=(1, 1), padding=(1, 1))
      (15): Sigmoid()
    )
  )
)
[Network D] Total number of parameters : 6.960 M
-----------------------------------------------
create web directory /scratch/checkpoints/Move/web...
validation accuracies:
                real: 0.49, 0.4898274739583333
                fake: 0.55, 0.4867350260416667

ran validation set (B:1) in                         46.0 s.
(epoch: 1, batches: 20, time: 0.005, data: 14.565) loss_D_real: 0.398 loss_D_fake: 0.437 loss_D: 0.418 loss_G: 1.827 loss_conv: 1.827 acc_real: 0.971 acc_fake: 0.917 
(epoch: 1, batches: 40, time: 0.006, data: 19.740) loss_D_real: 0.327 loss_D_fake: 0.373 loss_D: 0.350 loss_G: 2.208 loss_conv: 2.208 acc_real: 1.000 acc_fake: 0.990 
learning rate 0.0002000 -> 0.0002000
End of epoch 1 / 15 	 Time Taken: 220 sec
(epoch: 2, batches: 20, time: 0.006, data: 0.005) loss_D_real: 0.327 loss_D_fake: 0.356 loss_D: 0.341 loss_G: 2.311 loss_conv: 2.311 acc_real: 1.000 acc_fake: 0.996 
(epoch: 2, batches: 40, time: 0.007, data: 0.005) loss_D_real: 0.331 loss_D_fake: 0.355 loss_D: 0.343 loss_G: 2.231 loss_conv: 2.231 acc_real: 1.000 acc_fake: 0.999 
learning rate 0.0002000 -> 0.0002000
End of epoch 2 / 15 	 Time Taken: 191 sec
100 tensor([[ 0.6667,  0.0000, -0.8333],
        [ 0.0000,  0.6677, -0.8333]], device='cuda:0',
       grad_fn=<SelectBackward>)
validation accuracies:
                real: 1.00, 0.89453125
                fake: 1.00, 0.1156005859375

ran validation set (B:101) in                         52.0 s.
(epoch: 3, batches: 20, time: 0.007, data: 0.005) loss_D_real: 0.327 loss_D_fake: 0.347 loss_D: 0.337 loss_G: 2.187 loss_conv: 2.187 acc_real: 1.000 acc_fake: 1.000 
(epoch: 3, batches: 40, time: 0.005, data: 1.024) loss_D_real: 0.327 loss_D_fake: 0.349 loss_D: 0.338 loss_G: 2.257 loss_conv: 2.257 acc_real: 1.000 acc_fake: 0.998 
learning rate 0.0002000 -> 0.0002000
End of epoch 3 / 15 	 Time Taken: 214 sec
(epoch: 4, batches: 20, time: 0.006, data: 5.539) loss_D_real: 0.328 loss_D_fake: 0.344 loss_D: 0.336 loss_G: 2.293 loss_conv: 2.293 acc_real: 1.000 acc_fake: 0.999 
(epoch: 4, batches: 40, time: 0.007, data: 11.458) loss_D_real: 0.330 loss_D_fake: 0.345 loss_D: 0.338 loss_G: 2.303 loss_conv: 2.303 acc_real: 1.000 acc_fake: 1.000 
learning rate 0.0002000 -> 0.0002000
End of epoch 4 / 15 	 Time Taken: 192 sec
200 tensor([[ 0.6667,  0.0000, -0.8333],
        [ 0.0000,  0.6667, -0.8333]], device='cuda:0',
       grad_fn=<SelectBackward>)
validation accuracies:
                real: 1.00, 0.8896484375
                fake: 1.00, 0.10691324869791667

ran validation set (B:201) in                         46.1 s.
(epoch: 5, batches: 20, time: 0.006, data: 0.005) loss_D_real: 0.328 loss_D_fake: 0.340 loss_D: 0.334 loss_G: 2.259 loss_conv: 2.259 acc_real: 1.000 acc_fake: 1.000 
(epoch: 5, batches: 40, time: 0.006, data: 1.777) loss_D_real: 0.333 loss_D_fake: 0.344 loss_D: 0.339 loss_G: 2.348 loss_conv: 2.348 acc_real: 1.000 acc_fake: 0.999 
saving the model at the end of epoch 5, iters 14720
learning rate 0.0002000 -> 0.0002000
End of epoch 5 / 15 	 Time Taken: 217 sec
(epoch: 6, batches: 20, time: 0.006, data: 0.890) loss_D_real: 0.328 loss_D_fake: 0.341 loss_D: 0.334 loss_G: 2.290 loss_conv: 2.290 acc_real: 1.000 acc_fake: 1.000 
(epoch: 6, batches: 40, time: 0.004, data: 0.005) loss_D_real: 0.326 loss_D_fake: 0.336 loss_D: 0.331 loss_G: 2.147 loss_conv: 2.147 acc_real: 1.000 acc_fake: 0.999 
learning rate 0.0002000 -> 0.0002000
End of epoch 6 / 15 	 Time Taken: 190 sec
(epoch: 7, batches: 20, time: 0.007, data: 0.005) loss_D_real: 0.327 loss_D_fake: 0.336 loss_D: 0.332 loss_G: 2.193 loss_conv: 2.193 acc_real: 1.000 acc_fake: 1.000 
300 tensor([[ 0.6667,  0.0000, -0.8333],
        [ 0.0000,  1.3331, -0.8333]], device='cuda:0',
       grad_fn=<SelectBackward>)
validation accuracies:
                real: 1.00, 0.8839518229166666
                fake: 1.00, 0.09549967447916667

ran validation set (B:301) in                         45.7 s.
(epoch: 7, batches: 40, time: 0.007, data: 0.005) loss_D_real: 0.328 loss_D_fake: 0.337 loss_D: 0.333 loss_G: 2.103 loss_conv: 2.103 acc_real: 1.000 acc_fake: 1.000 
learning rate 0.0002000 -> 0.0002000
End of epoch 7 / 15 	 Time Taken: 219 sec
(epoch: 8, batches: 20, time: 0.006, data: 0.005) loss_D_real: 0.327 loss_D_fake: 0.335 loss_D: 0.331 loss_G: 2.200 loss_conv: 2.200 acc_real: 1.000 acc_fake: 1.000 
(epoch: 8, batches: 40, time: 0.006, data: 0.005) loss_D_real: 0.328 loss_D_fake: 0.336 loss_D: 0.332 loss_G: 2.093 loss_conv: 2.093 acc_real: 1.000 acc_fake: 1.000 
learning rate 0.0002000 -> 0.0002000
End of epoch 8 / 15 	 Time Taken: 189 sec
(epoch: 9, batches: 20, time: 0.006, data: 0.005) loss_D_real: 0.326 loss_D_fake: 0.331 loss_D: 0.329 loss_G: 2.181 loss_conv: 2.181 acc_real: 1.000 acc_fake: 1.000 
400 tensor([[ 0.6669,  0.0000, -0.8333],
        [ 0.0000,  1.3333, -0.8333]], device='cuda:0',
       grad_fn=<SelectBackward>)
validation accuracies:
                real: 1.00, 0.8859049479166666
                fake: 1.00, 0.09663899739583333

ran validation set (B:401) in                         40.7 s.
(epoch: 9, batches: 40, time: 0.007, data: 0.005) loss_D_real: 0.326 loss_D_fake: 0.333 loss_D: 0.329 loss_G: 2.204 loss_conv: 2.204 acc_real: 1.000 acc_fake: 1.000 
learning rate 0.0002000 -> 0.0002000
End of epoch 9 / 15 	 Time Taken: 217 sec
(epoch: 10, batches: 20, time: 0.007, data: 11.683) loss_D_real: 0.330 loss_D_fake: 0.333 loss_D: 0.332 loss_G: 2.230 loss_conv: 2.230 acc_real: 1.000 acc_fake: 1.000 
(epoch: 10, batches: 40, time: 0.006, data: 13.414) loss_D_real: 0.329 loss_D_fake: 0.335 loss_D: 0.332 loss_G: 2.127 loss_conv: 2.127 acc_real: 1.000 acc_fake: 1.000 
saving the model at the end of epoch 10, iters 29440
learning rate 0.0002000 -> 0.0001600
End of epoch 10 / 15 	 Time Taken: 188 sec
(epoch: 11, batches: 20, time: 0.006, data: 0.005) loss_D_real: 0.325 loss_D_fake: 0.331 loss_D: 0.328 loss_G: 2.096 loss_conv: 2.096 acc_real: 1.000 acc_fake: 1.000 
500 tensor([[ 0.6668,  0.0000, -0.8333],
        [ 0.0000,  1.3333, -0.8333]], device='cuda:0',
       grad_fn=<SelectBackward>)
(epoch: 11, batches: 40, time: 0.009, data: 0.005) loss_D_real: 0.325 loss_D_fake: 0.331 loss_D: 0.328 loss_G: 2.145 loss_conv: 2.145 acc_real: 1.000 acc_fake: 1.000 
validation accuracies:
                real: 1.00, 0.89599609375
                fake: 1.00, 0.10321044921875

ran validation set (B:501) in                         34.7 s.
learning rate 0.0001600 -> 0.0001600
End of epoch 11 / 15 	 Time Taken: 212 sec
(epoch: 12, batches: 20, time: 0.006, data: 0.005) loss_D_real: 0.325 loss_D_fake: 0.330 loss_D: 0.328 loss_G: 2.115 loss_conv: 2.115 acc_real: 1.000 acc_fake: 1.000 
(epoch: 12, batches: 40, time: 0.006, data: 0.005) loss_D_real: 0.325 loss_D_fake: 0.331 loss_D: 0.328 loss_G: 2.110 loss_conv: 2.110 acc_real: 1.000 acc_fake: 1.000 
learning rate 0.0001600 -> 0.0001600
End of epoch 12 / 15 	 Time Taken: 190 sec
(epoch: 13, batches: 20, time: 0.005, data: 2.029) loss_D_real: 0.325 loss_D_fake: 0.330 loss_D: 0.328 loss_G: 2.113 loss_conv: 2.113 acc_real: 1.000 acc_fake: 1.000 
(epoch: 13, batches: 40, time: 0.006, data: 0.005) loss_D_real: 0.325 loss_D_fake: 0.330 loss_D: 0.327 loss_G: 2.126 loss_conv: 2.126 acc_real: 1.000 acc_fake: 1.000 
learning rate 0.0001600 -> 0.0001600
End of epoch 13 / 15 	 Time Taken: 189 sec
600 tensor([[ 0.6668,  0.0000, -0.8333],
        [ 0.0000,  1.3333, -0.8333]], device='cuda:0',
       grad_fn=<SelectBackward>)
validation accuracies:
                real: 1.00, 0.8992513020833334
                fake: 1.00, 0.10707600911458333

ran validation set (B:601) in                         52.0 s.
(epoch: 14, batches: 20, time: 0.006, data: 1.609) loss_D_real: 0.325 loss_D_fake: 0.330 loss_D: 0.328 loss_G: 2.095 loss_conv: 2.095 acc_real: 1.000 acc_fake: 1.000 
(epoch: 14, batches: 40, time: 0.006, data: 0.005) loss_D_real: 0.325 loss_D_fake: 0.329 loss_D: 0.327 loss_G: 2.100 loss_conv: 2.100 acc_real: 1.000 acc_fake: 1.000 
learning rate 0.0001600 -> 0.0001600
End of epoch 14 / 15 	 Time Taken: 211 sec
(epoch: 15, batches: 20, time: 0.005, data: 13.635) loss_D_real: 0.325 loss_D_fake: 0.329 loss_D: 0.327 loss_G: 2.121 loss_conv: 2.121 acc_real: 1.000 acc_fake: 1.000 
(epoch: 15, batches: 40, time: 0.007, data: 14.347) loss_D_real: 0.326 loss_D_fake: 0.329 loss_D: 0.328 loss_G: 2.157 loss_conv: 2.157 acc_real: 1.000 acc_fake: 1.000 
saving the model at the end of epoch 15, iters 44160
learning rate 0.0001600 -> 0.0001600
End of epoch 15 / 15 	 Time Taken: 188 sec
Finished training, model is saved (15 epochs in 3040.2312285900116s)
Batches trained - G: 460, D: 230 
