starting training run 73
----------------- Options ---------------
              D_headstart: 1000                          	[default: 0]
              D_threshold: 0.5                           
       accumulation_steps: 1                             
               batch_size: 64                            
                    beta1: 0.5                           
                    beta2: 0.999                         
          checkpoints_dir: /scratch/checkpoints          	[default: ./checkpoints]
        confidence_weight: 0.0                           
           continue_train: False                         
                crop_size: 64                            
                 dataroot: /scratch/datasets/CLEVR_colorized/images	[default: datasets]
             dataset_mode: double                        
                direction: None                          
              display_env: main                          
             display_freq: 100                           
               display_id: 0                             	[default: 1]
            display_ncols: 4                             
             display_port: 8097                          
           display_server: http://localhost              
          display_winsize: 256                           
                    epoch: latest                        
              epoch_count: 1                             
            flip_vertical: False                         
                 gan_mode: vanilla                       
                  gpu_ids: 0                             
                init_gain: 0.02                          
                init_type: normal                        
                 input_nc: 3                             
                  isTrain: True                          	[default: None]
          keep_last_batch: False                         
               lambda_aux: 1.0                           	[default: 0.1]
                load_iter: 0                             	[default: 0]
                load_size: 70                            
                       lr: 0.0002                        
           lr_decay_iters: 50                            
                lr_policy: step                          
         max_dataset_size: inf                           
          min_obj_surface: 100                           
                    model: copy                          
                 n_epochs: 10                            	[default: 20]
           n_epochs_decay: 20                            	[default: 10]
               n_layers_D: 3                             
                     name: CopyGAN                       
                      ndf: 64                            
                     netD: copy                          
                     netG: copy                          
                      ngf: 64                            
             no_alternate: True                          	[default: False]
        no_border_zeroing: False                         
               no_dropout: False                         
                  no_flip: False                         
               no_grfakes: False                         
                  no_html: False                         
                     norm: instance                      
              num_threads: 4                             
                output_nc: 3                             
                    phase: train                         
                   pool_D: True                          	[default: False]
                pool_size: 50                            
               preprocess: resize_and_crop               
               print_freq: 100                           	[default: 20]
              real_target: 0.8                           
             save_by_iter: False                         
          save_epoch_freq: 10                            
         save_latest_freq: 5000                          
                     seed: 42                            	[default: 0]
           serial_batches: False                         
               sigma_blur: 1.0                           
                   suffix:                               
              tracemalloc: False                         
         update_html_freq: 100                           
           val_batch_size: 128                           
                 val_freq: 100                           
                  verbose: True                          	[default: False]
----------------- End -------------------
dataset [DoubleDataset] and dataloder are created
dataset [DoubleDataset] and dataloder are created
Starting training of copy-model
The number of training images = 26000
The number of validation images = 3000
The number of epochs to run = 30
gpu_ids: [0]
initialize network with normal
gpu_ids: [0]
initialize network with normal
model [CopyModel] was created
---------- Networks initialized -------------
DataParallel(
  (module): CopyGenerator(
    (enc1): EncoderBlock(
      (model): Sequential(
        (0): Conv2d(3, 64, kernel_size=(3, 3), stride=(1, 1), padding=(1, 1), bias=False, padding_mode=replicate)
        (1): InstanceNorm2d(64, eps=1e-05, momentum=0.1, affine=False, track_running_stats=False)
        (2): LeakyReLU(negative_slope=0.2, inplace=True)
      )
    )
    (enc2): EncoderBlock(
      (model): Sequential(
        (0): Conv2d(64, 128, kernel_size=(3, 3), stride=(2, 2), padding=(1, 1), bias=False, padding_mode=replicate)
        (1): InstanceNorm2d(128, eps=1e-05, momentum=0.1, affine=False, track_running_stats=False)
        (2): LeakyReLU(negative_slope=0.2, inplace=True)
      )
    )
    (enc3): EncoderBlock(
      (model): Sequential(
        (0): Conv2d(128, 256, kernel_size=(3, 3), stride=(2, 2), padding=(1, 1), bias=False, padding_mode=replicate)
        (1): InstanceNorm2d(256, eps=1e-05, momentum=0.1, affine=False, track_running_stats=False)
        (2): LeakyReLU(negative_slope=0.2, inplace=True)
      )
    )
    (enc4): EncoderBlock(
      (model): Sequential(
        (0): Conv2d(256, 512, kernel_size=(3, 3), stride=(2, 2), padding=(1, 1), bias=False, padding_mode=replicate)
        (1): InstanceNorm2d(512, eps=1e-05, momentum=0.1, affine=False, track_running_stats=False)
        (2): LeakyReLU(negative_slope=0.2, inplace=True)
      )
    )
    (dec4): DecoderBlock(
      (model): Sequential(
        (0): Upsample(scale_factor=2.0, mode=bilinear)
        (1): Conv2d(512, 256, kernel_size=(3, 3), stride=(1, 1), padding=(1, 1), padding_mode=replicate)
        (2): InstanceNorm2d(256, eps=1e-05, momentum=0.1, affine=False, track_running_stats=False)
        (3): LeakyReLU(negative_slope=0.2, inplace=True)
      )
    )
    (dec3): DecoderBlock(
      (model): Sequential(
        (0): Upsample(scale_factor=2.0, mode=bilinear)
        (1): Conv2d(512, 128, kernel_size=(3, 3), stride=(1, 1), padding=(1, 1), padding_mode=replicate)
        (2): InstanceNorm2d(128, eps=1e-05, momentum=0.1, affine=False, track_running_stats=False)
        (3): LeakyReLU(negative_slope=0.2, inplace=True)
      )
    )
    (dec2): DecoderBlock(
      (model): Sequential(
        (0): Upsample(scale_factor=2.0, mode=bilinear)
        (1): Conv2d(256, 64, kernel_size=(3, 3), stride=(1, 1), padding=(1, 1), padding_mode=replicate)
        (2): InstanceNorm2d(64, eps=1e-05, momentum=0.1, affine=False, track_running_stats=False)
        (3): LeakyReLU(negative_slope=0.2, inplace=True)
      )
    )
    (dec1): DecoderBlock(
      (model): Sequential(
        (0): Conv2d(128, 1, kernel_size=(3, 3), stride=(1, 1), padding=(1, 1), padding_mode=replicate)
      )
    )
    (sigmoid): Sigmoid()
  )
)
[Network G] Total number of parameters : 3.469 M
DataParallel(
  (module): CopyDiscriminator(
    (blur_filter): GaussianSmoothing()
    (enc1): EncoderBlock(
      (model): Sequential(
        (0): Conv2d(3, 64, kernel_size=(3, 3), stride=(1, 1), padding=(1, 1), bias=False, padding_mode=replicate)
        (1): InstanceNorm2d(64, eps=1e-05, momentum=0.1, affine=False, track_running_stats=False)
        (2): LeakyReLU(negative_slope=0.2, inplace=True)
      )
    )
    (enc2): EncoderBlock(
      (model): Sequential(
        (0): Conv2d(64, 128, kernel_size=(3, 3), stride=(2, 2), padding=(1, 1), bias=False, padding_mode=replicate)
        (1): InstanceNorm2d(128, eps=1e-05, momentum=0.1, affine=False, track_running_stats=False)
        (2): LeakyReLU(negative_slope=0.2, inplace=True)
      )
    )
    (enc3): EncoderBlock(
      (model): Sequential(
        (0): Conv2d(128, 256, kernel_size=(3, 3), stride=(2, 2), padding=(1, 1), bias=False, padding_mode=replicate)
        (1): InstanceNorm2d(256, eps=1e-05, momentum=0.1, affine=False, track_running_stats=False)
        (2): LeakyReLU(negative_slope=0.2, inplace=True)
      )
    )
    (enc4): EncoderBlock(
      (model): Sequential(
        (0): Conv2d(256, 512, kernel_size=(3, 3), stride=(2, 2), padding=(1, 1), bias=False, padding_mode=replicate)
        (1): InstanceNorm2d(512, eps=1e-05, momentum=0.1, affine=False, track_running_stats=False)
        (2): LeakyReLU(negative_slope=0.2, inplace=True)
      )
    )
    (dec4): DecoderBlock(
      (model): Sequential(
        (0): Upsample(scale_factor=2.0, mode=bilinear)
        (1): Conv2d(512, 256, kernel_size=(3, 3), stride=(1, 1), padding=(1, 1), padding_mode=replicate)
        (2): InstanceNorm2d(256, eps=1e-05, momentum=0.1, affine=False, track_running_stats=False)
        (3): LeakyReLU(negative_slope=0.2, inplace=True)
      )
    )
    (dec3): DecoderBlock(
      (model): Sequential(
        (0): Upsample(scale_factor=2.0, mode=bilinear)
        (1): Conv2d(512, 128, kernel_size=(3, 3), stride=(1, 1), padding=(1, 1), padding_mode=replicate)
        (2): InstanceNorm2d(128, eps=1e-05, momentum=0.1, affine=False, track_running_stats=False)
        (3): LeakyReLU(negative_slope=0.2, inplace=True)
      )
    )
    (dec2): DecoderBlock(
      (model): Sequential(
        (0): Upsample(scale_factor=2.0, mode=bilinear)
        (1): Conv2d(256, 64, kernel_size=(3, 3), stride=(1, 1), padding=(1, 1), padding_mode=replicate)
        (2): InstanceNorm2d(64, eps=1e-05, momentum=0.1, affine=False, track_running_stats=False)
        (3): LeakyReLU(negative_slope=0.2, inplace=True)
      )
    )
    (dec1): DecoderBlock(
      (model): Sequential(
        (0): Conv2d(128, 1, kernel_size=(3, 3), stride=(1, 1), padding=(1, 1), padding_mode=replicate)
      )
    )
    (sigmoid): Sigmoid()
    (pred_layers): Sequential(
      (0): AvgPool2d(kernel_size=8, stride=2, padding=0)
      (1): Flatten(start_dim=1, end_dim=-1)
      (2): Linear(in_features=512, out_features=256, bias=True)
      (3): LeakyReLU(negative_slope=0.01)
      (4): Linear(in_features=256, out_features=1, bias=True)
      (5): Sigmoid()
    )
  )
)
[Network D] Total number of parameters : 3.600 M
-----------------------------------------------
create web directory /scratch/checkpoints/CopyGAN/web...
validation accuracies:
                gf: 0.00
                real: 1.00
                fake: 0.00

ran validation set (B:1) in                         34.9 s.
(epoch: 1, batches: 100, time: 0.012, data: 0.004) loss_G_comp: 0.000 loss_G_anti_sc: 0.000 loss_G: 0.000 loss_D_real: 0.893 loss_D_fake: 0.150 loss_D: 3.203 acc_real: 1.000 acc_fake: 0.000 loss_AUX: 1.948 loss_D_gr_fake: 0.211 acc_grfake: 0.000 
validation accuracies:
                gf: 1.00
                real: 0.04
                fake: 1.00

ran validation set (B:101) in                         34.0 s.
(epoch: 1, batches: 200, time: 0.012, data: 0.003) loss_G_comp: 0.000 loss_G_anti_sc: 0.000 loss_G: 0.000 loss_D_real: 0.634 loss_D_fake: 0.038 loss_D: 2.480 acc_real: 0.044 acc_fake: 1.000 loss_AUX: 1.699 loss_D_gr_fake: 0.110 acc_grfake: 0.998 
validation accuracies:
                gf: 0.94
                real: 0.81
                fake: 0.98

ran validation set (B:201) in                         34.4 s.
(epoch: 1, batches: 300, time: 0.012, data: 0.003) loss_G_comp: 0.000 loss_G_anti_sc: 0.000 loss_G: 0.000 loss_D_real: 0.628 loss_D_fake: 0.017 loss_D: 2.394 acc_real: 0.815 acc_fake: 0.983 loss_AUX: 1.659 loss_D_gr_fake: 0.089 acc_grfake: 0.939 
validation accuracies:
                gf: 0.93
                real: 0.93
                fake: 0.98

ran validation set (B:301) in                         34.5 s.
(epoch: 1, batches: 400, time: 0.012, data: 0.004) loss_G_comp: 0.000 loss_G_anti_sc: 0.000 loss_G: 0.000 loss_D_real: 0.538 loss_D_fake: 0.029 loss_D: 2.321 acc_real: 0.933 acc_fake: 0.980 loss_AUX: 1.638 loss_D_gr_fake: 0.116 acc_grfake: 0.934 
validation accuracies:
                gf: 0.94
                real: 0.92
                fake: 0.98

ran validation set (B:401) in                         33.1 s.
learning rate 0.0002000 -> 0.0002000
End of epoch 1 / 30 	 Time Taken: 473 sec
/home/tlotze/.local/lib/python3.8/site-packages/torch/optim/lr_scheduler.py:131: UserWarning: Detected call of `lr_scheduler.step()` before `optimizer.step()`. In PyTorch 1.1.0 and later, you should call them in the opposite order: `optimizer.step()` before `lr_scheduler.step()`.  Failure to do this will result in PyTorch skipping the first value of the learning rate schedule. See more details at https://pytorch.org/docs/stable/optim.html#how-to-adjust-learning-rate
  warnings.warn("Detected call of `lr_scheduler.step()` before `optimizer.step()`. "
validation accuracies:
                gf: 0.95
                real: 0.83
                fake: 0.98

ran validation set (B:501) in                         34.4 s.
(epoch: 2, batches: 100, time: 0.011, data: 0.003) loss_G_comp: 0.000 loss_G_anti_sc: 0.000 loss_G: 0.000 loss_D_real: 0.573 loss_D_fake: 0.036 loss_D: 2.364 acc_real: 0.835 acc_fake: 0.985 loss_AUX: 1.634 loss_D_gr_fake: 0.120 acc_grfake: 0.952 
validation accuracies:
                gf: 0.93
                real: 0.95
                fake: 0.98

ran validation set (B:601) in                         34.9 s.
(epoch: 2, batches: 200, time: 0.011, data: 0.003) loss_G_comp: 0.000 loss_G_anti_sc: 0.000 loss_G: 0.000 loss_D_real: 0.552 loss_D_fake: 0.007 loss_D: 2.164 acc_real: 0.947 acc_fake: 0.983 loss_AUX: 1.554 loss_D_gr_fake: 0.050 acc_grfake: 0.934 
validation accuracies:
                gf: 0.93
                real: 0.97
                fake: 0.98

ran validation set (B:701) in                         34.8 s.
(epoch: 2, batches: 300, time: 0.012, data: 0.003) loss_G_comp: 0.000 loss_G_anti_sc: 0.000 loss_G: 0.000 loss_D_real: 0.599 loss_D_fake: 0.015 loss_D: 2.220 acc_real: 0.975 acc_fake: 0.980 loss_AUX: 1.541 loss_D_gr_fake: 0.064 acc_grfake: 0.927 
validation accuracies:
                gf: 0.96
                real: 0.88
                fake: 1.00

ran validation set (B:801) in                         34.2 s.
(epoch: 2, batches: 400, time: 0.011, data: 0.003) loss_G_comp: 0.000 loss_G_anti_sc: 0.000 loss_G: 0.000 loss_D_real: 0.524 loss_D_fake: 0.011 loss_D: 2.103 acc_real: 0.880 acc_fake: 0.998 loss_AUX: 1.521 loss_D_gr_fake: 0.047 acc_grfake: 0.961 
learning rate 0.0002000 -> 0.0002000
End of epoch 2 / 30 	 Time Taken: 440 sec
validation accuracies:
                gf: 0.94
                real: 0.96
                fake: 0.98

ran validation set (B:901) in                         34.4 s.
(epoch: 3, batches: 100, time: 0.011, data: 0.003) loss_G_comp: 0.000 loss_G_anti_sc: 0.000 loss_G: 0.000 loss_D_real: 0.551 loss_D_fake: 0.009 loss_D: 2.144 acc_real: 0.961 acc_fake: 0.984 loss_AUX: 1.538 loss_D_gr_fake: 0.045 acc_grfake: 0.937 
Headstart D over
validation accuracies:
                gf: 0.96
                real: 0.93
                fake: 0.99

ran validation set (B:1001) in                         34.5 s.
(epoch: 3, batches: 200, time: 0.006, data: 0.003) loss_G_comp: 5.488 loss_G_anti_sc: 0.030 loss_G: 5.518 loss_D_real: 0.511 loss_D_fake: 0.052 loss_D: 2.295 acc_real: 0.928 acc_fake: 0.992 loss_AUX: 1.582 loss_D_gr_fake: 0.150 acc_grfake: 0.958 
validation accuracies:
                gf: 0.96
                real: 0.92
                fake: 0.67

ran validation set (B:1101) in                         33.7 s.
(epoch: 3, batches: 300, time: 0.006, data: 0.001) loss_G_comp: 0.509 loss_G_anti_sc: 1.374 loss_G: 1.883 loss_D_real: 0.506 loss_D_fake: 1.782 loss_D: 5.602 acc_real: 0.923 acc_fake: 0.671 loss_AUX: 1.584 loss_D_gr_fake: 1.730 acc_grfake: 0.956 
validation accuracies:
                gf: 1.00
                real: 0.00
                fake: 1.00

ran validation set (B:1201) in                         34.3 s.
(epoch: 3, batches: 400, time: 0.005, data: 0.003) loss_G_comp: 0.990 loss_G_anti_sc: 0.377 loss_G: 1.367 loss_D_real: 0.928 loss_D_fake: 0.387 loss_D: 2.974 acc_real: 0.002 acc_fake: 0.995 loss_AUX: 1.279 loss_D_gr_fake: 0.380 acc_grfake: 0.997 
learning rate 0.0002000 -> 0.0002000
End of epoch 3 / 30 	 Time Taken: 378 sec
validation accuracies:
                gf: 1.00
                real: 0.00
                fake: 0.92

ran validation set (B:1301) in                         34.1 s.
(epoch: 4, batches: 100, time: 0.005, data: 0.001) loss_G_comp: 0.628 loss_G_anti_sc: 0.822 loss_G: 1.451 loss_D_real: 0.576 loss_D_fake: 0.891 loss_D: 2.540 acc_real: 0.002 acc_fake: 0.923 loss_AUX: 1.073 loss_D_gr_fake: 0.380 acc_grfake: 0.998 
validation accuracies:
                gf: 0.76
                real: 0.73
                fake: 0.93

ran validation set (B:1401) in                         35.0 s.
(epoch: 4, batches: 200, time: 0.006, data: 0.003) loss_G_comp: 0.928 loss_G_anti_sc: 0.465 loss_G: 1.393 loss_D_real: 0.670 loss_D_fake: 0.445 loss_D: 1.934 acc_real: 0.732 acc_fake: 0.931 loss_AUX: 0.819 loss_D_gr_fake: 0.380 acc_grfake: 0.764 
validation accuracies:
                gf: 0.77
                real: 0.72
                fake: 0.89

ran validation set (B:1501) in                         35.7 s.
(epoch: 4, batches: 300, time: 0.006, data: 0.001) loss_G_comp: 0.958 loss_G_anti_sc: 0.391 loss_G: 1.350 loss_D_real: 0.836 loss_D_fake: 0.415 loss_D: 2.899 acc_real: 0.717 acc_fake: 0.893 loss_AUX: 1.200 loss_D_gr_fake: 0.448 acc_grfake: 0.767 
validation accuracies:
                gf: 0.99
                real: 0.10
                fake: 1.00

ran validation set (B:1601) in                         34.0 s.
(epoch: 4, batches: 400, time: 0.005, data: 0.003) loss_G_comp: 0.912 loss_G_anti_sc: 0.417 loss_G: 1.329 loss_D_real: 0.790 loss_D_fake: 0.337 loss_D: 2.610 acc_real: 0.099 acc_fake: 0.997 loss_AUX: 1.124 loss_D_gr_fake: 0.358 acc_grfake: 0.994 
learning rate 0.0002000 -> 0.0002000
End of epoch 4 / 30 	 Time Taken: 319 sec
validation accuracies:
                gf: 0.99
                real: 0.10
                fake: 0.98

ran validation set (B:1701) in                         34.0 s.
(epoch: 5, batches: 100, time: 0.005, data: 0.001) loss_G_comp: 0.852 loss_G_anti_sc: 0.457 loss_G: 1.309 loss_D_real: 0.674 loss_D_fake: 0.575 loss_D: 2.247 acc_real: 0.104 acc_fake: 0.983 loss_AUX: 0.998 loss_D_gr_fake: 0.358 acc_grfake: 0.994 
validation accuracies:
                gf: 0.57
                real: 0.92
                fake: 0.89

ran validation set (B:1801) in                         34.0 s.
(epoch: 5, batches: 200, time: 0.006, data: 0.003) loss_G_comp: 0.778 loss_G_anti_sc: 0.506 loss_G: 1.284 loss_D_real: 0.623 loss_D_fake: 0.437 loss_D: 2.018 acc_real: 0.921 acc_fake: 0.886 loss_AUX: 0.958 loss_D_gr_fake: 0.358 acc_grfake: 0.573 
validation accuracies:
                gf: 0.59
                real: 0.92
                fake: 0.55

ran validation set (B:1901) in                         34.0 s.
(epoch: 5, batches: 300, time: 0.006, data: 0.006) loss_G_comp: 1.058 loss_G_anti_sc: 0.358 loss_G: 1.416 loss_D_real: 0.778 loss_D_fake: 0.368 loss_D: 2.966 acc_real: 0.919 acc_fake: 0.548 loss_AUX: 1.347 loss_D_gr_fake: 0.473 acc_grfake: 0.592 
validation accuracies:
                gf: 0.98
                real: 0.32
                fake: 0.99

ran validation set (B:2001) in                         34.3 s.
(epoch: 5, batches: 400, time: 0.006, data: 0.003) loss_G_comp: 0.844 loss_G_anti_sc: 0.424 loss_G: 1.268 loss_D_real: 0.743 loss_D_fake: 0.348 loss_D: 2.685 acc_real: 0.317 acc_fake: 0.985 loss_AUX: 1.212 loss_D_gr_fake: 0.381 acc_grfake: 0.977 
learning rate 0.0002000 -> 0.0002000
End of epoch 5 / 30 	 Time Taken: 316 sec
validation accuracies:
                gf: 0.98
                real: 0.31
                fake: 0.93

ran validation set (B:2101) in                         34.6 s.
(epoch: 6, batches: 100, time: 0.005, data: 0.004) loss_G_comp: 1.070 loss_G_anti_sc: 0.316 loss_G: 1.386 loss_D_real: 0.776 loss_D_fake: 0.348 loss_D: 2.981 acc_real: 0.311 acc_fake: 0.931 loss_AUX: 1.426 loss_D_gr_fake: 0.431 acc_grfake: 0.977 
validation accuracies:
                gf: 0.95
                real: 0.49
                fake: 0.97

ran validation set (B:2201) in                         33.7 s.
(epoch: 6, batches: 200, time: 0.006, data: 0.029) loss_G_comp: 0.830 loss_G_anti_sc: 0.358 loss_G: 1.188 loss_D_real: 0.730 loss_D_fake: 0.361 loss_D: 2.806 acc_real: 0.492 acc_fake: 0.972 loss_AUX: 1.350 loss_D_gr_fake: 0.365 acc_grfake: 0.950 
validation accuracies:
                gf: 0.95
                real: 0.49
                fake: 0.78

ran validation set (B:2301) in                         34.7 s.
(epoch: 6, batches: 300, time: 0.005, data: 0.003) loss_G_comp: 1.148 loss_G_anti_sc: 0.303 loss_G: 1.451 loss_D_real: 0.757 loss_D_fake: 0.402 loss_D: 2.946 acc_real: 0.490 acc_fake: 0.781 loss_AUX: 1.368 loss_D_gr_fake: 0.418 acc_grfake: 0.950 
validation accuracies:
                gf: 0.94
                real: 0.56
                fake: 0.96

ran validation set (B:2401) in                         33.6 s.
(epoch: 6, batches: 400, time: 0.005, data: 0.012) loss_G_comp: 0.781 loss_G_anti_sc: 0.398 loss_G: 1.179 loss_D_real: 0.689 loss_D_fake: 0.358 loss_D: 2.747 acc_real: 0.558 acc_fake: 0.958 loss_AUX: 1.374 loss_D_gr_fake: 0.326 acc_grfake: 0.938 
learning rate 0.0002000 -> 0.0002000
End of epoch 6 / 30 	 Time Taken: 332 sec
validation accuracies:
                gf: 0.95
                real: 0.57
                fake: 0.73

ran validation set (B:2501) in                         34.7 s.
(epoch: 7, batches: 100, time: 0.006, data: 0.003) loss_G_comp: 1.071 loss_G_anti_sc: 0.259 loss_G: 1.329 loss_D_real: 0.724 loss_D_fake: 0.385 loss_D: 2.932 acc_real: 0.565 acc_fake: 0.728 loss_AUX: 1.445 loss_D_gr_fake: 0.379 acc_grfake: 0.947 
validation accuracies:
                gf: 0.94
                real: 0.60
                fake: 0.96

ran validation set (B:2601) in                         34.5 s.
(epoch: 7, batches: 200, time: 0.006, data: 0.003) loss_G_comp: 0.764 loss_G_anti_sc: 0.315 loss_G: 1.079 loss_D_real: 0.703 loss_D_fake: 0.346 loss_D: 2.836 acc_real: 0.597 acc_fake: 0.957 loss_AUX: 1.465 loss_D_gr_fake: 0.322 acc_grfake: 0.938 
validation accuracies:
                gf: 0.93
                real: 0.61
                fake: 0.60

ran validation set (B:2701) in                         34.2 s.
(epoch: 7, batches: 300, time: 0.006, data: 0.003) loss_G_comp: 1.036 loss_G_anti_sc: 0.269 loss_G: 1.305 loss_D_real: 0.677 loss_D_fake: 0.409 loss_D: 2.875 acc_real: 0.610 acc_fake: 0.601 loss_AUX: 1.402 loss_D_gr_fake: 0.387 acc_grfake: 0.934 
validation accuracies:
                gf: 0.93
                real: 0.65
                fake: 0.95

ran validation set (B:2801) in                         34.4 s.
(epoch: 7, batches: 400, time: 0.006, data: 0.019) loss_G_comp: 0.743 loss_G_anti_sc: 0.339 loss_G: 1.082 loss_D_real: 0.692 loss_D_fake: 0.365 loss_D: 2.836 acc_real: 0.650 acc_fake: 0.947 loss_AUX: 1.475 loss_D_gr_fake: 0.304 acc_grfake: 0.930 
learning rate 0.0002000 -> 0.0002000
End of epoch 7 / 30 	 Time Taken: 335 sec
validation accuracies:
                gf: 0.94
                real: 0.65
                fake: 0.57

ran validation set (B:2901) in                         33.7 s.
(epoch: 8, batches: 100, time: 0.005, data: 0.004) loss_G_comp: 1.064 loss_G_anti_sc: 0.235 loss_G: 1.299 loss_D_real: 0.650 loss_D_fake: 0.400 loss_D: 2.871 acc_real: 0.649 acc_fake: 0.570 loss_AUX: 1.465 loss_D_gr_fake: 0.355 acc_grfake: 0.935 
validation accuracies:
                gf: 0.94
                real: 0.67
                fake: 0.94

ran validation set (B:3001) in                         34.4 s.
(epoch: 8, batches: 200, time: 0.006, data: 0.155) loss_G_comp: 0.703 loss_G_anti_sc: 0.276 loss_G: 0.979 loss_D_real: 0.655 loss_D_fake: 0.380 loss_D: 2.753 acc_real: 0.666 acc_fake: 0.936 loss_AUX: 1.460 loss_D_gr_fake: 0.258 acc_grfake: 0.939 
validation accuracies:
                gf: 0.94
                real: 0.66
                fake: 0.53

ran validation set (B:3101) in                         35.0 s.
(epoch: 8, batches: 300, time: 0.006, data: 0.003) loss_G_comp: 1.038 loss_G_anti_sc: 0.239 loss_G: 1.277 loss_D_real: 0.695 loss_D_fake: 0.372 loss_D: 2.810 acc_real: 0.655 acc_fake: 0.530 loss_AUX: 1.473 loss_D_gr_fake: 0.270 acc_grfake: 0.943 
validation accuracies:
                gf: 0.92
                real: 0.71
                fake: 0.93

ran validation set (B:3201) in                         33.5 s.
(epoch: 8, batches: 400, time: 0.006, data: 0.003) loss_G_comp: 0.725 loss_G_anti_sc: 0.317 loss_G: 1.042 loss_D_real: 0.708 loss_D_fake: 0.357 loss_D: 2.730 acc_real: 0.708 acc_fake: 0.928 loss_AUX: 1.439 loss_D_gr_fake: 0.226 acc_grfake: 0.925 
learning rate 0.0002000 -> 0.0002000
End of epoch 8 / 30 	 Time Taken: 333 sec
validation accuracies:
                gf: 0.93
                real: 0.71
                fake: 0.53

ran validation set (B:3301) in                         34.2 s.
(epoch: 9, batches: 100, time: 0.006, data: 0.003) loss_G_comp: 1.062 loss_G_anti_sc: 0.256 loss_G: 1.318 loss_D_real: 0.648 loss_D_fake: 0.440 loss_D: 2.826 acc_real: 0.707 acc_fake: 0.528 loss_AUX: 1.443 loss_D_gr_fake: 0.296 acc_grfake: 0.927 
validation accuracies:
                gf: 0.94
                real: 0.70
                fake: 0.92

ran validation set (B:3401) in                         34.2 s.
(epoch: 9, batches: 200, time: 0.006, data: 0.001) loss_G_comp: 0.722 loss_G_anti_sc: 0.234 loss_G: 0.955 loss_D_real: 0.638 loss_D_fake: 0.397 loss_D: 2.741 acc_real: 0.696 acc_fake: 0.924 loss_AUX: 1.506 loss_D_gr_fake: 0.200 acc_grfake: 0.945 
validation accuracies:
                gf: 0.94
                real: 0.69
                fake: 0.48

ran validation set (B:3501) in                         33.3 s.
(epoch: 9, batches: 300, time: 0.011, data: 0.003) loss_G_comp: 0.736 loss_G_anti_sc: 0.297 loss_G: 1.033 loss_D_real: 0.883 loss_D_fake: 0.373 loss_D: 3.482 acc_real: 0.689 acc_fake: 0.480 loss_AUX: 2.033 loss_D_gr_fake: 0.192 acc_grfake: 0.937 
validation accuracies:
                gf: 0.99
                real: 0.30
                fake: 0.98

ran validation set (B:3601) in                         33.8 s.
(epoch: 9, batches: 400, time: 0.006, data: 0.014) loss_G_comp: 1.096 loss_G_anti_sc: 0.183 loss_G: 1.280 loss_D_real: 0.760 loss_D_fake: 0.330 loss_D: 3.156 acc_real: 0.301 acc_fake: 0.976 loss_AUX: 1.917 loss_D_gr_fake: 0.148 acc_grfake: 0.986 
learning rate 0.0002000 -> 0.0002000
End of epoch 9 / 30 	 Time Taken: 351 sec
validation accuracies:
                gf: 0.99
                real: 0.29
                fake: 0.93

ran validation set (B:3701) in                         35.1 s.
(epoch: 10, batches: 100, time: 0.005, data: 0.003) loss_G_comp: 0.999 loss_G_anti_sc: 0.335 loss_G: 1.334 loss_D_real: 0.856 loss_D_fake: 0.399 loss_D: 3.335 acc_real: 0.292 acc_fake: 0.931 loss_AUX: 1.638 loss_D_gr_fake: 0.442 acc_grfake: 0.989 
validation accuracies:
                gf: 0.96
                real: 0.18
                fake: 0.99

ran validation set (B:3801) in                         34.2 s.
(epoch: 10, batches: 200, time: 0.006, data: 0.003) loss_G_comp: 0.835 loss_G_anti_sc: 0.371 loss_G: 1.206 loss_D_real: 0.794 loss_D_fake: 0.368 loss_D: 3.130 acc_real: 0.180 acc_fake: 0.987 loss_AUX: 1.517 loss_D_gr_fake: 0.450 acc_grfake: 0.957 
validation accuracies:
                gf: 0.96
                real: 0.20
                fake: 0.88

ran validation set (B:3901) in                         34.1 s.
(epoch: 10, batches: 300, time: 0.006, data: 0.004) loss_G_comp: 1.059 loss_G_anti_sc: 0.295 loss_G: 1.355 loss_D_real: 0.762 loss_D_fake: 0.368 loss_D: 3.081 acc_real: 0.202 acc_fake: 0.879 loss_AUX: 1.523 loss_D_gr_fake: 0.428 acc_grfake: 0.957 
validation accuracies:
                gf: 0.96
                real: 0.38
                fake: 0.97

ran validation set (B:4001) in                         33.9 s.
(epoch: 10, batches: 400, time: 0.006, data: 0.007) loss_G_comp: 0.818 loss_G_anti_sc: 0.357 loss_G: 1.175 loss_D_real: 0.730 loss_D_fake: 0.379 loss_D: 3.009 acc_real: 0.376 acc_fake: 0.966 loss_AUX: 1.529 loss_D_gr_fake: 0.371 acc_grfake: 0.959 
saving the model at the end of epoch 10, iters 259840
learning rate 0.0002000 -> 0.0001600
End of epoch 10 / 30 	 Time Taken: 330 sec
validation accuracies:
                gf: 0.97
                real: 0.39
                fake: 0.84

ran validation set (B:4101) in                         33.5 s.
(epoch: 11, batches: 100, time: 0.006, data: 0.003) loss_G_comp: 1.043 loss_G_anti_sc: 0.260 loss_G: 1.303 loss_D_real: 0.727 loss_D_fake: 0.385 loss_D: 3.128 acc_real: 0.391 acc_fake: 0.842 loss_AUX: 1.556 loss_D_gr_fake: 0.461 acc_grfake: 0.967 
validation accuracies:
                gf: 0.95
                real: 0.39
                fake: 0.95

ran validation set (B:4201) in                         33.9 s.
(epoch: 11, batches: 200, time: 0.007, data: 0.001) loss_G_comp: 0.843 loss_G_anti_sc: 0.321 loss_G: 1.164 loss_D_real: 0.741 loss_D_fake: 0.348 loss_D: 2.966 acc_real: 0.390 acc_fake: 0.953 loss_AUX: 1.479 loss_D_gr_fake: 0.398 acc_grfake: 0.945 
validation accuracies:
                gf: 0.93
                real: 0.40
                fake: 0.78

ran validation set (B:4301) in                         34.5 s.
(epoch: 11, batches: 300, time: 0.005, data: 0.003) loss_G_comp: 1.026 loss_G_anti_sc: 0.246 loss_G: 1.272 loss_D_real: 0.762 loss_D_fake: 0.389 loss_D: 2.965 acc_real: 0.402 acc_fake: 0.780 loss_AUX: 1.460 loss_D_gr_fake: 0.353 acc_grfake: 0.931 
validation accuracies:
                gf: 0.94
                real: 0.46
                fake: 0.94

ran validation set (B:4401) in                         33.5 s.
(epoch: 11, batches: 400, time: 0.006, data: 0.001) loss_G_comp: 0.801 loss_G_anti_sc: 0.293 loss_G: 1.094 loss_D_real: 0.741 loss_D_fake: 0.420 loss_D: 2.940 acc_real: 0.462 acc_fake: 0.936 loss_AUX: 1.386 loss_D_gr_fake: 0.393 acc_grfake: 0.939 
learning rate 0.0001600 -> 0.0001600
End of epoch 11 / 30 	 Time Taken: 332 sec
validation accuracies:
                gf: 0.94
                real: 0.46
                fake: 0.74

ran validation set (B:4501) in                         34.1 s.
(epoch: 12, batches: 100, time: 0.006, data: 0.004) loss_G_comp: 0.985 loss_G_anti_sc: 0.232 loss_G: 1.216 loss_D_real: 0.710 loss_D_fake: 0.415 loss_D: 2.983 acc_real: 0.455 acc_fake: 0.739 loss_AUX: 1.446 loss_D_gr_fake: 0.413 acc_grfake: 0.936 
validation accuracies:
                gf: 0.94
                real: 0.46
                fake: 0.93

ran validation set (B:4601) in                         33.5 s.
(epoch: 12, batches: 200, time: 0.005, data: 0.005) loss_G_comp: 0.787 loss_G_anti_sc: 0.305 loss_G: 1.092 loss_D_real: 0.760 loss_D_fake: 0.447 loss_D: 2.993 acc_real: 0.464 acc_fake: 0.931 loss_AUX: 1.440 loss_D_gr_fake: 0.345 acc_grfake: 0.940 
validation accuracies:
                gf: 0.94
                real: 0.44
                fake: 0.69

ran validation set (B:4701) in                         34.6 s.
(epoch: 12, batches: 300, time: 0.006, data: 0.003) loss_G_comp: 1.002 loss_G_anti_sc: 0.210 loss_G: 1.212 loss_D_real: 0.731 loss_D_fake: 0.459 loss_D: 3.077 acc_real: 0.442 acc_fake: 0.694 loss_AUX: 1.481 loss_D_gr_fake: 0.405 acc_grfake: 0.943 
validation accuracies:
                gf: 0.94
                real: 0.46
                fake: 0.92

ran validation set (B:4801) in                         34.2 s.
(epoch: 12, batches: 400, time: 0.007, data: 0.019) loss_G_comp: 0.787 loss_G_anti_sc: 0.292 loss_G: 1.079 loss_D_real: 0.752 loss_D_fake: 0.465 loss_D: 2.867 acc_real: 0.459 acc_fake: 0.917 loss_AUX: 1.390 loss_D_gr_fake: 0.259 acc_grfake: 0.945 
learning rate 0.0001600 -> 0.0001600
End of epoch 12 / 30 	 Time Taken: 334 sec
validation accuracies:
                gf: 0.94
                real: 0.46
                fake: 0.64

ran validation set (B:4901) in                         34.2 s.
(epoch: 13, batches: 100, time: 0.005, data: 0.003) loss_G_comp: 1.031 loss_G_anti_sc: 0.216 loss_G: 1.247 loss_D_real: 0.752 loss_D_fake: 0.422 loss_D: 2.832 acc_real: 0.465 acc_fake: 0.636 loss_AUX: 1.376 loss_D_gr_fake: 0.282 acc_grfake: 0.944 
validation accuracies:
                gf: 0.97
                real: 0.43
                fake: 0.93

ran validation set (B:5001) in                         34.7 s.
(epoch: 13, batches: 200, time: 0.006, data: 0.003) loss_G_comp: 0.792 loss_G_anti_sc: 0.276 loss_G: 1.068 loss_D_real: 0.697 loss_D_fake: 0.442 loss_D: 2.913 acc_real: 0.432 acc_fake: 0.928 loss_AUX: 1.433 loss_D_gr_fake: 0.341 acc_grfake: 0.965 
validation accuracies:
                gf: 0.96
                real: 0.45
                fake: 0.62

ran validation set (B:5101) in                         34.0 s.
(epoch: 13, batches: 300, time: 0.005, data: 0.004) loss_G_comp: 0.982 loss_G_anti_sc: 0.225 loss_G: 1.207 loss_D_real: 0.672 loss_D_fake: 0.475 loss_D: 2.826 acc_real: 0.447 acc_fake: 0.618 loss_AUX: 1.350 loss_D_gr_fake: 0.328 acc_grfake: 0.959 
validation accuracies:
                gf: 0.96
                real: 0.48
                fake: 0.92

ran validation set (B:5201) in                         34.7 s.
(epoch: 13, batches: 400, time: 0.007, data: 0.018) loss_G_comp: 0.707 loss_G_anti_sc: 0.256 loss_G: 0.963 loss_D_real: 0.758 loss_D_fake: 0.450 loss_D: 2.832 acc_real: 0.482 acc_fake: 0.922 loss_AUX: 1.353 loss_D_gr_fake: 0.271 acc_grfake: 0.961 
learning rate 0.0001600 -> 0.0001600
End of epoch 13 / 30 	 Time Taken: 331 sec
validation accuracies:
                gf: 0.96
                real: 0.48
                fake: 0.55

ran validation set (B:5301) in                         34.0 s.
(epoch: 14, batches: 100, time: 0.005, data: 0.003) loss_G_comp: 0.941 loss_G_anti_sc: 0.237 loss_G: 1.179 loss_D_real: 0.685 loss_D_fake: 0.448 loss_D: 2.773 acc_real: 0.475 acc_fake: 0.551 loss_AUX: 1.403 loss_D_gr_fake: 0.237 acc_grfake: 0.963 
validation accuracies:
                gf: 0.95
                real: 0.56
                fake: 0.90

ran validation set (B:5401) in                         33.4 s.
(epoch: 14, batches: 200, time: 0.006, data: 0.006) loss_G_comp: 0.718 loss_G_anti_sc: 0.258 loss_G: 0.977 loss_D_real: 0.677 loss_D_fake: 0.422 loss_D: 2.695 acc_real: 0.558 acc_fake: 0.899 loss_AUX: 1.342 loss_D_gr_fake: 0.254 acc_grfake: 0.950 
validation accuracies:
                gf: 0.96
                real: 0.53
                fake: 0.50

ran validation set (B:5501) in                         34.5 s.
(epoch: 14, batches: 300, time: 0.011, data: 0.003) loss_G_comp: 0.739 loss_G_anti_sc: 0.246 loss_G: 0.986 loss_D_real: 0.784 loss_D_fake: 0.278 loss_D: 2.881 acc_real: 0.529 acc_fake: 0.499 loss_AUX: 1.637 loss_D_gr_fake: 0.182 acc_grfake: 0.962 
validation accuracies:
                gf: 0.98
                real: 0.38
                fake: 0.97

ran validation set (B:5601) in                         33.2 s.
(epoch: 14, batches: 400, time: 0.006, data: 0.001) loss_G_comp: 1.170 loss_G_anti_sc: 0.196 loss_G: 1.366 loss_D_real: 0.784 loss_D_fake: 0.322 loss_D: 2.914 acc_real: 0.385 acc_fake: 0.968 loss_AUX: 1.640 loss_D_gr_fake: 0.168 acc_grfake: 0.982 
learning rate 0.0001600 -> 0.0001600
End of epoch 14 / 30 	 Time Taken: 350 sec
validation accuracies:
                gf: 0.98
                real: 0.39
                fake: 0.96

ran validation set (B:5701) in                         34.5 s.
(epoch: 15, batches: 100, time: 0.006, data: 0.004) loss_G_comp: 1.119 loss_G_anti_sc: 0.299 loss_G: 1.419 loss_D_real: 0.711 loss_D_fake: 0.355 loss_D: 3.098 acc_real: 0.391 acc_fake: 0.958 loss_AUX: 1.585 loss_D_gr_fake: 0.447 acc_grfake: 0.980 
validation accuracies:
                gf: 0.94
                real: 0.44
                fake: 0.96

ran validation set (B:5801) in                         33.9 s.
(epoch: 15, batches: 200, time: 0.006, data: 0.028) loss_G_comp: 0.770 loss_G_anti_sc: 0.429 loss_G: 1.200 loss_D_real: 0.737 loss_D_fake: 0.392 loss_D: 2.991 acc_real: 0.436 acc_fake: 0.964 loss_AUX: 1.478 loss_D_gr_fake: 0.384 acc_grfake: 0.945 
validation accuracies:
                gf: 0.95
                real: 0.43
                fake: 0.75

ran validation set (B:5901) in                         33.5 s.
(epoch: 15, batches: 300, time: 0.006, data: 0.003) loss_G_comp: 1.025 loss_G_anti_sc: 0.292 loss_G: 1.317 loss_D_real: 0.729 loss_D_fake: 0.426 loss_D: 3.008 acc_real: 0.425 acc_fake: 0.752 loss_AUX: 1.501 loss_D_gr_fake: 0.352 acc_grfake: 0.952 
validation accuracies:
                gf: 0.97
                real: 0.41
                fake: 0.96

ran validation set (B:6001) in                         34.2 s.
(epoch: 15, batches: 400, time: 0.006, data: 0.001) loss_G_comp: 0.798 loss_G_anti_sc: 0.338 loss_G: 1.137 loss_D_real: 0.770 loss_D_fake: 0.375 loss_D: 2.919 acc_real: 0.407 acc_fake: 0.956 loss_AUX: 1.448 loss_D_gr_fake: 0.326 acc_grfake: 0.972 
learning rate 0.0001600 -> 0.0001600
End of epoch 15 / 30 	 Time Taken: 334 sec
validation accuracies:
                gf: 0.97
                real: 0.40
                fake: 0.77

ran validation set (B:6101) in                         33.2 s.
(epoch: 16, batches: 100, time: 0.006, data: 0.004) loss_G_comp: 0.961 loss_G_anti_sc: 0.256 loss_G: 1.218 loss_D_real: 0.742 loss_D_fake: 0.466 loss_D: 2.990 acc_real: 0.401 acc_fake: 0.766 loss_AUX: 1.483 loss_D_gr_fake: 0.299 acc_grfake: 0.972 
validation accuracies:
                gf: 0.97
                real: 0.46
                fake: 0.90

ran validation set (B:6201) in                         34.6 s.
(epoch: 16, batches: 200, time: 0.007, data: 0.003) loss_G_comp: 0.787 loss_G_anti_sc: 0.316 loss_G: 1.103 loss_D_real: 0.748 loss_D_fake: 0.431 loss_D: 2.898 acc_real: 0.462 acc_fake: 0.901 loss_AUX: 1.450 loss_D_gr_fake: 0.268 acc_grfake: 0.967 
validation accuracies:
                gf: 0.97
                real: 0.44
                fake: 0.67

ran validation set (B:6301) in                         33.6 s.
(epoch: 16, batches: 300, time: 0.005, data: 0.004) loss_G_comp: 0.963 loss_G_anti_sc: 0.202 loss_G: 1.165 loss_D_real: 0.711 loss_D_fake: 0.469 loss_D: 2.985 acc_real: 0.445 acc_fake: 0.665 loss_AUX: 1.481 loss_D_gr_fake: 0.324 acc_grfake: 0.967 
validation accuracies:
                gf: 0.96
                real: 0.51
                fake: 0.91

ran validation set (B:6401) in                         34.6 s.
(epoch: 16, batches: 400, time: 0.006, data: 0.416) loss_G_comp: 0.707 loss_G_anti_sc: 0.333 loss_G: 1.040 loss_D_real: 0.710 loss_D_fake: 0.398 loss_D: 2.868 acc_real: 0.508 acc_fake: 0.913 loss_AUX: 1.489 loss_D_gr_fake: 0.270 acc_grfake: 0.965 
learning rate 0.0001600 -> 0.0001600
End of epoch 16 / 30 	 Time Taken: 333 sec
validation accuracies:
                gf: 0.97
                real: 0.52
                fake: 0.48

ran validation set (B:6501) in                         33.9 s.
(epoch: 17, batches: 100, time: 0.011, data: 0.003) loss_G_comp: 0.706 loss_G_anti_sc: 0.352 loss_G: 1.058 loss_D_real: 0.813 loss_D_fake: 0.208 loss_D: 2.600 acc_real: 0.523 acc_fake: 0.485 loss_AUX: 1.408 loss_D_gr_fake: 0.171 acc_grfake: 0.968 
validation accuracies:
                gf: 0.97
                real: 0.47
                fake: 0.98

ran validation set (B:6601) in                         34.7 s.
(epoch: 17, batches: 200, time: 0.005, data: 0.007) loss_G_comp: 1.268 loss_G_anti_sc: 0.242 loss_G: 1.511 loss_D_real: 0.775 loss_D_fake: 0.174 loss_D: 2.523 acc_real: 0.473 acc_fake: 0.975 loss_AUX: 1.405 loss_D_gr_fake: 0.169 acc_grfake: 0.973 
validation accuracies:
                gf: 0.98
                real: 0.48
                fake: 0.97

ran validation set (B:6701) in                         34.2 s.
(epoch: 17, batches: 300, time: 0.006, data: 0.004) loss_G_comp: 1.082 loss_G_anti_sc: 0.311 loss_G: 1.393 loss_D_real: 0.704 loss_D_fake: 0.351 loss_D: 2.660 acc_real: 0.484 acc_fake: 0.968 loss_AUX: 1.211 loss_D_gr_fake: 0.394 acc_grfake: 0.975 
validation accuracies:
                gf: 0.95
                real: 0.53
                fake: 0.96

ran validation set (B:6801) in                         33.4 s.
(epoch: 17, batches: 400, time: 0.006, data: 0.001) loss_G_comp: 0.786 loss_G_anti_sc: 0.492 loss_G: 1.278 loss_D_real: 0.677 loss_D_fake: 0.373 loss_D: 2.750 acc_real: 0.533 acc_fake: 0.958 loss_AUX: 1.289 loss_D_gr_fake: 0.412 acc_grfake: 0.946 
validation accuracies:
                gf: 0.94
                real: 0.55
                fake: 0.79

ran validation set (B:6901) in                         32.6 s.
learning rate 0.0001600 -> 0.0001600
End of epoch 17 / 30 	 Time Taken: 384 sec
validation accuracies:
                gf: 0.96
                real: 0.53
                fake: 0.96

ran validation set (B:7001) in                         33.7 s.
(epoch: 18, batches: 100, time: 0.005, data: 0.003) loss_G_comp: 0.954 loss_G_anti_sc: 0.320 loss_G: 1.274 loss_D_real: 0.702 loss_D_fake: 0.395 loss_D: 2.754 acc_real: 0.526 acc_fake: 0.961 loss_AUX: 1.352 loss_D_gr_fake: 0.305 acc_grfake: 0.960 
validation accuracies:
                gf: 0.96
                real: 0.52
                fake: 0.69

ran validation set (B:7101) in                         34.2 s.
(epoch: 18, batches: 200, time: 0.005, data: 0.002) loss_G_comp: 0.624 loss_G_anti_sc: 0.521 loss_G: 1.145 loss_D_real: 0.707 loss_D_fake: 0.618 loss_D: 3.182 acc_real: 0.523 acc_fake: 0.691 loss_AUX: 1.539 loss_D_gr_fake: 0.318 acc_grfake: 0.958 
validation accuracies:
                gf: 0.96
                real: 0.52
                fake: 0.95

ran validation set (B:7201) in                         33.7 s.
(epoch: 18, batches: 300, time: 0.005, data: 0.003) loss_G_comp: 0.890 loss_G_anti_sc: 0.284 loss_G: 1.174 loss_D_real: 0.763 loss_D_fake: 0.393 loss_D: 2.808 acc_real: 0.519 acc_fake: 0.949 loss_AUX: 1.420 loss_D_gr_fake: 0.232 acc_grfake: 0.961 
validation accuracies:
                gf: 0.96
                real: 0.52
                fake: 0.68

ran validation set (B:7301) in                         34.1 s.
(epoch: 18, batches: 400, time: 0.005, data: 0.004) loss_G_comp: 0.608 loss_G_anti_sc: 0.587 loss_G: 1.195 loss_D_real: 0.732 loss_D_fake: 0.623 loss_D: 3.252 acc_real: 0.520 acc_fake: 0.677 loss_AUX: 1.589 loss_D_gr_fake: 0.307 acc_grfake: 0.964 
learning rate 0.0001600 -> 0.0001600
End of epoch 18 / 30 	 Time Taken: 333 sec
validation accuracies:
                gf: 0.95
                real: 0.61
                fake: 0.96

ran validation set (B:7401) in                         34.0 s.
(epoch: 19, batches: 100, time: 0.006, data: 0.003) loss_G_comp: 0.774 loss_G_anti_sc: 0.341 loss_G: 1.115 loss_D_real: 0.669 loss_D_fake: 0.407 loss_D: 2.837 acc_real: 0.610 acc_fake: 0.956 loss_AUX: 1.478 loss_D_gr_fake: 0.283 acc_grfake: 0.953 
validation accuracies:
                gf: 0.95
                real: 0.60
                fake: 0.54

ran validation set (B:7501) in                         33.9 s.
(epoch: 19, batches: 200, time: 0.005, data: 0.003) loss_G_comp: 0.861 loss_G_anti_sc: 0.254 loss_G: 1.115 loss_D_real: 0.628 loss_D_fake: 0.639 loss_D: 3.170 acc_real: 0.600 acc_fake: 0.542 loss_AUX: 1.553 loss_D_gr_fake: 0.350 acc_grfake: 0.948 
validation accuracies:
                gf: 0.95
                real: 0.61
                fake: 0.93

ran validation set (B:7601) in                         34.2 s.
(epoch: 19, batches: 300, time: 0.006, data: 0.003) loss_G_comp: 0.795 loss_G_anti_sc: 0.269 loss_G: 1.064 loss_D_real: 0.698 loss_D_fake: 0.398 loss_D: 2.812 acc_real: 0.614 acc_fake: 0.928 loss_AUX: 1.496 loss_D_gr_fake: 0.220 acc_grfake: 0.954 
validation accuracies:
                gf: 0.95
                real: 0.60
                fake: 0.56

ran validation set (B:7701) in                         34.5 s.
(epoch: 19, batches: 400, time: 0.005, data: 0.003) loss_G_comp: 0.780 loss_G_anti_sc: 0.427 loss_G: 1.207 loss_D_real: 0.554 loss_D_fake: 0.704 loss_D: 3.112 acc_real: 0.604 acc_fake: 0.556 loss_AUX: 1.378 loss_D_gr_fake: 0.476 acc_grfake: 0.947 
learning rate 0.0001600 -> 0.0001600
End of epoch 19 / 30 	 Time Taken: 336 sec
validation accuracies:
                gf: 0.94
                real: 0.65
                fake: 0.93

ran validation set (B:7801) in                         33.8 s.
(epoch: 20, batches: 100, time: 0.006, data: 0.003) loss_G_comp: 0.768 loss_G_anti_sc: 0.294 loss_G: 1.062 loss_D_real: 0.662 loss_D_fake: 0.374 loss_D: 2.690 acc_real: 0.655 acc_fake: 0.925 loss_AUX: 1.421 loss_D_gr_fake: 0.233 acc_grfake: 0.945 
validation accuracies:
                gf: 0.94
                real: 0.64
                fake: 0.59

ran validation set (B:7901) in                         34.7 s.
(epoch: 20, batches: 200, time: 0.006, data: 0.005) loss_G_comp: 1.018 loss_G_anti_sc: 0.262 loss_G: 1.280 loss_D_real: 0.567 loss_D_fake: 0.438 loss_D: 2.708 acc_real: 0.636 acc_fake: 0.590 loss_AUX: 1.375 loss_D_gr_fake: 0.328 acc_grfake: 0.943 
validation accuracies:
                gf: 0.95
                real: 0.61
                fake: 0.92

ran validation set (B:8001) in                         33.4 s.
(epoch: 20, batches: 300, time: 0.007, data: 0.003) loss_G_comp: 0.777 loss_G_anti_sc: 0.260 loss_G: 1.037 loss_D_real: 0.720 loss_D_fake: 0.402 loss_D: 2.794 acc_real: 0.608 acc_fake: 0.920 loss_AUX: 1.411 loss_D_gr_fake: 0.261 acc_grfake: 0.947 
validation accuracies:
                gf: 0.96
                real: 0.62
                fake: 0.48

ran validation set (B:8101) in                         34.3 s.
(epoch: 20, batches: 400, time: 0.011, data: 0.003) loss_G_comp: 0.688 loss_G_anti_sc: 0.287 loss_G: 0.975 loss_D_real: 0.776 loss_D_fake: 0.572 loss_D: 3.033 acc_real: 0.615 acc_fake: 0.478 loss_AUX: 1.488 loss_D_gr_fake: 0.198 acc_grfake: 0.960 
saving the model at the end of epoch 20, iters 519680
learning rate 0.0001600 -> 0.0001280
End of epoch 20 / 30 	 Time Taken: 340 sec
validation accuracies:
                gf: 0.97
                real: 0.57
                fake: 0.97

ran validation set (B:8201) in                         33.5 s.
(epoch: 21, batches: 100, time: 0.006, data: 0.003) loss_G_comp: 1.541 loss_G_anti_sc: 0.127 loss_G: 1.668 loss_D_real: 0.691 loss_D_fake: 0.203 loss_D: 2.437 acc_real: 0.570 acc_fake: 0.968 loss_AUX: 1.408 loss_D_gr_fake: 0.134 acc_grfake: 0.967 
validation accuracies:
                gf: 0.96
                real: 0.58
                fake: 0.89

ran validation set (B:8301) in                         35.3 s.
(epoch: 21, batches: 200, time: 0.006, data: 0.001) loss_G_comp: 1.069 loss_G_anti_sc: 0.348 loss_G: 1.417 loss_D_real: 0.736 loss_D_fake: 0.389 loss_D: 3.412 acc_real: 0.577 acc_fake: 0.885 loss_AUX: 1.832 loss_D_gr_fake: 0.455 acc_grfake: 0.963 
validation accuracies:
                gf: 0.95
                real: 0.44
                fake: 0.93

ran validation set (B:8401) in                         34.6 s.
(epoch: 21, batches: 300, time: 0.007, data: 0.003) loss_G_comp: 0.769 loss_G_anti_sc: 0.336 loss_G: 1.105 loss_D_real: 0.731 loss_D_fake: 0.411 loss_D: 3.004 acc_real: 0.438 acc_fake: 0.926 loss_AUX: 1.516 loss_D_gr_fake: 0.346 acc_grfake: 0.948 
validation accuracies:
                gf: 0.96
                real: 0.44
                fake: 0.58

ran validation set (B:8501) in                         33.7 s.
(epoch: 21, batches: 400, time: 0.005, data: 0.018) loss_G_comp: 1.077 loss_G_anti_sc: 0.269 loss_G: 1.346 loss_D_real: 0.597 loss_D_fake: 0.420 loss_D: 2.940 acc_real: 0.442 acc_fake: 0.583 loss_AUX: 1.420 loss_D_gr_fake: 0.502 acc_grfake: 0.956 
learning rate 0.0001280 -> 0.0001280
End of epoch 21 / 30 	 Time Taken: 351 sec
validation accuracies:
                gf: 0.96
                real: 0.45
                fake: 0.88

ran validation set (B:8601) in                         32.9 s.
(epoch: 22, batches: 100, time: 0.007, data: 0.003) loss_G_comp: 0.790 loss_G_anti_sc: 0.291 loss_G: 1.081 loss_D_real: 0.747 loss_D_fake: 0.504 loss_D: 2.992 acc_real: 0.451 acc_fake: 0.875 loss_AUX: 1.478 loss_D_gr_fake: 0.263 acc_grfake: 0.961 
validation accuracies:
                gf: 0.96
                real: 0.46
                fake: 0.57

ran validation set (B:8701) in                         34.1 s.
(epoch: 22, batches: 200, time: 0.005, data: 0.003) loss_G_comp: 1.139 loss_G_anti_sc: 0.197 loss_G: 1.335 loss_D_real: 0.617 loss_D_fake: 0.440 loss_D: 2.976 acc_real: 0.458 acc_fake: 0.570 loss_AUX: 1.504 loss_D_gr_fake: 0.415 acc_grfake: 0.958 
validation accuracies:
                gf: 0.96
                real: 0.50
                fake: 0.91

ran validation set (B:8801) in                         34.0 s.
(epoch: 22, batches: 300, time: 0.006, data: 0.003) loss_G_comp: 0.717 loss_G_anti_sc: 0.311 loss_G: 1.028 loss_D_real: 0.740 loss_D_fake: 0.460 loss_D: 2.920 acc_real: 0.499 acc_fake: 0.912 loss_AUX: 1.436 loss_D_gr_fake: 0.285 acc_grfake: 0.957 
validation accuracies:
                gf: 0.96
                real: 0.51
                fake: 0.46

ran validation set (B:8901) in                         34.7 s.
(epoch: 22, batches: 400, time: 0.011, data: 0.003) loss_G_comp: 0.753 loss_G_anti_sc: 0.272 loss_G: 1.025 loss_D_real: 0.874 loss_D_fake: 0.457 loss_D: 2.991 acc_real: 0.512 acc_fake: 0.464 loss_AUX: 1.481 loss_D_gr_fake: 0.179 acc_grfake: 0.958 
learning rate 0.0001280 -> 0.0001280
End of epoch 22 / 30 	 Time Taken: 341 sec
validation accuracies:
                gf: 0.98
                real: 0.36
                fake: 0.97

ran validation set (B:9001) in                         34.1 s.
(epoch: 23, batches: 100, time: 0.007, data: 0.004) loss_G_comp: 1.519 loss_G_anti_sc: 0.117 loss_G: 1.636 loss_D_real: 0.787 loss_D_fake: 0.263 loss_D: 2.688 acc_real: 0.361 acc_fake: 0.969 loss_AUX: 1.450 loss_D_gr_fake: 0.187 acc_grfake: 0.982 
validation accuracies:
                gf: 0.98
                real: 0.37
                fake: 0.93

ran validation set (B:9101) in                         34.0 s.
(epoch: 23, batches: 200, time: 0.005, data: 0.003) loss_G_comp: 1.042 loss_G_anti_sc: 0.367 loss_G: 1.410 loss_D_real: 0.590 loss_D_fake: 0.393 loss_D: 3.357 acc_real: 0.370 acc_fake: 0.933 loss_AUX: 1.410 loss_D_gr_fake: 0.964 acc_grfake: 0.979 
validation accuracies:
                gf: 0.76
                real: 0.71
                fake: 0.91

ran validation set (B:9201) in                         33.8 s.
(epoch: 23, batches: 300, time: 0.006, data: 0.002) loss_G_comp: 0.789 loss_G_anti_sc: 0.407 loss_G: 1.196 loss_D_real: 0.740 loss_D_fake: 0.333 loss_D: 2.914 acc_real: 0.710 acc_fake: 0.910 loss_AUX: 1.405 loss_D_gr_fake: 0.437 acc_grfake: 0.764 
validation accuracies:
                gf: 0.78
                real: 0.71
                fake: 0.62

ran validation set (B:9301) in                         34.6 s.
(epoch: 23, batches: 400, time: 0.005, data: 0.003) loss_G_comp: 0.991 loss_G_anti_sc: 0.288 loss_G: 1.279 loss_D_real: 0.746 loss_D_fake: 0.476 loss_D: 3.164 acc_real: 0.707 acc_fake: 0.618 loss_AUX: 1.443 loss_D_gr_fake: 0.500 acc_grfake: 0.783 
learning rate 0.0001280 -> 0.0001280
End of epoch 23 / 30 	 Time Taken: 348 sec
validation accuracies:
                gf: 0.92
                real: 0.50
                fake: 0.93

ran validation set (B:9401) in                         33.6 s.
(epoch: 24, batches: 100, time: 0.006, data: 0.003) loss_G_comp: 0.792 loss_G_anti_sc: 0.345 loss_G: 1.137 loss_D_real: 0.744 loss_D_fake: 0.394 loss_D: 3.034 acc_real: 0.497 acc_fake: 0.934 loss_AUX: 1.514 loss_D_gr_fake: 0.382 acc_grfake: 0.924 
validation accuracies:
                gf: 0.94
                real: 0.49
                fake: 0.64

ran validation set (B:9501) in                         34.6 s.
(epoch: 24, batches: 200, time: 0.006, data: 0.003) loss_G_comp: 1.060 loss_G_anti_sc: 0.240 loss_G: 1.300 loss_D_real: 0.732 loss_D_fake: 0.440 loss_D: 2.906 acc_real: 0.492 acc_fake: 0.644 loss_AUX: 1.310 loss_D_gr_fake: 0.425 acc_grfake: 0.936 
validation accuracies:
                gf: 0.95
                real: 0.49
                fake: 0.93

ran validation set (B:9601) in                         33.3 s.
(epoch: 24, batches: 300, time: 0.006, data: 0.005) loss_G_comp: 0.793 loss_G_anti_sc: 0.316 loss_G: 1.109 loss_D_real: 0.782 loss_D_fake: 0.468 loss_D: 3.131 acc_real: 0.492 acc_fake: 0.926 loss_AUX: 1.537 loss_D_gr_fake: 0.344 acc_grfake: 0.947 
validation accuracies:
                gf: 0.95
                real: 0.49
                fake: 0.61

ran validation set (B:9701) in                         33.8 s.
(epoch: 24, batches: 400, time: 0.005, data: 0.003) loss_G_comp: 0.929 loss_G_anti_sc: 0.285 loss_G: 1.214 loss_D_real: 0.692 loss_D_fake: 0.451 loss_D: 2.846 acc_real: 0.489 acc_fake: 0.607 loss_AUX: 1.311 loss_D_gr_fake: 0.392 acc_grfake: 0.948 
learning rate 0.0001280 -> 0.0001280
End of epoch 24 / 30 	 Time Taken: 334 sec
validation accuracies:
                gf: 0.95
                real: 0.52
                fake: 0.93

ran validation set (B:9801) in                         33.2 s.
(epoch: 25, batches: 100, time: 0.006, data: 0.012) loss_G_comp: 0.747 loss_G_anti_sc: 0.291 loss_G: 1.038 loss_D_real: 0.728 loss_D_fake: 0.509 loss_D: 3.063 acc_real: 0.525 acc_fake: 0.926 loss_AUX: 1.492 loss_D_gr_fake: 0.335 acc_grfake: 0.951 
validation accuracies:
                gf: 0.95
                real: 0.52
                fake: 0.52

ran validation set (B:9901) in                         34.9 s.
(epoch: 25, batches: 200, time: 0.005, data: 0.003) loss_G_comp: 0.975 loss_G_anti_sc: 0.212 loss_G: 1.187 loss_D_real: 0.743 loss_D_fake: 0.428 loss_D: 2.812 acc_real: 0.518 acc_fake: 0.520 loss_AUX: 1.334 loss_D_gr_fake: 0.307 acc_grfake: 0.955 
validation accuracies:
                gf: 0.95
                real: 0.53
                fake: 0.92

ran validation set (B:10001) in                         33.1 s.
(epoch: 25, batches: 300, time: 0.007, data: 0.013) loss_G_comp: 0.726 loss_G_anti_sc: 0.318 loss_G: 1.044 loss_D_real: 0.748 loss_D_fake: 0.418 loss_D: 2.890 acc_real: 0.533 acc_fake: 0.923 loss_AUX: 1.459 loss_D_gr_fake: 0.264 acc_grfake: 0.954 
validation accuracies:
                gf: 0.96
                real: 0.54
                fake: 0.53

ran validation set (B:10101) in                         34.7 s.
(epoch: 25, batches: 400, time: 0.005, data: 0.003) loss_G_comp: 0.970 loss_G_anti_sc: 0.186 loss_G: 1.155 loss_D_real: 0.726 loss_D_fake: 0.435 loss_D: 2.866 acc_real: 0.539 acc_fake: 0.525 loss_AUX: 1.430 loss_D_gr_fake: 0.275 acc_grfake: 0.958 
learning rate 0.0001280 -> 0.0001280
End of epoch 25 / 30 	 Time Taken: 334 sec
validation accuracies:
                gf: 0.96
                real: 0.58
                fake: 0.87

ran validation set (B:10201) in                         32.7 s.
(epoch: 26, batches: 100, time: 0.007, data: 0.017) loss_G_comp: 0.674 loss_G_anti_sc: 0.311 loss_G: 0.985 loss_D_real: 0.688 loss_D_fake: 0.507 loss_D: 2.916 acc_real: 0.584 acc_fake: 0.868 loss_AUX: 1.433 loss_D_gr_fake: 0.288 acc_grfake: 0.960 
validation accuracies:
                gf: 0.96
                real: 0.57
                fake: 0.50

ran validation set (B:10301) in                         34.0 s.
(epoch: 26, batches: 200, time: 0.012, data: 0.004) loss_G_comp: 0.740 loss_G_anti_sc: 0.269 loss_G: 1.009 loss_D_real: 0.823 loss_D_fake: 0.344 loss_D: 2.860 acc_real: 0.572 acc_fake: 0.497 loss_AUX: 1.547 loss_D_gr_fake: 0.146 acc_grfake: 0.959 
validation accuracies:
                gf: 0.99
                real: 0.36
                fake: 0.97

ran validation set (B:10401) in                         33.3 s.
(epoch: 26, batches: 300, time: 0.006, data: 0.002) loss_G_comp: 1.253 loss_G_anti_sc: 0.211 loss_G: 1.464 loss_D_real: 0.807 loss_D_fake: 0.285 loss_D: 2.754 acc_real: 0.360 acc_fake: 0.972 loss_AUX: 1.487 loss_D_gr_fake: 0.175 acc_grfake: 0.985 
validation accuracies:
                gf: 0.98
                real: 0.37
                fake: 0.95

ran validation set (B:10501) in                         33.6 s.
(epoch: 26, batches: 400, time: 0.005, data: 0.004) loss_G_comp: 1.122 loss_G_anti_sc: 0.290 loss_G: 1.412 loss_D_real: 0.614 loss_D_fake: 0.439 loss_D: 2.946 acc_real: 0.367 acc_fake: 0.948 loss_AUX: 1.348 loss_D_gr_fake: 0.545 acc_grfake: 0.984 
learning rate 0.0001280 -> 0.0001280
End of epoch 26 / 30 	 Time Taken: 350 sec
validation accuracies:
                gf: 0.94
                real: 0.61
                fake: 0.94

ran validation set (B:10601) in                         34.5 s.
(epoch: 27, batches: 100, time: 0.006, data: 0.001) loss_G_comp: 0.859 loss_G_anti_sc: 0.414 loss_G: 1.273 loss_D_real: 0.680 loss_D_fake: 0.329 loss_D: 2.654 acc_real: 0.610 acc_fake: 0.945 loss_AUX: 1.317 loss_D_gr_fake: 0.327 acc_grfake: 0.940 
validation accuracies:
                gf: 0.95
                real: 0.61
                fake: 0.71

ran validation set (B:10701) in                         34.2 s.
(epoch: 27, batches: 200, time: 0.006, data: 0.003) loss_G_comp: 1.034 loss_G_anti_sc: 0.277 loss_G: 1.311 loss_D_real: 0.685 loss_D_fake: 0.384 loss_D: 2.819 acc_real: 0.610 acc_fake: 0.709 loss_AUX: 1.372 loss_D_gr_fake: 0.378 acc_grfake: 0.946 
validation accuracies:
                gf: 0.96
                real: 0.51
                fake: 0.96

ran validation set (B:10801) in                         34.3 s.
(epoch: 27, batches: 300, time: 0.006, data: 0.003) loss_G_comp: 0.817 loss_G_anti_sc: 0.372 loss_G: 1.189 loss_D_real: 0.705 loss_D_fake: 0.413 loss_D: 2.853 acc_real: 0.514 acc_fake: 0.962 loss_AUX: 1.393 loss_D_gr_fake: 0.343 acc_grfake: 0.963 
validation accuracies:
                gf: 0.96
                real: 0.53
                fake: 0.82

ran validation set (B:10901) in                         34.9 s.
(epoch: 27, batches: 400, time: 0.005, data: 0.004) loss_G_comp: 1.007 loss_G_anti_sc: 0.252 loss_G: 1.258 loss_D_real: 0.670 loss_D_fake: 0.438 loss_D: 2.942 acc_real: 0.534 acc_fake: 0.818 loss_AUX: 1.462 loss_D_gr_fake: 0.372 acc_grfake: 0.961 
learning rate 0.0001280 -> 0.0001280
End of epoch 27 / 30 	 Time Taken: 335 sec
validation accuracies:
                gf: 0.96
                real: 0.50
                fake: 0.95

ran validation set (B:11001) in                         34.4 s.
(epoch: 28, batches: 100, time: 0.006, data: 0.275) loss_G_comp: 0.797 loss_G_anti_sc: 0.318 loss_G: 1.115 loss_D_real: 0.700 loss_D_fake: 0.413 loss_D: 2.772 acc_real: 0.501 acc_fake: 0.949 loss_AUX: 1.357 loss_D_gr_fake: 0.301 acc_grfake: 0.962 
validation accuracies:
                gf: 0.96
                real: 0.52
                fake: 0.79

ran validation set (B:11101) in                         33.2 s.
(epoch: 28, batches: 200, time: 0.006, data: 0.003) loss_G_comp: 0.966 loss_G_anti_sc: 0.253 loss_G: 1.220 loss_D_real: 0.645 loss_D_fake: 0.454 loss_D: 2.919 acc_real: 0.516 acc_fake: 0.792 loss_AUX: 1.481 loss_D_gr_fake: 0.340 acc_grfake: 0.961 
validation accuracies:
                gf: 0.96
                real: 0.58
                fake: 0.94

ran validation set (B:11201) in                         34.5 s.
(epoch: 28, batches: 300, time: 0.007, data: 0.015) loss_G_comp: 0.798 loss_G_anti_sc: 0.330 loss_G: 1.128 loss_D_real: 0.675 loss_D_fake: 0.461 loss_D: 2.936 acc_real: 0.579 acc_fake: 0.938 loss_AUX: 1.497 loss_D_gr_fake: 0.304 acc_grfake: 0.959 
validation accuracies:
                gf: 0.95
                real: 0.58
                fake: 0.68

ran validation set (B:11301) in                         33.2 s.
(epoch: 28, batches: 400, time: 0.005, data: 0.001) loss_G_comp: 0.940 loss_G_anti_sc: 0.238 loss_G: 1.178 loss_D_real: 0.679 loss_D_fake: 0.504 loss_D: 2.859 acc_real: 0.582 acc_fake: 0.679 loss_AUX: 1.397 loss_D_gr_fake: 0.280 acc_grfake: 0.952 
learning rate 0.0001280 -> 0.0001280
End of epoch 28 / 30 	 Time Taken: 335 sec
validation accuracies:
                gf: 0.96
                real: 0.54
                fake: 0.91

ran validation set (B:11401) in                         34.1 s.
(epoch: 29, batches: 100, time: 0.006, data: 0.026) loss_G_comp: 0.784 loss_G_anti_sc: 0.284 loss_G: 1.068 loss_D_real: 0.705 loss_D_fake: 0.454 loss_D: 2.826 acc_real: 0.537 acc_fake: 0.914 loss_AUX: 1.444 loss_D_gr_fake: 0.223 acc_grfake: 0.963 
validation accuracies:
                gf: 0.96
                real: 0.54
                fake: 0.66

ran validation set (B:11501) in                         34.0 s.
(epoch: 29, batches: 200, time: 0.006, data: 0.003) loss_G_comp: 0.985 loss_G_anti_sc: 0.254 loss_G: 1.239 loss_D_real: 0.697 loss_D_fake: 0.431 loss_D: 2.849 acc_real: 0.539 acc_fake: 0.664 loss_AUX: 1.456 loss_D_gr_fake: 0.265 acc_grfake: 0.957 
validation accuracies:
                gf: 0.96
                real: 0.56
                fake: 0.92

ran validation set (B:11601) in                         34.1 s.
(epoch: 29, batches: 300, time: 0.006, data: 0.008) loss_G_comp: 0.756 loss_G_anti_sc: 0.305 loss_G: 1.061 loss_D_real: 0.689 loss_D_fake: 0.432 loss_D: 2.823 acc_real: 0.561 acc_fake: 0.917 loss_AUX: 1.452 loss_D_gr_fake: 0.250 acc_grfake: 0.962 
validation accuracies:
                gf: 0.97
                real: 0.56
                fake: 0.59

ran validation set (B:11701) in                         32.9 s.
(epoch: 29, batches: 400, time: 0.005, data: 0.004) loss_G_comp: 0.956 loss_G_anti_sc: 0.194 loss_G: 1.150 loss_D_real: 0.637 loss_D_fake: 0.479 loss_D: 2.780 acc_real: 0.557 acc_fake: 0.593 loss_AUX: 1.405 loss_D_gr_fake: 0.260 acc_grfake: 0.969 
learning rate 0.0001280 -> 0.0001280
End of epoch 29 / 30 	 Time Taken: 333 sec
validation accuracies:
                gf: 0.96
                real: 0.63
                fake: 0.91

ran validation set (B:11801) in                         33.5 s.
(epoch: 30, batches: 100, time: 0.006, data: 0.116) loss_G_comp: 0.692 loss_G_anti_sc: 0.270 loss_G: 0.962 loss_D_real: 0.630 loss_D_fake: 0.467 loss_D: 2.809 acc_real: 0.635 acc_fake: 0.910 loss_AUX: 1.427 loss_D_gr_fake: 0.285 acc_grfake: 0.960 
validation accuracies:
                gf: 0.95
                real: 0.61
                fake: 0.49

ran validation set (B:11901) in                         35.5 s.
(epoch: 30, batches: 200, time: 0.012, data: 0.003) loss_G_comp: 0.715 loss_G_anti_sc: 0.329 loss_G: 1.044 loss_D_real: 0.842 loss_D_fake: 0.265 loss_D: 2.663 acc_real: 0.607 acc_fake: 0.493 loss_AUX: 1.393 loss_D_gr_fake: 0.162 acc_grfake: 0.954 
validation accuracies:
                gf: 0.98
                real: 0.45
                fake: 0.97

ran validation set (B:12001) in                         33.0 s.
(epoch: 30, batches: 300, time: 0.005, data: 0.001) loss_G_comp: 1.907 loss_G_anti_sc: 0.101 loss_G: 2.008 loss_D_real: 0.762 loss_D_fake: 0.240 loss_D: 2.507 acc_real: 0.450 acc_fake: 0.970 loss_AUX: 1.349 loss_D_gr_fake: 0.155 acc_grfake: 0.977 
validation accuracies:
                gf: 0.98
                real: 0.43
                fake: 0.98

ran validation set (B:12101) in                         33.8 s.
(epoch: 30, batches: 400, time: 0.005, data: 0.004) loss_G_comp: 1.040 loss_G_anti_sc: 0.312 loss_G: 1.352 loss_D_real: 0.691 loss_D_fake: 0.438 loss_D: 2.789 acc_real: 0.432 acc_fake: 0.977 loss_AUX: 1.201 loss_D_gr_fake: 0.459 acc_grfake: 0.979 
saving the model at the end of epoch 30, iters 779520
learning rate 0.0001280 -> 0.0001024
End of epoch 30 / 30 	 Time Taken: 353 sec
Finished training, model is saved
Batches trained - G: 8041, D: 4139 
