starting MoveGAN training run 21
Tar file moved to scratch
Current time : 09:41:48

10k_train.tar.gz
990000_img.jpg
990000_mask_0.jpg
990000_mask_1.jpg
990000_mask_2.jpg
Tar file extracted on scratch
Current time : 09:41:54

Validation tar copied to scratch
Current time : 09:41:54

validation tar extracted on scratch
Current time : 09:41:54

----------------- Options ---------------
               batch_size: 64                            	[default: 1]
                    beta1: 0.5                           
                    beta2: 0.999                         
          checkpoints_dir: /scratch/checkpoints          	[default: ./checkpoints]
           continue_train: False                         
                crop_size: 64                            
                 dataroot: /scratch/datasets/ROOM/images/	[default: None]
             dataset_mode: room                          
                direction: AtoB                          
              display_env: main                          
             display_freq: 100                           
               display_id: 0                             	[default: 1]
            display_ncols: 4                             
             display_port: 8097                          
           display_server: http://localhost              
          display_winsize: 256                           
                    epoch: latest                        
              epoch_count: 1                             
              fake_target: 0.1                           
                 gan_mode: vanilla                       
                  gpu_ids: 0                             
                init_gain: 0.02                          
                init_type: normal                        
                 input_nc: 3                             
                  isTrain: True                          	[default: None]
          keep_last_batch: False                         
                load_iter: 0                             	[default: 0]
                load_size: 64                            
                       lr: 0.0002                        
           lr_decay_iters: 50                            
                lr_policy: step                          
         max_dataset_size: 10000                         	[default: inf]
          min_obj_surface: 60                            	[default: 100]
                    model: move                          	[default: copy]
                 n_epochs: 10                            	[default: 100]
           n_epochs_decay: 5                             	[default: 100]
               n_layers_D: 3                             
            n_layers_conv: 4                             
                     name: Move                          	[default: MoveModel]
                      ndf: 64                            
                     netD: basic                         
                     netG: resnet_9blocks                
                      ngf: 64                            
               no_dropout: False                         
                  no_flip: True                          
                  no_html: False                         
             noisy_labels: False                         
                     norm: instance                      
              num_threads: 4                             
                output_nc: 3                             
                    phase: train                         
                pool_size: 50                            
               preprocess: resize                        
               print_freq: 20                            
              real_target: 0.9                           
             save_by_iter: False                         
          save_epoch_freq: 5                             
         save_latest_freq: 5000                          
                     seed: 0                             
           serial_batches: False                         
                   suffix:                               
                theta_dim: 6                             	[default: 2]
              tracemalloc: False                         
               two_stream: False                         
         update_html_freq: 100                           
                  use_amp: False                         
              use_eq_loss: False                         
           val_batch_size: 128                           
                 val_freq: 100                           
                  verbose: True                          	[default: False]
----------------- End -------------------
dataset [RoomDataset] and dataloder are created
dataset [RoomDataset] and dataloder are created
Starting training of move-model
The number of training images = 10000
The number of validation images = 1111
The number of epochs to run = 15
Random seed is set to 30
gpu_ids: [0]
initialize network with normal
gpu_ids: [0]
initialize network with normal
model [MoveModel] was created
---------- Networks initialized -------------
DataParallel(
  (module): MoveConvNET(
    (model): Sequential(
      (0): Conv2d(6, 64, kernel_size=(3, 3), stride=(1, 1), padding=(1, 1))
      (1): LeakyReLU(negative_slope=0.2, inplace=True)
      (2): Conv2d(64, 128, kernel_size=(3, 3), stride=(2, 2), padding=(1, 1))
      (3): InstanceNorm2d(128, eps=1e-05, momentum=0.1, affine=False, track_running_stats=False)
      (4): LeakyReLU(negative_slope=0.2, inplace=True)
      (5): Conv2d(128, 256, kernel_size=(3, 3), stride=(2, 2), padding=(1, 1))
      (6): InstanceNorm2d(256, eps=1e-05, momentum=0.1, affine=False, track_running_stats=False)
      (7): LeakyReLU(negative_slope=0.2, inplace=True)
      (8): Conv2d(256, 512, kernel_size=(3, 3), stride=(2, 2), padding=(1, 1))
      (9): InstanceNorm2d(512, eps=1e-05, momentum=0.1, affine=False, track_running_stats=False)
      (10): LeakyReLU(negative_slope=0.2, inplace=True)
      (11): Conv2d(512, 512, kernel_size=(3, 3), stride=(2, 2), padding=(1, 1))
      (12): InstanceNorm2d(512, eps=1e-05, momentum=0.1, affine=False, track_running_stats=False)
      (13): LeakyReLU(negative_slope=0.2, inplace=True)
      (14): Flatten(start_dim=1, end_dim=-1)
      (15): Linear(in_features=8192, out_features=100, bias=True)
    )
    (zero_c): Sequential(
      (0): Linear(in_features=100, out_features=2, bias=True)
      (1): Tanh()
    )
    (one_c): Sequential(
      (0): Linear(in_features=100, out_features=2, bias=True)
      (1): Tanh()
    )
    (trans): Sequential(
      (0): Linear(in_features=100, out_features=2, bias=True)
      (1): Tanh()
    )
  )
)
[Network Conv] Total number of parameters : 4.732 M
DataParallel(
  (module): NLayerDiscriminator(
    (model): Sequential(
      (0): Conv2d(3, 64, kernel_size=(4, 4), stride=(2, 2), padding=(1, 1))
      (1): LeakyReLU(negative_slope=0.2)
      (2): Conv2d(64, 128, kernel_size=(4, 4), stride=(2, 2), padding=(1, 1))
      (3): InstanceNorm2d(128, eps=1e-05, momentum=0.1, affine=False, track_running_stats=False)
      (4): LeakyReLU(negative_slope=0.2)
      (5): Conv2d(128, 256, kernel_size=(4, 4), stride=(2, 2), padding=(1, 1))
      (6): InstanceNorm2d(256, eps=1e-05, momentum=0.1, affine=False, track_running_stats=False)
      (7): LeakyReLU(negative_slope=0.2)
      (8): Conv2d(256, 512, kernel_size=(4, 4), stride=(2, 2), padding=(1, 1))
      (9): InstanceNorm2d(512, eps=1e-05, momentum=0.1, affine=False, track_running_stats=False)
      (10): LeakyReLU(negative_slope=0.2)
      (11): Conv2d(512, 512, kernel_size=(4, 4), stride=(1, 1), padding=(1, 1))
      (12): InstanceNorm2d(512, eps=1e-05, momentum=0.1, affine=False, track_running_stats=False)
      (13): LeakyReLU(negative_slope=0.2)
      (14): Conv2d(512, 1, kernel_size=(4, 4), stride=(1, 1), padding=(1, 1))
      (15): Sigmoid()
    )
  )
)
[Network D] Total number of parameters : 6.960 M
-----------------------------------------------
create web directory /scratch/checkpoints/Move/web...
validation accuracies:
                real: 0.50, 0.50164794921875
                fake: 0.48, 0.50665283203125

ran validation set (B:1) in                         10.3 s.
(epoch: 1, batches: 20, time: 0.010, data: 0.003) loss_D_real: 0.512 loss_D_fake: 1.352 loss_D: 0.932 loss_G: 0.896 loss_conv: 0.896 acc_real: 0.846 acc_fake: 0.163 
(epoch: 1, batches: 40, time: 0.003, data: 0.002) loss_D_real: 0.774 loss_D_fake: 1.001 loss_D: 0.887 loss_G: 0.781 loss_conv: 0.781 acc_real: 0.571 acc_fake: 0.400 
(epoch: 1, batches: 60, time: 0.003, data: 0.002) loss_D_real: 0.799 loss_D_fake: 0.773 loss_D: 0.786 loss_G: 0.796 loss_conv: 0.796 acc_real: 0.440 acc_fake: 0.464 
(epoch: 1, batches: 80, time: 0.003, data: 0.001) loss_D_real: 0.783 loss_D_fake: 0.845 loss_D: 0.814 loss_G: 0.802 loss_conv: 0.802 acc_real: 0.504 acc_fake: 0.435 
100 tensor([[ 1.4880,  0.0000, -0.9963],
        [ 0.0000,  1.4835, -0.9986]], device='cuda:0',
       grad_fn=<SelectBackward>)
(epoch: 1, batches: 100, time: 0.003, data: 0.297) loss_D_real: 0.705 loss_D_fake: 0.755 loss_D: 0.730 loss_G: 0.795 loss_conv: 0.795 acc_real: 0.561 acc_fake: 0.471 
validation accuracies:
                real: 0.48, 0.489501953125
                fake: 0.53, 0.48248291015625

ran validation set (B:101) in                         9.6 s.
(epoch: 1, batches: 120, time: 0.003, data: 0.077) loss_D_real: 0.814 loss_D_fake: 0.769 loss_D: 0.792 loss_G: 0.806 loss_conv: 0.806 acc_real: 0.479 acc_fake: 0.537 
(epoch: 1, batches: 140, time: 0.003, data: 0.272) loss_D_real: 0.871 loss_D_fake: 0.623 loss_D: 0.747 loss_G: 0.647 loss_conv: 0.647 acc_real: 0.315 acc_fake: 0.702 
learning rate 0.0002000 -> 0.0002000
End of epoch 1 / 15 	 Time Taken: 427 sec
(epoch: 2, batches: 20, time: 0.002, data: 0.005) loss_D_real: 0.798 loss_D_fake: 0.675 loss_D: 0.736 loss_G: 0.778 loss_conv: 0.778 acc_real: 0.405 acc_fake: 0.579 
(epoch: 2, batches: 40, time: 0.003, data: 0.296) loss_D_real: 0.667 loss_D_fake: 0.809 loss_D: 0.738 loss_G: 0.852 loss_conv: 0.852 acc_real: 0.637 acc_fake: 0.371 
200 tensor([[ 1.4976,  0.0000, -0.9996],
        [ 0.0000,  1.4972,  0.9384]], device='cuda:0',
       grad_fn=<SelectBackward>)
validation accuracies:
                real: 0.58, 0.52593994140625
                fake: 0.47, 0.510833740234375

ran validation set (B:201) in                         9.9 s.
(epoch: 2, batches: 60, time: 0.002, data: 0.630) loss_D_real: 0.665 loss_D_fake: 0.743 loss_D: 0.704 loss_G: 0.716 loss_conv: 0.716 acc_real: 0.581 acc_fake: 0.479 
(epoch: 2, batches: 80, time: 0.003, data: 0.687) loss_D_real: 0.779 loss_D_fake: 0.697 loss_D: 0.738 loss_G: 0.691 loss_conv: 0.691 acc_real: 0.410 acc_fake: 0.537 
(epoch: 2, batches: 100, time: 0.003, data: 1.053) loss_D_real: 0.662 loss_D_fake: 0.785 loss_D: 0.723 loss_G: 0.756 loss_conv: 0.756 acc_real: 0.669 acc_fake: 0.322 
(epoch: 2, batches: 120, time: 0.003, data: 1.385) loss_D_real: 0.712 loss_D_fake: 0.703 loss_D: 0.707 loss_G: 0.718 loss_conv: 0.718 acc_real: 0.500 acc_fake: 0.567 
(epoch: 2, batches: 140, time: 0.003, data: 1.805) loss_D_real: 0.845 loss_D_fake: 0.691 loss_D: 0.768 loss_G: 0.772 loss_conv: 0.772 acc_real: 0.467 acc_fake: 0.546 
300 tensor([[ 1.4992,  0.0000, -0.9998],
        [ 0.0000,  1.4990, -1.0000]], device='cuda:0',
       grad_fn=<SelectBackward>)
validation accuracies:
                real: 0.36, 0.45977783203125
                fake: 0.69, 0.44537353515625

ran validation set (B:301) in                         9.5 s.
learning rate 0.0002000 -> 0.0002000
End of epoch 2 / 15 	 Time Taken: 430 sec
(epoch: 3, batches: 20, time: 0.002, data: 0.054) loss_D_real: 0.805 loss_D_fake: 0.591 loss_D: 0.698 loss_G: 0.740 loss_conv: 0.740 acc_real: 0.258 acc_fake: 0.814 
(epoch: 3, batches: 40, time: 0.003, data: 0.527) loss_D_real: 0.844 loss_D_fake: 0.601 loss_D: 0.723 loss_G: 0.636 loss_conv: 0.636 acc_real: 0.298 acc_fake: 0.776 
(epoch: 3, batches: 60, time: 0.002, data: 0.762) loss_D_real: 0.724 loss_D_fake: 0.655 loss_D: 0.689 loss_G: 0.766 loss_conv: 0.766 acc_real: 0.482 acc_fake: 0.654 
(epoch: 3, batches: 80, time: 0.003, data: 1.027) loss_D_real: 0.739 loss_D_fake: 0.614 loss_D: 0.676 loss_G: 0.753 loss_conv: 0.753 acc_real: 0.422 acc_fake: 0.738 
400 tensor([[ 1.4995,  0.0000, -1.0000],
        [ 0.0000,  1.4995, -0.9998]], device='cuda:0',
       grad_fn=<SelectBackward>)
validation accuracies:
                real: 0.77, 0.57684326171875
                fake: 0.48, 0.504730224609375

ran validation set (B:401) in                         9.2 s.
(epoch: 3, batches: 100, time: 0.002, data: 1.629) loss_D_real: 0.837 loss_D_fake: 0.594 loss_D: 0.715 loss_G: 0.608 loss_conv: 0.608 acc_real: 0.312 acc_fake: 0.742 
(epoch: 3, batches: 120, time: 0.003, data: 1.977) loss_D_real: 0.720 loss_D_fake: 0.631 loss_D: 0.675 loss_G: 0.844 loss_conv: 0.844 acc_real: 0.541 acc_fake: 0.652 
(epoch: 3, batches: 140, time: 0.002, data: 2.185) loss_D_real: 0.856 loss_D_fake: 0.521 loss_D: 0.688 loss_G: 0.635 loss_conv: 0.635 acc_real: 0.201 acc_fake: 0.914 
learning rate 0.0002000 -> 0.0002000
End of epoch 3 / 15 	 Time Taken: 438 sec
(epoch: 4, batches: 20, time: 0.002, data: 0.003) loss_D_real: 0.877 loss_D_fake: 0.495 loss_D: 0.686 loss_G: 0.526 loss_conv: 0.526 acc_real: 0.180 acc_fake: 0.922 
500 tensor([[ 1.4994,  0.0000, -1.0000],
        [ 0.0000,  1.4996, -1.0000]], device='cuda:0',
       grad_fn=<SelectBackward>)
validation accuracies:
                real: 0.78, 0.58453369140625
                fake: 0.64, 0.43939208984375

ran validation set (B:501) in                         9.0 s.
(epoch: 4, batches: 40, time: 0.003, data: 0.857) loss_D_real: 0.700 loss_D_fake: 0.545 loss_D: 0.623 loss_G: 0.886 loss_conv: 0.886 acc_real: 0.598 acc_fake: 0.811 
(epoch: 4, batches: 60, time: 0.003, data: 1.453) loss_D_real: 0.511 loss_D_fake: 0.690 loss_D: 0.601 loss_G: 1.016 loss_conv: 1.016 acc_real: 0.875 acc_fake: 0.629 
(epoch: 4, batches: 80, time: 0.003, data: 1.764) loss_D_real: 0.647 loss_D_fake: 0.466 loss_D: 0.557 loss_G: 0.903 loss_conv: 0.903 acc_real: 0.708 acc_fake: 0.894 
(epoch: 4, batches: 100, time: 0.003, data: 1.728) loss_D_real: 0.420 loss_D_fake: 0.681 loss_D: 0.551 loss_G: 1.065 loss_conv: 1.065 acc_real: 0.983 acc_fake: 0.642 
(epoch: 4, batches: 120, time: 0.002, data: 1.384) loss_D_real: 0.446 loss_D_fake: 0.583 loss_D: 0.515 loss_G: 1.226 loss_conv: 1.226 acc_real: 0.953 acc_fake: 0.788 
600 tensor([[ 1.4999,  0.0000, -1.0000],
        [ 0.0000,  1.5000, -1.0000]], device='cuda:0',
       grad_fn=<SelectBackward>)
validation accuracies:
                real: 0.89, 0.69512939453125
                fake: 0.84, 0.256103515625

ran validation set (B:601) in                         9.4 s.
(epoch: 4, batches: 140, time: 0.002, data: 0.003) loss_D_real: 0.455 loss_D_fake: 0.530 loss_D: 0.492 loss_G: 1.522 loss_conv: 1.522 acc_real: 0.928 acc_fake: 0.797 
learning rate 0.0002000 -> 0.0002000
End of epoch 4 / 15 	 Time Taken: 427 sec
(epoch: 5, batches: 20, time: 0.003, data: 10.005) loss_D_real: 0.489 loss_D_fake: 0.521 loss_D: 0.505 loss_G: 1.798 loss_conv: 1.798 acc_real: 0.840 acc_fake: 0.857 
(epoch: 5, batches: 40, time: 0.002, data: 10.085) loss_D_real: 0.382 loss_D_fake: 0.523 loss_D: 0.452 loss_G: 2.052 loss_conv: 2.052 acc_real: 0.992 acc_fake: 0.805 
(epoch: 5, batches: 60, time: 0.003, data: 9.763) loss_D_real: 0.428 loss_D_fake: 0.519 loss_D: 0.474 loss_G: 1.631 loss_conv: 1.631 acc_real: 0.946 acc_fake: 0.854 
700 tensor([[ 1.5000,  0.0000, -1.0000],
        [ 0.0000,  1.5000, -1.0000]], device='cuda:0',
       grad_fn=<SelectBackward>)
validation accuracies:
                real: 0.94, 0.78973388671875
                fake: 0.83, 0.25408935546875

ran validation set (B:701) in                         9.3 s.
(epoch: 5, batches: 80, time: 0.003, data: 9.787) loss_D_real: 0.427 loss_D_fake: 0.489 loss_D: 0.458 loss_G: 1.718 loss_conv: 1.718 acc_real: 0.963 acc_fake: 0.825 
(epoch: 5, batches: 100, time: 0.003, data: 8.529) loss_D_real: 0.381 loss_D_fake: 0.438 loss_D: 0.409 loss_G: 1.698 loss_conv: 1.698 acc_real: 0.988 acc_fake: 0.903 
(epoch: 5, batches: 120, time: 0.003, data: 8.496) loss_D_real: 0.390 loss_D_fake: 0.433 loss_D: 0.411 loss_G: 1.808 loss_conv: 1.808 acc_real: 0.959 acc_fake: 0.922 
(epoch: 5, batches: 140, time: 0.003, data: 8.530) loss_D_real: 0.397 loss_D_fake: 0.483 loss_D: 0.440 loss_G: 1.969 loss_conv: 1.969 acc_real: 0.964 acc_fake: 0.847 
saving the model at the end of epoch 5, iters 49920
learning rate 0.0002000 -> 0.0002000
End of epoch 5 / 15 	 Time Taken: 426 sec
800 tensor([[ 1.5000,  0.0000, -1.0000],
        [ 0.0000,  1.5000, -1.0000]], device='cuda:0',
       grad_fn=<SelectBackward>)
(epoch: 6, batches: 20, time: 0.004, data: 0.004) loss_D_real: 0.368 loss_D_fake: 0.476 loss_D: 0.422 loss_G: 1.804 loss_conv: 1.804 acc_real: 0.983 acc_fake: 0.821 
validation accuracies:
                real: 0.92, 0.74560546875
                fake: 0.92, 0.184295654296875

ran validation set (B:801) in                         8.4 s.
(epoch: 6, batches: 40, time: 0.003, data: 0.204) loss_D_real: 0.416 loss_D_fake: 0.457 loss_D: 0.437 loss_G: 1.714 loss_conv: 1.714 acc_real: 0.922 acc_fake: 0.909 
(epoch: 6, batches: 60, time: 0.002, data: 0.389) loss_D_real: 0.346 loss_D_fake: 0.534 loss_D: 0.440 loss_G: 1.633 loss_conv: 1.633 acc_real: 1.000 acc_fake: 0.833 
(epoch: 6, batches: 80, time: 0.002, data: 0.517) loss_D_real: 0.406 loss_D_fake: 0.423 loss_D: 0.414 loss_G: 1.789 loss_conv: 1.789 acc_real: 0.956 acc_fake: 0.931 
(epoch: 6, batches: 100, time: 0.002, data: 0.773) loss_D_real: 0.365 loss_D_fake: 0.474 loss_D: 0.419 loss_G: 1.775 loss_conv: 1.775 acc_real: 0.996 acc_fake: 0.871 
900 tensor([[ 1.5000,  0.0000, -1.0000],
        [ 0.0000,  1.5000, -1.0000]], device='cuda:0',
       grad_fn=<SelectBackward>)
(epoch: 6, batches: 120, time: 0.004, data: 1.017) loss_D_real: 0.418 loss_D_fake: 0.371 loss_D: 0.395 loss_G: 1.686 loss_conv: 1.686 acc_real: 0.968 acc_fake: 0.980 
validation accuracies:
                real: 0.97, 0.853515625
                fake: 0.89, 0.2273406982421875

ran validation set (B:901) in                         9.6 s.
(epoch: 6, batches: 140, time: 0.002, data: 1.755) loss_D_real: 0.344 loss_D_fake: 0.495 loss_D: 0.419 loss_G: 1.810 loss_conv: 1.810 acc_real: 1.000 acc_fake: 0.871 
learning rate 0.0002000 -> 0.0002000
End of epoch 6 / 15 	 Time Taken: 428 sec
(epoch: 7, batches: 20, time: 0.003, data: 0.002) loss_D_real: 0.381 loss_D_fake: 0.414 loss_D: 0.398 loss_G: 1.731 loss_conv: 1.731 acc_real: 0.967 acc_fake: 0.933 
(epoch: 7, batches: 40, time: 0.003, data: 0.001) loss_D_real: 0.380 loss_D_fake: 0.389 loss_D: 0.384 loss_G: 1.816 loss_conv: 1.816 acc_real: 0.976 acc_fake: 0.948 
(epoch: 7, batches: 60, time: 0.003, data: 0.002) loss_D_real: 0.374 loss_D_fake: 0.411 loss_D: 0.393 loss_G: 1.774 loss_conv: 1.774 acc_real: 0.979 acc_fake: 0.949 
1000 tensor([[ 1.5000,  0.0000, -1.0000],
        [ 0.0000,  1.5000, -1.0000]], device='cuda:0',
       grad_fn=<SelectBackward>)
validation accuracies:
                real: 0.96, 0.78924560546875
                fake: 0.94, 0.150115966796875

ran validation set (B:1001) in                         9.0 s.
(epoch: 7, batches: 80, time: 0.003, data: 0.002) loss_D_real: 0.374 loss_D_fake: 0.436 loss_D: 0.405 loss_G: 1.878 loss_conv: 1.878 acc_real: 0.982 acc_fake: 0.888 
(epoch: 7, batches: 100, time: 0.003, data: 0.002) loss_D_real: 0.372 loss_D_fake: 0.427 loss_D: 0.400 loss_G: 2.132 loss_conv: 2.132 acc_real: 0.979 acc_fake: 0.900 
(epoch: 7, batches: 120, time: 0.003, data: 0.002) loss_D_real: 0.387 loss_D_fake: 0.391 loss_D: 0.389 loss_G: 1.786 loss_conv: 1.786 acc_real: 0.963 acc_fake: 0.918 
(epoch: 7, batches: 140, time: 0.003, data: 0.002) loss_D_real: 0.390 loss_D_fake: 0.357 loss_D: 0.374 loss_G: 1.904 loss_conv: 1.904 acc_real: 0.943 acc_fake: 0.975 
learning rate 0.0002000 -> 0.0002000
End of epoch 7 / 15 	 Time Taken: 422 sec
1100 tensor([[ 1.5000,  0.0000, -1.0000],
        [ 0.0000,  1.5000, -1.0000]], device='cuda:0',
       grad_fn=<SelectBackward>)
validation accuracies:
                real: 0.96, 0.8524169921875
                fake: 0.91, 0.192413330078125

ran validation set (B:1101) in                         9.6 s.
(epoch: 8, batches: 20, time: 0.003, data: 0.001) loss_D_real: 0.347 loss_D_fake: 0.482 loss_D: 0.415 loss_G: 1.928 loss_conv: 1.928 acc_real: 0.996 acc_fake: 0.879 
(epoch: 8, batches: 40, time: 0.003, data: 0.002) loss_D_real: 0.404 loss_D_fake: 0.362 loss_D: 0.383 loss_G: 1.837 loss_conv: 1.837 acc_real: 0.958 acc_fake: 0.970 
(epoch: 8, batches: 60, time: 0.003, data: 0.003) loss_D_real: 0.400 loss_D_fake: 0.459 loss_D: 0.429 loss_G: 1.918 loss_conv: 1.918 acc_real: 0.952 acc_fake: 0.907 
(epoch: 8, batches: 80, time: 0.003, data: 0.002) loss_D_real: 0.357 loss_D_fake: 0.474 loss_D: 0.415 loss_G: 2.077 loss_conv: 2.077 acc_real: 0.967 acc_fake: 0.873 
(epoch: 8, batches: 100, time: 0.003, data: 0.002) loss_D_real: 0.362 loss_D_fake: 0.361 loss_D: 0.362 loss_G: 1.588 loss_conv: 1.588 acc_real: 0.967 acc_fake: 0.983 
1200 tensor([[ 1.5000,  0.0000, -1.0000],
        [ 0.0000,  1.5000, -1.0000]], device='cuda:0',
       grad_fn=<SelectBackward>)
validation accuracies:
                real: 0.97, 0.8829345703125
                fake: 0.92, 0.19696044921875

ran validation set (B:1201) in                         9.1 s.
(epoch: 8, batches: 120, time: 0.003, data: 0.002) loss_D_real: 0.363 loss_D_fake: 0.379 loss_D: 0.371 loss_G: 1.822 loss_conv: 1.822 acc_real: 0.984 acc_fake: 0.952 
(epoch: 8, batches: 140, time: 0.003, data: 0.002) loss_D_real: 0.362 loss_D_fake: 0.526 loss_D: 0.444 loss_G: 2.097 loss_conv: 2.097 acc_real: 0.979 acc_fake: 0.822 
learning rate 0.0002000 -> 0.0002000
End of epoch 8 / 15 	 Time Taken: 429 sec
(epoch: 9, batches: 20, time: 0.002, data: 0.003) loss_D_real: 0.368 loss_D_fake: 0.360 loss_D: 0.364 loss_G: 1.780 loss_conv: 1.780 acc_real: 0.983 acc_fake: 0.983 
(epoch: 9, batches: 40, time: 0.003, data: 0.003) loss_D_real: 0.369 loss_D_fake: 0.396 loss_D: 0.382 loss_G: 1.775 loss_conv: 1.775 acc_real: 0.958 acc_fake: 0.949 
1300 tensor([[ 1.5000,  0.0000, -1.0000],
        [ 0.0000,  1.5000, -1.0000]], device='cuda:0',
       grad_fn=<SelectBackward>)
validation accuracies:
                real: 0.97, 0.82904052734375
                fake: 0.95, 0.1535797119140625

ran validation set (B:1301) in                         9.5 s.
(epoch: 9, batches: 60, time: 0.003, data: 0.001) loss_D_real: 0.391 loss_D_fake: 0.368 loss_D: 0.379 loss_G: 1.884 loss_conv: 1.884 acc_real: 0.964 acc_fake: 0.956 
(epoch: 9, batches: 80, time: 0.002, data: 0.003) loss_D_real: 0.399 loss_D_fake: 0.358 loss_D: 0.378 loss_G: 1.697 loss_conv: 1.697 acc_real: 0.947 acc_fake: 0.967 
(epoch: 9, batches: 100, time: 0.003, data: 0.002) loss_D_real: 0.347 loss_D_fake: 0.397 loss_D: 0.372 loss_G: 1.855 loss_conv: 1.855 acc_real: 1.000 acc_fake: 0.952 
(epoch: 9, batches: 120, time: 0.003, data: 0.001) loss_D_real: 0.358 loss_D_fake: 0.398 loss_D: 0.378 loss_G: 1.763 loss_conv: 1.763 acc_real: 0.979 acc_fake: 0.958 
(epoch: 9, batches: 140, time: 0.003, data: 0.002) loss_D_real: 0.376 loss_D_fake: 0.371 loss_D: 0.374 loss_G: 1.927 loss_conv: 1.927 acc_real: 0.967 acc_fake: 0.967 
1400 tensor([[ 1.5000,  0.0000, -1.0000],
        [ 0.0000,  1.5000, -1.0000]], device='cuda:0',
       grad_fn=<SelectBackward>)
validation accuracies:
                real: 0.95, 0.819091796875
                fake: 0.96, 0.1441802978515625

ran validation set (B:1401) in                         6.3 s.
learning rate 0.0002000 -> 0.0002000
End of epoch 9 / 15 	 Time Taken: 426 sec
(epoch: 10, batches: 20, time: 0.003, data: 10.056) loss_D_real: 0.372 loss_D_fake: 0.383 loss_D: 0.377 loss_G: 1.902 loss_conv: 1.902 acc_real: 0.967 acc_fake: 0.921 
(epoch: 10, batches: 40, time: 0.003, data: 10.273) loss_D_real: 0.428 loss_D_fake: 0.361 loss_D: 0.394 loss_G: 1.872 loss_conv: 1.872 acc_real: 0.919 acc_fake: 0.970 
(epoch: 10, batches: 60, time: 0.003, data: 10.137) loss_D_real: 0.345 loss_D_fake: 0.397 loss_D: 0.371 loss_G: 1.755 loss_conv: 1.755 acc_real: 1.000 acc_fake: 0.933 
(epoch: 10, batches: 80, time: 0.003, data: 10.231) loss_D_real: 0.360 loss_D_fake: 0.369 loss_D: 0.364 loss_G: 1.895 loss_conv: 1.895 acc_real: 0.983 acc_fake: 0.966 
1500 tensor([[ 1.5000,  0.0000, -1.0000],
        [ 0.0000,  1.5000, -1.0000]], device='cuda:0',
       grad_fn=<SelectBackward>)
validation accuracies:
                real: 0.96, 0.84759521484375
                fake: 0.95, 0.1489410400390625

ran validation set (B:1501) in                         9.7 s.
(epoch: 10, batches: 100, time: 0.003, data: 10.075) loss_D_real: 0.350 loss_D_fake: 0.431 loss_D: 0.390 loss_G: 2.053 loss_conv: 2.053 acc_real: 0.996 acc_fake: 0.917 
(epoch: 10, batches: 120, time: 0.003, data: 10.328) loss_D_real: 0.376 loss_D_fake: 0.371 loss_D: 0.374 loss_G: 1.700 loss_conv: 1.700 acc_real: 0.966 acc_fake: 0.962 
(epoch: 10, batches: 140, time: 0.003, data: 10.266) loss_D_real: 0.335 loss_D_fake: 0.346 loss_D: 0.341 loss_G: 1.951 loss_conv: 1.951 acc_real: 1.000 acc_fake: 0.982 
saving the model at the end of epoch 10, iters 99840
learning rate 0.0002000 -> 0.0001600
End of epoch 10 / 15 	 Time Taken: 426 sec
(epoch: 11, batches: 20, time: 0.002, data: 0.005) loss_D_real: 0.344 loss_D_fake: 0.378 loss_D: 0.361 loss_G: 1.913 loss_conv: 1.913 acc_real: 0.984 acc_fake: 0.959 
1600 tensor([[ 1.5000,  0.0000, -1.0000],
        [ 0.0000,  1.5000, -1.0000]], device='cuda:0',
       grad_fn=<SelectBackward>)
(epoch: 11, batches: 40, time: 0.003, data: 0.002) loss_D_real: 0.410 loss_D_fake: 0.377 loss_D: 0.393 loss_G: 1.941 loss_conv: 1.941 acc_real: 0.943 acc_fake: 0.943 
validation accuracies:
                real: 0.96, 0.84442138671875
                fake: 0.96, 0.1456451416015625

ran validation set (B:1601) in                         9.5 s.
(epoch: 11, batches: 60, time: 0.003, data: 0.003) loss_D_real: 0.382 loss_D_fake: 0.384 loss_D: 0.383 loss_G: 2.226 loss_conv: 2.226 acc_real: 0.967 acc_fake: 0.934 
(epoch: 11, batches: 80, time: 0.003, data: 0.002) loss_D_real: 0.363 loss_D_fake: 0.384 loss_D: 0.374 loss_G: 1.980 loss_conv: 1.980 acc_real: 0.980 acc_fake: 0.934 
(epoch: 11, batches: 100, time: 0.003, data: 0.002) loss_D_real: 0.404 loss_D_fake: 0.348 loss_D: 0.376 loss_G: 2.024 loss_conv: 2.024 acc_real: 0.963 acc_fake: 0.992 
(epoch: 11, batches: 120, time: 0.003, data: 0.002) loss_D_real: 0.420 loss_D_fake: 0.386 loss_D: 0.403 loss_G: 1.946 loss_conv: 1.946 acc_real: 0.918 acc_fake: 0.939 
1700 tensor([[ 1.5000,  0.0000, -1.0000],
        [ 0.0000,  1.5000, -1.0000]], device='cuda:0',
       grad_fn=<SelectBackward>)
(epoch: 11, batches: 140, time: 0.004, data: 0.001) loss_D_real: 0.377 loss_D_fake: 0.354 loss_D: 0.366 loss_G: 1.901 loss_conv: 1.901 acc_real: 0.959 acc_fake: 0.984 
validation accuracies:
                real: 0.96, 0.8421630859375
                fake: 0.96, 0.1440887451171875

ran validation set (B:1701) in                         9.4 s.
learning rate 0.0001600 -> 0.0001600
End of epoch 11 / 15 	 Time Taken: 422 sec
(epoch: 12, batches: 20, time: 0.003, data: 0.002) loss_D_real: 0.425 loss_D_fake: 0.333 loss_D: 0.379 loss_G: 1.766 loss_conv: 1.766 acc_real: 0.940 acc_fake: 1.000 
(epoch: 12, batches: 40, time: 0.002, data: 0.005) loss_D_real: 0.335 loss_D_fake: 0.417 loss_D: 0.376 loss_G: 1.906 loss_conv: 1.906 acc_real: 1.000 acc_fake: 0.929 
(epoch: 12, batches: 60, time: 0.003, data: 0.003) loss_D_real: 0.339 loss_D_fake: 0.396 loss_D: 0.368 loss_G: 1.819 loss_conv: 1.819 acc_real: 1.000 acc_fake: 0.952 
(epoch: 12, batches: 80, time: 0.003, data: 0.002) loss_D_real: 0.381 loss_D_fake: 0.355 loss_D: 0.368 loss_G: 2.040 loss_conv: 2.040 acc_real: 0.953 acc_fake: 0.970 
1800 tensor([[ 1.5000,  0.0000, -1.0000],
        [ 0.0000,  1.5000, -1.0000]], device='cuda:0',
       grad_fn=<SelectBackward>)
validation accuracies:
                real: 0.96, 0.83575439453125
                fake: 0.96, 0.13329315185546875

ran validation set (B:1801) in                         9.3 s.
(epoch: 12, batches: 100, time: 0.003, data: 0.001) loss_D_real: 0.339 loss_D_fake: 0.406 loss_D: 0.373 loss_G: 2.088 loss_conv: 2.088 acc_real: 1.000 acc_fake: 0.931 
(epoch: 12, batches: 120, time: 0.002, data: 0.003) loss_D_real: 0.399 loss_D_fake: 0.339 loss_D: 0.369 loss_G: 1.839 loss_conv: 1.839 acc_real: 0.949 acc_fake: 0.983 
(epoch: 12, batches: 140, time: 0.003, data: 0.002) loss_D_real: 0.372 loss_D_fake: 0.390 loss_D: 0.381 loss_G: 1.957 loss_conv: 1.957 acc_real: 0.953 acc_fake: 0.969 
learning rate 0.0001600 -> 0.0001600
End of epoch 12 / 15 	 Time Taken: 418 sec
(epoch: 13, batches: 20, time: 0.003, data: 0.002) loss_D_real: 0.390 loss_D_fake: 0.395 loss_D: 0.392 loss_G: 2.008 loss_conv: 2.008 acc_real: 0.958 acc_fake: 0.938 
1900 tensor([[ 1.5000,  0.0000, -1.0000],
        [ 0.0000,  1.5000, -1.0000]], device='cuda:0',
       grad_fn=<SelectBackward>)
validation accuracies:
                real: 0.97, 0.88018798828125
                fake: 0.95, 0.170379638671875

ran validation set (B:1901) in                         9.6 s.
(epoch: 13, batches: 40, time: 0.003, data: 0.002) loss_D_real: 0.377 loss_D_fake: 0.354 loss_D: 0.365 loss_G: 1.925 loss_conv: 1.925 acc_real: 0.966 acc_fake: 0.978 
(epoch: 13, batches: 60, time: 0.003, data: 0.002) loss_D_real: 0.342 loss_D_fake: 0.412 loss_D: 0.377 loss_G: 1.911 loss_conv: 1.911 acc_real: 1.000 acc_fake: 0.917 
(epoch: 13, batches: 80, time: 0.002, data: 0.005) loss_D_real: 0.421 loss_D_fake: 0.342 loss_D: 0.382 loss_G: 1.797 loss_conv: 1.797 acc_real: 0.934 acc_fake: 0.984 
(epoch: 13, batches: 100, time: 0.003, data: 0.002) loss_D_real: 0.368 loss_D_fake: 0.346 loss_D: 0.357 loss_G: 1.951 loss_conv: 1.951 acc_real: 0.972 acc_fake: 0.980 
(epoch: 13, batches: 120, time: 0.003, data: 0.003) loss_D_real: 0.386 loss_D_fake: 0.396 loss_D: 0.391 loss_G: 2.025 loss_conv: 2.025 acc_real: 0.947 acc_fake: 0.951 
2000 tensor([[ 1.5000,  0.0000, -1.0000],
        [ 0.0000,  1.5000, -1.0000]], device='cuda:0',
       grad_fn=<SelectBackward>)
validation accuracies:
                real: 0.96, 0.85357666015625
                fake: 0.97, 0.1535797119140625

ran validation set (B:2001) in                         9.4 s.
(epoch: 13, batches: 140, time: 0.002, data: 0.427) loss_D_real: 0.418 loss_D_fake: 0.367 loss_D: 0.393 loss_G: 1.790 loss_conv: 1.790 acc_real: 0.898 acc_fake: 0.984 
learning rate 0.0001600 -> 0.0001600
End of epoch 13 / 15 	 Time Taken: 426 sec
(epoch: 14, batches: 20, time: 0.003, data: 0.005) loss_D_real: 0.419 loss_D_fake: 0.333 loss_D: 0.376 loss_G: 1.772 loss_conv: 1.772 acc_real: 0.955 acc_fake: 1.000 
(epoch: 14, batches: 40, time: 0.003, data: 0.002) loss_D_real: 0.368 loss_D_fake: 0.334 loss_D: 0.351 loss_G: 1.792 loss_conv: 1.792 acc_real: 0.967 acc_fake: 1.000 
(epoch: 14, batches: 60, time: 0.003, data: 0.001) loss_D_real: 0.376 loss_D_fake: 0.394 loss_D: 0.385 loss_G: 2.012 loss_conv: 2.012 acc_real: 0.968 acc_fake: 0.935 
2100 tensor([[ 1.5000,  0.0000, -1.0000],
        [ 0.0000,  1.5000, -1.0000]], device='cuda:0',
       grad_fn=<SelectBackward>)
validation accuracies:
                real: 0.97, 0.89111328125
                fake: 0.95, 0.1773681640625

ran validation set (B:2101) in                         9.4 s.
(epoch: 14, batches: 80, time: 0.003, data: 0.003) loss_D_real: 0.401 loss_D_fake: 0.402 loss_D: 0.401 loss_G: 2.029 loss_conv: 2.029 acc_real: 0.941 acc_fake: 0.883 
(epoch: 14, batches: 100, time: 0.003, data: 0.003) loss_D_real: 0.339 loss_D_fake: 0.380 loss_D: 0.360 loss_G: 1.865 loss_conv: 1.865 acc_real: 1.000 acc_fake: 0.966 
(epoch: 14, batches: 120, time: 0.003, data: 0.001) loss_D_real: 0.349 loss_D_fake: 0.369 loss_D: 0.359 loss_G: 1.998 loss_conv: 1.998 acc_real: 0.984 acc_fake: 0.952 
(epoch: 14, batches: 140, time: 0.003, data: 0.002) loss_D_real: 0.334 loss_D_fake: 0.456 loss_D: 0.395 loss_G: 2.125 loss_conv: 2.125 acc_real: 1.000 acc_fake: 0.840 
learning rate 0.0001600 -> 0.0001600
End of epoch 14 / 15 	 Time Taken: 426 sec
2200 tensor([[ 1.5000,  0.0000, -1.0000],
        [ 0.0000,  1.5000, -1.0000]], device='cuda:0',
       grad_fn=<SelectBackward>)
validation accuracies:
                real: 0.98, 0.88482666015625
                fake: 0.96, 0.1667022705078125

ran validation set (B:2201) in                         10.3 s.
(epoch: 15, batches: 20, time: 0.002, data: 10.040) loss_D_real: 0.369 loss_D_fake: 0.388 loss_D: 0.379 loss_G: 1.834 loss_conv: 1.834 acc_real: 0.966 acc_fake: 0.928 
(epoch: 15, batches: 40, time: 0.003, data: 10.143) loss_D_real: 0.337 loss_D_fake: 0.397 loss_D: 0.367 loss_G: 2.077 loss_conv: 2.077 acc_real: 1.000 acc_fake: 0.933 
(epoch: 15, batches: 60, time: 0.003, data: 10.162) loss_D_real: 0.368 loss_D_fake: 0.353 loss_D: 0.361 loss_G: 1.954 loss_conv: 1.954 acc_real: 0.967 acc_fake: 0.983 
(epoch: 15, batches: 80, time: 0.003, data: 10.153) loss_D_real: 0.377 loss_D_fake: 0.373 loss_D: 0.375 loss_G: 1.850 loss_conv: 1.850 acc_real: 0.950 acc_fake: 0.967 
(epoch: 15, batches: 100, time: 0.003, data: 10.206) loss_D_real: 0.357 loss_D_fake: 0.344 loss_D: 0.350 loss_G: 1.939 loss_conv: 1.939 acc_real: 0.984 acc_fake: 0.992 
2300 tensor([[ 1.5000,  0.0000, -1.0000],
        [ 0.0000,  1.5000, -1.0000]], device='cuda:0',
       grad_fn=<SelectBackward>)
validation accuracies:
                real: 0.96, 0.857177734375
                fake: 0.97, 0.1439361572265625

ran validation set (B:2301) in                         9.1 s.
(epoch: 15, batches: 120, time: 0.002, data: 10.155) loss_D_real: 0.390 loss_D_fake: 0.355 loss_D: 0.373 loss_G: 2.108 loss_conv: 2.108 acc_real: 0.925 acc_fake: 0.983 
(epoch: 15, batches: 140, time: 0.003, data: 10.265) loss_D_real: 0.390 loss_D_fake: 0.350 loss_D: 0.370 loss_G: 1.913 loss_conv: 1.913 acc_real: 0.964 acc_fake: 0.984 
saving the model at the end of epoch 15, iters 149760
learning rate 0.0001600 -> 0.0001600
End of epoch 15 / 15 	 Time Taken: 429 sec
Finished training, model is saved
Batches trained - G: 1560, D: 780 
