starting training run 77
----------------- Options ---------------
              D_headstart: 1000                          	[default: 0]
              D_threshold: 0.5                           
       accumulation_steps: 1                             
               batch_size: 64                            
                    beta1: 0.5                           
                    beta2: 0.999                         
          checkpoints_dir: /scratch/checkpoints          	[default: ./checkpoints]
        confidence_weight: 0.0                           
           continue_train: False                         
                crop_size: 64                            
                 dataroot: /scratch/datasets/CLEVR_colorized/images	[default: datasets]
             dataset_mode: double                        
                direction: None                          
              display_env: main                          
             display_freq: 100                           
               display_id: 0                             	[default: 1]
            display_ncols: 4                             
             display_port: 8097                          
           display_server: http://localhost              
          display_winsize: 256                           
                    epoch: latest                        
              epoch_count: 1                             
            flip_vertical: False                         
                 gan_mode: vanilla                       
                  gpu_ids: 0                             
                init_gain: 0.02                          
                init_type: normal                        
                 input_nc: 3                             
                  isTrain: True                          	[default: None]
          keep_last_batch: False                         
               lambda_aux: 1.0                           	[default: 0.1]
                load_iter: 0                             	[default: 0]
                load_size: 70                            
                       lr: 0.0002                        
           lr_decay_iters: 50                            
                lr_policy: step                          
         max_dataset_size: inf                           
          min_obj_surface: 100                           
                    model: copy                          
                 n_epochs: 5                             	[default: 20]
           n_epochs_decay: 0                             	[default: 10]
               n_layers_D: 3                             
                     name: CopyGAN                       
                      ndf: 64                            
                     netD: copy                          
                     netG: copy                          
                      ngf: 64                            
             no_alternate: False                         
        no_border_zeroing: False                         
               no_dropout: False                         
                  no_flip: False                         
               no_grfakes: False                         
                  no_html: False                         
                     norm: instance                      
              num_threads: 4                             
                output_nc: 3                             
                    phase: train                         
                   pool_D: True                          	[default: False]
                pool_size: 50                            
               preprocess: resize_and_crop               
               print_freq: 100                           	[default: 20]
              real_target: 0.75                          	[default: 0.8]
             save_by_iter: False                         
          save_epoch_freq: 10                            
         save_latest_freq: 5000                          
                     seed: 42                            	[default: 0]
           serial_batches: False                         
               sigma_blur: 1.0                           
                   suffix:                               
              tracemalloc: False                         
         update_html_freq: 100                           
           val_batch_size: 128                           
                 val_freq: 100                           
                  verbose: True                          	[default: False]
----------------- End -------------------
dataset [DoubleDataset] and dataloder are created
dataset [DoubleDataset] and dataloder are created
Starting training of copy-model
The number of training images = 26000
The number of validation images = 3000
The number of epochs to run = 5
gpu_ids: [0]
initialize network with normal
gpu_ids: [0]
initialize network with normal
model [CopyModel] was created
---------- Networks initialized -------------
DataParallel(
  (module): CopyGenerator(
    (enc1): EncoderBlock(
      (model): Sequential(
        (0): Conv2d(3, 64, kernel_size=(3, 3), stride=(1, 1), padding=(1, 1), bias=False, padding_mode=replicate)
        (1): InstanceNorm2d(64, eps=1e-05, momentum=0.1, affine=False, track_running_stats=False)
        (2): LeakyReLU(negative_slope=0.2, inplace=True)
      )
    )
    (enc2): EncoderBlock(
      (model): Sequential(
        (0): Conv2d(64, 128, kernel_size=(3, 3), stride=(2, 2), padding=(1, 1), bias=False, padding_mode=replicate)
        (1): InstanceNorm2d(128, eps=1e-05, momentum=0.1, affine=False, track_running_stats=False)
        (2): LeakyReLU(negative_slope=0.2, inplace=True)
      )
    )
    (enc3): EncoderBlock(
      (model): Sequential(
        (0): Conv2d(128, 256, kernel_size=(3, 3), stride=(2, 2), padding=(1, 1), bias=False, padding_mode=replicate)
        (1): InstanceNorm2d(256, eps=1e-05, momentum=0.1, affine=False, track_running_stats=False)
        (2): LeakyReLU(negative_slope=0.2, inplace=True)
      )
    )
    (enc4): EncoderBlock(
      (model): Sequential(
        (0): Conv2d(256, 512, kernel_size=(3, 3), stride=(2, 2), padding=(1, 1), bias=False, padding_mode=replicate)
        (1): InstanceNorm2d(512, eps=1e-05, momentum=0.1, affine=False, track_running_stats=False)
        (2): LeakyReLU(negative_slope=0.2, inplace=True)
      )
    )
    (dec4): DecoderBlock(
      (model): Sequential(
        (0): Upsample(scale_factor=2.0, mode=bilinear)
        (1): Conv2d(512, 256, kernel_size=(3, 3), stride=(1, 1), padding=(1, 1), padding_mode=replicate)
        (2): InstanceNorm2d(256, eps=1e-05, momentum=0.1, affine=False, track_running_stats=False)
        (3): LeakyReLU(negative_slope=0.2, inplace=True)
      )
    )
    (dec3): DecoderBlock(
      (model): Sequential(
        (0): Upsample(scale_factor=2.0, mode=bilinear)
        (1): Conv2d(512, 128, kernel_size=(3, 3), stride=(1, 1), padding=(1, 1), padding_mode=replicate)
        (2): InstanceNorm2d(128, eps=1e-05, momentum=0.1, affine=False, track_running_stats=False)
        (3): LeakyReLU(negative_slope=0.2, inplace=True)
      )
    )
    (dec2): DecoderBlock(
      (model): Sequential(
        (0): Upsample(scale_factor=2.0, mode=bilinear)
        (1): Conv2d(256, 64, kernel_size=(3, 3), stride=(1, 1), padding=(1, 1), padding_mode=replicate)
        (2): InstanceNorm2d(64, eps=1e-05, momentum=0.1, affine=False, track_running_stats=False)
        (3): LeakyReLU(negative_slope=0.2, inplace=True)
      )
    )
    (dec1): DecoderBlock(
      (model): Sequential(
        (0): Conv2d(128, 1, kernel_size=(3, 3), stride=(1, 1), padding=(1, 1), padding_mode=replicate)
      )
    )
    (sigmoid): Sigmoid()
  )
)
[Network G] Total number of parameters : 3.469 M
DataParallel(
  (module): CopyDiscriminator(
    (blur_filter): GaussianSmoothing()
    (enc1): EncoderBlock(
      (model): Sequential(
        (0): Conv2d(3, 64, kernel_size=(3, 3), stride=(1, 1), padding=(1, 1), bias=False, padding_mode=replicate)
        (1): InstanceNorm2d(64, eps=1e-05, momentum=0.1, affine=False, track_running_stats=False)
        (2): LeakyReLU(negative_slope=0.2, inplace=True)
      )
    )
    (enc2): EncoderBlock(
      (model): Sequential(
        (0): Conv2d(64, 128, kernel_size=(3, 3), stride=(2, 2), padding=(1, 1), bias=False, padding_mode=replicate)
        (1): InstanceNorm2d(128, eps=1e-05, momentum=0.1, affine=False, track_running_stats=False)
        (2): LeakyReLU(negative_slope=0.2, inplace=True)
      )
    )
    (enc3): EncoderBlock(
      (model): Sequential(
        (0): Conv2d(128, 256, kernel_size=(3, 3), stride=(2, 2), padding=(1, 1), bias=False, padding_mode=replicate)
        (1): InstanceNorm2d(256, eps=1e-05, momentum=0.1, affine=False, track_running_stats=False)
        (2): LeakyReLU(negative_slope=0.2, inplace=True)
      )
    )
    (enc4): EncoderBlock(
      (model): Sequential(
        (0): Conv2d(256, 512, kernel_size=(3, 3), stride=(2, 2), padding=(1, 1), bias=False, padding_mode=replicate)
        (1): InstanceNorm2d(512, eps=1e-05, momentum=0.1, affine=False, track_running_stats=False)
        (2): LeakyReLU(negative_slope=0.2, inplace=True)
      )
    )
    (dec4): DecoderBlock(
      (model): Sequential(
        (0): Upsample(scale_factor=2.0, mode=bilinear)
        (1): Conv2d(512, 256, kernel_size=(3, 3), stride=(1, 1), padding=(1, 1), padding_mode=replicate)
        (2): InstanceNorm2d(256, eps=1e-05, momentum=0.1, affine=False, track_running_stats=False)
        (3): LeakyReLU(negative_slope=0.2, inplace=True)
      )
    )
    (dec3): DecoderBlock(
      (model): Sequential(
        (0): Upsample(scale_factor=2.0, mode=bilinear)
        (1): Conv2d(512, 128, kernel_size=(3, 3), stride=(1, 1), padding=(1, 1), padding_mode=replicate)
        (2): InstanceNorm2d(128, eps=1e-05, momentum=0.1, affine=False, track_running_stats=False)
        (3): LeakyReLU(negative_slope=0.2, inplace=True)
      )
    )
    (dec2): DecoderBlock(
      (model): Sequential(
        (0): Upsample(scale_factor=2.0, mode=bilinear)
        (1): Conv2d(256, 64, kernel_size=(3, 3), stride=(1, 1), padding=(1, 1), padding_mode=replicate)
        (2): InstanceNorm2d(64, eps=1e-05, momentum=0.1, affine=False, track_running_stats=False)
        (3): LeakyReLU(negative_slope=0.2, inplace=True)
      )
    )
    (dec1): DecoderBlock(
      (model): Sequential(
        (0): Conv2d(128, 1, kernel_size=(3, 3), stride=(1, 1), padding=(1, 1), padding_mode=replicate)
      )
    )
    (sigmoid): Sigmoid()
    (pred_layers): Sequential(
      (0): AdaptiveAvgPool2d(output_size=1)
      (1): Flatten(start_dim=1, end_dim=-1)
      (2): Linear(in_features=512, out_features=256, bias=True)
      (3): LeakyReLU(negative_slope=0.01)
      (4): Linear(in_features=256, out_features=1, bias=True)
      (5): Sigmoid()
    )
  )
)
[Network D] Total number of parameters : 3.600 M
-----------------------------------------------
create web directory /scratch/checkpoints/CopyGAN/web...
validation accuracies:
                gf: 0.00
                real: 1.00
                fake: 0.00

ran validation set (B:1) in                         33.8 s.
(epoch: 1, batches: 100, time: 0.018, data: 0.003) loss_G_comp: 0.000 loss_G_anti_sc: 0.000 loss_G: 0.000 loss_D_real: 0.926 loss_D_fake: 0.163 loss_D: 3.226 acc_real: 1.000 acc_fake: 0.000 loss_AUX: 1.922 loss_D_gr_fake: 0.215 acc_grfake: 0.000 
validation accuracies:
                gf: 1.00
                real: 0.00
                fake: 1.00

ran validation set (B:101) in                         31.5 s.
(epoch: 1, batches: 200, time: 0.019, data: 0.003) loss_G_comp: 0.000 loss_G_anti_sc: 0.000 loss_G: 0.000 loss_D_real: 0.877 loss_D_fake: 0.033 loss_D: 2.742 acc_real: 0.000 acc_fake: 1.000 loss_AUX: 1.734 loss_D_gr_fake: 0.097 acc_grfake: 1.000 
validation accuracies:
                gf: 0.90
                real: 0.93
                fake: 0.96

ran validation set (B:201) in                         32.2 s.
(epoch: 1, batches: 300, time: 0.018, data: 0.004) loss_G_comp: 0.000 loss_G_anti_sc: 0.000 loss_G: 0.000 loss_D_real: 0.671 loss_D_fake: 0.017 loss_D: 2.449 acc_real: 0.934 acc_fake: 0.956 loss_AUX: 1.674 loss_D_gr_fake: 0.087 acc_grfake: 0.898 
validation accuracies:
                gf: 0.94
                real: 0.90
                fake: 0.98

ran validation set (B:301) in                         32.2 s.
(epoch: 1, batches: 400, time: 0.018, data: 0.004) loss_G_comp: 0.000 loss_G_anti_sc: 0.000 loss_G: 0.000 loss_D_real: 0.613 loss_D_fake: 0.027 loss_D: 2.436 acc_real: 0.904 acc_fake: 0.985 loss_AUX: 1.692 loss_D_gr_fake: 0.105 acc_grfake: 0.940 
validation accuracies:
                gf: 0.95
                real: 0.86
                fake: 0.99

ran validation set (B:401) in                         33.1 s.
learning rate 0.0002000 -> 0.0002000
End of epoch 1 / 5 	 Time Taken: 437 sec
/home/tlotze/.local/lib/python3.8/site-packages/torch/optim/lr_scheduler.py:131: UserWarning: Detected call of `lr_scheduler.step()` before `optimizer.step()`. In PyTorch 1.1.0 and later, you should call them in the opposite order: `optimizer.step()` before `lr_scheduler.step()`.  Failure to do this will result in PyTorch skipping the first value of the learning rate schedule. See more details at https://pytorch.org/docs/stable/optim.html#how-to-adjust-learning-rate
  warnings.warn("Detected call of `lr_scheduler.step()` before `optimizer.step()`. "
validation accuracies:
                gf: 0.95
                real: 0.84
                fake: 0.98

ran validation set (B:501) in                         33.1 s.
(epoch: 2, batches: 100, time: 0.017, data: 0.005) loss_G_comp: 0.000 loss_G_anti_sc: 0.000 loss_G: 0.000 loss_D_real: 0.629 loss_D_fake: 0.028 loss_D: 2.390 acc_real: 0.842 acc_fake: 0.981 loss_AUX: 1.625 loss_D_gr_fake: 0.108 acc_grfake: 0.950 
validation accuracies:
                gf: 0.94
                real: 0.94
                fake: 0.99

ran validation set (B:601) in                         32.6 s.
(epoch: 2, batches: 200, time: 0.017, data: 0.005) loss_G_comp: 0.000 loss_G_anti_sc: 0.000 loss_G: 0.000 loss_D_real: 0.598 loss_D_fake: 0.008 loss_D: 2.187 acc_real: 0.941 acc_fake: 0.990 loss_AUX: 1.536 loss_D_gr_fake: 0.045 acc_grfake: 0.940 
validation accuracies:
                gf: 0.92
                real: 0.97
                fake: 0.98

ran validation set (B:701) in                         33.0 s.
(epoch: 2, batches: 300, time: 0.017, data: 0.005) loss_G_comp: 0.000 loss_G_anti_sc: 0.000 loss_G: 0.000 loss_D_real: 0.628 loss_D_fake: 0.020 loss_D: 2.244 acc_real: 0.972 acc_fake: 0.980 loss_AUX: 1.533 loss_D_gr_fake: 0.064 acc_grfake: 0.923 
validation accuracies:
                gf: 0.96
                real: 0.89
                fake: 1.00

ran validation set (B:801) in                         33.1 s.
(epoch: 2, batches: 400, time: 0.017, data: 0.005) loss_G_comp: 0.000 loss_G_anti_sc: 0.000 loss_G: 0.000 loss_D_real: 0.587 loss_D_fake: 0.012 loss_D: 2.154 acc_real: 0.888 acc_fake: 0.997 loss_AUX: 1.514 loss_D_gr_fake: 0.041 acc_grfake: 0.956 
learning rate 0.0002000 -> 0.0002000
End of epoch 2 / 5 	 Time Taken: 404 sec
validation accuracies:
                gf: 0.95
                real: 0.91
                fake: 0.99

ran validation set (B:901) in                         32.0 s.
(epoch: 3, batches: 100, time: 0.017, data: 0.003) loss_G_comp: 0.000 loss_G_anti_sc: 0.000 loss_G: 0.000 loss_D_real: 0.608 loss_D_fake: 0.006 loss_D: 2.181 acc_real: 0.909 acc_fake: 0.994 loss_AUX: 1.533 loss_D_gr_fake: 0.034 acc_grfake: 0.951 
Headstart D over
validation accuracies:
                gf: 0.93
                real: 0.99
                fake: 0.98

ran validation set (B:1001) in                         32.9 s.
(epoch: 3, batches: 200, time: 0.013, data: 0.005) loss_G_comp: 3.452 loss_G_anti_sc: 0.012 loss_G: 3.463 loss_D_real: 0.591 loss_D_fake: 0.171 loss_D: 3.113 acc_real: 0.990 acc_fake: 0.983 loss_AUX: 2.289 loss_D_gr_fake: 0.062 acc_grfake: 0.933 
validation accuracies:
                gf: 0.99
                real: 0.29
                fake: 0.98

ran validation set (B:1101) in                         32.7 s.
(epoch: 3, batches: 300, time: 0.010, data: 0.006) loss_G_comp: 1.687 loss_G_anti_sc: 0.189 loss_G: 1.876 loss_D_real: 0.678 loss_D_fake: 0.496 loss_D: 1.822 acc_real: 0.286 acc_fake: 0.983 loss_AUX: 0.648 loss_D_gr_fake: 0.086 acc_grfake: 0.993 
validation accuracies:
                gf: 0.99
                real: 0.46
                fake: 0.79

ran validation set (B:1201) in                         33.2 s.
(epoch: 3, batches: 400, time: 0.012, data: 0.005) loss_G_comp: 0.877 loss_G_anti_sc: 0.460 loss_G: 1.337 loss_D_real: 0.897 loss_D_fake: 0.382 loss_D: 1.797 acc_real: 0.461 acc_fake: 0.785 loss_AUX: 0.486 loss_D_gr_fake: 0.032 acc_grfake: 0.986 
learning rate 0.0002000 -> 0.0002000
End of epoch 3 / 5 	 Time Taken: 357 sec
validation accuracies:
                gf: 1.00
                real: 0.01
                fake: 1.00

ran validation set (B:1301) in                         32.4 s.
(epoch: 4, batches: 100, time: 0.010, data: 0.006) loss_G_comp: 0.875 loss_G_anti_sc: 0.459 loss_G: 1.334 loss_D_real: 0.856 loss_D_fake: 0.418 loss_D: 1.480 acc_real: 0.005 acc_fake: 0.998 loss_AUX: 0.206 loss_D_gr_fake: 0.057 acc_grfake: 1.000 
validation accuracies:
                gf: 1.00
                real: 0.01
                fake: 1.00

ran validation set (B:1401) in                         33.7 s.
(epoch: 4, batches: 200, time: 0.010, data: 0.005) loss_G_comp: 0.869 loss_G_anti_sc: 0.481 loss_G: 1.350 loss_D_real: 0.834 loss_D_fake: 0.453 loss_D: 1.472 acc_real: 0.011 acc_fake: 0.996 loss_AUX: 0.185 loss_D_gr_fake: 0.057 acc_grfake: 1.000 
validation accuracies:
                gf: 1.00
                real: 0.05
                fake: 0.99

ran validation set (B:1501) in                         34.1 s.
(epoch: 4, batches: 300, time: 0.010, data: 0.005) loss_G_comp: 0.925 loss_G_anti_sc: 0.423 loss_G: 1.348 loss_D_real: 0.846 loss_D_fake: 0.438 loss_D: 1.459 acc_real: 0.049 acc_fake: 0.985 loss_AUX: 0.175 loss_D_gr_fake: 0.057 acc_grfake: 0.998 
validation accuracies:
                gf: 1.00
                real: 0.14
                fake: 0.94

ran validation set (B:1601) in                         32.3 s.
(epoch: 4, batches: 400, time: 0.010, data: 0.006) loss_G_comp: 1.079 loss_G_anti_sc: 0.341 loss_G: 1.421 loss_D_real: 0.677 loss_D_fake: 0.684 loss_D: 1.514 acc_real: 0.139 acc_fake: 0.942 loss_AUX: 0.153 loss_D_gr_fake: 0.057 acc_grfake: 0.999 
learning rate 0.0002000 -> 0.0002000
End of epoch 4 / 5 	 Time Taken: 301 sec
validation accuracies:
                gf: 1.00
                real: 0.05
                fake: 0.98

ran validation set (B:1701) in                         31.7 s.
(epoch: 5, batches: 100, time: 0.011, data: 0.004) loss_G_comp: 0.849 loss_G_anti_sc: 0.479 loss_G: 1.328 loss_D_real: 0.887 loss_D_fake: 0.421 loss_D: 1.446 acc_real: 0.050 acc_fake: 0.984 loss_AUX: 0.139 loss_D_gr_fake: 0.057 acc_grfake: 0.999 
validation accuracies:
                gf: 1.00
                real: 0.00
                fake: 1.00

ran validation set (B:1801) in                         33.8 s.
(epoch: 5, batches: 200, time: 0.010, data: 0.003) loss_G_comp: 0.764 loss_G_anti_sc: 0.609 loss_G: 1.373 loss_D_real: 0.902 loss_D_fake: 0.374 loss_D: 1.405 acc_real: 0.003 acc_fake: 0.999 loss_AUX: 0.129 loss_D_gr_fake: 0.057 acc_grfake: 1.000 
validation accuracies:
                gf: 1.00
                real: 0.06
                fake: 0.98

ran validation set (B:1901) in                         33.5 s.
(epoch: 5, batches: 300, time: 0.010, data: 0.002) loss_G_comp: 0.751 loss_G_anti_sc: 0.612 loss_G: 1.363 loss_D_real: 0.910 loss_D_fake: 0.369 loss_D: 1.390 acc_real: 0.064 acc_fake: 0.985 loss_AUX: 0.111 loss_D_gr_fake: 0.057 acc_grfake: 0.999 
validation accuracies:
                gf: 1.00
                real: 0.02
                fake: 1.00

ran validation set (B:2001) in                         33.0 s.
(epoch: 5, batches: 400, time: 0.010, data: 0.002) loss_G_comp: 0.904 loss_G_anti_sc: 0.426 loss_G: 1.330 loss_D_real: 0.800 loss_D_fake: 0.489 loss_D: 1.402 acc_real: 0.024 acc_fake: 0.995 loss_AUX: 0.113 loss_D_gr_fake: 0.057 acc_grfake: 1.000 
learning rate 0.0002000 -> 0.0001600
End of epoch 5 / 5 	 Time Taken: 291 sec
Finished training, model is saved
Batches trained - G: 515, D: 1515 
