starting training run 12
Setting up a new session...
Traceback (most recent call last):
  File "/sw/arch/Debian10/EB_production/2020/software/Python/3.8.2-GCCcore-9.3.0/lib/python3.8/site-packages/urllib3/connection.py", line 159, in _new_conn
    conn = connection.create_connection(
  File "/sw/arch/Debian10/EB_production/2020/software/Python/3.8.2-GCCcore-9.3.0/lib/python3.8/site-packages/urllib3/util/connection.py", line 84, in create_connection
    raise err
  File "/sw/arch/Debian10/EB_production/2020/software/Python/3.8.2-GCCcore-9.3.0/lib/python3.8/site-packages/urllib3/util/connection.py", line 74, in create_connection
    sock.connect(sa)
ConnectionRefusedError: [Errno 111] Connection refused

During handling of the above exception, another exception occurred:

Traceback (most recent call last):
  File "/sw/arch/Debian10/EB_production/2020/software/Python/3.8.2-GCCcore-9.3.0/lib/python3.8/site-packages/urllib3/connectionpool.py", line 670, in urlopen
    httplib_response = self._make_request(
  File "/sw/arch/Debian10/EB_production/2020/software/Python/3.8.2-GCCcore-9.3.0/lib/python3.8/site-packages/urllib3/connectionpool.py", line 392, in _make_request
    conn.request(method, url, **httplib_request_kw)
  File "/sw/arch/Debian10/EB_production/2020/software/Python/3.8.2-GCCcore-9.3.0/lib/python3.8/http/client.py", line 1230, in request
    self._send_request(method, url, body, headers, encode_chunked)
  File "/sw/arch/Debian10/EB_production/2020/software/Python/3.8.2-GCCcore-9.3.0/lib/python3.8/http/client.py", line 1276, in _send_request
    self.endheaders(body, encode_chunked=encode_chunked)
  File "/sw/arch/Debian10/EB_production/2020/software/Python/3.8.2-GCCcore-9.3.0/lib/python3.8/http/client.py", line 1225, in endheaders
    self._send_output(message_body, encode_chunked=encode_chunked)
  File "/sw/arch/Debian10/EB_production/2020/software/Python/3.8.2-GCCcore-9.3.0/lib/python3.8/http/client.py", line 1004, in _send_output
    self.send(msg)
  File "/sw/arch/Debian10/EB_production/2020/software/Python/3.8.2-GCCcore-9.3.0/lib/python3.8/http/client.py", line 944, in send
    self.connect()
  File "/sw/arch/Debian10/EB_production/2020/software/Python/3.8.2-GCCcore-9.3.0/lib/python3.8/site-packages/urllib3/connection.py", line 187, in connect
    conn = self._new_conn()
  File "/sw/arch/Debian10/EB_production/2020/software/Python/3.8.2-GCCcore-9.3.0/lib/python3.8/site-packages/urllib3/connection.py", line 171, in _new_conn
    raise NewConnectionError(
urllib3.exceptions.NewConnectionError: <urllib3.connection.HTTPConnection object at 0x14f4c0238df0>: Failed to establish a new connection: [Errno 111] Connection refused

During handling of the above exception, another exception occurred:

Traceback (most recent call last):
  File "/sw/arch/Debian10/EB_production/2020/software/Python/3.8.2-GCCcore-9.3.0/lib/python3.8/site-packages/requests/adapters.py", line 439, in send
    resp = conn.urlopen(
  File "/sw/arch/Debian10/EB_production/2020/software/Python/3.8.2-GCCcore-9.3.0/lib/python3.8/site-packages/urllib3/connectionpool.py", line 724, in urlopen
    retries = retries.increment(
  File "/sw/arch/Debian10/EB_production/2020/software/Python/3.8.2-GCCcore-9.3.0/lib/python3.8/site-packages/urllib3/util/retry.py", line 439, in increment
    raise MaxRetryError(_pool, url, error or ResponseError(cause))
urllib3.exceptions.MaxRetryError: HTTPConnectionPool(host='localhost', port=8097): Max retries exceeded with url: /env/main (Caused by NewConnectionError('<urllib3.connection.HTTPConnection object at 0x14f4c0238df0>: Failed to establish a new connection: [Errno 111] Connection refused'))

During handling of the above exception, another exception occurred:

Traceback (most recent call last):
  File "/home/tlotze/.local/lib/python3.8/site-packages/visdom/__init__.py", line 708, in _send
    return self._handle_post(
  File "/home/tlotze/.local/lib/python3.8/site-packages/visdom/__init__.py", line 677, in _handle_post
    r = self.session.post(url, data=data)
  File "/sw/arch/Debian10/EB_production/2020/software/Python/3.8.2-GCCcore-9.3.0/lib/python3.8/site-packages/requests/sessions.py", line 578, in post
    return self.request('POST', url, data=data, json=json, **kwargs)
  File "/sw/arch/Debian10/EB_production/2020/software/Python/3.8.2-GCCcore-9.3.0/lib/python3.8/site-packages/requests/sessions.py", line 530, in request
    resp = self.send(prep, **send_kwargs)
  File "/sw/arch/Debian10/EB_production/2020/software/Python/3.8.2-GCCcore-9.3.0/lib/python3.8/site-packages/requests/sessions.py", line 643, in send
    r = adapter.send(request, **kwargs)
  File "/sw/arch/Debian10/EB_production/2020/software/Python/3.8.2-GCCcore-9.3.0/lib/python3.8/site-packages/requests/adapters.py", line 516, in send
    raise ConnectionError(e, request=request)
requests.exceptions.ConnectionError: HTTPConnectionPool(host='localhost', port=8097): Max retries exceeded with url: /env/main (Caused by NewConnectionError('<urllib3.connection.HTTPConnection object at 0x14f4c0238df0>: Failed to establish a new connection: [Errno 111] Connection refused'))
[Errno 111] Connection refused
----------------- Options ---------------
              D_headstart: 80000                         
               batch_size: 50                            	[default: 80]
                    beta1: 0.5                           
                    beta2: 0.999                         
           border_zeroing: True                          
          checkpoints_dir: /scratch/checkpoints          	[default: ./checkpoints]
        confidence_weight: 0.0                           
           continue_train: False                         
                crop_size: 64                            
                 dataroot: /scratch/datasets/CLEVR_colorized/images	[default: datasets]
             dataset_mode: double                        
                direction: None                          
              display_env: main                          
             display_freq: 5000                          	[default: 1]
               display_id: 1                             
            display_ncols: 4                             
             display_port: 8097                          
           display_server: http://localhost              
          display_winsize: 256                           
                    epoch: latest                        
              epoch_count: 1                             
                 gan_mode: lsgan                         
                  gpu_ids: 0                             
                init_gain: 0.02                          
                init_type: normal                        
                 input_nc: 3                             
                  isTrain: True                          	[default: None]
               lambda_aux: 0.2                           
                load_iter: 0                             	[default: 0]
                load_size: 70                            
                       lr: 0.0001                        
           lr_decay_iters: 50                            
                lr_policy: step                          
         max_dataset_size: inf                           
                    model: copypasteGAN                  	[default: cycle_gan]
                 n_epochs: 12                            	[default: 1]
           n_epochs_decay: 5                             	[default: 3]
               n_layers_D: 3                             
                     name: CopyGAN                       
                      ndf: 64                            
                     netD: copy                          
                     netG: copy                          
                      ngf: 64                            
               no_dropout: False                         
                  no_flip: True                          
                  no_html: False                         
                     norm: instance                      
           nr_obj_classes: 1                             
              num_threads: 4                             
                output_nc: 3                             
                    phase: train                         
                pool_size: 50                            
               preprocess: resize_and_crop               
               print_freq: 1000                          	[default: 100]
              real_target: 1.0                           
             save_by_iter: False                         
          save_epoch_freq: 10                            	[default: 50]
         save_latest_freq: 5000                          
                     seed: 42                            
           serial_batches: False                         
               sigma_blur: 1.0                           
                   suffix:                               
         update_html_freq: 5000                          	[default: 1000]
                  verbose: True                          	[default: False]
----------------- End -------------------
dataset [DoubleDataset] was created
The number of training images = 15000
The number of epochs to run = 17
initialize network with normal
initialize network with normal
model [CopyPasteGANModel] was created
---------- Networks initialized -------------
DataParallel(
  (module): CopyUNet(
    (enc1): EncoderBlock(
      (model): Sequential(
        (0): Conv2d(3, 64, kernel_size=(3, 3), stride=(1, 1), padding=(1, 1), bias=False)
        (1): InstanceNorm2d(64, eps=1e-05, momentum=0.1, affine=False, track_running_stats=False)
        (2): LeakyReLU(negative_slope=0.2, inplace=True)
      )
    )
    (enc2): EncoderBlock(
      (model): Sequential(
        (0): Conv2d(64, 128, kernel_size=(3, 3), stride=(2, 2), padding=(1, 1), bias=False)
        (1): InstanceNorm2d(128, eps=1e-05, momentum=0.1, affine=False, track_running_stats=False)
        (2): LeakyReLU(negative_slope=0.2, inplace=True)
      )
    )
    (enc3): EncoderBlock(
      (model): Sequential(
        (0): Conv2d(128, 256, kernel_size=(3, 3), stride=(2, 2), padding=(1, 1), bias=False)
        (1): InstanceNorm2d(256, eps=1e-05, momentum=0.1, affine=False, track_running_stats=False)
        (2): LeakyReLU(negative_slope=0.2, inplace=True)
      )
    )
    (enc4): EncoderBlock(
      (model): Sequential(
        (0): Conv2d(256, 512, kernel_size=(3, 3), stride=(2, 2), padding=(1, 1), bias=False)
        (1): InstanceNorm2d(512, eps=1e-05, momentum=0.1, affine=False, track_running_stats=False)
        (2): LeakyReLU(negative_slope=0.2, inplace=True)
      )
    )
    (dec4): DecoderBlock(
      (model): Sequential(
        (0): Upsample(scale_factor=2.0, mode=nearest)
        (1): Conv2d(512, 256, kernel_size=(3, 3), stride=(1, 1), padding=(1, 1))
        (2): InstanceNorm2d(256, eps=1e-05, momentum=0.1, affine=False, track_running_stats=False)
        (3): LeakyReLU(negative_slope=0.2, inplace=True)
      )
    )
    (dec3): DecoderBlock(
      (model): Sequential(
        (0): Upsample(scale_factor=2.0, mode=nearest)
        (1): Conv2d(512, 128, kernel_size=(3, 3), stride=(1, 1), padding=(1, 1))
        (2): InstanceNorm2d(128, eps=1e-05, momentum=0.1, affine=False, track_running_stats=False)
        (3): LeakyReLU(negative_slope=0.2, inplace=True)
      )
    )
    (dec2): DecoderBlock(
      (model): Sequential(
        (0): Upsample(scale_factor=2.0, mode=nearest)
        (1): Conv2d(256, 64, kernel_size=(3, 3), stride=(1, 1), padding=(1, 1))
        (2): InstanceNorm2d(64, eps=1e-05, momentum=0.1, affine=False, track_running_stats=False)
        (3): LeakyReLU(negative_slope=0.2, inplace=True)
      )
    )
    (dec1): DecoderBlock(
      (model): Sequential(
        (0): Conv2d(128, 1, kernel_size=(3, 3), stride=(1, 1), padding=(1, 1))
      )
    )
    (sigmoid): Sigmoid()
    (avg_pool): AvgPool2d(kernel_size=8, stride=2, padding=0)
    (fc): Linear(in_features=512, out_features=1, bias=True)
    (relu): ReLU()
  )
)
[Network G] Total number of parameters : 3.469 M
DataParallel(
  (module): CopyUNet(
    (blur_filter): Conv2d(3, 3, kernel_size=(3, 3), stride=(1, 1), padding=(1, 1), groups=3, bias=False, padding_mode=replicate)
    (enc1): EncoderBlock(
      (model): Sequential(
        (0): Conv2d(3, 64, kernel_size=(3, 3), stride=(1, 1), padding=(1, 1), bias=False)
        (1): InstanceNorm2d(64, eps=1e-05, momentum=0.1, affine=False, track_running_stats=False)
        (2): LeakyReLU(negative_slope=0.2, inplace=True)
      )
    )
    (enc2): EncoderBlock(
      (model): Sequential(
        (0): Conv2d(64, 128, kernel_size=(3, 3), stride=(2, 2), padding=(1, 1), bias=False)
        (1): InstanceNorm2d(128, eps=1e-05, momentum=0.1, affine=False, track_running_stats=False)
        (2): LeakyReLU(negative_slope=0.2, inplace=True)
      )
    )
    (enc3): EncoderBlock(
      (model): Sequential(
        (0): Conv2d(128, 256, kernel_size=(3, 3), stride=(2, 2), padding=(1, 1), bias=False)
        (1): InstanceNorm2d(256, eps=1e-05, momentum=0.1, affine=False, track_running_stats=False)
        (2): LeakyReLU(negative_slope=0.2, inplace=True)
      )
    )
    (enc4): EncoderBlock(
      (model): Sequential(
        (0): Conv2d(256, 512, kernel_size=(3, 3), stride=(2, 2), padding=(1, 1), bias=False)
        (1): InstanceNorm2d(512, eps=1e-05, momentum=0.1, affine=False, track_running_stats=False)
        (2): LeakyReLU(negative_slope=0.2, inplace=True)
      )
    )
    (dec4): DecoderBlock(
      (model): Sequential(
        (0): Upsample(scale_factor=2.0, mode=nearest)
        (1): Conv2d(512, 256, kernel_size=(3, 3), stride=(1, 1), padding=(1, 1))
        (2): InstanceNorm2d(256, eps=1e-05, momentum=0.1, affine=False, track_running_stats=False)
        (3): LeakyReLU(negative_slope=0.2, inplace=True)
      )
    )
    (dec3): DecoderBlock(
      (model): Sequential(
        (0): Upsample(scale_factor=2.0, mode=nearest)
        (1): Conv2d(512, 128, kernel_size=(3, 3), stride=(1, 1), padding=(1, 1))
        (2): InstanceNorm2d(128, eps=1e-05, momentum=0.1, affine=False, track_running_stats=False)
        (3): LeakyReLU(negative_slope=0.2, inplace=True)
      )
    )
    (dec2): DecoderBlock(
      (model): Sequential(
        (0): Upsample(scale_factor=2.0, mode=nearest)
        (1): Conv2d(256, 64, kernel_size=(3, 3), stride=(1, 1), padding=(1, 1))
        (2): InstanceNorm2d(64, eps=1e-05, momentum=0.1, affine=False, track_running_stats=False)
        (3): LeakyReLU(negative_slope=0.2, inplace=True)
      )
    )
    (dec1): DecoderBlock(
      (model): Sequential(
        (0): Conv2d(128, 1, kernel_size=(3, 3), stride=(1, 1), padding=(1, 1))
      )
    )
    (sigmoid): Sigmoid()
    (avg_pool): AvgPool2d(kernel_size=8, stride=2, padding=0)
    (fc): Linear(in_features=512, out_features=1, bias=True)
    (relu): ReLU()
  )
)
[Network D] Total number of parameters : 3.469 M
-----------------------------------------------
Exception in user code:
------------------------------------------------------------
checking connection: False


Could not connect to Visdom server. 
 Trying to start a server....
Command: /sw/arch/Debian10/EB_production/2020/software/Python/3.8.2-GCCcore-9.3.0/bin/python -m visdom.server -p 8097 &>/dev/null &
check connection after creating new server: False
create web directory /scratch/checkpoints/CopyGAN/web...
(epoch: 1, iters: 1000, time: 0.005, data: 1.527) loss_G_comp: 0.000 loss_G_anti_sc: 0.000 loss_G: 0.000 loss_D_real: 0.610 loss_D_fake: 0.690 loss_D_gr_fake: 0.648 loss_AUX: 0.465 loss_D: 2.413 
D preds: real 0.54, fake 0.50, grfake: 0.48
accuracy: real: 0.92, fake: 0.56, grfake: 0.76

(epoch: 1, iters: 2000, time: 0.008, data: 0.001) loss_G_comp: 0.000 loss_G_anti_sc: 0.000 loss_G: 0.000 loss_D_real: 0.567 loss_D_fake: 0.663 loss_D_gr_fake: 0.575 loss_AUX: 0.468 loss_D: 2.272 
D preds: real 0.57, fake 0.48, grfake: 0.43
accuracy: real: 0.92, fake: 0.74, grfake: 0.86

(epoch: 1, iters: 3000, time: 0.007, data: 0.001) loss_G_comp: 0.000 loss_G_anti_sc: 0.000 loss_G: 0.000 loss_D_real: 0.520 loss_D_fake: 0.700 loss_D_gr_fake: 0.549 loss_AUX: 0.475 loss_D: 2.243 
D preds: real 0.60, fake 0.50, grfake: 0.42
accuracy: real: 0.94, fake: 0.56, grfake: 0.88

(epoch: 1, iters: 4000, time: 0.007, data: 0.001) loss_G_comp: 0.000 loss_G_anti_sc: 0.000 loss_G: 0.000 loss_D_real: 0.519 loss_D_fake: 0.674 loss_D_gr_fake: 0.528 loss_AUX: 0.509 loss_D: 2.230 
D preds: real 0.60, fake 0.49, grfake: 0.40
accuracy: real: 0.88, fake: 0.58, grfake: 0.82

(epoch: 1, iters: 5000, time: 0.012, data: 0.001) loss_G_comp: 0.000 loss_G_anti_sc: 0.000 loss_G: 0.000 loss_D_real: 0.432 loss_D_fake: 0.708 loss_D_gr_fake: 0.488 loss_AUX: 0.517 loss_D: 2.145 
D preds: real 0.65, fake 0.50, grfake: 0.38
accuracy: real: 0.98, fake: 0.56, grfake: 0.88

saving the latest model (epoch 1, total_iters 5000)
(epoch: 1, iters: 6000, time: 0.008, data: 0.019) loss_G_comp: 0.000 loss_G_anti_sc: 0.000 loss_G: 0.000 loss_D_real: 0.438 loss_D_fake: 0.668 loss_D_gr_fake: 0.401 loss_AUX: 0.549 loss_D: 2.056 
D preds: real 0.65, fake 0.48, grfake: 0.32
accuracy: real: 0.92, fake: 0.68, grfake: 0.92

(epoch: 1, iters: 7000, time: 0.007, data: 0.005) loss_G_comp: 0.000 loss_G_anti_sc: 0.000 loss_G: 0.000 loss_D_real: 0.416 loss_D_fake: 0.772 loss_D_gr_fake: 0.614 loss_AUX: 0.554 loss_D: 2.356 
D preds: real 0.66, fake 0.53, grfake: 0.45
accuracy: real: 1.0, fake: 0.34, grfake: 0.66

(epoch: 1, iters: 8000, time: 0.008, data: 0.003) loss_G_comp: 0.000 loss_G_anti_sc: 0.000 loss_G: 0.000 loss_D_real: 0.350 loss_D_fake: 0.716 loss_D_gr_fake: 0.379 loss_AUX: 0.582 loss_D: 2.026 
D preds: real 0.71, fake 0.50, grfake: 0.30
accuracy: real: 1.0, fake: 0.56, grfake: 0.9

(epoch: 1, iters: 9000, time: 0.007, data: 0.023) loss_G_comp: 0.000 loss_G_anti_sc: 0.000 loss_G: 0.000 loss_D_real: 0.316 loss_D_fake: 0.778 loss_D_gr_fake: 0.415 loss_AUX: 0.600 loss_D: 2.109 
D preds: real 0.73, fake 0.53, grfake: 0.31
accuracy: real: 1.0, fake: 0.42, grfake: 0.9

(epoch: 1, iters: 10000, time: 0.009, data: 0.170) loss_G_comp: 0.000 loss_G_anti_sc: 0.000 loss_G: 0.000 loss_D_real: 0.291 loss_D_fake: 0.908 loss_D_gr_fake: 0.495 loss_AUX: 0.616 loss_D: 2.309 
D preds: real 0.75, fake 0.59, grfake: 0.36
accuracy: real: 1.0, fake: 0.24, grfake: 0.8

saving the latest model (epoch 1, total_iters 10000)
(epoch: 1, iters: 11000, time: 0.008, data: 0.001) loss_G_comp: 0.000 loss_G_anti_sc: 0.000 loss_G: 0.000 loss_D_real: 0.265 loss_D_fake: 0.812 loss_D_gr_fake: 0.377 loss_AUX: 0.631 loss_D: 2.085 
D preds: real 0.77, fake 0.55, grfake: 0.29
accuracy: real: 1.0, fake: 0.26, grfake: 0.92

(epoch: 1, iters: 12000, time: 0.008, data: 0.003) loss_G_comp: 0.000 loss_G_anti_sc: 0.000 loss_G: 0.000 loss_D_real: 0.269 loss_D_fake: 0.846 loss_D_gr_fake: 0.285 loss_AUX: 0.645 loss_D: 2.045 
D preds: real 0.77, fake 0.56, grfake: 0.23
accuracy: real: 1.0, fake: 0.4, grfake: 0.94

(epoch: 1, iters: 13000, time: 0.008, data: 0.001) loss_G_comp: 0.000 loss_G_anti_sc: 0.000 loss_G: 0.000 loss_D_real: 0.278 loss_D_fake: 0.941 loss_D_gr_fake: 0.258 loss_AUX: 0.665 loss_D: 2.142 
D preds: real 0.77, fake 0.59, grfake: 0.22
accuracy: real: 0.92, fake: 0.28, grfake: 0.94

(epoch: 1, iters: 14000, time: 0.008, data: 0.001) loss_G_comp: 0.000 loss_G_anti_sc: 0.000 loss_G: 0.000 loss_D_real: 0.238 loss_D_fake: 0.927 loss_D_gr_fake: 0.201 loss_AUX: 0.684 loss_D: 2.050 
D preds: real 0.79, fake 0.59, grfake: 0.18
accuracy: real: 1.0, fake: 0.2, grfake: 0.98

(epoch: 1, iters: 15000, time: 0.009, data: 0.001) loss_G_comp: 0.000 loss_G_anti_sc: 0.000 loss_G: 0.000 loss_D_real: 0.190 loss_D_fake: 1.114 loss_D_gr_fake: 0.281 loss_AUX: 0.700 loss_D: 2.285 
D preds: real 0.83, fake 0.65, grfake: 0.21
accuracy: real: 1.0, fake: 0.1, grfake: 0.86

saving the latest model (epoch 1, total_iters 15000)
learning rate 0.0001000 -> 0.0001000
End of epoch 1 / 17 	 Time Taken: 97 sec
/home/tlotze/.local/lib/python3.8/site-packages/torch/optim/lr_scheduler.py:131: UserWarning: Detected call of `lr_scheduler.step()` before `optimizer.step()`. In PyTorch 1.1.0 and later, you should call them in the opposite order: `optimizer.step()` before `lr_scheduler.step()`.  Failure to do this will result in PyTorch skipping the first value of the learning rate schedule. See more details at https://pytorch.org/docs/stable/optim.html#how-to-adjust-learning-rate
  warnings.warn("Detected call of `lr_scheduler.step()` before `optimizer.step()`. "
(epoch: 2, iters: 1000, time: 0.008, data: 0.870) loss_G_comp: 0.000 loss_G_anti_sc: 0.000 loss_G: 0.000 loss_D_real: 0.247 loss_D_fake: 1.021 loss_D_gr_fake: 0.182 loss_AUX: 0.727 loss_D: 2.177 
D preds: real 0.79, fake 0.62, grfake: 0.16
accuracy: real: 0.98, fake: 0.14, grfake: 0.98

(epoch: 2, iters: 2000, time: 0.007, data: 0.001) loss_G_comp: 0.000 loss_G_anti_sc: 0.000 loss_G: 0.000 loss_D_real: 0.156 loss_D_fake: 1.123 loss_D_gr_fake: 0.235 loss_AUX: 0.724 loss_D: 2.238 
D preds: real 0.86, fake 0.65, grfake: 0.19
accuracy: real: 1.0, fake: 0.08, grfake: 0.98

(epoch: 2, iters: 3000, time: 0.008, data: 0.001) loss_G_comp: 0.000 loss_G_anti_sc: 0.000 loss_G: 0.000 loss_D_real: 0.155 loss_D_fake: 1.156 loss_D_gr_fake: 0.137 loss_AUX: 0.744 loss_D: 2.193 
D preds: real 0.86, fake 0.67, grfake: 0.13
accuracy: real: 1.0, fake: 0.04, grfake: 1.0

(epoch: 2, iters: 4000, time: 0.008, data: 0.001) loss_G_comp: 0.000 loss_G_anti_sc: 0.000 loss_G: 0.000 loss_D_real: 0.128 loss_D_fake: 1.147 loss_D_gr_fake: 0.126 loss_AUX: 0.748 loss_D: 2.149 
D preds: real 0.88, fake 0.66, grfake: 0.12
accuracy: real: 1.0, fake: 0.04, grfake: 1.0

(epoch: 2, iters: 5000, time: 0.013, data: 0.001) loss_G_comp: 0.000 loss_G_anti_sc: 0.000 loss_G: 0.000 loss_D_real: 0.120 loss_D_fake: 1.300 loss_D_gr_fake: 0.146 loss_AUX: 0.760 loss_D: 2.326 
D preds: real 0.89, fake 0.70, grfake: 0.12
accuracy: real: 1.0, fake: 0.0, grfake: 0.98

saving the latest model (epoch 2, total_iters 20000)
(epoch: 2, iters: 6000, time: 0.006, data: 0.001) loss_G_comp: 0.000 loss_G_anti_sc: 0.000 loss_G: 0.000 loss_D_real: 0.113 loss_D_fake: 1.306 loss_D_gr_fake: 0.123 loss_AUX: 0.772 loss_D: 2.313 
D preds: real 0.89, fake 0.71, grfake: 0.11
accuracy: real: 1.0, fake: 0.0, grfake: 0.98

(epoch: 2, iters: 7000, time: 0.008, data: 0.001) loss_G_comp: 0.000 loss_G_anti_sc: 0.000 loss_G: 0.000 loss_D_real: 0.096 loss_D_fake: 1.340 loss_D_gr_fake: 0.120 loss_AUX: 0.787 loss_D: 2.343 
D preds: real 0.91, fake 0.71, grfake: 0.11
accuracy: real: 1.0, fake: 0.0, grfake: 1.0

(epoch: 2, iters: 8000, time: 0.008, data: 0.283) loss_G_comp: 0.000 loss_G_anti_sc: 0.000 loss_G: 0.000 loss_D_real: 0.089 loss_D_fake: 1.391 loss_D_gr_fake: 0.102 loss_AUX: 0.785 loss_D: 2.367 
D preds: real 0.92, fake 0.73, grfake: 0.09
accuracy: real: 1.0, fake: 0.0, grfake: 1.0

(epoch: 2, iters: 9000, time: 0.007, data: 0.001) loss_G_comp: 0.000 loss_G_anti_sc: 0.000 loss_G: 0.000 loss_D_real: 0.096 loss_D_fake: 1.447 loss_D_gr_fake: 0.087 loss_AUX: 0.799 loss_D: 2.429 
D preds: real 0.91, fake 0.74, grfake: 0.08
accuracy: real: 1.0, fake: 0.0, grfake: 0.98

(epoch: 2, iters: 10000, time: 0.013, data: 0.001) loss_G_comp: 0.000 loss_G_anti_sc: 0.000 loss_G: 0.000 loss_D_real: 0.075 loss_D_fake: 1.491 loss_D_gr_fake: 0.077 loss_AUX: 0.811 loss_D: 2.454 
D preds: real 0.93, fake 0.75, grfake: 0.07
accuracy: real: 1.0, fake: 0.0, grfake: 1.0

saving the latest model (epoch 2, total_iters 25000)
(epoch: 2, iters: 11000, time: 0.007, data: 0.003) loss_G_comp: 0.000 loss_G_anti_sc: 0.000 loss_G: 0.000 loss_D_real: 0.087 loss_D_fake: 1.687 loss_D_gr_fake: 0.076 loss_AUX: 0.831 loss_D: 2.680 
D preds: real 0.92, fake 0.79, grfake: 0.07
accuracy: real: 1.0, fake: 0.0, grfake: 1.0

(epoch: 2, iters: 12000, time: 0.007, data: 0.003) loss_G_comp: 0.000 loss_G_anti_sc: 0.000 loss_G: 0.000 loss_D_real: 0.073 loss_D_fake: 1.555 loss_D_gr_fake: 0.069 loss_AUX: 0.831 loss_D: 2.529 
D preds: real 0.93, fake 0.77, grfake: 0.07
accuracy: real: 1.0, fake: 0.0, grfake: 1.0

(epoch: 2, iters: 13000, time: 0.008, data: 0.001) loss_G_comp: 0.000 loss_G_anti_sc: 0.000 loss_G: 0.000 loss_D_real: 0.066 loss_D_fake: 1.464 loss_D_gr_fake: 0.062 loss_AUX: 0.835 loss_D: 2.427 
D preds: real 0.94, fake 0.75, grfake: 0.06
accuracy: real: 1.0, fake: 0.0, grfake: 1.0

(epoch: 2, iters: 14000, time: 0.006, data: 0.001) loss_G_comp: 0.000 loss_G_anti_sc: 0.000 loss_G: 0.000 loss_D_real: 0.069 loss_D_fake: 1.608 loss_D_gr_fake: 0.055 loss_AUX: 0.839 loss_D: 2.571 
D preds: real 0.94, fake 0.77, grfake: 0.05
accuracy: real: 1.0, fake: 0.0, grfake: 1.0

(epoch: 2, iters: 15000, time: 0.009, data: 0.001) loss_G_comp: 0.000 loss_G_anti_sc: 0.000 loss_G: 0.000 loss_D_real: 0.055 loss_D_fake: 1.670 loss_D_gr_fake: 0.048 loss_AUX: 0.851 loss_D: 2.625 
D preds: real 0.95, fake 0.79, grfake: 0.05
accuracy: real: 1.0, fake: 0.0, grfake: 1.0

saving the latest model (epoch 2, total_iters 30000)
learning rate 0.0001000 -> 0.0001000
End of epoch 2 / 17 	 Time Taken: 96 sec
(epoch: 3, iters: 1000, time: 0.007, data: 0.869) loss_G_comp: 0.000 loss_G_anti_sc: 0.000 loss_G: 0.000 loss_D_real: 0.063 loss_D_fake: 1.661 loss_D_gr_fake: 0.065 loss_AUX: 0.870 loss_D: 2.660 
D preds: real 0.94, fake 0.79, grfake: 0.06
accuracy: real: 1.0, fake: 0.0, grfake: 1.0

(epoch: 3, iters: 2000, time: 0.008, data: 0.001) loss_G_comp: 0.000 loss_G_anti_sc: 0.000 loss_G: 0.000 loss_D_real: 0.054 loss_D_fake: 1.669 loss_D_gr_fake: 0.049 loss_AUX: 0.862 loss_D: 2.634 
D preds: real 0.95, fake 0.79, grfake: 0.05
accuracy: real: 1.0, fake: 0.0, grfake: 1.0

(epoch: 3, iters: 3000, time: 0.007, data: 0.003) loss_G_comp: 0.000 loss_G_anti_sc: 0.000 loss_G: 0.000 loss_D_real: 0.045 loss_D_fake: 1.800 loss_D_gr_fake: 0.084 loss_AUX: 0.885 loss_D: 2.815 
D preds: real 0.96, fake 0.81, grfake: 0.07
accuracy: real: 1.0, fake: 0.0, grfake: 0.98

(epoch: 3, iters: 4000, time: 0.006, data: 0.001) loss_G_comp: 0.000 loss_G_anti_sc: 0.000 loss_G: 0.000 loss_D_real: 0.044 loss_D_fake: 1.756 loss_D_gr_fake: 0.038 loss_AUX: 0.881 loss_D: 2.720 
D preds: real 0.96, fake 0.80, grfake: 0.04
accuracy: real: 1.0, fake: 0.0, grfake: 1.0

(epoch: 3, iters: 5000, time: 0.010, data: 0.001) loss_G_comp: 0.000 loss_G_anti_sc: 0.000 loss_G: 0.000 loss_D_real: 0.043 loss_D_fake: 1.794 loss_D_gr_fake: 0.044 loss_AUX: 0.888 loss_D: 2.768 
D preds: real 0.96, fake 0.81, grfake: 0.04
accuracy: real: 1.0, fake: 0.0, grfake: 1.0

saving the latest model (epoch 3, total_iters 35000)
(epoch: 3, iters: 6000, time: 0.008, data: 0.001) loss_G_comp: 0.000 loss_G_anti_sc: 0.000 loss_G: 0.000 loss_D_real: 0.037 loss_D_fake: 1.872 loss_D_gr_fake: 0.036 loss_AUX: 0.905 loss_D: 2.850 
D preds: real 0.96, fake 0.82, grfake: 0.04
accuracy: real: 1.0, fake: 0.0, grfake: 1.0

(epoch: 3, iters: 7000, time: 0.007, data: 0.001) loss_G_comp: 0.000 loss_G_anti_sc: 0.000 loss_G: 0.000 loss_D_real: 0.037 loss_D_fake: 1.713 loss_D_gr_fake: 0.038 loss_AUX: 0.899 loss_D: 2.687 
D preds: real 0.96, fake 0.79, grfake: 0.04
accuracy: real: 1.0, fake: 0.0, grfake: 1.0

(epoch: 3, iters: 8000, time: 0.007, data: 0.001) loss_G_comp: 0.000 loss_G_anti_sc: 0.000 loss_G: 0.000 loss_D_real: 0.046 loss_D_fake: 1.792 loss_D_gr_fake: 0.031 loss_AUX: 0.909 loss_D: 2.778 
D preds: real 0.96, fake 0.80, grfake: 0.03
accuracy: real: 1.0, fake: 0.0, grfake: 1.0

(epoch: 3, iters: 9000, time: 0.006, data: 0.003) loss_G_comp: 0.000 loss_G_anti_sc: 0.000 loss_G: 0.000 loss_D_real: 0.037 loss_D_fake: 1.795 loss_D_gr_fake: 0.043 loss_AUX: 0.916 loss_D: 2.791 
D preds: real 0.96, fake 0.80, grfake: 0.04
accuracy: real: 1.0, fake: 0.0, grfake: 1.0

(epoch: 3, iters: 10000, time: 0.010, data: 0.001) loss_G_comp: 0.000 loss_G_anti_sc: 0.000 loss_G: 0.000 loss_D_real: 0.035 loss_D_fake: 1.899 loss_D_gr_fake: 0.041 loss_AUX: 0.929 loss_D: 2.904 
D preds: real 0.97, fake 0.82, grfake: 0.04
accuracy: real: 1.0, fake: 0.0, grfake: 1.0

saving the latest model (epoch 3, total_iters 40000)
(epoch: 3, iters: 11000, time: 0.008, data: 0.015) loss_G_comp: 0.000 loss_G_anti_sc: 0.000 loss_G: 0.000 loss_D_real: 0.037 loss_D_fake: 1.777 loss_D_gr_fake: 0.030 loss_AUX: 0.923 loss_D: 2.768 
D preds: real 0.96, fake 0.80, grfake: 0.03
accuracy: real: 1.0, fake: 0.0, grfake: 1.0

(epoch: 3, iters: 12000, time: 0.007, data: 0.003) loss_G_comp: 0.000 loss_G_anti_sc: 0.000 loss_G: 0.000 loss_D_real: 0.035 loss_D_fake: 1.886 loss_D_gr_fake: 0.027 loss_AUX: 0.935 loss_D: 2.884 
D preds: real 0.97, fake 0.83, grfake: 0.03
accuracy: real: 1.0, fake: 0.0, grfake: 1.0

(epoch: 3, iters: 13000, time: 0.008, data: 0.003) loss_G_comp: 0.000 loss_G_anti_sc: 0.000 loss_G: 0.000 loss_D_real: 0.030 loss_D_fake: 2.064 loss_D_gr_fake: 0.027 loss_AUX: 0.944 loss_D: 3.066 
D preds: real 0.97, fake 0.85, grfake: 0.03
accuracy: real: 1.0, fake: 0.0, grfake: 1.0

(epoch: 3, iters: 14000, time: 0.007, data: 0.302) loss_G_comp: 0.000 loss_G_anti_sc: 0.000 loss_G: 0.000 loss_D_real: 0.029 loss_D_fake: 2.004 loss_D_gr_fake: 0.031 loss_AUX: 0.954 loss_D: 3.018 
D preds: real 0.97, fake 0.83, grfake: 0.03
accuracy: real: 1.0, fake: 0.0, grfake: 1.0

(epoch: 3, iters: 15000, time: 0.009, data: 0.004) loss_G_comp: 0.000 loss_G_anti_sc: 0.000 loss_G: 0.000 loss_D_real: 0.027 loss_D_fake: 1.979 loss_D_gr_fake: 0.025 loss_AUX: 0.946 loss_D: 2.977 
D preds: real 0.97, fake 0.84, grfake: 0.02
accuracy: real: 1.0, fake: 0.0, grfake: 1.0

saving the latest model (epoch 3, total_iters 45000)
learning rate 0.0001000 -> 0.0001000
End of epoch 3 / 17 	 Time Taken: 95 sec
(epoch: 4, iters: 1000, time: 0.008, data: 1.613) loss_G_comp: 0.000 loss_G_anti_sc: 0.000 loss_G: 0.000 loss_D_real: 0.028 loss_D_fake: 2.116 loss_D_gr_fake: 0.029 loss_AUX: 0.966 loss_D: 3.140 
D preds: real 0.97, fake 0.85, grfake: 0.03
accuracy: real: 1.0, fake: 0.0, grfake: 1.0

(epoch: 4, iters: 2000, time: 0.008, data: 0.219) loss_G_comp: 0.000 loss_G_anti_sc: 0.000 loss_G: 0.000 loss_D_real: 0.027 loss_D_fake: 2.105 loss_D_gr_fake: 0.024 loss_AUX: 0.969 loss_D: 3.124 
D preds: real 0.97, fake 0.84, grfake: 0.02
accuracy: real: 1.0, fake: 0.0, grfake: 1.0

(epoch: 4, iters: 3000, time: 0.007, data: 0.001) loss_G_comp: 0.000 loss_G_anti_sc: 0.000 loss_G: 0.000 loss_D_real: 0.025 loss_D_fake: 2.147 loss_D_gr_fake: 0.022 loss_AUX: 0.971 loss_D: 3.166 
D preds: real 0.98, fake 0.85, grfake: 0.02
accuracy: real: 1.0, fake: 0.0, grfake: 1.0

(epoch: 4, iters: 4000, time: 0.008, data: 0.001) loss_G_comp: 0.000 loss_G_anti_sc: 0.000 loss_G: 0.000 loss_D_real: 0.024 loss_D_fake: 2.272 loss_D_gr_fake: 0.021 loss_AUX: 0.972 loss_D: 3.289 
D preds: real 0.98, fake 0.87, grfake: 0.02
accuracy: real: 1.0, fake: 0.0, grfake: 1.0

(epoch: 4, iters: 5000, time: 0.013, data: 0.001) loss_G_comp: 0.000 loss_G_anti_sc: 0.000 loss_G: 0.000 loss_D_real: 0.023 loss_D_fake: 2.187 loss_D_gr_fake: 0.020 loss_AUX: 0.987 loss_D: 3.216 
D preds: real 0.98, fake 0.86, grfake: 0.02
accuracy: real: 1.0, fake: 0.0, grfake: 1.0

saving the latest model (epoch 4, total_iters 50000)
(epoch: 4, iters: 6000, time: 0.006, data: 0.008) loss_G_comp: 0.000 loss_G_anti_sc: 0.000 loss_G: 0.000 loss_D_real: 0.023 loss_D_fake: 2.110 loss_D_gr_fake: 0.021 loss_AUX: 0.982 loss_D: 3.136 
D preds: real 0.98, fake 0.85, grfake: 0.02
accuracy: real: 1.0, fake: 0.0, grfake: 1.0

(epoch: 4, iters: 7000, time: 0.008, data: 0.014) loss_G_comp: 0.000 loss_G_anti_sc: 0.000 loss_G: 0.000 loss_D_real: 0.023 loss_D_fake: 2.263 loss_D_gr_fake: 0.023 loss_AUX: 0.993 loss_D: 3.303 
D preds: real 0.98, fake 0.86, grfake: 0.02
accuracy: real: 1.0, fake: 0.0, grfake: 1.0

(epoch: 4, iters: 8000, time: 0.007, data: 0.224) loss_G_comp: 0.000 loss_G_anti_sc: 0.000 loss_G: 0.000 loss_D_real: 0.020 loss_D_fake: 2.171 loss_D_gr_fake: 0.042 loss_AUX: 1.000 loss_D: 3.232 
D preds: real 0.98, fake 0.86, grfake: 0.03
accuracy: real: 1.0, fake: 0.0, grfake: 0.98

(epoch: 4, iters: 9000, time: 0.008, data: 0.001) loss_G_comp: 0.000 loss_G_anti_sc: 0.000 loss_G: 0.000 loss_D_real: 0.022 loss_D_fake: 2.056 loss_D_gr_fake: 0.018 loss_AUX: 0.999 loss_D: 3.095 
D preds: real 0.98, fake 0.85, grfake: 0.02
accuracy: real: 1.0, fake: 0.0, grfake: 1.0

(epoch: 4, iters: 10000, time: 0.013, data: 0.183) loss_G_comp: 0.000 loss_G_anti_sc: 0.000 loss_G: 0.000 loss_D_real: 0.020 loss_D_fake: 2.228 loss_D_gr_fake: 0.040 loss_AUX: 1.000 loss_D: 3.288 
D preds: real 0.98, fake 0.86, grfake: 0.03
accuracy: real: 1.0, fake: 0.0, grfake: 0.98

saving the latest model (epoch 4, total_iters 55000)
(epoch: 4, iters: 11000, time: 0.008, data: 0.019) loss_G_comp: 0.000 loss_G_anti_sc: 0.000 loss_G: 0.000 loss_D_real: 0.018 loss_D_fake: 2.332 loss_D_gr_fake: 0.020 loss_AUX: 1.011 loss_D: 3.381 
D preds: real 0.98, fake 0.87, grfake: 0.02
accuracy: real: 1.0, fake: 0.0, grfake: 1.0

(epoch: 4, iters: 12000, time: 0.008, data: 0.001) loss_G_comp: 0.000 loss_G_anti_sc: 0.000 loss_G: 0.000 loss_D_real: 0.018 loss_D_fake: 2.423 loss_D_gr_fake: 0.015 loss_AUX: 1.019 loss_D: 3.476 
D preds: real 0.98, fake 0.88, grfake: 0.02
accuracy: real: 1.0, fake: 0.0, grfake: 1.0

(epoch: 4, iters: 13000, time: 0.008, data: 0.001) loss_G_comp: 0.000 loss_G_anti_sc: 0.000 loss_G: 0.000 loss_D_real: 0.017 loss_D_fake: 2.213 loss_D_gr_fake: 0.016 loss_AUX: 1.015 loss_D: 3.262 
D preds: real 0.98, fake 0.86, grfake: 0.02
accuracy: real: 1.0, fake: 0.0, grfake: 1.0

(epoch: 4, iters: 14000, time: 0.008, data: 0.392) loss_G_comp: 0.000 loss_G_anti_sc: 0.000 loss_G: 0.000 loss_D_real: 0.017 loss_D_fake: 2.309 loss_D_gr_fake: 0.016 loss_AUX: 1.017 loss_D: 3.359 
D preds: real 0.98, fake 0.88, grfake: 0.02
accuracy: real: 1.0, fake: 0.0, grfake: 1.0

(epoch: 4, iters: 15000, time: 0.010, data: 0.270) loss_G_comp: 0.000 loss_G_anti_sc: 0.000 loss_G: 0.000 loss_D_real: 0.017 loss_D_fake: 2.122 loss_D_gr_fake: 0.016 loss_AUX: 1.029 loss_D: 3.184 
D preds: real 0.98, fake 0.85, grfake: 0.02
accuracy: real: 1.0, fake: 0.0, grfake: 1.0

saving the latest model (epoch 4, total_iters 60000)
learning rate 0.0001000 -> 0.0001000
End of epoch 4 / 17 	 Time Taken: 96 sec
(epoch: 5, iters: 1000, time: 0.006, data: 0.866) loss_G_comp: 0.000 loss_G_anti_sc: 0.000 loss_G: 0.000 loss_D_real: 0.018 loss_D_fake: 2.192 loss_D_gr_fake: 0.017 loss_AUX: 1.031 loss_D: 3.257 
D preds: real 0.98, fake 0.86, grfake: 0.02
accuracy: real: 1.0, fake: 0.0, grfake: 1.0

(epoch: 5, iters: 2000, time: 0.006, data: 0.001) loss_G_comp: 0.000 loss_G_anti_sc: 0.000 loss_G: 0.000 loss_D_real: 0.015 loss_D_fake: 2.519 loss_D_gr_fake: 0.014 loss_AUX: 1.036 loss_D: 3.584 
D preds: real 0.98, fake 0.89, grfake: 0.01
accuracy: real: 1.0, fake: 0.0, grfake: 1.0

(epoch: 5, iters: 3000, time: 0.005, data: 0.004) loss_G_comp: 0.000 loss_G_anti_sc: 0.000 loss_G: 0.000 loss_D_real: 0.014 loss_D_fake: 2.656 loss_D_gr_fake: 0.014 loss_AUX: 1.035 loss_D: 3.720 
D preds: real 0.99, fake 0.90, grfake: 0.01
accuracy: real: 1.0, fake: 0.0, grfake: 1.0

(epoch: 5, iters: 4000, time: 0.007, data: 0.001) loss_G_comp: 0.000 loss_G_anti_sc: 0.000 loss_G: 0.000 loss_D_real: 0.046 loss_D_fake: 2.430 loss_D_gr_fake: 0.015 loss_AUX: 1.037 loss_D: 3.528 
D preds: real 0.96, fake 0.88, grfake: 0.02
accuracy: real: 0.98, fake: 0.0, grfake: 1.0

(epoch: 5, iters: 5000, time: 0.012, data: 0.001) loss_G_comp: 0.000 loss_G_anti_sc: 0.000 loss_G: 0.000 loss_D_real: 0.014 loss_D_fake: 2.612 loss_D_gr_fake: 0.015 loss_AUX: 1.042 loss_D: 3.683 
D preds: real 0.99, fake 0.89, grfake: 0.01
accuracy: real: 1.0, fake: 0.0, grfake: 1.0

saving the latest model (epoch 5, total_iters 65000)
(epoch: 5, iters: 6000, time: 0.007, data: 0.003) loss_G_comp: 0.000 loss_G_anti_sc: 0.000 loss_G: 0.000 loss_D_real: 0.027 loss_D_fake: 2.250 loss_D_gr_fake: 0.012 loss_AUX: 1.043 loss_D: 3.333 
D preds: real 0.97, fake 0.87, grfake: 0.01
accuracy: real: 1.0, fake: 0.0, grfake: 1.0

(epoch: 5, iters: 7000, time: 0.005, data: 0.003) loss_G_comp: 0.000 loss_G_anti_sc: 0.000 loss_G: 0.000 loss_D_real: 0.016 loss_D_fake: 2.438 loss_D_gr_fake: 0.012 loss_AUX: 1.059 loss_D: 3.526 
D preds: real 0.98, fake 0.88, grfake: 0.01
accuracy: real: 1.0, fake: 0.0, grfake: 1.0

(epoch: 5, iters: 8000, time: 0.006, data: 0.001) loss_G_comp: 0.000 loss_G_anti_sc: 0.000 loss_G: 0.000 loss_D_real: 0.014 loss_D_fake: 2.466 loss_D_gr_fake: 0.012 loss_AUX: 1.052 loss_D: 3.544 
D preds: real 0.99, fake 0.89, grfake: 0.01
accuracy: real: 1.0, fake: 0.0, grfake: 1.0

(epoch: 5, iters: 9000, time: 0.005, data: 0.001) loss_G_comp: 0.000 loss_G_anti_sc: 0.000 loss_G: 0.000 loss_D_real: 0.022 loss_D_fake: 2.552 loss_D_gr_fake: 0.014 loss_AUX: 1.053 loss_D: 3.641 
D preds: real 0.98, fake 0.89, grfake: 0.01
accuracy: real: 1.0, fake: 0.0, grfake: 1.0

(epoch: 5, iters: 10000, time: 0.015, data: 0.001) loss_G_comp: 0.000 loss_G_anti_sc: 0.000 loss_G: 0.000 loss_D_real: 0.013 loss_D_fake: 2.563 loss_D_gr_fake: 0.011 loss_AUX: 1.063 loss_D: 3.650 
D preds: real 0.99, fake 0.89, grfake: 0.01
accuracy: real: 1.0, fake: 0.0, grfake: 1.0

saving the latest model (epoch 5, total_iters 70000)
(epoch: 5, iters: 11000, time: 0.008, data: 0.018) loss_G_comp: 0.000 loss_G_anti_sc: 0.000 loss_G: 0.000 loss_D_real: 0.013 loss_D_fake: 2.276 loss_D_gr_fake: 0.010 loss_AUX: 1.066 loss_D: 3.364 
D preds: real 0.99, fake 0.87, grfake: 0.01
accuracy: real: 1.0, fake: 0.0, grfake: 1.0

(epoch: 5, iters: 12000, time: 0.007, data: 0.001) loss_G_comp: 0.000 loss_G_anti_sc: 0.000 loss_G: 0.000 loss_D_real: 0.013 loss_D_fake: 2.490 loss_D_gr_fake: 0.011 loss_AUX: 1.073 loss_D: 3.587 
D preds: real 0.99, fake 0.88, grfake: 0.01
accuracy: real: 1.0, fake: 0.0, grfake: 1.0

(epoch: 5, iters: 13000, time: 0.008, data: 0.001) loss_G_comp: 0.000 loss_G_anti_sc: 0.000 loss_G: 0.000 loss_D_real: 0.012 loss_D_fake: 2.610 loss_D_gr_fake: 0.009 loss_AUX: 1.075 loss_D: 3.705 
D preds: real 0.99, fake 0.89, grfake: 0.01
accuracy: real: 1.0, fake: 0.0, grfake: 1.0

(epoch: 5, iters: 14000, time: 0.006, data: 0.003) loss_G_comp: 0.000 loss_G_anti_sc: 0.000 loss_G: 0.000 loss_D_real: 0.012 loss_D_fake: 2.657 loss_D_gr_fake: 0.010 loss_AUX: 1.076 loss_D: 3.754 
D preds: real 0.99, fake 0.90, grfake: 0.01
accuracy: real: 1.0, fake: 0.0, grfake: 1.0

(epoch: 5, iters: 15000, time: 0.011, data: 0.018) loss_G_comp: 0.000 loss_G_anti_sc: 0.000 loss_G: 0.000 loss_D_real: 0.011 loss_D_fake: 2.642 loss_D_gr_fake: 0.011 loss_AUX: 1.076 loss_D: 3.739 
D preds: real 0.99, fake 0.90, grfake: 0.01
accuracy: real: 1.0, fake: 0.0, grfake: 1.0

saving the latest model (epoch 5, total_iters 75000)
learning rate 0.0001000 -> 0.0001000
End of epoch 5 / 17 	 Time Taken: 96 sec
(epoch: 6, iters: 1000, time: 0.008, data: 1.431) loss_G_comp: 0.000 loss_G_anti_sc: 0.000 loss_G: 0.000 loss_D_real: 0.012 loss_D_fake: 2.398 loss_D_gr_fake: 0.009 loss_AUX: 1.078 loss_D: 3.497 
D preds: real 0.99, fake 0.88, grfake: 0.01
accuracy: real: 1.0, fake: 0.0, grfake: 1.0

(epoch: 6, iters: 2000, time: 0.008, data: 0.246) loss_G_comp: 0.000 loss_G_anti_sc: 0.000 loss_G: 0.000 loss_D_real: 0.010 loss_D_fake: 2.513 loss_D_gr_fake: 0.009 loss_AUX: 1.081 loss_D: 3.613 
D preds: real 0.99, fake 0.90, grfake: 0.01
accuracy: real: 1.0, fake: 0.0, grfake: 1.0

(epoch: 6, iters: 3000, time: 0.008, data: 0.137) loss_G_comp: 0.000 loss_G_anti_sc: 0.000 loss_G: 0.000 loss_D_real: 0.010 loss_D_fake: 2.696 loss_D_gr_fake: 0.009 loss_AUX: 1.086 loss_D: 3.801 
D preds: real 0.99, fake 0.90, grfake: 0.01
accuracy: real: 1.0, fake: 0.0, grfake: 1.0

(epoch: 6, iters: 4000, time: 0.008, data: 0.001) loss_G_comp: 0.000 loss_G_anti_sc: 0.000 loss_G: 0.000 loss_D_real: 0.008 loss_D_fake: 2.642 loss_D_gr_fake: 0.009 loss_AUX: 1.087 loss_D: 3.747 
D preds: real 0.99, fake 0.90, grfake: 0.01
accuracy: real: 1.0, fake: 0.0, grfake: 1.0

Headstart D over, starting G training
(epoch: 6, iters: 5000, time: 0.014, data: 0.003) loss_G_comp: 0.112 loss_G_anti_sc: 2.716 loss_G: 2.828 loss_D_real: 0.008 loss_D_fake: 2.645 loss_D_gr_fake: 0.008 loss_AUX: 1.094 loss_D: 3.756 
D preds: real 0.99, fake 0.90, grfake: 0.01
accuracy: real: 1.0, fake: 0.0, grfake: 1.0

saving the latest model (epoch 6, total_iters 80000)
(epoch: 6, iters: 6000, time: 0.007, data: 0.003) loss_G_comp: 0.304 loss_G_anti_sc: 1.536 loss_G: 1.840 loss_D_real: 0.018 loss_D_fake: 1.813 loss_D_gr_fake: 0.009 loss_AUX: 1.057 loss_D: 2.897 
D preds: real 0.99, fake 0.74, grfake: 0.01
accuracy: real: 1.0, fake: 0.02, grfake: 1.0

(epoch: 6, iters: 7000, time: 0.007, data: 0.001) loss_G_comp: 0.354 loss_G_anti_sc: 1.199 loss_G: 1.554 loss_D_real: 0.010 loss_D_fake: 1.282 loss_D_gr_fake: 0.009 loss_AUX: 1.077 loss_D: 2.378 
D preds: real 0.99, fake 0.72, grfake: 0.01
accuracy: real: 1.0, fake: 0.04, grfake: 1.0

(epoch: 6, iters: 8000, time: 0.008, data: 0.366) loss_G_comp: 0.497 loss_G_anti_sc: 1.190 loss_G: 1.687 loss_D_real: 0.009 loss_D_fake: 1.503 loss_D_gr_fake: 0.009 loss_AUX: 1.081 loss_D: 2.601 
D preds: real 0.99, fake 0.62, grfake: 0.01
accuracy: real: 1.0, fake: 0.04, grfake: 1.0

(epoch: 6, iters: 9000, time: 0.008, data: 0.201) loss_G_comp: 0.452 loss_G_anti_sc: 1.056 loss_G: 1.508 loss_D_real: 0.023 loss_D_fake: 1.246 loss_D_gr_fake: 0.015 loss_AUX: 1.083 loss_D: 2.368 
D preds: real 0.98, fake 0.65, grfake: 0.01
accuracy: real: 1.0, fake: 0.04, grfake: 1.0

(epoch: 6, iters: 10000, time: 0.012, data: 0.319) loss_G_comp: 0.459 loss_G_anti_sc: 1.018 loss_G: 1.477 loss_D_real: 0.010 loss_D_fake: 1.202 loss_D_gr_fake: 0.009 loss_AUX: 1.083 loss_D: 2.303 
D preds: real 0.99, fake 0.65, grfake: 0.01
accuracy: real: 1.0, fake: 0.1, grfake: 1.0

saving the latest model (epoch 6, total_iters 85000)
(epoch: 6, iters: 11000, time: 0.005, data: 0.021) loss_G_comp: 0.390 loss_G_anti_sc: 1.069 loss_G: 1.459 loss_D_real: 0.010 loss_D_fake: 1.259 loss_D_gr_fake: 0.009 loss_AUX: 1.087 loss_D: 2.366 
D preds: real 0.99, fake 0.70, grfake: 0.01
accuracy: real: 1.0, fake: 0.06, grfake: 1.0

(epoch: 6, iters: 12000, time: 0.006, data: 0.001) loss_G_comp: 0.429 loss_G_anti_sc: 1.045 loss_G: 1.475 loss_D_real: 0.010 loss_D_fake: 1.214 loss_D_gr_fake: 0.009 loss_AUX: 1.077 loss_D: 2.310 
D preds: real 0.99, fake 0.67, grfake: 0.01
accuracy: real: 1.0, fake: 0.04, grfake: 1.0

(epoch: 6, iters: 13000, time: 0.004, data: 0.001) loss_G_comp: 0.414 loss_G_anti_sc: 1.142 loss_G: 1.556 loss_D_real: 0.014 loss_D_fake: 1.223 loss_D_gr_fake: 0.011 loss_AUX: 1.061 loss_D: 2.308 
D preds: real 0.99, fake 0.68, grfake: 0.01
accuracy: real: 1.0, fake: 0.14, grfake: 1.0

(epoch: 6, iters: 14000, time: 0.004, data: 0.001) loss_G_comp: 0.385 loss_G_anti_sc: 0.925 loss_G: 1.310 loss_D_real: 0.008 loss_D_fake: 1.331 loss_D_gr_fake: 0.008 loss_AUX: 1.093 loss_D: 2.440 
D preds: real 0.99, fake 0.70, grfake: 0.01
accuracy: real: 1.0, fake: 0.04, grfake: 1.0

(epoch: 6, iters: 15000, time: 0.009, data: 0.001) loss_G_comp: 0.460 loss_G_anti_sc: 0.898 loss_G: 1.358 loss_D_real: 0.008 loss_D_fake: 1.306 loss_D_gr_fake: 0.009 loss_AUX: 1.067 loss_D: 2.391 
D preds: real 0.99, fake 0.65, grfake: 0.01
accuracy: real: 1.0, fake: 0.1, grfake: 1.0

saving the latest model (epoch 6, total_iters 90000)
learning rate 0.0001000 -> 0.0001000
End of epoch 6 / 17 	 Time Taken: 95 sec
(epoch: 7, iters: 1000, time: 0.005, data: 0.879) loss_G_comp: 0.441 loss_G_anti_sc: 0.926 loss_G: 1.366 loss_D_real: 0.010 loss_D_fake: 1.237 loss_D_gr_fake: 0.008 loss_AUX: 1.090 loss_D: 2.345 
D preds: real 0.99, fake 0.66, grfake: 0.01
accuracy: real: 1.0, fake: 0.08, grfake: 1.0

(epoch: 7, iters: 2000, time: 0.007, data: 0.001) loss_G_comp: 0.450 loss_G_anti_sc: 0.900 loss_G: 1.350 loss_D_real: 0.007 loss_D_fake: 1.508 loss_D_gr_fake: 0.007 loss_AUX: 1.091 loss_D: 2.613 
D preds: real 0.99, fake 0.66, grfake: 0.01
accuracy: real: 1.0, fake: 0.14, grfake: 1.0

(epoch: 7, iters: 3000, time: 0.007, data: 0.004) loss_G_comp: 0.425 loss_G_anti_sc: 1.195 loss_G: 1.620 loss_D_real: 0.011 loss_D_fake: 1.338 loss_D_gr_fake: 0.015 loss_AUX: 1.104 loss_D: 2.468 
D preds: real 0.99, fake 0.67, grfake: 0.01
accuracy: real: 1.0, fake: 0.04, grfake: 1.0

(epoch: 7, iters: 4000, time: 0.007, data: 0.321) loss_G_comp: 0.475 loss_G_anti_sc: 0.830 loss_G: 1.305 loss_D_real: 0.009 loss_D_fake: 1.432 loss_D_gr_fake: 0.009 loss_AUX: 1.109 loss_D: 2.558 
D preds: real 0.99, fake 0.64, grfake: 0.01
accuracy: real: 1.0, fake: 0.12, grfake: 1.0

(epoch: 7, iters: 5000, time: 0.011, data: 0.453) loss_G_comp: 0.413 loss_G_anti_sc: 1.160 loss_G: 1.573 loss_D_real: 0.008 loss_D_fake: 1.395 loss_D_gr_fake: 0.007 loss_AUX: 1.109 loss_D: 2.518 
D preds: real 0.99, fake 0.68, grfake: 0.01
accuracy: real: 1.0, fake: 0.08, grfake: 1.0

saving the latest model (epoch 7, total_iters 95000)
(epoch: 7, iters: 6000, time: 0.007, data: 0.021) loss_G_comp: 0.420 loss_G_anti_sc: 0.945 loss_G: 1.365 loss_D_real: 0.010 loss_D_fake: 1.713 loss_D_gr_fake: 0.008 loss_AUX: 1.106 loss_D: 2.837 
D preds: real 0.99, fake 0.67, grfake: 0.01
accuracy: real: 1.0, fake: 0.06, grfake: 1.0

(epoch: 7, iters: 7000, time: 0.008, data: 0.276) loss_G_comp: 0.453 loss_G_anti_sc: 1.031 loss_G: 1.484 loss_D_real: 0.010 loss_D_fake: 1.438 loss_D_gr_fake: 0.008 loss_AUX: 1.106 loss_D: 2.563 
D preds: real 0.99, fake 0.65, grfake: 0.01
accuracy: real: 1.0, fake: 0.06, grfake: 1.0

(epoch: 7, iters: 8000, time: 0.007, data: 0.001) loss_G_comp: 0.432 loss_G_anti_sc: 0.847 loss_G: 1.280 loss_D_real: 0.015 loss_D_fake: 1.329 loss_D_gr_fake: 0.013 loss_AUX: 1.101 loss_D: 2.458 
D preds: real 0.99, fake 0.67, grfake: 0.01
accuracy: real: 1.0, fake: 0.1, grfake: 1.0

(epoch: 7, iters: 9000, time: 0.007, data: 0.001) loss_G_comp: 0.397 loss_G_anti_sc: 1.020 loss_G: 1.417 loss_D_real: 0.008 loss_D_fake: 1.368 loss_D_gr_fake: 0.007 loss_AUX: 1.093 loss_D: 2.476 
D preds: real 0.99, fake 0.69, grfake: 0.01
accuracy: real: 1.0, fake: 0.06, grfake: 1.0

(epoch: 7, iters: 10000, time: 0.014, data: 0.139) loss_G_comp: 0.408 loss_G_anti_sc: 1.098 loss_G: 1.506 loss_D_real: 0.009 loss_D_fake: 1.293 loss_D_gr_fake: 0.008 loss_AUX: 1.088 loss_D: 2.398 
D preds: real 0.99, fake 0.68, grfake: 0.01
accuracy: real: 1.0, fake: 0.08, grfake: 1.0

saving the latest model (epoch 7, total_iters 100000)
(epoch: 7, iters: 11000, time: 0.007, data: 0.010) loss_G_comp: 0.414 loss_G_anti_sc: 0.921 loss_G: 1.336 loss_D_real: 0.010 loss_D_fake: 1.299 loss_D_gr_fake: 0.008 loss_AUX: 1.091 loss_D: 2.408 
D preds: real 0.99, fake 0.68, grfake: 0.01
accuracy: real: 1.0, fake: 0.1, grfake: 1.0

(epoch: 7, iters: 12000, time: 0.007, data: 0.001) loss_G_comp: 0.405 loss_G_anti_sc: 0.979 loss_G: 1.384 loss_D_real: 0.008 loss_D_fake: 1.315 loss_D_gr_fake: 0.007 loss_AUX: 1.095 loss_D: 2.425 
D preds: real 0.99, fake 0.68, grfake: 0.01
accuracy: real: 1.0, fake: 0.02, grfake: 1.0

(epoch: 7, iters: 13000, time: 0.007, data: 0.001) loss_G_comp: 0.406 loss_G_anti_sc: 1.020 loss_G: 1.426 loss_D_real: 0.008 loss_D_fake: 1.233 loss_D_gr_fake: 0.008 loss_AUX: 1.111 loss_D: 2.360 
D preds: real 0.99, fake 0.68, grfake: 0.01
accuracy: real: 1.0, fake: 0.04, grfake: 1.0

(epoch: 7, iters: 14000, time: 0.006, data: 0.001) loss_G_comp: 0.402 loss_G_anti_sc: 0.843 loss_G: 1.245 loss_D_real: 0.022 loss_D_fake: 1.410 loss_D_gr_fake: 0.014 loss_AUX: 1.107 loss_D: 2.553 
D preds: real 0.97, fake 0.69, grfake: 0.01
accuracy: real: 1.0, fake: 0.08, grfake: 1.0

(epoch: 7, iters: 15000, time: 0.010, data: 0.001) loss_G_comp: 0.384 loss_G_anti_sc: 0.899 loss_G: 1.283 loss_D_real: 0.008 loss_D_fake: 1.347 loss_D_gr_fake: 0.028 loss_AUX: 1.118 loss_D: 2.500 
D preds: real 0.92, fake 0.70, grfake: 0.02
accuracy: real: 0.94, fake: 0.08, grfake: 1.0

saving the latest model (epoch 7, total_iters 105000)
learning rate 0.0001000 -> 0.0001000
End of epoch 7 / 17 	 Time Taken: 95 sec
(epoch: 8, iters: 1000, time: 0.008, data: 0.856) loss_G_comp: 0.348 loss_G_anti_sc: 0.990 loss_G: 1.339 loss_D_real: 0.006 loss_D_fake: 1.464 loss_D_gr_fake: 0.007 loss_AUX: 1.093 loss_D: 2.569 
D preds: real 0.99, fake 0.72, grfake: 0.01
accuracy: real: 1.0, fake: 0.02, grfake: 1.0

(epoch: 8, iters: 2000, time: 0.007, data: 0.005) loss_G_comp: 0.435 loss_G_anti_sc: 1.001 loss_G: 1.435 loss_D_real: 0.008 loss_D_fake: 1.387 loss_D_gr_fake: 0.006 loss_AUX: 1.123 loss_D: 2.525 
D preds: real 0.99, fake 0.66, grfake: 0.01
accuracy: real: 1.0, fake: 0.04, grfake: 1.0

(epoch: 8, iters: 3000, time: 0.008, data: 0.303) loss_G_comp: 0.402 loss_G_anti_sc: 0.995 loss_G: 1.397 loss_D_real: 0.010 loss_D_fake: 1.361 loss_D_gr_fake: 0.007 loss_AUX: 1.096 loss_D: 2.473 
D preds: real 0.99, fake 0.68, grfake: 0.01
accuracy: real: 1.0, fake: 0.0, grfake: 1.0

(epoch: 8, iters: 4000, time: 0.007, data: 0.020) loss_G_comp: 0.399 loss_G_anti_sc: 0.977 loss_G: 1.376 loss_D_real: 0.008 loss_D_fake: 1.666 loss_D_gr_fake: 0.007 loss_AUX: 1.089 loss_D: 2.769 
D preds: real 0.99, fake 0.69, grfake: 0.01
accuracy: real: 1.0, fake: 0.08, grfake: 1.0

(epoch: 8, iters: 5000, time: 0.014, data: 0.323) loss_G_comp: 0.357 loss_G_anti_sc: 1.112 loss_G: 1.469 loss_D_real: 0.006 loss_D_fake: 1.352 loss_D_gr_fake: 0.007 loss_AUX: 1.064 loss_D: 2.430 
D preds: real 0.99, fake 0.72, grfake: 0.01
accuracy: real: 1.0, fake: 0.02, grfake: 1.0

saving the latest model (epoch 8, total_iters 110000)
(epoch: 8, iters: 6000, time: 0.008, data: 0.025) loss_G_comp: 0.388 loss_G_anti_sc: 0.847 loss_G: 1.236 loss_D_real: 0.007 loss_D_fake: 1.527 loss_D_gr_fake: 0.006 loss_AUX: 1.129 loss_D: 2.669 
D preds: real 0.99, fake 0.69, grfake: 0.01
accuracy: real: 1.0, fake: 0.04, grfake: 1.0

(epoch: 8, iters: 7000, time: 0.007, data: 0.016) loss_G_comp: 0.387 loss_G_anti_sc: 0.979 loss_G: 1.366 loss_D_real: 0.009 loss_D_fake: 1.560 loss_D_gr_fake: 0.006 loss_AUX: 1.083 loss_D: 2.658 
D preds: real 0.99, fake 0.69, grfake: 0.01
accuracy: real: 1.0, fake: 0.02, grfake: 1.0

(epoch: 8, iters: 8000, time: 0.008, data: 0.001) loss_G_comp: 0.422 loss_G_anti_sc: 1.089 loss_G: 1.511 loss_D_real: 0.008 loss_D_fake: 1.441 loss_D_gr_fake: 0.006 loss_AUX: 1.073 loss_D: 2.528 
D preds: real 0.99, fake 0.67, grfake: 0.01
accuracy: real: 1.0, fake: 0.02, grfake: 1.0

(epoch: 8, iters: 9000, time: 0.007, data: 0.008) loss_G_comp: 0.472 loss_G_anti_sc: 1.028 loss_G: 1.499 loss_D_real: 0.008 loss_D_fake: 1.645 loss_D_gr_fake: 0.007 loss_AUX: 1.120 loss_D: 2.780 
D preds: real 0.99, fake 0.63, grfake: 0.01
accuracy: real: 1.0, fake: 0.08, grfake: 1.0

(epoch: 8, iters: 10000, time: 0.016, data: 0.352) loss_G_comp: 0.448 loss_G_anti_sc: 1.019 loss_G: 1.466 loss_D_real: 0.008 loss_D_fake: 1.372 loss_D_gr_fake: 0.007 loss_AUX: 1.107 loss_D: 2.494 
D preds: real 0.99, fake 0.65, grfake: 0.01
accuracy: real: 1.0, fake: 0.02, grfake: 1.0

saving the latest model (epoch 8, total_iters 115000)
(epoch: 8, iters: 11000, time: 0.007, data: 0.021) loss_G_comp: 0.381 loss_G_anti_sc: 0.967 loss_G: 1.348 loss_D_real: 0.006 loss_D_fake: 1.468 loss_D_gr_fake: 0.007 loss_AUX: 1.090 loss_D: 2.571 
D preds: real 0.99, fake 0.70, grfake: 0.01
accuracy: real: 1.0, fake: 0.02, grfake: 1.0

(epoch: 8, iters: 12000, time: 0.008, data: 0.017) loss_G_comp: 0.363 loss_G_anti_sc: 1.191 loss_G: 1.554 loss_D_real: 0.007 loss_D_fake: 1.529 loss_D_gr_fake: 0.008 loss_AUX: 1.098 loss_D: 2.642 
D preds: real 0.99, fake 0.71, grfake: 0.01
accuracy: real: 1.0, fake: 0.0, grfake: 1.0

(epoch: 8, iters: 13000, time: 0.007, data: 0.340) loss_G_comp: 0.457 loss_G_anti_sc: 1.025 loss_G: 1.482 loss_D_real: 0.008 loss_D_fake: 1.390 loss_D_gr_fake: 0.010 loss_AUX: 1.081 loss_D: 2.488 
D preds: real 0.99, fake 0.65, grfake: 0.01
accuracy: real: 1.0, fake: 0.16, grfake: 1.0

(epoch: 8, iters: 14000, time: 0.005, data: 0.241) loss_G_comp: 0.406 loss_G_anti_sc: 1.070 loss_G: 1.476 loss_D_real: 0.007 loss_D_fake: 1.541 loss_D_gr_fake: 0.007 loss_AUX: 1.092 loss_D: 2.647 
D preds: real 0.99, fake 0.68, grfake: 0.01
accuracy: real: 1.0, fake: 0.06, grfake: 1.0

(epoch: 8, iters: 15000, time: 0.012, data: 0.001) loss_G_comp: 0.400 loss_G_anti_sc: 1.077 loss_G: 1.478 loss_D_real: 0.006 loss_D_fake: 1.465 loss_D_gr_fake: 0.008 loss_AUX: 1.090 loss_D: 2.568 
D preds: real 0.99, fake 0.68, grfake: 0.01
accuracy: real: 1.0, fake: 0.02, grfake: 1.0

saving the latest model (epoch 8, total_iters 120000)
learning rate 0.0001000 -> 0.0001000
End of epoch 8 / 17 	 Time Taken: 96 sec
(epoch: 9, iters: 1000, time: 0.009, data: 0.931) loss_G_comp: 0.389 loss_G_anti_sc: 1.269 loss_G: 1.658 loss_D_real: 0.007 loss_D_fake: 1.387 loss_D_gr_fake: 0.006 loss_AUX: 1.094 loss_D: 2.494 
D preds: real 0.99, fake 0.70, grfake: 0.01
accuracy: real: 1.0, fake: 0.06, grfake: 1.0

(epoch: 9, iters: 2000, time: 0.006, data: 0.160) loss_G_comp: 0.451 loss_G_anti_sc: 0.894 loss_G: 1.345 loss_D_real: 0.005 loss_D_fake: 1.530 loss_D_gr_fake: 0.006 loss_AUX: 1.086 loss_D: 2.627 
D preds: real 0.99, fake 0.65, grfake: 0.01
accuracy: real: 1.0, fake: 0.1, grfake: 1.0

(epoch: 9, iters: 3000, time: 0.005, data: 0.274) loss_G_comp: 0.406 loss_G_anti_sc: 1.002 loss_G: 1.408 loss_D_real: 0.007 loss_D_fake: 1.524 loss_D_gr_fake: 0.005 loss_AUX: 1.086 loss_D: 2.622 
D preds: real 0.99, fake 0.68, grfake: 0.01
accuracy: real: 1.0, fake: 0.08, grfake: 1.0

(epoch: 9, iters: 4000, time: 0.008, data: 0.071) loss_G_comp: 0.414 loss_G_anti_sc: 1.179 loss_G: 1.592 loss_D_real: 0.006 loss_D_fake: 1.109 loss_D_gr_fake: 0.006 loss_AUX: 1.065 loss_D: 2.186 
D preds: real 0.99, fake 0.68, grfake: 0.01
accuracy: real: 1.0, fake: 0.1, grfake: 1.0

(epoch: 9, iters: 5000, time: 0.015, data: 0.330) loss_G_comp: 0.398 loss_G_anti_sc: 0.990 loss_G: 1.388 loss_D_real: 0.006 loss_D_fake: 1.584 loss_D_gr_fake: 0.005 loss_AUX: 1.129 loss_D: 2.724 
D preds: real 0.99, fake 0.69, grfake: 0.00
accuracy: real: 1.0, fake: 0.04, grfake: 1.0

saving the latest model (epoch 9, total_iters 125000)
(epoch: 9, iters: 6000, time: 0.004, data: 0.001) loss_G_comp: 0.422 loss_G_anti_sc: 0.893 loss_G: 1.316 loss_D_real: 0.006 loss_D_fake: 1.394 loss_D_gr_fake: 0.006 loss_AUX: 1.124 loss_D: 2.531 
D preds: real 0.99, fake 0.67, grfake: 0.01
accuracy: real: 1.0, fake: 0.02, grfake: 1.0

(epoch: 9, iters: 7000, time: 0.007, data: 0.001) loss_G_comp: 0.370 loss_G_anti_sc: 0.911 loss_G: 1.282 loss_D_real: 0.007 loss_D_fake: 1.748 loss_D_gr_fake: 0.006 loss_AUX: 1.148 loss_D: 2.909 
D preds: real 0.99, fake 0.71, grfake: 0.01
accuracy: real: 1.0, fake: 0.08, grfake: 1.0

(epoch: 9, iters: 8000, time: 0.007, data: 0.050) loss_G_comp: 0.428 loss_G_anti_sc: 0.889 loss_G: 1.318 loss_D_real: 0.006 loss_D_fake: 1.686 loss_D_gr_fake: 0.006 loss_AUX: 1.086 loss_D: 2.784 
D preds: real 0.99, fake 0.67, grfake: 0.01
accuracy: real: 1.0, fake: 0.12, grfake: 1.0

(epoch: 9, iters: 9000, time: 0.008, data: 0.255) loss_G_comp: 0.387 loss_G_anti_sc: 0.872 loss_G: 1.258 loss_D_real: 0.005 loss_D_fake: 1.455 loss_D_gr_fake: 0.005 loss_AUX: 1.072 loss_D: 2.537 
D preds: real 1.00, fake 0.70, grfake: 0.01
accuracy: real: 1.0, fake: 0.04, grfake: 1.0

(epoch: 9, iters: 10000, time: 0.012, data: 0.113) loss_G_comp: 0.371 loss_G_anti_sc: 1.077 loss_G: 1.449 loss_D_real: 0.007 loss_D_fake: 1.691 loss_D_gr_fake: 0.018 loss_AUX: 1.146 loss_D: 2.862 
D preds: real 0.99, fake 0.71, grfake: 0.01
accuracy: real: 1.0, fake: 0.0, grfake: 1.0

saving the latest model (epoch 9, total_iters 130000)
(epoch: 9, iters: 11000, time: 0.007, data: 0.003) loss_G_comp: 0.419 loss_G_anti_sc: 0.732 loss_G: 1.151 loss_D_real: 0.006 loss_D_fake: 1.319 loss_D_gr_fake: 0.005 loss_AUX: 1.131 loss_D: 2.461 
D preds: real 0.99, fake 0.69, grfake: 0.01
accuracy: real: 1.0, fake: 0.16, grfake: 1.0

(epoch: 9, iters: 12000, time: 0.008, data: 0.035) loss_G_comp: 0.458 loss_G_anti_sc: 0.891 loss_G: 1.349 loss_D_real: 0.006 loss_D_fake: 1.552 loss_D_gr_fake: 0.007 loss_AUX: 1.088 loss_D: 2.652 
D preds: real 0.99, fake 0.65, grfake: 0.01
accuracy: real: 1.0, fake: 0.08, grfake: 1.0

(epoch: 9, iters: 13000, time: 0.008, data: 0.001) loss_G_comp: 0.422 loss_G_anti_sc: 0.697 loss_G: 1.119 loss_D_real: 0.005 loss_D_fake: 1.534 loss_D_gr_fake: 0.005 loss_AUX: 1.105 loss_D: 2.650 
D preds: real 1.00, fake 0.68, grfake: 0.00
accuracy: real: 1.0, fake: 0.14, grfake: 1.0

(epoch: 9, iters: 14000, time: 0.008, data: 0.001) loss_G_comp: 0.403 loss_G_anti_sc: 1.025 loss_G: 1.428 loss_D_real: 0.007 loss_D_fake: 1.414 loss_D_gr_fake: 0.005 loss_AUX: 1.086 loss_D: 2.513 
D preds: real 0.99, fake 0.69, grfake: 0.01
accuracy: real: 1.0, fake: 0.1, grfake: 1.0

(epoch: 9, iters: 15000, time: 0.008, data: 0.001) loss_G_comp: 0.378 loss_G_anti_sc: 0.867 loss_G: 1.245 loss_D_real: 0.007 loss_D_fake: 1.586 loss_D_gr_fake: 0.006 loss_AUX: 1.079 loss_D: 2.678 
D preds: real 0.99, fake 0.71, grfake: 0.00
accuracy: real: 1.0, fake: 0.12, grfake: 1.0

saving the latest model (epoch 9, total_iters 135000)
learning rate 0.0001000 -> 0.0001000
End of epoch 9 / 17 	 Time Taken: 95 sec
(epoch: 10, iters: 1000, time: 0.007, data: 0.962) loss_G_comp: 0.419 loss_G_anti_sc: 0.853 loss_G: 1.272 loss_D_real: 0.006 loss_D_fake: 1.780 loss_D_gr_fake: 0.006 loss_AUX: 1.117 loss_D: 2.909 
D preds: real 0.99, fake 0.68, grfake: 0.00
accuracy: real: 1.0, fake: 0.12, grfake: 1.0

(epoch: 10, iters: 2000, time: 0.007, data: 0.003) loss_G_comp: 0.395 loss_G_anti_sc: 0.903 loss_G: 1.298 loss_D_real: 0.006 loss_D_fake: 1.303 loss_D_gr_fake: 0.005 loss_AUX: 1.138 loss_D: 2.451 
D preds: real 0.99, fake 0.69, grfake: 0.01
accuracy: real: 1.0, fake: 0.1, grfake: 1.0

(epoch: 10, iters: 3000, time: 0.006, data: 0.190) loss_G_comp: 0.396 loss_G_anti_sc: 0.789 loss_G: 1.185 loss_D_real: 0.004 loss_D_fake: 1.181 loss_D_gr_fake: 0.006 loss_AUX: 1.081 loss_D: 2.272 
D preds: real 0.99, fake 0.70, grfake: 0.01
accuracy: real: 1.0, fake: 0.08, grfake: 1.0

(epoch: 10, iters: 4000, time: 0.007, data: 0.222) loss_G_comp: 0.359 loss_G_anti_sc: 0.931 loss_G: 1.290 loss_D_real: 0.005 loss_D_fake: 1.708 loss_D_gr_fake: 0.005 loss_AUX: 1.121 loss_D: 2.839 
D preds: real 0.99, fake 0.72, grfake: 0.00
accuracy: real: 1.0, fake: 0.02, grfake: 1.0

(epoch: 10, iters: 5000, time: 0.016, data: 0.197) loss_G_comp: 0.404 loss_G_anti_sc: 0.957 loss_G: 1.361 loss_D_real: 0.005 loss_D_fake: 1.457 loss_D_gr_fake: 0.005 loss_AUX: 1.100 loss_D: 2.567 
D preds: real 1.00, fake 0.69, grfake: 0.01
accuracy: real: 1.0, fake: 0.1, grfake: 1.0

saving the latest model (epoch 10, total_iters 140000)
(epoch: 10, iters: 6000, time: 0.007, data: 0.020) loss_G_comp: 0.375 loss_G_anti_sc: 1.078 loss_G: 1.453 loss_D_real: 0.006 loss_D_fake: 1.344 loss_D_gr_fake: 0.006 loss_AUX: 1.104 loss_D: 2.460 
D preds: real 0.99, fake 0.71, grfake: 0.01
accuracy: real: 1.0, fake: 0.08, grfake: 1.0

(epoch: 10, iters: 7000, time: 0.007, data: 0.112) loss_G_comp: 0.408 loss_G_anti_sc: 1.025 loss_G: 1.432 loss_D_real: 0.006 loss_D_fake: 1.401 loss_D_gr_fake: 0.005 loss_AUX: 1.142 loss_D: 2.553 
D preds: real 1.00, fake 0.69, grfake: 0.01
accuracy: real: 1.0, fake: 0.12, grfake: 1.0

(epoch: 10, iters: 8000, time: 0.007, data: 0.004) loss_G_comp: 0.390 loss_G_anti_sc: 1.017 loss_G: 1.407 loss_D_real: 0.005 loss_D_fake: 1.656 loss_D_gr_fake: 0.005 loss_AUX: 1.148 loss_D: 2.813 
D preds: real 1.00, fake 0.70, grfake: 0.00
accuracy: real: 1.0, fake: 0.14, grfake: 1.0

(epoch: 10, iters: 9000, time: 0.006, data: 0.001) loss_G_comp: 0.473 loss_G_anti_sc: 0.846 loss_G: 1.319 loss_D_real: 0.005 loss_D_fake: 1.352 loss_D_gr_fake: 0.004 loss_AUX: 1.122 loss_D: 2.483 
D preds: real 1.00, fake 0.65, grfake: 0.00
accuracy: real: 1.0, fake: 0.22, grfake: 1.0

(epoch: 10, iters: 10000, time: 0.015, data: 0.001) loss_G_comp: 0.405 loss_G_anti_sc: 1.002 loss_G: 1.406 loss_D_real: 0.006 loss_D_fake: 1.478 loss_D_gr_fake: 0.004 loss_AUX: 1.102 loss_D: 2.590 
D preds: real 0.99, fake 0.70, grfake: 0.01
accuracy: real: 1.0, fake: 0.18, grfake: 1.0

saving the latest model (epoch 10, total_iters 145000)
(epoch: 10, iters: 11000, time: 0.007, data: 0.004) loss_G_comp: 0.398 loss_G_anti_sc: 0.972 loss_G: 1.370 loss_D_real: 0.006 loss_D_fake: 1.745 loss_D_gr_fake: 0.005 loss_AUX: 1.105 loss_D: 2.862 
D preds: real 0.99, fake 0.69, grfake: 0.01
accuracy: real: 1.0, fake: 0.1, grfake: 1.0

(epoch: 10, iters: 12000, time: 0.008, data: 0.001) loss_G_comp: 0.422 loss_G_anti_sc: 0.993 loss_G: 1.415 loss_D_real: 0.006 loss_D_fake: 1.331 loss_D_gr_fake: 0.005 loss_AUX: 1.097 loss_D: 2.438 
D preds: real 0.99, fake 0.67, grfake: 0.01
accuracy: real: 1.0, fake: 0.12, grfake: 1.0

(epoch: 10, iters: 13000, time: 0.006, data: 0.001) loss_G_comp: 0.443 loss_G_anti_sc: 0.806 loss_G: 1.248 loss_D_real: 0.005 loss_D_fake: 1.636 loss_D_gr_fake: 0.004 loss_AUX: 1.140 loss_D: 2.785 
D preds: real 1.00, fake 0.66, grfake: 0.00
accuracy: real: 1.0, fake: 0.14, grfake: 1.0

(epoch: 10, iters: 14000, time: 0.006, data: 0.001) loss_G_comp: 0.458 loss_G_anti_sc: 0.858 loss_G: 1.316 loss_D_real: 0.005 loss_D_fake: 1.188 loss_D_gr_fake: 0.009 loss_AUX: 1.134 loss_D: 2.336 
D preds: real 0.99, fake 0.65, grfake: 0.01
accuracy: real: 1.0, fake: 0.18, grfake: 1.0

(epoch: 10, iters: 15000, time: 0.010, data: 0.001) loss_G_comp: 0.406 loss_G_anti_sc: 0.972 loss_G: 1.378 loss_D_real: 0.006 loss_D_fake: 1.533 loss_D_gr_fake: 0.005 loss_AUX: 1.154 loss_D: 2.698 
D preds: real 0.99, fake 0.69, grfake: 0.01
accuracy: real: 1.0, fake: 0.16, grfake: 1.0

saving the latest model (epoch 10, total_iters 150000)
saving the model at the end of epoch 10, iters 150000
learning rate 0.0001000 -> 0.0001000
End of epoch 10 / 17 	 Time Taken: 96 sec
(epoch: 11, iters: 1000, time: 0.008, data: 0.868) loss_G_comp: 0.421 loss_G_anti_sc: 0.902 loss_G: 1.323 loss_D_real: 0.005 loss_D_fake: 1.603 loss_D_gr_fake: 0.006 loss_AUX: 1.137 loss_D: 2.750 
D preds: real 0.99, fake 0.67, grfake: 0.00
accuracy: real: 1.0, fake: 0.1, grfake: 1.0

(epoch: 11, iters: 2000, time: 0.007, data: 0.001) loss_G_comp: 0.473 loss_G_anti_sc: 0.824 loss_G: 1.297 loss_D_real: 0.005 loss_D_fake: 1.493 loss_D_gr_fake: 0.012 loss_AUX: 1.126 loss_D: 2.636 
D preds: real 0.99, fake 0.64, grfake: 0.01
accuracy: real: 1.0, fake: 0.2, grfake: 1.0

(epoch: 11, iters: 3000, time: 0.007, data: 0.001) loss_G_comp: 0.453 loss_G_anti_sc: 0.829 loss_G: 1.282 loss_D_real: 0.009 loss_D_fake: 1.474 loss_D_gr_fake: 0.023 loss_AUX: 1.137 loss_D: 2.642 
D preds: real 0.99, fake 0.66, grfake: 0.02
accuracy: real: 1.0, fake: 0.12, grfake: 1.0

(epoch: 11, iters: 4000, time: 0.008, data: 0.001) loss_G_comp: 0.409 loss_G_anti_sc: 0.794 loss_G: 1.202 loss_D_real: 0.006 loss_D_fake: 1.334 loss_D_gr_fake: 0.008 loss_AUX: 1.093 loss_D: 2.440 
D preds: real 0.99, fake 0.69, grfake: 0.01
accuracy: real: 1.0, fake: 0.14, grfake: 1.0

(epoch: 11, iters: 5000, time: 0.016, data: 0.001) loss_G_comp: 0.328 loss_G_anti_sc: 1.184 loss_G: 1.511 loss_D_real: 0.006 loss_D_fake: 1.565 loss_D_gr_fake: 0.005 loss_AUX: 1.105 loss_D: 2.681 
D preds: real 1.00, fake 0.74, grfake: 0.00
accuracy: real: 1.0, fake: 0.04, grfake: 1.0

saving the latest model (epoch 11, total_iters 155000)
(epoch: 11, iters: 6000, time: 0.007, data: 0.001) loss_G_comp: 0.486 loss_G_anti_sc: 0.835 loss_G: 1.321 loss_D_real: 0.007 loss_D_fake: 1.618 loss_D_gr_fake: 0.010 loss_AUX: 1.107 loss_D: 2.741 
D preds: real 0.99, fake 0.64, grfake: 0.01
accuracy: real: 1.0, fake: 0.26, grfake: 1.0

(epoch: 11, iters: 7000, time: 0.007, data: 0.115) loss_G_comp: 0.393 loss_G_anti_sc: 0.928 loss_G: 1.321 loss_D_real: 0.004 loss_D_fake: 1.861 loss_D_gr_fake: 0.005 loss_AUX: 1.124 loss_D: 2.993 
D preds: real 0.99, fake 0.70, grfake: 0.00
accuracy: real: 1.0, fake: 0.14, grfake: 1.0

(epoch: 11, iters: 8000, time: 0.007, data: 0.001) loss_G_comp: 0.371 loss_G_anti_sc: 0.718 loss_G: 1.089 loss_D_real: 0.012 loss_D_fake: 1.543 loss_D_gr_fake: 0.005 loss_AUX: 1.130 loss_D: 2.689 
D preds: real 0.99, fake 0.72, grfake: 0.00
accuracy: real: 1.0, fake: 0.14, grfake: 1.0

(epoch: 11, iters: 9000, time: 0.007, data: 0.001) loss_G_comp: 0.352 loss_G_anti_sc: 0.780 loss_G: 1.133 loss_D_real: 0.005 loss_D_fake: 1.375 loss_D_gr_fake: 0.005 loss_AUX: 1.111 loss_D: 2.496 
D preds: real 0.99, fake 0.72, grfake: 0.00
accuracy: real: 1.0, fake: 0.08, grfake: 1.0

(epoch: 11, iters: 10000, time: 0.011, data: 0.001) loss_G_comp: 0.334 loss_G_anti_sc: 0.903 loss_G: 1.237 loss_D_real: 0.005 loss_D_fake: 1.618 loss_D_gr_fake: 0.005 loss_AUX: 1.077 loss_D: 2.705 
D preds: real 1.00, fake 0.74, grfake: 0.00
accuracy: real: 1.0, fake: 0.08, grfake: 1.0

saving the latest model (epoch 11, total_iters 160000)
(epoch: 11, iters: 11000, time: 0.007, data: 0.006) loss_G_comp: 0.449 loss_G_anti_sc: 0.835 loss_G: 1.284 loss_D_real: 0.012 loss_D_fake: 1.676 loss_D_gr_fake: 0.007 loss_AUX: 1.129 loss_D: 2.825 
D preds: real 1.00, fake 0.67, grfake: 0.01
accuracy: real: 1.0, fake: 0.14, grfake: 1.0

(epoch: 11, iters: 12000, time: 0.008, data: 0.001) loss_G_comp: 0.383 loss_G_anti_sc: 0.770 loss_G: 1.153 loss_D_real: 0.006 loss_D_fake: 1.248 loss_D_gr_fake: 0.004 loss_AUX: 1.117 loss_D: 2.375 
D preds: real 1.00, fake 0.71, grfake: 0.00
accuracy: real: 1.0, fake: 0.1, grfake: 1.0

(epoch: 11, iters: 13000, time: 0.005, data: 0.003) loss_G_comp: 0.382 loss_G_anti_sc: 0.767 loss_G: 1.149 loss_D_real: 0.004 loss_D_fake: 1.659 loss_D_gr_fake: 0.004 loss_AUX: 1.154 loss_D: 2.821 
D preds: real 1.00, fake 0.70, grfake: 0.00
accuracy: real: 1.0, fake: 0.12, grfake: 1.0

(epoch: 11, iters: 14000, time: 0.004, data: 0.001) loss_G_comp: 0.452 loss_G_anti_sc: 0.885 loss_G: 1.337 loss_D_real: 0.004 loss_D_fake: 1.624 loss_D_gr_fake: 0.005 loss_AUX: 1.136 loss_D: 2.768 
D preds: real 1.00, fake 0.65, grfake: 0.00
accuracy: real: 1.0, fake: 0.06, grfake: 1.0

(epoch: 11, iters: 15000, time: 0.011, data: 0.001) loss_G_comp: 0.532 loss_G_anti_sc: 0.775 loss_G: 1.307 loss_D_real: 0.005 loss_D_fake: 1.480 loss_D_gr_fake: 0.004 loss_AUX: 1.159 loss_D: 2.649 
D preds: real 1.00, fake 0.61, grfake: 0.00
accuracy: real: 1.0, fake: 0.26, grfake: 1.0

saving the latest model (epoch 11, total_iters 165000)
learning rate 0.0001000 -> 0.0001000
End of epoch 11 / 17 	 Time Taken: 96 sec
(epoch: 12, iters: 1000, time: 0.007, data: 0.860) loss_G_comp: 0.380 loss_G_anti_sc: 0.929 loss_G: 1.309 loss_D_real: 0.005 loss_D_fake: 1.639 loss_D_gr_fake: 0.004 loss_AUX: 1.139 loss_D: 2.787 
D preds: real 0.99, fake 0.71, grfake: 0.00
accuracy: real: 1.0, fake: 0.12, grfake: 1.0

(epoch: 12, iters: 2000, time: 0.008, data: 0.003) loss_G_comp: 0.454 loss_G_anti_sc: 0.745 loss_G: 1.199 loss_D_real: 0.004 loss_D_fake: 1.779 loss_D_gr_fake: 0.004 loss_AUX: 1.108 loss_D: 2.896 
D preds: real 1.00, fake 0.65, grfake: 0.00
accuracy: real: 1.0, fake: 0.2, grfake: 1.0

(epoch: 12, iters: 3000, time: 0.007, data: 0.001) loss_G_comp: 0.442 loss_G_anti_sc: 0.868 loss_G: 1.310 loss_D_real: 0.005 loss_D_fake: 1.918 loss_D_gr_fake: 0.004 loss_AUX: 1.158 loss_D: 3.086 
D preds: real 1.00, fake 0.67, grfake: 0.00
accuracy: real: 1.0, fake: 0.2, grfake: 1.0

(epoch: 12, iters: 4000, time: 0.007, data: 0.001) loss_G_comp: 0.381 loss_G_anti_sc: 0.922 loss_G: 1.302 loss_D_real: 0.005 loss_D_fake: 1.764 loss_D_gr_fake: 0.005 loss_AUX: 1.137 loss_D: 2.911 
D preds: real 1.00, fake 0.71, grfake: 0.00
accuracy: real: 1.0, fake: 0.14, grfake: 1.0

(epoch: 12, iters: 5000, time: 0.018, data: 0.001) loss_G_comp: 0.340 loss_G_anti_sc: 0.998 loss_G: 1.338 loss_D_real: 0.004 loss_D_fake: 1.618 loss_D_gr_fake: 0.004 loss_AUX: 1.127 loss_D: 2.754 
D preds: real 1.00, fake 0.73, grfake: 0.00
accuracy: real: 1.0, fake: 0.06, grfake: 1.0

saving the latest model (epoch 12, total_iters 170000)
(epoch: 12, iters: 6000, time: 0.008, data: 0.016) loss_G_comp: 0.468 loss_G_anti_sc: 0.770 loss_G: 1.237 loss_D_real: 0.006 loss_D_fake: 1.492 loss_D_gr_fake: 0.011 loss_AUX: 1.128 loss_D: 2.636 
D preds: real 1.00, fake 0.65, grfake: 0.00
accuracy: real: 1.0, fake: 0.16, grfake: 1.0

(epoch: 12, iters: 7000, time: 0.008, data: 0.163) loss_G_comp: 0.393 loss_G_anti_sc: 0.914 loss_G: 1.308 loss_D_real: 0.004 loss_D_fake: 1.689 loss_D_gr_fake: 0.004 loss_AUX: 1.149 loss_D: 2.845 
D preds: real 1.00, fake 0.70, grfake: 0.01
accuracy: real: 1.0, fake: 0.08, grfake: 1.0

(epoch: 12, iters: 8000, time: 0.008, data: 0.018) loss_G_comp: 0.419 loss_G_anti_sc: 0.708 loss_G: 1.127 loss_D_real: 0.005 loss_D_fake: 1.479 loss_D_gr_fake: 0.004 loss_AUX: 1.115 loss_D: 2.603 
D preds: real 1.00, fake 0.69, grfake: 0.00
accuracy: real: 1.0, fake: 0.2, grfake: 1.0

(epoch: 12, iters: 9000, time: 0.008, data: 0.323) loss_G_comp: 0.433 loss_G_anti_sc: 0.808 loss_G: 1.241 loss_D_real: 0.004 loss_D_fake: 1.349 loss_D_gr_fake: 0.003 loss_AUX: 1.127 loss_D: 2.483 
D preds: real 1.00, fake 0.67, grfake: 0.00
accuracy: real: 1.0, fake: 0.22, grfake: 1.0

(epoch: 12, iters: 10000, time: 0.012, data: 0.018) loss_G_comp: 0.531 loss_G_anti_sc: 0.715 loss_G: 1.246 loss_D_real: 0.005 loss_D_fake: 1.261 loss_D_gr_fake: 0.004 loss_AUX: 1.120 loss_D: 2.389 
D preds: real 1.00, fake 0.61, grfake: 0.00
accuracy: real: 1.0, fake: 0.2, grfake: 1.0

saving the latest model (epoch 12, total_iters 175000)
(epoch: 12, iters: 11000, time: 0.008, data: 0.001) loss_G_comp: 0.356 loss_G_anti_sc: 0.882 loss_G: 1.237 loss_D_real: 0.004 loss_D_fake: 1.708 loss_D_gr_fake: 0.003 loss_AUX: 1.140 loss_D: 2.855 
D preds: real 1.00, fake 0.72, grfake: 0.00
accuracy: real: 1.0, fake: 0.04, grfake: 1.0

(epoch: 12, iters: 12000, time: 0.006, data: 0.001) loss_G_comp: 0.463 loss_G_anti_sc: 0.892 loss_G: 1.355 loss_D_real: 0.005 loss_D_fake: 1.655 loss_D_gr_fake: 0.004 loss_AUX: 1.159 loss_D: 2.823 
D preds: real 1.00, fake 0.66, grfake: 0.00
accuracy: real: 1.0, fake: 0.22, grfake: 1.0

(epoch: 12, iters: 13000, time: 0.007, data: 0.001) loss_G_comp: 0.487 loss_G_anti_sc: 0.705 loss_G: 1.192 loss_D_real: 0.004 loss_D_fake: 1.499 loss_D_gr_fake: 0.004 loss_AUX: 1.123 loss_D: 2.629 
D preds: real 0.99, fake 0.63, grfake: 0.00
accuracy: real: 1.0, fake: 0.18, grfake: 1.0

(epoch: 12, iters: 14000, time: 0.008, data: 0.004) loss_G_comp: 0.506 loss_G_anti_sc: 0.660 loss_G: 1.166 loss_D_real: 0.005 loss_D_fake: 1.535 loss_D_gr_fake: 0.004 loss_AUX: 1.136 loss_D: 2.680 
D preds: real 1.00, fake 0.62, grfake: 0.00
accuracy: real: 1.0, fake: 0.26, grfake: 1.0

(epoch: 12, iters: 15000, time: 0.012, data: 0.033) loss_G_comp: 0.428 loss_G_anti_sc: 0.942 loss_G: 1.370 loss_D_real: 0.004 loss_D_fake: 1.736 loss_D_gr_fake: 0.005 loss_AUX: 1.151 loss_D: 2.896 
D preds: real 1.00, fake 0.68, grfake: 0.00
accuracy: real: 1.0, fake: 0.14, grfake: 1.0

saving the latest model (epoch 12, total_iters 180000)
learning rate 0.0001000 -> 0.0000800
End of epoch 12 / 17 	 Time Taken: 96 sec
(epoch: 13, iters: 1000, time: 0.007, data: 0.865) loss_G_comp: 0.392 loss_G_anti_sc: 0.892 loss_G: 1.283 loss_D_real: 0.005 loss_D_fake: 1.414 loss_D_gr_fake: 0.004 loss_AUX: 1.148 loss_D: 2.570 
D preds: real 1.00, fake 0.70, grfake: 0.00
accuracy: real: 1.0, fake: 0.18, grfake: 1.0

(epoch: 13, iters: 2000, time: 0.006, data: 0.364) loss_G_comp: 0.362 loss_G_anti_sc: 1.033 loss_G: 1.395 loss_D_real: 0.004 loss_D_fake: 1.833 loss_D_gr_fake: 0.003 loss_AUX: 1.170 loss_D: 3.010 
D preds: real 1.00, fake 0.73, grfake: 0.00
accuracy: real: 1.0, fake: 0.16, grfake: 1.0

(epoch: 13, iters: 3000, time: 0.007, data: 0.001) loss_G_comp: 0.365 loss_G_anti_sc: 0.611 loss_G: 0.976 loss_D_real: 0.006 loss_D_fake: 1.876 loss_D_gr_fake: 0.003 loss_AUX: 1.121 loss_D: 3.006 
D preds: real 1.00, fake 0.72, grfake: 0.00
accuracy: real: 1.0, fake: 0.12, grfake: 1.0

(epoch: 13, iters: 4000, time: 0.004, data: 0.001) loss_G_comp: 0.483 loss_G_anti_sc: 0.895 loss_G: 1.378 loss_D_real: 0.003 loss_D_fake: 1.769 loss_D_gr_fake: 0.004 loss_AUX: 1.158 loss_D: 2.934 
D preds: real 1.00, fake 0.64, grfake: 0.00
accuracy: real: 1.0, fake: 0.2, grfake: 1.0

(epoch: 13, iters: 5000, time: 0.010, data: 0.003) loss_G_comp: 0.445 loss_G_anti_sc: 0.868 loss_G: 1.314 loss_D_real: 0.006 loss_D_fake: 1.842 loss_D_gr_fake: 0.004 loss_AUX: 1.145 loss_D: 2.997 
D preds: real 1.00, fake 0.67, grfake: 0.00
accuracy: real: 1.0, fake: 0.2, grfake: 1.0

saving the latest model (epoch 13, total_iters 185000)
(epoch: 13, iters: 6000, time: 0.005, data: 0.001) loss_G_comp: 0.378 loss_G_anti_sc: 0.927 loss_G: 1.304 loss_D_real: 0.004 loss_D_fake: 1.889 loss_D_gr_fake: 0.004 loss_AUX: 1.120 loss_D: 3.017 
D preds: real 1.00, fake 0.70, grfake: 0.00
accuracy: real: 1.0, fake: 0.08, grfake: 1.0

(epoch: 13, iters: 7000, time: 0.005, data: 0.001) loss_G_comp: 0.447 loss_G_anti_sc: 0.794 loss_G: 1.241 loss_D_real: 0.004 loss_D_fake: 1.257 loss_D_gr_fake: 0.003 loss_AUX: 1.141 loss_D: 2.404 
D preds: real 1.00, fake 0.66, grfake: 0.00
accuracy: real: 1.0, fake: 0.18, grfake: 1.0

(epoch: 13, iters: 8000, time: 0.006, data: 0.001) loss_G_comp: 0.378 loss_G_anti_sc: 1.054 loss_G: 1.432 loss_D_real: 0.003 loss_D_fake: 1.571 loss_D_gr_fake: 0.005 loss_AUX: 1.167 loss_D: 2.747 
D preds: real 1.00, fake 0.71, grfake: 0.00
accuracy: real: 1.0, fake: 0.1, grfake: 1.0

(epoch: 13, iters: 9000, time: 0.006, data: 0.001) loss_G_comp: 0.366 loss_G_anti_sc: 0.795 loss_G: 1.162 loss_D_real: 0.005 loss_D_fake: 1.695 loss_D_gr_fake: 0.003 loss_AUX: 1.157 loss_D: 2.860 
D preds: real 1.00, fake 0.71, grfake: 0.00
accuracy: real: 1.0, fake: 0.08, grfake: 1.0

(epoch: 13, iters: 10000, time: 0.011, data: 0.001) loss_G_comp: 0.395 loss_G_anti_sc: 1.161 loss_G: 1.556 loss_D_real: 0.005 loss_D_fake: 1.469 loss_D_gr_fake: 0.003 loss_AUX: 1.172 loss_D: 2.649 
D preds: real 1.00, fake 0.69, grfake: 0.00
accuracy: real: 1.0, fake: 0.04, grfake: 1.0

saving the latest model (epoch 13, total_iters 190000)
(epoch: 13, iters: 11000, time: 0.007, data: 0.001) loss_G_comp: 0.358 loss_G_anti_sc: 0.883 loss_G: 1.241 loss_D_real: 0.005 loss_D_fake: 1.702 loss_D_gr_fake: 0.003 loss_AUX: 1.151 loss_D: 2.860 
D preds: real 1.00, fake 0.72, grfake: 0.00
accuracy: real: 1.0, fake: 0.04, grfake: 1.0

(epoch: 13, iters: 12000, time: 0.007, data: 0.012) loss_G_comp: 0.425 loss_G_anti_sc: 0.839 loss_G: 1.264 loss_D_real: 0.005 loss_D_fake: 1.852 loss_D_gr_fake: 0.003 loss_AUX: 1.129 loss_D: 2.989 
D preds: real 1.00, fake 0.68, grfake: 0.00
accuracy: real: 1.0, fake: 0.1, grfake: 1.0

(epoch: 13, iters: 13000, time: 0.007, data: 0.001) loss_G_comp: 0.412 loss_G_anti_sc: 0.734 loss_G: 1.146 loss_D_real: 0.004 loss_D_fake: 1.793 loss_D_gr_fake: 0.008 loss_AUX: 1.181 loss_D: 2.985 
D preds: real 1.00, fake 0.68, grfake: 0.00
accuracy: real: 1.0, fake: 0.12, grfake: 1.0

(epoch: 13, iters: 14000, time: 0.007, data: 0.001) loss_G_comp: 0.400 loss_G_anti_sc: 0.829 loss_G: 1.228 loss_D_real: 0.003 loss_D_fake: 1.600 loss_D_gr_fake: 0.003 loss_AUX: 1.151 loss_D: 2.757 
D preds: real 1.00, fake 0.69, grfake: 0.00
accuracy: real: 1.0, fake: 0.12, grfake: 1.0

(epoch: 13, iters: 15000, time: 0.011, data: 0.003) loss_G_comp: 0.376 loss_G_anti_sc: 0.828 loss_G: 1.204 loss_D_real: 0.003 loss_D_fake: 1.832 loss_D_gr_fake: 0.003 loss_AUX: 1.154 loss_D: 2.993 
D preds: real 1.00, fake 0.70, grfake: 0.01
accuracy: real: 1.0, fake: 0.06, grfake: 1.0

saving the latest model (epoch 13, total_iters 195000)
learning rate 0.0000800 -> 0.0000800
End of epoch 13 / 17 	 Time Taken: 95 sec
(epoch: 14, iters: 1000, time: 0.008, data: 1.447) loss_G_comp: 0.466 loss_G_anti_sc: 0.550 loss_G: 1.016 loss_D_real: 0.012 loss_D_fake: 1.599 loss_D_gr_fake: 0.003 loss_AUX: 1.148 loss_D: 2.762 
D preds: real 1.00, fake 0.66, grfake: 0.00
accuracy: real: 1.0, fake: 0.22, grfake: 1.0

(epoch: 14, iters: 2000, time: 0.007, data: 0.003) loss_G_comp: 0.409 loss_G_anti_sc: 0.794 loss_G: 1.203 loss_D_real: 0.003 loss_D_fake: 1.811 loss_D_gr_fake: 0.003 loss_AUX: 1.143 loss_D: 2.960 
D preds: real 1.00, fake 0.69, grfake: 0.00
accuracy: real: 1.0, fake: 0.18, grfake: 1.0

(epoch: 14, iters: 3000, time: 0.007, data: 0.001) loss_G_comp: 0.412 loss_G_anti_sc: 0.915 loss_G: 1.328 loss_D_real: 0.008 loss_D_fake: 1.739 loss_D_gr_fake: 0.003 loss_AUX: 1.129 loss_D: 2.879 
D preds: real 1.00, fake 0.69, grfake: 0.00
accuracy: real: 1.0, fake: 0.12, grfake: 1.0

(epoch: 14, iters: 4000, time: 0.007, data: 0.001) loss_G_comp: 0.468 loss_G_anti_sc: 0.857 loss_G: 1.325 loss_D_real: 0.004 loss_D_fake: 1.534 loss_D_gr_fake: 0.004 loss_AUX: 1.146 loss_D: 2.688 
D preds: real 1.00, fake 0.65, grfake: 0.00
accuracy: real: 1.0, fake: 0.2, grfake: 1.0

(epoch: 14, iters: 5000, time: 0.017, data: 0.001) loss_G_comp: 0.447 loss_G_anti_sc: 0.801 loss_G: 1.249 loss_D_real: 0.004 loss_D_fake: 1.257 loss_D_gr_fake: 0.003 loss_AUX: 1.177 loss_D: 2.441 
D preds: real 1.00, fake 0.66, grfake: 0.00
accuracy: real: 1.0, fake: 0.18, grfake: 1.0

saving the latest model (epoch 14, total_iters 200000)
(epoch: 14, iters: 6000, time: 0.008, data: 0.001) loss_G_comp: 0.392 loss_G_anti_sc: 0.804 loss_G: 1.196 loss_D_real: 0.004 loss_D_fake: 1.579 loss_D_gr_fake: 0.004 loss_AUX: 1.152 loss_D: 2.739 
D preds: real 1.00, fake 0.70, grfake: 0.00
accuracy: real: 1.0, fake: 0.14, grfake: 1.0

(epoch: 14, iters: 7000, time: 0.007, data: 0.001) loss_G_comp: 0.410 loss_G_anti_sc: 0.844 loss_G: 1.254 loss_D_real: 0.003 loss_D_fake: 1.904 loss_D_gr_fake: 0.003 loss_AUX: 1.157 loss_D: 3.068 
D preds: real 1.00, fake 0.69, grfake: 0.00
accuracy: real: 1.0, fake: 0.14, grfake: 1.0

(epoch: 14, iters: 8000, time: 0.007, data: 0.001) loss_G_comp: 0.377 loss_G_anti_sc: 0.773 loss_G: 1.150 loss_D_real: 0.004 loss_D_fake: 1.403 loss_D_gr_fake: 0.003 loss_AUX: 1.160 loss_D: 2.570 
D preds: real 1.00, fake 0.72, grfake: 0.00
accuracy: real: 1.0, fake: 0.1, grfake: 1.0

(epoch: 14, iters: 9000, time: 0.005, data: 0.013) loss_G_comp: 0.371 loss_G_anti_sc: 0.859 loss_G: 1.230 loss_D_real: 0.004 loss_D_fake: 1.646 loss_D_gr_fake: 0.004 loss_AUX: 1.164 loss_D: 2.818 
D preds: real 1.00, fake 0.71, grfake: 0.00
accuracy: real: 1.0, fake: 0.04, grfake: 1.0

(epoch: 14, iters: 10000, time: 0.018, data: 0.001) loss_G_comp: 0.385 loss_G_anti_sc: 0.841 loss_G: 1.226 loss_D_real: 0.003 loss_D_fake: 1.525 loss_D_gr_fake: 0.003 loss_AUX: 1.130 loss_D: 2.661 
D preds: real 1.00, fake 0.70, grfake: 0.00
accuracy: real: 1.0, fake: 0.1, grfake: 1.0

saving the latest model (epoch 14, total_iters 205000)
(epoch: 14, iters: 11000, time: 0.005, data: 0.001) loss_G_comp: 0.343 loss_G_anti_sc: 0.815 loss_G: 1.158 loss_D_real: 0.003 loss_D_fake: 1.528 loss_D_gr_fake: 0.003 loss_AUX: 1.133 loss_D: 2.666 
D preds: real 1.00, fake 0.73, grfake: 0.00
accuracy: real: 1.0, fake: 0.1, grfake: 1.0

(epoch: 14, iters: 12000, time: 0.004, data: 0.001) loss_G_comp: 0.377 loss_G_anti_sc: 0.971 loss_G: 1.348 loss_D_real: 0.003 loss_D_fake: 1.874 loss_D_gr_fake: 0.002 loss_AUX: 1.154 loss_D: 3.032 
D preds: real 1.00, fake 0.71, grfake: 0.00
accuracy: real: 1.0, fake: 0.14, grfake: 1.0

(epoch: 14, iters: 13000, time: 0.007, data: 0.001) loss_G_comp: 0.464 loss_G_anti_sc: 0.743 loss_G: 1.207 loss_D_real: 0.003 loss_D_fake: 1.221 loss_D_gr_fake: 0.003 loss_AUX: 1.150 loss_D: 2.378 
D preds: real 1.00, fake 0.65, grfake: 0.00
accuracy: real: 1.0, fake: 0.18, grfake: 1.0

(epoch: 14, iters: 14000, time: 0.008, data: 0.001) loss_G_comp: 0.472 loss_G_anti_sc: 0.878 loss_G: 1.350 loss_D_real: 0.003 loss_D_fake: 1.455 loss_D_gr_fake: 0.003 loss_AUX: 1.153 loss_D: 2.614 
D preds: real 1.00, fake 0.64, grfake: 0.00
accuracy: real: 1.0, fake: 0.18, grfake: 1.0

(epoch: 14, iters: 15000, time: 0.009, data: 0.001) loss_G_comp: 0.418 loss_G_anti_sc: 0.963 loss_G: 1.381 loss_D_real: 0.003 loss_D_fake: 1.386 loss_D_gr_fake: 0.003 loss_AUX: 1.120 loss_D: 2.512 
D preds: real 1.00, fake 0.68, grfake: 0.00
accuracy: real: 1.0, fake: 0.08, grfake: 1.0

saving the latest model (epoch 14, total_iters 210000)
learning rate 0.0000800 -> 0.0000800
End of epoch 14 / 17 	 Time Taken: 95 sec
(epoch: 15, iters: 1000, time: 0.008, data: 0.890) loss_G_comp: 0.484 loss_G_anti_sc: 0.878 loss_G: 1.362 loss_D_real: 0.003 loss_D_fake: 1.378 loss_D_gr_fake: 0.003 loss_AUX: 1.149 loss_D: 2.533 
D preds: real 1.00, fake 0.63, grfake: 0.00
accuracy: real: 1.0, fake: 0.12, grfake: 1.0

(epoch: 15, iters: 2000, time: 0.007, data: 0.001) loss_G_comp: 0.514 loss_G_anti_sc: 0.675 loss_G: 1.189 loss_D_real: 0.003 loss_D_fake: 1.392 loss_D_gr_fake: 0.002 loss_AUX: 1.182 loss_D: 2.579 
D preds: real 1.00, fake 0.61, grfake: 0.00
accuracy: real: 1.0, fake: 0.14, grfake: 1.0

(epoch: 15, iters: 3000, time: 0.008, data: 0.001) loss_G_comp: 0.390 loss_G_anti_sc: 0.730 loss_G: 1.120 loss_D_real: 0.003 loss_D_fake: 1.571 loss_D_gr_fake: 0.003 loss_AUX: 1.160 loss_D: 2.737 
D preds: real 0.99, fake 0.70, grfake: 0.00
accuracy: real: 1.0, fake: 0.14, grfake: 1.0

(epoch: 15, iters: 4000, time: 0.004, data: 0.003) loss_G_comp: 0.410 loss_G_anti_sc: 0.922 loss_G: 1.331 loss_D_real: 0.010 loss_D_fake: 1.534 loss_D_gr_fake: 0.004 loss_AUX: 1.144 loss_D: 2.691 
D preds: real 0.99, fake 0.68, grfake: 0.01
accuracy: real: 1.0, fake: 0.06, grfake: 1.0

(epoch: 15, iters: 5000, time: 0.018, data: 0.001) loss_G_comp: 0.387 loss_G_anti_sc: 0.776 loss_G: 1.163 loss_D_real: 0.007 loss_D_fake: 1.447 loss_D_gr_fake: 0.005 loss_AUX: 1.134 loss_D: 2.593 
D preds: real 0.99, fake 0.70, grfake: 0.01
accuracy: real: 1.0, fake: 0.12, grfake: 1.0

saving the latest model (epoch 15, total_iters 215000)
(epoch: 15, iters: 6000, time: 0.007, data: 0.001) loss_G_comp: 0.428 loss_G_anti_sc: 0.915 loss_G: 1.343 loss_D_real: 0.005 loss_D_fake: 1.226 loss_D_gr_fake: 0.004 loss_AUX: 1.170 loss_D: 2.404 
D preds: real 0.99, fake 0.68, grfake: 0.00
accuracy: real: 1.0, fake: 0.2, grfake: 1.0

(epoch: 15, iters: 7000, time: 0.007, data: 0.289) loss_G_comp: 0.397 loss_G_anti_sc: 0.801 loss_G: 1.198 loss_D_real: 0.003 loss_D_fake: 1.844 loss_D_gr_fake: 0.008 loss_AUX: 1.187 loss_D: 3.043 
D preds: real 1.00, fake 0.70, grfake: 0.00
accuracy: real: 1.0, fake: 0.14, grfake: 1.0

(epoch: 15, iters: 8000, time: 0.007, data: 0.017) loss_G_comp: 0.401 loss_G_anti_sc: 0.859 loss_G: 1.260 loss_D_real: 0.004 loss_D_fake: 1.739 loss_D_gr_fake: 0.003 loss_AUX: 1.179 loss_D: 2.925 
D preds: real 1.00, fake 0.70, grfake: 0.00
accuracy: real: 1.0, fake: 0.14, grfake: 1.0

(epoch: 15, iters: 9000, time: 0.005, data: 0.004) loss_G_comp: 0.449 loss_G_anti_sc: 0.805 loss_G: 1.253 loss_D_real: 0.003 loss_D_fake: 1.667 loss_D_gr_fake: 0.003 loss_AUX: 1.166 loss_D: 2.839 
D preds: real 1.00, fake 0.66, grfake: 0.00
accuracy: real: 1.0, fake: 0.18, grfake: 1.0

(epoch: 15, iters: 10000, time: 0.019, data: 0.302) loss_G_comp: 0.404 loss_G_anti_sc: 0.867 loss_G: 1.271 loss_D_real: 0.003 loss_D_fake: 1.637 loss_D_gr_fake: 0.003 loss_AUX: 1.164 loss_D: 2.806 
D preds: real 1.00, fake 0.69, grfake: 0.00
accuracy: real: 1.0, fake: 0.12, grfake: 1.0

saving the latest model (epoch 15, total_iters 220000)
(epoch: 15, iters: 11000, time: 0.007, data: 0.019) loss_G_comp: 0.425 loss_G_anti_sc: 0.749 loss_G: 1.174 loss_D_real: 0.004 loss_D_fake: 1.591 loss_D_gr_fake: 0.003 loss_AUX: 1.180 loss_D: 2.778 
D preds: real 1.00, fake 0.68, grfake: 0.00
accuracy: real: 1.0, fake: 0.18, grfake: 1.0

(epoch: 15, iters: 12000, time: 0.007, data: 0.315) loss_G_comp: 0.410 loss_G_anti_sc: 1.163 loss_G: 1.573 loss_D_real: 0.004 loss_D_fake: 1.870 loss_D_gr_fake: 0.003 loss_AUX: 1.153 loss_D: 3.029 
D preds: real 1.00, fake 0.69, grfake: 0.00
accuracy: real: 1.0, fake: 0.12, grfake: 1.0

(epoch: 15, iters: 13000, time: 0.004, data: 0.001) loss_G_comp: 0.415 loss_G_anti_sc: 0.790 loss_G: 1.205 loss_D_real: 0.004 loss_D_fake: 1.694 loss_D_gr_fake: 0.003 loss_AUX: 1.152 loss_D: 2.853 
D preds: real 1.00, fake 0.68, grfake: 0.00
accuracy: real: 1.0, fake: 0.12, grfake: 1.0

(epoch: 15, iters: 14000, time: 0.007, data: 0.139) loss_G_comp: 0.354 loss_G_anti_sc: 0.736 loss_G: 1.090 loss_D_real: 0.002 loss_D_fake: 1.859 loss_D_gr_fake: 0.004 loss_AUX: 1.181 loss_D: 3.047 
D preds: real 1.00, fake 0.73, grfake: 0.00
accuracy: real: 1.0, fake: 0.08, grfake: 1.0

(epoch: 15, iters: 15000, time: 0.012, data: 0.001) loss_G_comp: 0.451 loss_G_anti_sc: 0.773 loss_G: 1.224 loss_D_real: 0.003 loss_D_fake: 1.791 loss_D_gr_fake: 0.002 loss_AUX: 1.172 loss_D: 2.969 
D preds: real 1.00, fake 0.67, grfake: 0.00
accuracy: real: 1.0, fake: 0.28, grfake: 1.0

saving the latest model (epoch 15, total_iters 225000)
learning rate 0.0000800 -> 0.0000800
End of epoch 15 / 17 	 Time Taken: 96 sec
(epoch: 16, iters: 1000, time: 0.008, data: 0.920) loss_G_comp: 0.413 loss_G_anti_sc: 0.659 loss_G: 1.072 loss_D_real: 0.003 loss_D_fake: 1.547 loss_D_gr_fake: 0.003 loss_AUX: 1.166 loss_D: 2.718 
D preds: real 1.00, fake 0.69, grfake: 0.00
accuracy: real: 1.0, fake: 0.22, grfake: 1.0

(epoch: 16, iters: 2000, time: 0.008, data: 0.463) loss_G_comp: 0.413 loss_G_anti_sc: 0.712 loss_G: 1.125 loss_D_real: 0.003 loss_D_fake: 1.845 loss_D_gr_fake: 0.003 loss_AUX: 1.180 loss_D: 3.030 
D preds: real 1.00, fake 0.69, grfake: 0.00
accuracy: real: 1.0, fake: 0.18, grfake: 1.0

(epoch: 16, iters: 3000, time: 0.005, data: 0.004) loss_G_comp: 0.456 loss_G_anti_sc: 0.851 loss_G: 1.308 loss_D_real: 0.002 loss_D_fake: 1.418 loss_D_gr_fake: 0.003 loss_AUX: 1.198 loss_D: 2.620 
D preds: real 1.00, fake 0.66, grfake: 0.00
accuracy: real: 1.0, fake: 0.16, grfake: 1.0

(epoch: 16, iters: 4000, time: 0.007, data: 0.328) loss_G_comp: 0.425 loss_G_anti_sc: 1.009 loss_G: 1.434 loss_D_real: 0.003 loss_D_fake: 2.043 loss_D_gr_fake: 0.003 loss_AUX: 1.159 loss_D: 3.209 
D preds: real 1.00, fake 0.68, grfake: 0.00
accuracy: real: 1.0, fake: 0.16, grfake: 1.0

(epoch: 16, iters: 5000, time: 0.023, data: 0.253) loss_G_comp: 0.368 loss_G_anti_sc: 0.860 loss_G: 1.227 loss_D_real: 0.003 loss_D_fake: 1.453 loss_D_gr_fake: 0.003 loss_AUX: 1.150 loss_D: 2.608 
D preds: real 1.00, fake 0.72, grfake: 0.00
accuracy: real: 1.0, fake: 0.12, grfake: 1.0

saving the latest model (epoch 16, total_iters 230000)
(epoch: 16, iters: 6000, time: 0.005, data: 0.022) loss_G_comp: 0.413 loss_G_anti_sc: 0.702 loss_G: 1.114 loss_D_real: 0.003 loss_D_fake: 1.615 loss_D_gr_fake: 0.003 loss_AUX: 1.188 loss_D: 2.809 
D preds: real 1.00, fake 0.68, grfake: 0.00
accuracy: real: 1.0, fake: 0.08, grfake: 1.0

(epoch: 16, iters: 7000, time: 0.005, data: 0.063) loss_G_comp: 0.386 loss_G_anti_sc: 0.849 loss_G: 1.235 loss_D_real: 0.002 loss_D_fake: 1.380 loss_D_gr_fake: 0.003 loss_AUX: 1.183 loss_D: 2.568 
D preds: real 1.00, fake 0.70, grfake: 0.00
accuracy: real: 1.0, fake: 0.1, grfake: 1.0

(epoch: 16, iters: 8000, time: 0.005, data: 0.001) loss_G_comp: 0.399 loss_G_anti_sc: 0.772 loss_G: 1.171 loss_D_real: 0.003 loss_D_fake: 1.975 loss_D_gr_fake: 0.002 loss_AUX: 1.186 loss_D: 3.166 
D preds: real 1.00, fake 0.69, grfake: 0.00
accuracy: real: 1.0, fake: 0.14, grfake: 1.0

(epoch: 16, iters: 9000, time: 0.007, data: 0.069) loss_G_comp: 0.424 loss_G_anti_sc: 0.916 loss_G: 1.340 loss_D_real: 0.002 loss_D_fake: 1.839 loss_D_gr_fake: 0.003 loss_AUX: 1.203 loss_D: 3.047 
D preds: real 1.00, fake 0.67, grfake: 0.00
accuracy: real: 1.0, fake: 0.14, grfake: 1.0

(epoch: 16, iters: 10000, time: 0.013, data: 0.018) loss_G_comp: 0.388 loss_G_anti_sc: 1.186 loss_G: 1.574 loss_D_real: 0.003 loss_D_fake: 1.965 loss_D_gr_fake: 0.003 loss_AUX: 1.170 loss_D: 3.140 
D preds: real 1.00, fake 0.70, grfake: 0.00
accuracy: real: 1.0, fake: 0.1, grfake: 1.0

saving the latest model (epoch 16, total_iters 235000)
(epoch: 16, iters: 11000, time: 0.008, data: 0.001) loss_G_comp: 0.428 loss_G_anti_sc: 0.759 loss_G: 1.187 loss_D_real: 0.002 loss_D_fake: 1.464 loss_D_gr_fake: 0.003 loss_AUX: 1.142 loss_D: 2.611 
D preds: real 1.00, fake 0.67, grfake: 0.00
accuracy: real: 1.0, fake: 0.12, grfake: 1.0

(epoch: 16, iters: 12000, time: 0.007, data: 0.198) loss_G_comp: 0.412 loss_G_anti_sc: 0.876 loss_G: 1.288 loss_D_real: 0.003 loss_D_fake: 1.594 loss_D_gr_fake: 0.002 loss_AUX: 1.175 loss_D: 2.775 
D preds: real 1.00, fake 0.69, grfake: 0.00
accuracy: real: 1.0, fake: 0.16, grfake: 1.0

(epoch: 16, iters: 13000, time: 0.005, data: 0.009) loss_G_comp: 0.453 loss_G_anti_sc: 0.801 loss_G: 1.254 loss_D_real: 0.003 loss_D_fake: 1.945 loss_D_gr_fake: 0.003 loss_AUX: 1.217 loss_D: 3.168 
D preds: real 1.00, fake 0.66, grfake: 0.00
accuracy: real: 1.0, fake: 0.16, grfake: 1.0

(epoch: 16, iters: 14000, time: 0.007, data: 0.001) loss_G_comp: 0.349 loss_G_anti_sc: 0.860 loss_G: 1.209 loss_D_real: 0.003 loss_D_fake: 1.590 loss_D_gr_fake: 0.002 loss_AUX: 1.179 loss_D: 2.774 
D preds: real 1.00, fake 0.72, grfake: 0.00
accuracy: real: 1.0, fake: 0.08, grfake: 1.0

(epoch: 16, iters: 15000, time: 0.012, data: 0.001) loss_G_comp: 0.352 loss_G_anti_sc: 0.606 loss_G: 0.959 loss_D_real: 0.003 loss_D_fake: 1.621 loss_D_gr_fake: 0.002 loss_AUX: 1.196 loss_D: 2.822 
D preds: real 1.00, fake 0.72, grfake: 0.00
accuracy: real: 1.0, fake: 0.02, grfake: 1.0

saving the latest model (epoch 16, total_iters 240000)
learning rate 0.0000800 -> 0.0000800
End of epoch 16 / 17 	 Time Taken: 96 sec
(epoch: 17, iters: 1000, time: 0.008, data: 0.996) loss_G_comp: 0.474 loss_G_anti_sc: 0.621 loss_G: 1.095 loss_D_real: 0.002 loss_D_fake: 1.411 loss_D_gr_fake: 0.003 loss_AUX: 1.177 loss_D: 2.593 
D preds: real 1.00, fake 0.65, grfake: 0.00
accuracy: real: 1.0, fake: 0.2, grfake: 1.0

(epoch: 17, iters: 2000, time: 0.007, data: 0.095) loss_G_comp: 0.373 loss_G_anti_sc: 0.784 loss_G: 1.157 loss_D_real: 0.007 loss_D_fake: 1.862 loss_D_gr_fake: 0.007 loss_AUX: 1.171 loss_D: 3.046 
D preds: real 1.00, fake 0.71, grfake: 0.00
accuracy: real: 1.0, fake: 0.08, grfake: 1.0

(epoch: 17, iters: 3000, time: 0.007, data: 0.264) loss_G_comp: 0.403 loss_G_anti_sc: 0.597 loss_G: 1.000 loss_D_real: 0.003 loss_D_fake: 1.419 loss_D_gr_fake: 0.002 loss_AUX: 1.175 loss_D: 2.600 
D preds: real 1.00, fake 0.69, grfake: 0.00
accuracy: real: 1.0, fake: 0.1, grfake: 1.0

(epoch: 17, iters: 4000, time: 0.005, data: 0.003) loss_G_comp: 0.378 loss_G_anti_sc: 0.814 loss_G: 1.192 loss_D_real: 0.003 loss_D_fake: 1.808 loss_D_gr_fake: 0.002 loss_AUX: 1.172 loss_D: 2.986 
D preds: real 1.00, fake 0.70, grfake: 0.00
accuracy: real: 1.0, fake: 0.12, grfake: 1.0

(epoch: 17, iters: 5000, time: 0.014, data: 0.003) loss_G_comp: 0.338 loss_G_anti_sc: 0.721 loss_G: 1.059 loss_D_real: 0.003 loss_D_fake: 1.367 loss_D_gr_fake: 0.003 loss_AUX: 1.197 loss_D: 2.569 
D preds: real 1.00, fake 0.74, grfake: 0.00
accuracy: real: 1.0, fake: 0.06, grfake: 1.0

saving the latest model (epoch 17, total_iters 245000)
(epoch: 17, iters: 6000, time: 0.008, data: 0.001) loss_G_comp: 0.349 loss_G_anti_sc: 0.930 loss_G: 1.279 loss_D_real: 0.003 loss_D_fake: 1.473 loss_D_gr_fake: 0.002 loss_AUX: 1.186 loss_D: 2.664 
D preds: real 1.00, fake 0.73, grfake: 0.00
accuracy: real: 1.0, fake: 0.06, grfake: 1.0

(epoch: 17, iters: 7000, time: 0.007, data: 0.370) loss_G_comp: 0.390 loss_G_anti_sc: 0.721 loss_G: 1.111 loss_D_real: 0.039 loss_D_fake: 1.663 loss_D_gr_fake: 0.003 loss_AUX: 1.189 loss_D: 2.893 
D preds: real 1.00, fake 0.70, grfake: 0.02
accuracy: real: 1.0, fake: 0.2, grfake: 1.0

(epoch: 17, iters: 8000, time: 0.006, data: 0.122) loss_G_comp: 0.364 loss_G_anti_sc: 0.914 loss_G: 1.278 loss_D_real: 0.007 loss_D_fake: 1.461 loss_D_gr_fake: 0.003 loss_AUX: 1.146 loss_D: 2.616 
D preds: real 1.00, fake 0.72, grfake: 0.00
accuracy: real: 1.0, fake: 0.14, grfake: 1.0

(epoch: 17, iters: 9000, time: 0.007, data: 0.001) loss_G_comp: 0.343 loss_G_anti_sc: 0.914 loss_G: 1.256 loss_D_real: 0.003 loss_D_fake: 1.512 loss_D_gr_fake: 0.002 loss_AUX: 1.173 loss_D: 2.689 
D preds: real 1.00, fake 0.74, grfake: 0.00
accuracy: real: 1.0, fake: 0.1, grfake: 1.0

(epoch: 17, iters: 10000, time: 0.015, data: 0.003) loss_G_comp: 0.385 loss_G_anti_sc: 1.012 loss_G: 1.398 loss_D_real: 0.004 loss_D_fake: 1.652 loss_D_gr_fake: 0.003 loss_AUX: 1.168 loss_D: 2.827 
D preds: real 1.00, fake 0.70, grfake: 0.00
accuracy: real: 1.0, fake: 0.04, grfake: 1.0

saving the latest model (epoch 17, total_iters 250000)
(epoch: 17, iters: 11000, time: 0.007, data: 0.021) loss_G_comp: 0.405 loss_G_anti_sc: 0.779 loss_G: 1.184 loss_D_real: 0.002 loss_D_fake: 1.553 loss_D_gr_fake: 0.002 loss_AUX: 1.190 loss_D: 2.748 
D preds: real 1.00, fake 0.69, grfake: 0.00
accuracy: real: 1.0, fake: 0.12, grfake: 1.0

(epoch: 17, iters: 12000, time: 0.005, data: 0.148) loss_G_comp: 0.430 loss_G_anti_sc: 0.714 loss_G: 1.145 loss_D_real: 0.003 loss_D_fake: 1.980 loss_D_gr_fake: 0.002 loss_AUX: 1.197 loss_D: 3.183 
D preds: real 1.00, fake 0.67, grfake: 0.00
accuracy: real: 1.0, fake: 0.06, grfake: 1.0

(epoch: 17, iters: 13000, time: 0.008, data: 0.001) loss_G_comp: 0.427 loss_G_anti_sc: 0.698 loss_G: 1.124 loss_D_real: 0.003 loss_D_fake: 1.925 loss_D_gr_fake: 0.003 loss_AUX: 1.193 loss_D: 3.124 
D preds: real 1.00, fake 0.68, grfake: 0.00
accuracy: real: 1.0, fake: 0.12, grfake: 1.0

(epoch: 17, iters: 14000, time: 0.005, data: 0.001) loss_G_comp: 0.392 loss_G_anti_sc: 1.049 loss_G: 1.441 loss_D_real: 0.003 loss_D_fake: 1.453 loss_D_gr_fake: 0.002 loss_AUX: 1.130 loss_D: 2.588 
D preds: real 1.00, fake 0.70, grfake: 0.00
accuracy: real: 1.0, fake: 0.1, grfake: 1.0

(epoch: 17, iters: 15000, time: 0.012, data: 0.001) loss_G_comp: 0.456 loss_G_anti_sc: 0.832 loss_G: 1.288 loss_D_real: 0.003 loss_D_fake: 1.477 loss_D_gr_fake: 0.002 loss_AUX: 1.151 loss_D: 2.634 
D preds: real 1.00, fake 0.66, grfake: 0.00
accuracy: real: 1.0, fake: 0.16, grfake: 1.0

saving the latest model (epoch 17, total_iters 255000)
learning rate 0.0000800 -> 0.0000800
End of epoch 17 / 17 	 Time Taken: 95 sec
Finished training, model is saved
