Starting run 6
Cityscapes data copied to scratch
----------------- Options ---------------
               batch_size: 64                            	[default: 1]
                    beta1: 0.5                           
                    beta2: 0.999                         
          checkpoints_dir: /scratch/checkpoints          	[default: ./checkpoints]
           continue_train: False                         
                crop_size: 256                           	[default: 64]
                 dataroot: /scratch/datasets/Cityscapes/ 	[default: None]
             dataset_mode: move_coco                     	[default: room]
                direction: AtoB                          
              display_env: main                          
             display_freq: 100                           
               display_id: 0                             	[default: 1]
            display_ncols: 4                             
             display_port: 8097                          
           display_server: http://localhost              
          display_winsize: 256                           
                    epoch: latest                        
              epoch_count: 1                             
              fake_target: 0.1                           
                 gan_mode: vanilla                       
                  gpu_ids: 0                             
                init_gain: 0.02                          
                init_type: normal                        
                 input_nc: 3                             
                  isTrain: True                          	[default: None]
          keep_last_batch: False                         
                load_iter: 0                             	[default: 0]
                load_size: 256                           	[default: 64]
                       lr: 2e-05                         	[default: 0.0002]
           lr_decay_iters: 50                            
                lr_policy: step                          
         max_dataset_size: 10000                         	[default: inf]
          min_obj_surface: 100                           
                    model: move                          	[default: copy]
                 n_epochs: 10                            	[default: 100]
           n_epochs_decay: 5                             	[default: 100]
               n_layers_D: 3                             
            n_layers_conv: 4                             
                     name: Move                          	[default: MoveModel]
                      ndf: 64                            
                     netD: basic                         
                     netG: resnet_9blocks                
                      ngf: 64                            
               no_dropout: False                         
                  no_flip: True                          
                  no_html: False                         
             noisy_labels: False                         
                     norm: instance                      
              num_threads: 4                             
                output_nc: 3                             
                    phase: train                         
                pool_size: 50                            
               preprocess: resize_and_crop               	[default: resize]
               print_freq: 20                            
              real_target: 0.9                           
                      run: -1                            
             save_by_iter: False                         
          save_epoch_freq: 5                             
         save_latest_freq: 5000                          
                     seed: 42                            	[default: 0]
           serial_batches: False                         
                   suffix:                               
                theta_dim: 6                             	[default: 2]
              tracemalloc: False                         
               two_stream: False                         
         update_html_freq: 100                           
                  use_amp: False                         
              use_eq_loss: False                         
           val_batch_size: 128                           
                 val_freq: 100                           
                  verbose: True                          	[default: False]
----------------- End -------------------
img_id 255917
img_id 30408
img_id 395007
img_id 18309
img_id 243472
img_id 518853
img_id 10434
img_id 476515
img_id 146389
img_id 78696
dataset [MoveCocoDataset] and dataloder are created
img_id 255917
img_id 30408
img_id 395007
img_id 18309
img_id 243472
img_id 518853
img_id 10434
img_id 476515
img_id 146389
img_id 78696
dataset [MoveCocoDataset] and dataloder are created
The number of validation images = 500
Starting training of move-model
The number of training images = 2975
The number of epochs to run = 15
gpu_ids: [0]
initialize network with normal
gpu_ids: [0]
initialize network with normal
model [MoveModel] was created
---------- Networks initialized -------------
DataParallel(
  (module): MoveConvNET(
    (model): Sequential(
      (0): Conv2d(6, 64, kernel_size=(3, 3), stride=(1, 1), padding=(1, 1))
      (1): LeakyReLU(negative_slope=0.2, inplace=True)
      (2): Conv2d(64, 128, kernel_size=(3, 3), stride=(2, 2), padding=(1, 1))
      (3): InstanceNorm2d(128, eps=1e-05, momentum=0.1, affine=False, track_running_stats=False)
      (4): LeakyReLU(negative_slope=0.2, inplace=True)
      (5): Conv2d(128, 256, kernel_size=(3, 3), stride=(2, 2), padding=(1, 1))
      (6): InstanceNorm2d(256, eps=1e-05, momentum=0.1, affine=False, track_running_stats=False)
      (7): LeakyReLU(negative_slope=0.2, inplace=True)
      (8): Conv2d(256, 512, kernel_size=(3, 3), stride=(2, 2), padding=(1, 1))
      (9): InstanceNorm2d(512, eps=1e-05, momentum=0.1, affine=False, track_running_stats=False)
      (10): LeakyReLU(negative_slope=0.2, inplace=True)
      (11): Conv2d(512, 512, kernel_size=(3, 3), stride=(2, 2), padding=(1, 1))
      (12): InstanceNorm2d(512, eps=1e-05, momentum=0.1, affine=False, track_running_stats=False)
      (13): LeakyReLU(negative_slope=0.2, inplace=True)
      (14): Conv2d(512, 512, kernel_size=(3, 3), stride=(2, 2), padding=(1, 1))
      (15): InstanceNorm2d(512, eps=1e-05, momentum=0.1, affine=False, track_running_stats=False)
      (16): LeakyReLU(negative_slope=0.2, inplace=True)
      (17): Flatten(start_dim=1, end_dim=-1)
      (18): Linear(in_features=32768, out_features=100, bias=True)
    )
    (zero_c): Sequential(
      (0): Linear(in_features=100, out_features=2, bias=True)
      (1): Tanh()
    )
    (one_c): Sequential(
      (0): Linear(in_features=100, out_features=2, bias=True)
      (1): Tanh()
    )
    (trans): Sequential(
      (0): Linear(in_features=100, out_features=2, bias=True)
      (1): Tanh()
    )
  )
)
[Network Conv] Total number of parameters : 9.550 M
DataParallel(
  (module): NLayerDiscriminator(
    (model): Sequential(
      (0): Conv2d(3, 64, kernel_size=(4, 4), stride=(2, 2), padding=(1, 1))
      (1): LeakyReLU(negative_slope=0.2)
      (2): Conv2d(64, 128, kernel_size=(4, 4), stride=(2, 2), padding=(1, 1))
      (3): InstanceNorm2d(128, eps=1e-05, momentum=0.1, affine=False, track_running_stats=False)
      (4): LeakyReLU(negative_slope=0.2)
      (5): Conv2d(128, 256, kernel_size=(4, 4), stride=(2, 2), padding=(1, 1))
      (6): InstanceNorm2d(256, eps=1e-05, momentum=0.1, affine=False, track_running_stats=False)
      (7): LeakyReLU(negative_slope=0.2)
      (8): Conv2d(256, 512, kernel_size=(4, 4), stride=(2, 2), padding=(1, 1))
      (9): InstanceNorm2d(512, eps=1e-05, momentum=0.1, affine=False, track_running_stats=False)
      (10): LeakyReLU(negative_slope=0.2)
      (11): Conv2d(512, 512, kernel_size=(4, 4), stride=(1, 1), padding=(1, 1))
      (12): InstanceNorm2d(512, eps=1e-05, momentum=0.1, affine=False, track_running_stats=False)
      (13): LeakyReLU(negative_slope=0.2)
      (14): Conv2d(512, 1, kernel_size=(4, 4), stride=(1, 1), padding=(1, 1))
      (15): Sigmoid()
    )
  )
)
[Network D] Total number of parameters : 6.960 M
-----------------------------------------------
create web directory /scratch/checkpoints/Move/web...
validation accuracies:
                real: 0.48, 0.4945475260416667
                fake: 0.53, 0.5000813802083334

ran validation set (B:1) in                         30.2 s.
(epoch: 1, batches: 20, time: 0.014, data: 0.030) loss_D_real: 0.707 loss_D_fake: 0.746 loss_D: 0.726 loss_G: 0.841 loss_conv: 0.841 acc_real: 0.573 acc_fake: 0.575 
(epoch: 1, batches: 40, time: 0.013, data: 0.023) loss_D_real: 0.597 loss_D_fake: 0.671 loss_D: 0.634 loss_G: 0.924 loss_conv: 0.924 acc_real: 0.748 acc_fake: 0.654 
learning rate 0.0000200 -> 0.0000200
End of epoch 1 / 15 	 Time Taken: 171 sec
(epoch: 2, batches: 20, time: 0.012, data: 0.026) loss_D_real: 0.516 loss_D_fake: 0.581 loss_D: 0.549 loss_G: 1.020 loss_conv: 1.020 acc_real: 0.922 acc_fake: 0.783 
(epoch: 2, batches: 40, time: 0.014, data: 0.026) loss_D_real: 0.508 loss_D_fake: 0.546 loss_D: 0.527 loss_G: 1.115 loss_conv: 1.115 acc_real: 0.898 acc_fake: 0.827 
learning rate 0.0000200 -> 0.0000200
End of epoch 2 / 15 	 Time Taken: 149 sec
100 tensor([[ 0.7579,  0.0000,  0.6737],
        [ 0.0000,  0.6795, -0.8132]], device='cuda:0',
       grad_fn=<SelectBackward>)
validation accuracies:
                real: 0.95, 0.681640625
                fake: 0.83, 0.332763671875

ran validation set (B:101) in                         33.3 s.
(epoch: 3, batches: 20, time: 0.012, data: 0.369) loss_D_real: 0.462 loss_D_fake: 0.502 loss_D: 0.482 loss_G: 1.275 loss_conv: 1.275 acc_real: 0.954 acc_fake: 0.869 
(epoch: 3, batches: 40, time: 0.012, data: 0.032) loss_D_real: 0.422 loss_D_fake: 0.450 loss_D: 0.436 loss_G: 1.384 loss_conv: 1.384 acc_real: 0.988 acc_fake: 0.909 
learning rate 0.0000200 -> 0.0000200
End of epoch 3 / 15 	 Time Taken: 172 sec
(epoch: 4, batches: 20, time: 0.014, data: 0.023) loss_D_real: 0.409 loss_D_fake: 0.448 loss_D: 0.429 loss_G: 1.434 loss_conv: 1.434 acc_real: 0.995 acc_fake: 0.918 
(epoch: 4, batches: 40, time: 0.013, data: 0.024) loss_D_real: 0.401 loss_D_fake: 0.421 loss_D: 0.411 loss_G: 1.603 loss_conv: 1.603 acc_real: 0.997 acc_fake: 0.944 
learning rate 0.0000200 -> 0.0000200
End of epoch 4 / 15 	 Time Taken: 150 sec
200 tensor([[ 0.6907,  0.0000, -0.4101],
        [ 0.0000,  0.6852, -0.8085]], device='cuda:0',
       grad_fn=<SelectBackward>)
validation accuracies:
                real: 1.00, 0.7942708333333334
                fake: 0.93, 0.22452799479166666

ran validation set (B:201) in                         30.1 s.
(epoch: 5, batches: 20, time: 0.012, data: 9.425) loss_D_real: 0.372 loss_D_fake: 0.403 loss_D: 0.388 loss_G: 1.743 loss_conv: 1.743 acc_real: 1.000 acc_fake: 0.960 
(epoch: 5, batches: 40, time: 0.014, data: 0.025) loss_D_real: 0.360 loss_D_fake: 0.397 loss_D: 0.378 loss_G: 1.863 loss_conv: 1.863 acc_real: 0.999 acc_fake: 0.960 
saving the model at the end of epoch 5, iters 14720
learning rate 0.0000200 -> 0.0000200
End of epoch 5 / 15 	 Time Taken: 169 sec
(epoch: 6, batches: 20, time: 0.013, data: 0.030) loss_D_real: 0.347 loss_D_fake: 0.392 loss_D: 0.369 loss_G: 1.876 loss_conv: 1.876 acc_real: 1.000 acc_fake: 0.965 
(epoch: 6, batches: 40, time: 0.012, data: 0.023) loss_D_real: 0.345 loss_D_fake: 0.386 loss_D: 0.365 loss_G: 1.956 loss_conv: 1.956 acc_real: 1.000 acc_fake: 0.968 
learning rate 0.0000200 -> 0.0000200
End of epoch 6 / 15 	 Time Taken: 149 sec
(epoch: 7, batches: 20, time: 0.014, data: 0.020) loss_D_real: 0.343 loss_D_fake: 0.388 loss_D: 0.365 loss_G: 2.099 loss_conv: 2.099 acc_real: 1.000 acc_fake: 0.967 
300 tensor([[ 0.6671,  0.0000,  0.8315],
        [ 0.0000,  0.6713, -0.8328]], device='cuda:0',
       grad_fn=<SelectBackward>)
validation accuracies:
                real: 1.00, 0.8528645833333334
                fake: 0.96, 0.17862955729166666

ran validation set (B:301) in                         31.1 s.
(epoch: 7, batches: 40, time: 0.011, data: 0.171) loss_D_real: 0.349 loss_D_fake: 0.376 loss_D: 0.362 loss_G: 2.091 loss_conv: 2.091 acc_real: 1.000 acc_fake: 0.978 
learning rate 0.0000200 -> 0.0000200
End of epoch 7 / 15 	 Time Taken: 169 sec
(epoch: 8, batches: 20, time: 0.012, data: 0.025) loss_D_real: 0.341 loss_D_fake: 0.371 loss_D: 0.356 loss_G: 2.076 loss_conv: 2.076 acc_real: 1.000 acc_fake: 0.987 
(epoch: 8, batches: 40, time: 0.014, data: 0.021) loss_D_real: 0.339 loss_D_fake: 0.367 loss_D: 0.353 loss_G: 2.132 loss_conv: 2.132 acc_real: 1.000 acc_fake: 0.988 
learning rate 0.0000200 -> 0.0000200
End of epoch 8 / 15 	 Time Taken: 150 sec
(epoch: 9, batches: 20, time: 0.013, data: 0.023) loss_D_real: 0.335 loss_D_fake: 0.371 loss_D: 0.353 loss_G: 2.124 loss_conv: 2.124 acc_real: 1.000 acc_fake: 0.988 
400 tensor([[ 0.6675,  0.0000,  0.8300],
        [ 0.0000,  0.6699, -0.8329]], device='cuda:0',
       grad_fn=<SelectBackward>)
validation accuracies:
                real: 1.00, 0.8680013020833334
                fake: 0.98, 0.14290364583333334

ran validation set (B:401) in                         29.8 s.
(epoch: 9, batches: 40, time: 0.012, data: 0.020) loss_D_real: 0.333 loss_D_fake: 0.369 loss_D: 0.351 loss_G: 2.099 loss_conv: 2.099 acc_real: 1.000 acc_fake: 0.983 
learning rate 0.0000200 -> 0.0000200
End of epoch 9 / 15 	 Time Taken: 168 sec
(epoch: 10, batches: 20, time: 0.014, data: 10.066) loss_D_real: 0.336 loss_D_fake: 0.357 loss_D: 0.347 loss_G: 2.148 loss_conv: 2.148 acc_real: 1.000 acc_fake: 0.996 
(epoch: 10, batches: 40, time: 0.013, data: 10.111) loss_D_real: 0.329 loss_D_fake: 0.366 loss_D: 0.347 loss_G: 2.104 loss_conv: 2.104 acc_real: 1.000 acc_fake: 0.989 
saving the model at the end of epoch 10, iters 29440
learning rate 0.0000200 -> 0.0000160
End of epoch 10 / 15 	 Time Taken: 150 sec
(epoch: 11, batches: 20, time: 0.012, data: 0.026) loss_D_real: 0.331 loss_D_fake: 0.360 loss_D: 0.346 loss_G: 2.160 loss_conv: 2.160 acc_real: 1.000 acc_fake: 0.993 
500 tensor([[ 0.6667,  0.0000,  0.8331],
        [ 0.0000,  0.6670, -0.8333]], device='cuda:0',
       grad_fn=<SelectBackward>)
(epoch: 11, batches: 40, time: 0.021, data: 0.029) loss_D_real: 0.328 loss_D_fake: 0.357 loss_D: 0.343 loss_G: 2.143 loss_conv: 2.143 acc_real: 1.000 acc_fake: 0.995 
validation accuracies:
                real: 1.00, 0.88330078125
                fake: 0.99, 0.1417236328125

ran validation set (B:501) in                         27.8 s.
learning rate 0.0000160 -> 0.0000160
End of epoch 11 / 15 	 Time Taken: 167 sec
(epoch: 12, batches: 20, time: 0.013, data: 0.020) loss_D_real: 0.329 loss_D_fake: 0.358 loss_D: 0.343 loss_G: 2.127 loss_conv: 2.127 acc_real: 1.000 acc_fake: 0.992 
(epoch: 12, batches: 40, time: 0.012, data: 0.022) loss_D_real: 0.329 loss_D_fake: 0.358 loss_D: 0.343 loss_G: 2.156 loss_conv: 2.156 acc_real: 1.000 acc_fake: 0.994 
learning rate 0.0000160 -> 0.0000160
End of epoch 12 / 15 	 Time Taken: 150 sec
(epoch: 13, batches: 20, time: 0.014, data: 0.020) loss_D_real: 0.329 loss_D_fake: 0.357 loss_D: 0.343 loss_G: 2.204 loss_conv: 2.204 acc_real: 1.000 acc_fake: 0.995 
(epoch: 13, batches: 40, time: 0.013, data: 0.022) loss_D_real: 0.327 loss_D_fake: 0.351 loss_D: 0.339 loss_G: 2.056 loss_conv: 2.056 acc_real: 1.000 acc_fake: 0.998 
learning rate 0.0000160 -> 0.0000160
End of epoch 13 / 15 	 Time Taken: 151 sec
600 tensor([[ 0.6736,  0.0000, -0.6739],
        [ 0.0000,  0.6710, -0.5938]], device='cuda:0',
       grad_fn=<SelectBackward>)
validation accuracies:
                real: 1.00, 0.8846028645833334
                fake: 0.99, 0.1336669921875

ran validation set (B:601) in                         31.0 s.
(epoch: 14, batches: 20, time: 0.009, data: 0.160) loss_D_real: 0.327 loss_D_fake: 0.350 loss_D: 0.339 loss_G: 2.061 loss_conv: 2.061 acc_real: 1.000 acc_fake: 0.998 
(epoch: 14, batches: 40, time: 0.011, data: 0.209) loss_D_real: 0.328 loss_D_fake: 0.359 loss_D: 0.343 loss_G: 2.190 loss_conv: 2.190 acc_real: 1.000 acc_fake: 0.995 
learning rate 0.0000160 -> 0.0000160
End of epoch 14 / 15 	 Time Taken: 159 sec
(epoch: 15, batches: 20, time: 0.013, data: 10.121) loss_D_real: 0.327 loss_D_fake: 0.353 loss_D: 0.340 loss_G: 2.113 loss_conv: 2.113 acc_real: 1.000 acc_fake: 0.996 
(epoch: 15, batches: 40, time: 0.012, data: 10.099) loss_D_real: 0.329 loss_D_fake: 0.350 loss_D: 0.339 loss_G: 2.147 loss_conv: 2.147 acc_real: 1.000 acc_fake: 0.997 
saving the model at the end of epoch 15, iters 44160
learning rate 0.0000160 -> 0.0000160
End of epoch 15 / 15 	 Time Taken: 150 sec
Finished training, model is saved (15 epochs in 2428.693331718445s)
Batches trained - G: 460, D: 230 
