starting Move room training run 2
Tar file moved to scratch
Current time : 11:27:23

10k_train.tar.gz
990000_img.jpg
990000_mask_0.jpg
990000_mask_1.jpg
990000_mask_2.jpg
Tar file extracted on scratch
Current time : 11:27:29

Validation tar copied to scratch
Current time : 11:27:29

validation tar extracted on scratch
Current time : 11:27:29

----------------- Options ---------------
               batch_size: 64                            	[default: 1]
                    beta1: 0.5                           
                    beta2: 0.999                         
          checkpoints_dir: /scratch/checkpoints          	[default: ./checkpoints]
           continue_train: False                         
                crop_size: 64                            
                 dataroot: /scratch/datasets/ROOM/images/	[default: None]
             dataset_mode: room                          
                direction: AtoB                          
              display_env: main                          
             display_freq: 100                           
               display_id: 0                             	[default: 1]
            display_ncols: 4                             
             display_port: 8097                          
           display_server: http://localhost              
          display_winsize: 256                           
                    epoch: latest                        
              epoch_count: 1                             
                 gan_mode: vanilla                       
                  gpu_ids: 0                             
                init_gain: 0.02                          
                init_type: normal                        
                 input_nc: 3                             
                  isTrain: True                          	[default: None]
          keep_last_batch: False                         
                load_iter: 0                             	[default: 0]
                load_size: 64                            
                       lr: 0.0002                        
           lr_decay_iters: 50                            
                lr_policy: step                          
         max_dataset_size: 10000                         	[default: inf]
          min_obj_surface: 60                            	[default: 100]
                    model: move                          	[default: cycle_gan]
                 n_epochs: 10                            	[default: 100]
           n_epochs_decay: 5                             	[default: 100]
               n_layers_D: 3                             
            n_layers_conv: 4                             
                     name: Move                          	[default: MoveModel]
                      ndf: 64                            
                     netD: basic                         
                     netG: resnet_9blocks                
                      ngf: 64                            
               no_dropout: False                         
                  no_flip: True                          
                  no_html: False                         
                     norm: instance                      
              num_threads: 4                             
                output_nc: 3                             
                    phase: train                         
                pool_size: 50                            
               preprocess: resize                        
               print_freq: 20                            
              real_target: 0.8                           
             save_by_iter: False                         
          save_epoch_freq: 5                             
         save_latest_freq: 5000                          
                     seed: 0                             
           serial_batches: False                         
                   suffix:                               
                theta_dim: 2                             
              tracemalloc: False                         
         update_html_freq: 100                           
           val_batch_size: 128                           
                 val_freq: 100                           
                  verbose: False                         
----------------- End -------------------
dataset [RoomDataset] and dataloder are created
dataset [RoomDataset] and dataloder are created
The number of training images = 10000
The number of validation images = 1111
The number of epochs to run = 15
gpu_ids: [0]
initialize network with normal
gpu_ids: [0]
initialize network with normal
model [MoveModel] was created
---------- Networks initialized -------------
[Network Conv] Total number of parameters : 3.929 M
[Network D] Total number of parameters : 6.960 M
-----------------------------------------------
create web directory /scratch/checkpoints/Move/web...
(epoch: 1, batches: 20, time: 0.004, data: 0.181) loss_D_real: 0.884 loss_D_fake: 0.677 loss_D: 0.780 loss_Conv: 0.871 acc_real: 0.450 acc_fake: 0.551 scaled_theta_X: -31.000 scaled_theta_Y: 27.000 
(epoch: 1, batches: 40, time: 0.007, data: 0.003) loss_D_real: 0.906 loss_D_fake: 0.567 loss_D: 0.736 loss_Conv: 0.891 acc_real: 0.450 acc_fake: 0.551 scaled_theta_X: -31.000 scaled_theta_Y: -7.000 
(epoch: 1, batches: 60, time: 0.007, data: 0.001) loss_D_real: 0.879 loss_D_fake: 0.609 loss_D: 0.744 loss_Conv: 0.868 acc_real: 0.450 acc_fake: 0.551 scaled_theta_X: -1.000 scaled_theta_Y: 28.000 
(epoch: 1, batches: 80, time: 0.007, data: 0.002) loss_D_real: 0.763 loss_D_fake: 0.735 loss_D: 0.749 loss_Conv: 1.162 acc_real: 0.450 acc_fake: 0.551 scaled_theta_X: 0.000 scaled_theta_Y: 29.000 
(epoch: 1, batches: 100, time: 0.008, data: 0.002) loss_D_real: 0.903 loss_D_fake: 0.687 loss_D: 0.795 loss_Conv: 1.032 acc_real: 0.450 acc_fake: 0.551 scaled_theta_X: -30.000 scaled_theta_Y: 18.000 
(epoch: 1, batches: 120, time: 0.008, data: 0.001) loss_D_real: 0.860 loss_D_fake: 0.571 loss_D: 0.715 loss_Conv: 0.908 acc_real: 0.219 acc_fake: 0.841 scaled_theta_X: -28.000 scaled_theta_Y: 26.000 
(epoch: 1, batches: 140, time: 0.007, data: 0.116) loss_D_real: 0.983 loss_D_fake: 0.560 loss_D: 0.772 loss_Conv: 1.059 acc_real: 0.219 acc_fake: 0.841 scaled_theta_X: -31.000 scaled_theta_Y: 31.000 
learning rate 0.0002000 -> 0.0002000
End of epoch 1 / 15 	 Time Taken: 600 sec
(epoch: 2, batches: 20, time: 0.007, data: 0.001) loss_D_real: 0.676 loss_D_fake: 0.754 loss_D: 0.715 loss_Conv: 1.282 acc_real: 0.219 acc_fake: 0.841 scaled_theta_X: -26.000 scaled_theta_Y: 25.000 
(epoch: 2, batches: 40, time: 0.007, data: 0.001) loss_D_real: 0.850 loss_D_fake: 0.457 loss_D: 0.653 loss_Conv: 0.920 acc_real: 0.219 acc_fake: 0.841 scaled_theta_X: -26.000 scaled_theta_Y: 24.000 
(epoch: 2, batches: 60, time: 0.007, data: 0.001) loss_D_real: 0.863 loss_D_fake: 0.539 loss_D: 0.701 loss_Conv: 1.034 acc_real: 0.318 acc_fake: 0.827 scaled_theta_X: -29.000 scaled_theta_Y: 9.000 
(epoch: 2, batches: 80, time: 0.007, data: 9.252) loss_D_real: 0.693 loss_D_fake: 0.613 loss_D: 0.653 loss_Conv: 1.233 acc_real: 0.318 acc_fake: 0.827 scaled_theta_X: -9.000 scaled_theta_Y: 28.000 
(epoch: 2, batches: 100, time: 0.007, data: 8.852) loss_D_real: 0.679 loss_D_fake: 0.653 loss_D: 0.666 loss_Conv: 1.344 acc_real: 0.318 acc_fake: 0.827 scaled_theta_X: 18.000 scaled_theta_Y: 5.000 
(epoch: 2, batches: 120, time: 0.008, data: 0.001) loss_D_real: 0.874 loss_D_fake: 0.415 loss_D: 0.644 loss_Conv: 1.088 acc_real: 0.318 acc_fake: 0.827 scaled_theta_X: 6.000 scaled_theta_Y: 13.000 
(epoch: 2, batches: 140, time: 0.008, data: 0.001) loss_D_real: 0.679 loss_D_fake: 0.591 loss_D: 0.635 loss_Conv: 1.244 acc_real: 0.318 acc_fake: 0.827 scaled_theta_X: -14.000 scaled_theta_Y: 21.000 
learning rate 0.0002000 -> 0.0002000
End of epoch 2 / 15 	 Time Taken: 594 sec
(epoch: 3, batches: 20, time: 0.007, data: 0.035) loss_D_real: 0.801 loss_D_fake: 0.307 loss_D: 0.554 loss_Conv: 1.061 acc_real: 0.215 acc_fake: 0.942 scaled_theta_X: -30.000 scaled_theta_Y: 24.000 
(epoch: 3, batches: 40, time: 0.007, data: 0.001) loss_D_real: 0.910 loss_D_fake: 0.297 loss_D: 0.604 loss_Conv: 1.015 acc_real: 0.215 acc_fake: 0.942 scaled_theta_X: -24.000 scaled_theta_Y: 19.000 
(epoch: 3, batches: 60, time: 0.004, data: 4.158) loss_D_real: 0.757 loss_D_fake: 0.382 loss_D: 0.569 loss_Conv: 1.295 acc_real: 0.215 acc_fake: 0.942 scaled_theta_X: -28.000 scaled_theta_Y: 28.000 
(epoch: 3, batches: 80, time: 0.007, data: 6.949) loss_D_real: 0.876 loss_D_fake: 0.322 loss_D: 0.599 loss_Conv: 1.127 acc_real: 0.215 acc_fake: 0.942 scaled_theta_X: -13.000 scaled_theta_Y: 30.000 
(epoch: 3, batches: 100, time: 0.007, data: 0.004) loss_D_real: 0.692 loss_D_fake: 0.454 loss_D: 0.573 loss_Conv: 1.121 acc_real: 0.571 acc_fake: 0.826 scaled_theta_X: -29.000 scaled_theta_Y: 31.000 
(epoch: 3, batches: 120, time: 0.008, data: 0.001) loss_D_real: 0.731 loss_D_fake: 0.456 loss_D: 0.594 loss_Conv: 1.098 acc_real: 0.571 acc_fake: 0.826 scaled_theta_X: -27.000 scaled_theta_Y: 31.000 
(epoch: 3, batches: 140, time: 0.007, data: 0.001) loss_D_real: 0.717 loss_D_fake: 0.460 loss_D: 0.588 loss_Conv: 1.616 acc_real: 0.571 acc_fake: 0.826 scaled_theta_X: -29.000 scaled_theta_Y: 28.000 
learning rate 0.0002000 -> 0.0002000
End of epoch 3 / 15 	 Time Taken: 582 sec
(epoch: 4, batches: 20, time: 0.007, data: 0.002) loss_D_real: 0.715 loss_D_fake: 0.412 loss_D: 0.563 loss_Conv: 1.313 acc_real: 0.571 acc_fake: 0.826 scaled_theta_X: -24.000 scaled_theta_Y: 31.000 
(epoch: 4, batches: 40, time: 0.008, data: 2.163) loss_D_real: 0.773 loss_D_fake: 0.354 loss_D: 0.564 loss_Conv: 1.507 acc_real: 0.522 acc_fake: 0.872 scaled_theta_X: -30.000 scaled_theta_Y: 30.000 
(epoch: 4, batches: 60, time: 0.008, data: 4.814) loss_D_real: 0.701 loss_D_fake: 0.489 loss_D: 0.595 loss_Conv: 1.538 acc_real: 0.522 acc_fake: 0.872 scaled_theta_X: -31.000 scaled_theta_Y: 31.000 
(epoch: 4, batches: 80, time: 0.007, data: 2.739) loss_D_real: 0.668 loss_D_fake: 0.408 loss_D: 0.538 loss_Conv: 1.602 acc_real: 0.522 acc_fake: 0.872 scaled_theta_X: -14.000 scaled_theta_Y: -15.000 
(epoch: 4, batches: 100, time: 0.007, data: 4.809) loss_D_real: 0.731 loss_D_fake: 0.309 loss_D: 0.520 loss_Conv: 1.631 acc_real: 0.522 acc_fake: 0.872 scaled_theta_X: -31.000 scaled_theta_Y: 28.000 
(epoch: 4, batches: 120, time: 0.007, data: 0.002) loss_D_real: 0.705 loss_D_fake: 0.437 loss_D: 0.571 loss_Conv: 1.111 acc_real: 0.522 acc_fake: 0.872 scaled_theta_X: -30.000 scaled_theta_Y: 31.000 
(epoch: 4, batches: 140, time: 0.007, data: 0.001) loss_D_real: 0.808 loss_D_fake: 0.241 loss_D: 0.525 loss_Conv: 1.170 acc_real: 0.708 acc_fake: 0.813 scaled_theta_X: -31.000 scaled_theta_Y: 27.000 
learning rate 0.0002000 -> 0.0002000
End of epoch 4 / 15 	 Time Taken: 597 sec
(epoch: 5, batches: 20, time: 0.007, data: 3.899) loss_D_real: 0.700 loss_D_fake: 0.408 loss_D: 0.554 loss_Conv: 1.495 acc_real: 0.708 acc_fake: 0.813 scaled_theta_X: -31.000 scaled_theta_Y: 30.000 
(epoch: 5, batches: 40, time: 0.007, data: 0.001) loss_D_real: 0.757 loss_D_fake: 0.296 loss_D: 0.526 loss_Conv: 1.641 acc_real: 0.708 acc_fake: 0.813 scaled_theta_X: -24.000 scaled_theta_Y: 22.000 
(epoch: 5, batches: 60, time: 0.004, data: 0.001) loss_D_real: 0.836 loss_D_fake: 0.183 loss_D: 0.510 loss_Conv: 2.009 acc_real: 0.708 acc_fake: 0.813 scaled_theta_X: -31.000 scaled_theta_Y: 28.000 
(epoch: 5, batches: 80, time: 0.007, data: 0.001) loss_D_real: 0.619 loss_D_fake: 0.450 loss_D: 0.535 loss_Conv: 1.740 acc_real: 0.764 acc_fake: 0.805 scaled_theta_X: -15.000 scaled_theta_Y: 31.000 
(epoch: 5, batches: 100, time: 0.004, data: 0.002) loss_D_real: 0.734 loss_D_fake: 0.386 loss_D: 0.560 loss_Conv: 1.615 acc_real: 0.764 acc_fake: 0.805 scaled_theta_X: -14.000 scaled_theta_Y: 28.000 
(epoch: 5, batches: 120, time: 0.008, data: 0.001) loss_D_real: 0.686 loss_D_fake: 0.354 loss_D: 0.520 loss_Conv: 1.409 acc_real: 0.764 acc_fake: 0.805 scaled_theta_X: -3.000 scaled_theta_Y: 20.000 
(epoch: 5, batches: 140, time: 0.006, data: 0.001) loss_D_real: 0.584 loss_D_fake: 0.595 loss_D: 0.590 loss_Conv: 1.679 acc_real: 0.764 acc_fake: 0.805 scaled_theta_X: -31.000 scaled_theta_Y: 29.000 
saving the model at the end of epoch 5, iters 49920
learning rate 0.0002000 -> 0.0002000
End of epoch 5 / 15 	 Time Taken: 598 sec
(epoch: 6, batches: 20, time: 0.008, data: 3.931) loss_D_real: 0.819 loss_D_fake: 0.290 loss_D: 0.555 loss_Conv: 1.437 acc_real: 0.764 acc_fake: 0.805 scaled_theta_X: 13.000 scaled_theta_Y: 29.000 
(epoch: 6, batches: 40, time: 0.007, data: 5.279) loss_D_real: 0.608 loss_D_fake: 0.405 loss_D: 0.507 loss_Conv: 1.720 acc_real: 0.859 acc_fake: 0.781 scaled_theta_X: -27.000 scaled_theta_Y: -17.000 
(epoch: 6, batches: 60, time: 0.008, data: 0.001) loss_D_real: 0.680 loss_D_fake: 0.333 loss_D: 0.507 loss_Conv: 1.813 acc_real: 0.859 acc_fake: 0.781 scaled_theta_X: 12.000 scaled_theta_Y: 29.000 
(epoch: 6, batches: 80, time: 0.008, data: 0.001) loss_D_real: 0.659 loss_D_fake: 0.336 loss_D: 0.497 loss_Conv: 2.270 acc_real: 0.859 acc_fake: 0.781 scaled_theta_X: -19.000 scaled_theta_Y: 27.000 
(epoch: 6, batches: 100, time: 0.004, data: 0.001) loss_D_real: 0.657 loss_D_fake: 0.399 loss_D: 0.528 loss_Conv: 1.661 acc_real: 0.859 acc_fake: 0.781 scaled_theta_X: -29.000 scaled_theta_Y: 28.000 
(epoch: 6, batches: 120, time: 0.005, data: 0.001) loss_D_real: 0.634 loss_D_fake: 0.333 loss_D: 0.483 loss_Conv: 1.560 acc_real: 0.859 acc_fake: 0.781 scaled_theta_X: -23.000 scaled_theta_Y: 8.000 
(epoch: 6, batches: 140, time: 0.007, data: 0.001) loss_D_real: 1.080 loss_D_fake: 0.150 loss_D: 0.615 loss_Conv: 1.752 acc_real: 0.647 acc_fake: 0.905 scaled_theta_X: -30.000 scaled_theta_Y: 31.000 
learning rate 0.0002000 -> 0.0002000
End of epoch 6 / 15 	 Time Taken: 600 sec
(epoch: 7, batches: 20, time: 0.007, data: 2.109) loss_D_real: 0.777 loss_D_fake: 0.222 loss_D: 0.500 loss_Conv: 1.282 acc_real: 0.647 acc_fake: 0.905 scaled_theta_X: -31.000 scaled_theta_Y: 23.000 
(epoch: 7, batches: 40, time: 0.007, data: 1.477) loss_D_real: 0.729 loss_D_fake: 0.341 loss_D: 0.535 loss_Conv: 1.667 acc_real: 0.647 acc_fake: 0.905 scaled_theta_X: -31.000 scaled_theta_Y: 31.000 
(epoch: 7, batches: 60, time: 0.007, data: 0.001) loss_D_real: 0.616 loss_D_fake: 0.426 loss_D: 0.521 loss_Conv: 1.595 acc_real: 0.647 acc_fake: 0.905 scaled_theta_X: -30.000 scaled_theta_Y: 24.000 
(epoch: 7, batches: 80, time: 0.008, data: 0.001) loss_D_real: 0.731 loss_D_fake: 0.371 loss_D: 0.551 loss_Conv: 2.007 acc_real: 0.486 acc_fake: 0.963 scaled_theta_X: -17.000 scaled_theta_Y: -18.000 
(epoch: 7, batches: 100, time: 0.007, data: 0.001) loss_D_real: 0.579 loss_D_fake: 0.357 loss_D: 0.468 loss_Conv: 2.016 acc_real: 0.486 acc_fake: 0.963 scaled_theta_X: 4.000 scaled_theta_Y: -18.000 
(epoch: 7, batches: 120, time: 0.004, data: 0.001) loss_D_real: 0.588 loss_D_fake: 0.425 loss_D: 0.506 loss_Conv: 1.427 acc_real: 0.486 acc_fake: 0.963 scaled_theta_X: -30.000 scaled_theta_Y: -24.000 
(epoch: 7, batches: 140, time: 0.004, data: 0.002) loss_D_real: 0.687 loss_D_fake: 0.309 loss_D: 0.498 loss_Conv: 2.209 acc_real: 0.486 acc_fake: 0.963 scaled_theta_X: -26.000 scaled_theta_Y: 31.000 
learning rate 0.0002000 -> 0.0002000
End of epoch 7 / 15 	 Time Taken: 591 sec
(epoch: 8, batches: 20, time: 0.007, data: 0.112) loss_D_real: 0.634 loss_D_fake: 0.279 loss_D: 0.457 loss_Conv: 2.001 acc_real: 0.787 acc_fake: 0.902 scaled_theta_X: -28.000 scaled_theta_Y: 31.000 
(epoch: 8, batches: 40, time: 0.007, data: 0.659) loss_D_real: 0.745 loss_D_fake: 0.321 loss_D: 0.533 loss_Conv: 2.298 acc_real: 0.787 acc_fake: 0.902 scaled_theta_X: -29.000 scaled_theta_Y: 22.000 
(epoch: 8, batches: 60, time: 0.004, data: 0.009) loss_D_real: 0.740 loss_D_fake: 0.241 loss_D: 0.490 loss_Conv: 2.536 acc_real: 0.787 acc_fake: 0.902 scaled_theta_X: 4.000 scaled_theta_Y: 0.000 
(epoch: 8, batches: 80, time: 0.004, data: 0.001) loss_D_real: 0.600 loss_D_fake: 0.333 loss_D: 0.467 loss_Conv: 1.964 acc_real: 0.787 acc_fake: 0.902 scaled_theta_X: -31.000 scaled_theta_Y: 31.000 
(epoch: 8, batches: 100, time: 0.008, data: 0.001) loss_D_real: 0.613 loss_D_fake: 0.332 loss_D: 0.473 loss_Conv: 2.383 acc_real: 0.787 acc_fake: 0.902 scaled_theta_X: -31.000 scaled_theta_Y: 5.000 
(epoch: 8, batches: 120, time: 0.008, data: 0.001) loss_D_real: 0.593 loss_D_fake: 0.455 loss_D: 0.524 loss_Conv: 1.442 acc_real: 0.805 acc_fake: 0.894 scaled_theta_X: -23.000 scaled_theta_Y: 29.000 
(epoch: 8, batches: 140, time: 0.005, data: 0.001) loss_D_real: 0.606 loss_D_fake: 0.462 loss_D: 0.534 loss_Conv: 2.291 acc_real: 0.805 acc_fake: 0.894 scaled_theta_X: -23.000 scaled_theta_Y: 20.000 
learning rate 0.0002000 -> 0.0002000
End of epoch 8 / 15 	 Time Taken: 590 sec
(epoch: 9, batches: 20, time: 0.008, data: 5.651) loss_D_real: 0.719 loss_D_fake: 0.243 loss_D: 0.481 loss_Conv: 2.113 acc_real: 0.805 acc_fake: 0.894 scaled_theta_X: -31.000 scaled_theta_Y: 31.000 
(epoch: 9, batches: 40, time: 0.007, data: 0.001) loss_D_real: 0.593 loss_D_fake: 0.305 loss_D: 0.449 loss_Conv: 2.449 acc_real: 0.805 acc_fake: 0.894 scaled_theta_X: -28.000 scaled_theta_Y: 12.000 
(epoch: 9, batches: 60, time: 0.008, data: 0.001) loss_D_real: 0.671 loss_D_fake: 0.190 loss_D: 0.430 loss_Conv: 2.355 acc_real: 0.511 acc_fake: 0.969 scaled_theta_X: 2.000 scaled_theta_Y: 24.000 
(epoch: 9, batches: 80, time: 0.007, data: 0.001) loss_D_real: 0.697 loss_D_fake: 0.295 loss_D: 0.496 loss_Conv: 2.300 acc_real: 0.511 acc_fake: 0.969 scaled_theta_X: -28.000 scaled_theta_Y: 19.000 
(epoch: 9, batches: 100, time: 0.007, data: 0.001) loss_D_real: 0.576 loss_D_fake: 0.330 loss_D: 0.453 loss_Conv: 2.116 acc_real: 0.511 acc_fake: 0.969 scaled_theta_X: -31.000 scaled_theta_Y: 24.000 
(epoch: 9, batches: 120, time: 0.008, data: 0.001) loss_D_real: 0.780 loss_D_fake: 0.191 loss_D: 0.485 loss_Conv: 3.119 acc_real: 0.511 acc_fake: 0.969 scaled_theta_X: -31.000 scaled_theta_Y: 31.000 
(epoch: 9, batches: 140, time: 0.007, data: 0.001) loss_D_real: 0.631 loss_D_fake: 0.278 loss_D: 0.455 loss_Conv: 2.027 acc_real: 0.511 acc_fake: 0.969 scaled_theta_X: -14.000 scaled_theta_Y: 19.000 
learning rate 0.0002000 -> 0.0002000
End of epoch 9 / 15 	 Time Taken: 600 sec
(epoch: 10, batches: 20, time: 0.008, data: 5.377) loss_D_real: 0.859 loss_D_fake: 0.123 loss_D: 0.491 loss_Conv: 2.125 acc_real: 0.780 acc_fake: 0.933 scaled_theta_X: 31.000 scaled_theta_Y: 28.000 
(epoch: 10, batches: 40, time: 0.009, data: 0.001) loss_D_real: 0.748 loss_D_fake: 0.192 loss_D: 0.470 loss_Conv: 2.051 acc_real: 0.780 acc_fake: 0.933 scaled_theta_X: -12.000 scaled_theta_Y: 22.000 
(epoch: 10, batches: 60, time: 0.011, data: 0.001) loss_D_real: 0.759 loss_D_fake: 0.157 loss_D: 0.458 loss_Conv: 2.747 acc_real: 0.780 acc_fake: 0.933 scaled_theta_X: -11.000 scaled_theta_Y: 27.000 
(epoch: 10, batches: 80, time: 0.007, data: 0.001) loss_D_real: 0.633 loss_D_fake: 0.307 loss_D: 0.470 loss_Conv: 2.495 acc_real: 0.780 acc_fake: 0.933 scaled_theta_X: -30.000 scaled_theta_Y: 31.000 
(epoch: 10, batches: 100, time: 0.009, data: 0.001) loss_D_real: 0.722 loss_D_fake: 0.172 loss_D: 0.447 loss_Conv: 2.545 acc_real: 0.490 acc_fake: 0.977 scaled_theta_X: -20.000 scaled_theta_Y: 31.000 
(epoch: 10, batches: 120, time: 0.007, data: 0.001) loss_D_real: 0.646 loss_D_fake: 0.276 loss_D: 0.461 loss_Conv: 2.526 acc_real: 0.490 acc_fake: 0.977 scaled_theta_X: -22.000 scaled_theta_Y: -19.000 
(epoch: 10, batches: 140, time: 0.007, data: 0.001) loss_D_real: 0.638 loss_D_fake: 0.206 loss_D: 0.422 loss_Conv: 2.387 acc_real: 0.490 acc_fake: 0.977 scaled_theta_X: -31.000 scaled_theta_Y: 31.000 
saving the model at the end of epoch 10, iters 99840
learning rate 0.0002000 -> 0.0001600
End of epoch 10 / 15 	 Time Taken: 586 sec
(epoch: 11, batches: 20, time: 0.007, data: 0.001) loss_D_real: 0.651 loss_D_fake: 0.236 loss_D: 0.444 loss_Conv: 2.214 acc_real: 0.490 acc_fake: 0.977 scaled_theta_X: -30.000 scaled_theta_Y: 6.000 
(epoch: 11, batches: 40, time: 0.009, data: 0.001) loss_D_real: 0.781 loss_D_fake: 0.135 loss_D: 0.458 loss_Conv: 2.197 acc_real: 0.490 acc_fake: 0.977 scaled_theta_X: -29.000 scaled_theta_Y: 29.000 
(epoch: 11, batches: 60, time: 0.007, data: 0.001) loss_D_real: 0.862 loss_D_fake: 0.193 loss_D: 0.528 loss_Conv: 2.809 acc_real: 0.829 acc_fake: 0.923 scaled_theta_X: 24.000 scaled_theta_Y: 23.000 
(epoch: 11, batches: 80, time: 0.008, data: 0.001) loss_D_real: 0.664 loss_D_fake: 0.228 loss_D: 0.446 loss_Conv: 2.319 acc_real: 0.829 acc_fake: 0.923 scaled_theta_X: -31.000 scaled_theta_Y: 29.000 
(epoch: 11, batches: 100, time: 0.008, data: 0.001) loss_D_real: 0.727 loss_D_fake: 0.163 loss_D: 0.445 loss_Conv: 2.160 acc_real: 0.829 acc_fake: 0.923 scaled_theta_X: -31.000 scaled_theta_Y: 30.000 
(epoch: 11, batches: 120, time: 0.008, data: 0.001) loss_D_real: 0.663 loss_D_fake: 0.191 loss_D: 0.427 loss_Conv: 2.440 acc_real: 0.829 acc_fake: 0.923 scaled_theta_X: -30.000 scaled_theta_Y: 22.000 
(epoch: 11, batches: 140, time: 0.008, data: 1.703) loss_D_real: 0.696 loss_D_fake: 0.157 loss_D: 0.426 loss_Conv: 2.523 acc_real: 0.829 acc_fake: 0.923 scaled_theta_X: -20.000 scaled_theta_Y: -18.000 
learning rate 0.0001600 -> 0.0001600
End of epoch 11 / 15 	 Time Taken: 586 sec
(epoch: 12, batches: 20, time: 0.008, data: 0.001) loss_D_real: 0.732 loss_D_fake: 0.137 loss_D: 0.434 loss_Conv: 2.578 acc_real: 0.872 acc_fake: 0.941 scaled_theta_X: -31.000 scaled_theta_Y: 8.000 
(epoch: 12, batches: 40, time: 0.007, data: 0.001) loss_D_real: 0.569 loss_D_fake: 0.302 loss_D: 0.436 loss_Conv: 2.594 acc_real: 0.872 acc_fake: 0.941 scaled_theta_X: -31.000 scaled_theta_Y: -14.000 
(epoch: 12, batches: 60, time: 0.008, data: 0.001) loss_D_real: 0.673 loss_D_fake: 0.189 loss_D: 0.431 loss_Conv: 3.203 acc_real: 0.872 acc_fake: 0.941 scaled_theta_X: -31.000 scaled_theta_Y: 30.000 
(epoch: 12, batches: 80, time: 0.007, data: 0.018) loss_D_real: 0.597 loss_D_fake: 0.377 loss_D: 0.487 loss_Conv: 2.667 acc_real: 0.872 acc_fake: 0.941 scaled_theta_X: 1.000 scaled_theta_Y: 21.000 
(epoch: 12, batches: 100, time: 0.008, data: 0.001) loss_D_real: 0.582 loss_D_fake: 0.168 loss_D: 0.375 loss_Conv: 3.353 acc_real: 0.877 acc_fake: 0.930 scaled_theta_X: -23.000 scaled_theta_Y: 18.000 
(epoch: 12, batches: 120, time: 0.007, data: 9.608) loss_D_real: 0.573 loss_D_fake: 0.169 loss_D: 0.371 loss_Conv: 2.843 acc_real: 0.877 acc_fake: 0.930 scaled_theta_X: -23.000 scaled_theta_Y: 14.000 
(epoch: 12, batches: 140, time: 0.007, data: 7.232) loss_D_real: 0.640 loss_D_fake: 0.215 loss_D: 0.427 loss_Conv: 3.177 acc_real: 0.877 acc_fake: 0.930 scaled_theta_X: 20.000 scaled_theta_Y: 6.000 
learning rate 0.0001600 -> 0.0001600
End of epoch 12 / 15 	 Time Taken: 588 sec
(epoch: 13, batches: 20, time: 0.007, data: 0.002) loss_D_real: 0.576 loss_D_fake: 0.202 loss_D: 0.389 loss_Conv: 2.951 acc_real: 0.877 acc_fake: 0.930 scaled_theta_X: -25.000 scaled_theta_Y: 16.000 
(epoch: 13, batches: 40, time: 0.008, data: 4.370) loss_D_real: 0.563 loss_D_fake: 0.310 loss_D: 0.437 loss_Conv: 3.112 acc_real: 0.839 acc_fake: 0.956 scaled_theta_X: -21.000 scaled_theta_Y: 31.000 
(epoch: 13, batches: 60, time: 0.007, data: 0.753) loss_D_real: 0.624 loss_D_fake: 0.190 loss_D: 0.407 loss_Conv: 2.985 acc_real: 0.839 acc_fake: 0.956 scaled_theta_X: -29.000 scaled_theta_Y: 3.000 
(epoch: 13, batches: 80, time: 0.007, data: 0.002) loss_D_real: 0.589 loss_D_fake: 0.297 loss_D: 0.443 loss_Conv: 2.556 acc_real: 0.839 acc_fake: 0.956 scaled_theta_X: -31.000 scaled_theta_Y: 26.000 
(epoch: 13, batches: 100, time: 0.008, data: 0.001) loss_D_real: 0.566 loss_D_fake: 0.219 loss_D: 0.393 loss_Conv: 2.959 acc_real: 0.839 acc_fake: 0.956 scaled_theta_X: -24.000 scaled_theta_Y: 30.000 
(epoch: 13, batches: 120, time: 0.006, data: 0.001) loss_D_real: 0.557 loss_D_fake: 0.271 loss_D: 0.414 loss_Conv: 2.902 acc_real: 0.839 acc_fake: 0.956 scaled_theta_X: -26.000 scaled_theta_Y: 27.000 
(epoch: 13, batches: 140, time: 0.007, data: 0.001) loss_D_real: 0.590 loss_D_fake: 0.258 loss_D: 0.424 loss_Conv: 3.355 acc_real: 0.839 acc_fake: 0.959 scaled_theta_X: -17.000 scaled_theta_Y: 31.000 
learning rate 0.0001600 -> 0.0001600
End of epoch 13 / 15 	 Time Taken: 607 sec
(epoch: 14, batches: 20, time: 0.007, data: 0.001) loss_D_real: 0.574 loss_D_fake: 0.186 loss_D: 0.380 loss_Conv: 2.994 acc_real: 0.839 acc_fake: 0.959 scaled_theta_X: -31.000 scaled_theta_Y: 31.000 
(epoch: 14, batches: 40, time: 0.008, data: 0.001) loss_D_real: 0.603 loss_D_fake: 0.126 loss_D: 0.364 loss_Conv: 3.369 acc_real: 0.839 acc_fake: 0.959 scaled_theta_X: -21.000 scaled_theta_Y: 31.000 
(epoch: 14, batches: 60, time: 0.005, data: 12.265) loss_D_real: 0.603 loss_D_fake: 0.082 loss_D: 0.343 loss_Conv: 3.753 acc_real: 0.839 acc_fake: 0.959 scaled_theta_X: -31.000 scaled_theta_Y: 30.000 
(epoch: 14, batches: 80, time: 0.007, data: 12.680) loss_D_real: 0.615 loss_D_fake: 0.163 loss_D: 0.389 loss_Conv: 3.023 acc_real: 0.818 acc_fake: 0.973 scaled_theta_X: -31.000 scaled_theta_Y: 31.000 
(epoch: 14, batches: 100, time: 0.006, data: 13.856) loss_D_real: 0.560 loss_D_fake: 0.139 loss_D: 0.349 loss_Conv: 2.499 acc_real: 0.818 acc_fake: 0.973 scaled_theta_X: 15.000 scaled_theta_Y: -24.000 
(epoch: 14, batches: 120, time: 0.008, data: 11.715) loss_D_real: 0.544 loss_D_fake: 0.223 loss_D: 0.384 loss_Conv: 3.474 acc_real: 0.818 acc_fake: 0.973 scaled_theta_X: 19.000 scaled_theta_Y: 27.000 
(epoch: 14, batches: 140, time: 0.007, data: 11.723) loss_D_real: 0.572 loss_D_fake: 1.147 loss_D: 0.860 loss_Conv: 1.293 acc_real: 0.818 acc_fake: 0.973 scaled_theta_X: -31.000 scaled_theta_Y: 31.000 
learning rate 0.0001600 -> 0.0001600
End of epoch 14 / 15 	 Time Taken: 592 sec
(epoch: 15, batches: 20, time: 0.007, data: 9.418) loss_D_real: 0.568 loss_D_fake: 0.321 loss_D: 0.444 loss_Conv: 1.917 acc_real: 0.864 acc_fake: 0.907 scaled_theta_X: -27.000 scaled_theta_Y: 21.000 
(epoch: 15, batches: 40, time: 0.005, data: 13.246) loss_D_real: 0.665 loss_D_fake: 0.204 loss_D: 0.435 loss_Conv: 2.484 acc_real: 0.864 acc_fake: 0.907 scaled_theta_X: -31.000 scaled_theta_Y: 27.000 
(epoch: 15, batches: 60, time: 0.008, data: 9.905) loss_D_real: 0.784 loss_D_fake: 0.175 loss_D: 0.479 loss_Conv: 2.476 acc_real: 0.864 acc_fake: 0.907 scaled_theta_X: 0.000 scaled_theta_Y: 2.000 
(epoch: 15, batches: 80, time: 0.007, data: 8.791) loss_D_real: 0.682 loss_D_fake: 0.209 loss_D: 0.445 loss_Conv: 2.204 acc_real: 0.864 acc_fake: 0.907 scaled_theta_X: -30.000 scaled_theta_Y: 5.000 
(epoch: 15, batches: 100, time: 0.007, data: 11.269) loss_D_real: 0.592 loss_D_fake: 0.210 loss_D: 0.401 loss_Conv: 2.601 acc_real: 0.864 acc_fake: 0.907 scaled_theta_X: 25.000 scaled_theta_Y: 19.000 
(epoch: 15, batches: 120, time: 0.007, data: 3.869) loss_D_real: 0.602 loss_D_fake: 0.184 loss_D: 0.393 loss_Conv: 2.330 acc_real: 0.604 acc_fake: 0.991 scaled_theta_X: -31.000 scaled_theta_Y: 30.000 
(epoch: 15, batches: 140, time: 0.008, data: 0.001) loss_D_real: 0.637 loss_D_fake: 0.181 loss_D: 0.409 loss_Conv: 3.231 acc_real: 0.604 acc_fake: 0.991 scaled_theta_X: -24.000 scaled_theta_Y: 22.000 
saving the model at the end of epoch 15, iters 149760
learning rate 0.0001600 -> 0.0001600
End of epoch 15 / 15 	 Time Taken: 597 sec
Finished training, model is saved
