starting training run 32
----------------- Options ---------------
              D_headstart: 0                             	[default: 80000]
              D_threshold: 0.6                           
       accumulation_steps: 1                             	[default: 4]
               batch_size: 64                            
                    beta1: 0.5                           
                    beta2: 0.999                         
          checkpoints_dir: /scratch/checkpoints          	[default: ./checkpoints]
        confidence_weight: 1.0                           	[default: 0.0]
           continue_train: False                         
                crop_size: 64                            
                 dataroot: /scratch/datasets/CLEVR_colorized/images	[default: datasets]
             dataset_mode: double                        
                direction: None                          
              display_env: main                          
             display_freq: 100                           
               display_id: 0                             	[default: 1]
            display_ncols: 4                             
             display_port: 8097                          
           display_server: http://localhost              
          display_winsize: 256                           
                    epoch: latest                        
              epoch_count: 1                             
                 gan_mode: lsgan                         
                  gpu_ids: 0                             
                init_gain: 0.02                          
                init_type: normal                        
                 input_nc: 3                             
                  isTrain: True                          	[default: None]
          keep_last_batch: False                         
               lambda_aux: 0.0                           	[default: 0.1]
                load_iter: 0                             	[default: 0]
                load_size: 70                            
                       lr: 0.0001                        
           lr_decay_iters: 50                            
                lr_policy: step                          
         max_dataset_size: inf                           
                    model: copypasteGAN                  	[default: cycle_gan]
                 n_epochs: 10                            	[default: 1]
           n_epochs_decay: 10                            	[default: 3]
               n_layers_D: 3                             
                     name: CopyGAN                       
                      ndf: 64                            
                     netD: copy                          
                     netG: copy                          
                      ngf: 64                            
        no_border_zeroing: False                         
               no_dropout: False                         
                  no_flip: True                          
                  no_html: False                         
                     norm: instance                      
           nr_obj_classes: 1                             
              num_threads: 4                             
                output_nc: 3                             
                  patch_D: True                          	[default: False]
                    phase: train                         
                pool_size: 50                            
               preprocess: resize_and_crop               
               print_freq: 20                            
              real_target: 1.0                           
             save_by_iter: False                         
          save_epoch_freq: 5                             	[default: 10]
         save_latest_freq: 5000                          
                     seed: 42                            
           serial_batches: False                         
               sigma_blur: 1.0                           
                   suffix:                               
         update_html_freq: 100                           
           val_batch_size: 128                           
                 val_freq: 100                           
                  verbose: True                          	[default: False]
----------------- End -------------------
----------------- Options ---------------
              D_headstart: 0                             	[default: 80000]
              D_threshold: 0.6                           
       accumulation_steps: 1                             	[default: 4]
               batch_size: 64                            
                    beta1: 0.5                           
                    beta2: 0.999                         
          checkpoints_dir: /scratch/checkpoints          	[default: ./checkpoints]
        confidence_weight: 1.0                           	[default: 0.0]
           continue_train: False                         
                crop_size: 64                            
                 dataroot: /scratch/datasets/CLEVR_colorized/images	[default: datasets]
             dataset_mode: double                        
                direction: None                          
              display_env: main                          
             display_freq: 100                           
               display_id: 0                             	[default: 1]
            display_ncols: 4                             
             display_port: 8097                          
           display_server: http://localhost              
          display_winsize: 256                           
                    epoch: latest                        
              epoch_count: 1                             
                 gan_mode: lsgan                         
                  gpu_ids: 0                             
                init_gain: 0.02                          
                init_type: normal                        
                 input_nc: 3                             
                  isTrain: True                          	[default: None]
          keep_last_batch: False                         
               lambda_aux: 0.0                           	[default: 0.1]
                load_iter: 0                             	[default: 0]
                load_size: 70                            
                       lr: 0.0001                        
           lr_decay_iters: 50                            
                lr_policy: step                          
         max_dataset_size: inf                           
                    model: copypasteGAN                  	[default: cycle_gan]
                 n_epochs: 10                            	[default: 1]
           n_epochs_decay: 10                            	[default: 3]
               n_layers_D: 3                             
                     name: CopyGAN                       
                      ndf: 64                            
                     netD: copy                          
                     netG: copy                          
                      ngf: 64                            
        no_border_zeroing: False                         
               no_dropout: False                         
                  no_flip: True                          
                  no_html: False                         
                     norm: instance                      
           nr_obj_classes: 1                             
              num_threads: 4                             
                output_nc: 3                             
                  patch_D: True                          	[default: False]
                    phase: train                         
                pool_size: 50                            
               preprocess: resize_and_crop               
               print_freq: 20                            
              real_target: 1.0                           
             save_by_iter: False                         
          save_epoch_freq: 5                             	[default: 10]
         save_latest_freq: 5000                          
                     seed: 42                            
           serial_batches: False                         
               sigma_blur: 1.0                           
                   suffix:                               
         update_html_freq: 100                           
           val_batch_size: 128                           
                 val_freq: 100                           
                  verbose: True                          	[default: False]
----------------- End -------------------
dataset [DoubleDataset] was created
dataset [DoubleDataset] was created
The number of training images = 15000
The number of epochs to run = 20
initialize network with normal
initialize network with normal
model [CopyPasteGANModel] was created
---------- Networks initialized -------------
DataParallel(
  (module): CopyUNet(
    (enc1): EncoderBlock(
      (model): Sequential(
        (0): Conv2d(3, 64, kernel_size=(3, 3), stride=(1, 1), padding=(1, 1), bias=False)
        (1): InstanceNorm2d(64, eps=1e-05, momentum=0.1, affine=False, track_running_stats=False)
        (2): LeakyReLU(negative_slope=0.2, inplace=True)
      )
    )
    (enc2): EncoderBlock(
      (model): Sequential(
        (0): Conv2d(64, 128, kernel_size=(3, 3), stride=(2, 2), padding=(1, 1), bias=False)
        (1): InstanceNorm2d(128, eps=1e-05, momentum=0.1, affine=False, track_running_stats=False)
        (2): LeakyReLU(negative_slope=0.2, inplace=True)
      )
    )
    (enc3): EncoderBlock(
      (model): Sequential(
        (0): Conv2d(128, 256, kernel_size=(3, 3), stride=(2, 2), padding=(1, 1), bias=False)
        (1): InstanceNorm2d(256, eps=1e-05, momentum=0.1, affine=False, track_running_stats=False)
        (2): LeakyReLU(negative_slope=0.2, inplace=True)
      )
    )
    (enc4): EncoderBlock(
      (model): Sequential(
        (0): Conv2d(256, 512, kernel_size=(3, 3), stride=(2, 2), padding=(1, 1), bias=False)
        (1): InstanceNorm2d(512, eps=1e-05, momentum=0.1, affine=False, track_running_stats=False)
        (2): LeakyReLU(negative_slope=0.2, inplace=True)
      )
    )
    (dec4): DecoderBlock(
      (model): Sequential(
        (0): Upsample(scale_factor=2.0, mode=bilinear)
        (1): Conv2d(512, 256, kernel_size=(3, 3), stride=(1, 1), padding=(1, 1))
        (2): InstanceNorm2d(256, eps=1e-05, momentum=0.1, affine=False, track_running_stats=False)
        (3): LeakyReLU(negative_slope=0.2, inplace=True)
      )
    )
    (dec3): DecoderBlock(
      (model): Sequential(
        (0): Upsample(scale_factor=2.0, mode=bilinear)
        (1): Conv2d(512, 128, kernel_size=(3, 3), stride=(1, 1), padding=(1, 1))
        (2): InstanceNorm2d(128, eps=1e-05, momentum=0.1, affine=False, track_running_stats=False)
        (3): LeakyReLU(negative_slope=0.2, inplace=True)
      )
    )
    (dec2): DecoderBlock(
      (model): Sequential(
        (0): Upsample(scale_factor=2.0, mode=bilinear)
        (1): Conv2d(256, 64, kernel_size=(3, 3), stride=(1, 1), padding=(1, 1))
        (2): InstanceNorm2d(64, eps=1e-05, momentum=0.1, affine=False, track_running_stats=False)
        (3): LeakyReLU(negative_slope=0.2, inplace=True)
      )
    )
    (dec1): DecoderBlock(
      (model): Sequential(
        (0): Conv2d(128, 1, kernel_size=(3, 3), stride=(1, 1), padding=(1, 1))
      )
    )
    (sigmoid): Sigmoid()
  )
)
[Network G] Total number of parameters : 3.469 M
DataParallel(
  (module): CopyUNet(
    (blur_filter): Conv2d(3, 3, kernel_size=(3, 3), stride=(1, 1), padding=(1, 1), groups=3, bias=False, padding_mode=replicate)
    (enc1): EncoderBlock(
      (model): Sequential(
        (0): Conv2d(3, 64, kernel_size=(3, 3), stride=(1, 1), padding=(1, 1), bias=False)
        (1): InstanceNorm2d(64, eps=1e-05, momentum=0.1, affine=False, track_running_stats=False)
        (2): LeakyReLU(negative_slope=0.2, inplace=True)
      )
    )
    (enc2): EncoderBlock(
      (model): Sequential(
        (0): Conv2d(64, 128, kernel_size=(3, 3), stride=(2, 2), padding=(1, 1), bias=False)
        (1): InstanceNorm2d(128, eps=1e-05, momentum=0.1, affine=False, track_running_stats=False)
        (2): LeakyReLU(negative_slope=0.2, inplace=True)
      )
    )
    (enc3): EncoderBlock(
      (model): Sequential(
        (0): Conv2d(128, 256, kernel_size=(3, 3), stride=(2, 2), padding=(1, 1), bias=False)
        (1): InstanceNorm2d(256, eps=1e-05, momentum=0.1, affine=False, track_running_stats=False)
        (2): LeakyReLU(negative_slope=0.2, inplace=True)
      )
    )
    (enc4): EncoderBlock(
      (model): Sequential(
        (0): Conv2d(256, 512, kernel_size=(3, 3), stride=(2, 2), padding=(1, 1), bias=False)
        (1): InstanceNorm2d(512, eps=1e-05, momentum=0.1, affine=False, track_running_stats=False)
        (2): LeakyReLU(negative_slope=0.2, inplace=True)
      )
    )
    (dec4): DecoderBlock(
      (model): Sequential(
        (0): Upsample(scale_factor=2.0, mode=bilinear)
        (1): Conv2d(512, 256, kernel_size=(3, 3), stride=(1, 1), padding=(1, 1))
        (2): InstanceNorm2d(256, eps=1e-05, momentum=0.1, affine=False, track_running_stats=False)
        (3): LeakyReLU(negative_slope=0.2, inplace=True)
      )
    )
    (dec3): DecoderBlock(
      (model): Sequential(
        (0): Upsample(scale_factor=2.0, mode=bilinear)
        (1): Conv2d(512, 128, kernel_size=(3, 3), stride=(1, 1), padding=(1, 1))
        (2): InstanceNorm2d(128, eps=1e-05, momentum=0.1, affine=False, track_running_stats=False)
        (3): LeakyReLU(negative_slope=0.2, inplace=True)
      )
    )
    (dec2): DecoderBlock(
      (model): Sequential(
        (0): Upsample(scale_factor=2.0, mode=bilinear)
        (1): Conv2d(256, 64, kernel_size=(3, 3), stride=(1, 1), padding=(1, 1))
        (2): InstanceNorm2d(64, eps=1e-05, momentum=0.1, affine=False, track_running_stats=False)
        (3): LeakyReLU(negative_slope=0.2, inplace=True)
      )
    )
    (dec1): DecoderBlock(
      (model): Sequential(
        (0): Conv2d(128, 1, kernel_size=(3, 3), stride=(1, 1), padding=(1, 1))
      )
    )
    (sigmoid): Sigmoid()
    (avg): Sequential(
      (0): EncoderBlock(
        (model): Sequential(
          (0): Conv2d(512, 128, kernel_size=(3, 3), stride=(2, 2), padding=(1, 1), bias=False)
          (1): InstanceNorm2d(128, eps=1e-05, momentum=0.1, affine=False, track_running_stats=False)
          (2): LeakyReLU(negative_slope=0.2, inplace=True)
        )
      )
      (1): Conv2d(128, 1, kernel_size=(3, 3), stride=(1, 1), padding=(1, 1))
      (2): Sigmoid()
    )
  )
)
[Network D] Total number of parameters : 4.060 M
-----------------------------------------------
create web directory /scratch/checkpoints/CopyGAN/web...
validation accuracies:
                gf: 1.00
                real: 0.00
                fake: 1.00

ran validation set (B:1) in                         47.0 s.
(epoch: 1, batches: 20, time: 0.005, data: 0.001) loss_G_comp: 0.508 loss_G_anti_sc: 0.941 loss_G: 1.571 loss_D_real: 0.328 loss_D_fake: 0.986 loss_D_gr_fake: 0.000 loss_D: 1.314 acc_real: 0.000 acc_fake: 1.000 acc_grfake: 1.000 loss_G_conf: 0.122 
(epoch: 1, batches: 40, time: 0.005, data: 0.005) loss_G_comp: 0.536 loss_G_anti_sc: 0.878 loss_G: 1.493 loss_D_real: 0.274 loss_D_fake: 0.847 loss_D_gr_fake: 0.000 loss_D: 1.121 acc_real: 0.000 acc_fake: 1.000 acc_grfake: 1.000 loss_G_conf: 0.079 
(epoch: 1, batches: 60, time: 0.005, data: 0.361) loss_G_comp: 0.564 loss_G_anti_sc: 0.806 loss_G: 1.428 loss_D_real: 0.204 loss_D_fake: 0.908 loss_D_gr_fake: 0.000 loss_D: 1.113 acc_real: 0.000 acc_fake: 1.000 acc_grfake: 1.000 loss_G_conf: 0.058 
(epoch: 1, batches: 80, time: 0.005, data: 0.001) loss_G_comp: 0.574 loss_G_anti_sc: 0.783 loss_G: 1.404 loss_D_real: 0.172 loss_D_fake: 0.944 loss_D_gr_fake: 0.000 loss_D: 1.117 acc_real: 0.000 acc_fake: 1.000 acc_grfake: 1.000 loss_G_conf: 0.047 
(epoch: 1, batches: 100, time: 0.006, data: 0.011) loss_G_comp: 0.534 loss_G_anti_sc: 0.951 loss_G: 1.533 loss_D_real: 0.147 loss_D_fake: 0.957 loss_D_gr_fake: 0.000 loss_D: 1.105 acc_real: 0.000 acc_fake: 1.000 acc_grfake: 1.000 loss_G_conf: 0.049 
validation accuracies:
                gf: 0.09
                real: 1.00
                fake: 0.78

ran validation set (B:101) in                         45.6 s.
(epoch: 1, batches: 120, time: 0.008, data: 0.003) loss_G_comp: 0.671 loss_G_anti_sc: 0.642 loss_G: 1.363 loss_D_real: 0.459 loss_D_fake: 0.757 loss_D_gr_fake: 0.647 loss_D: 1.863 acc_real: 1.000 acc_fake: 0.784 acc_grfake: 0.087 loss_G_conf: 0.050 
(epoch: 1, batches: 140, time: 0.007, data: 0.004) loss_G_comp: 0.586 loss_G_anti_sc: 0.605 loss_G: 1.237 loss_D_real: 0.490 loss_D_fake: 0.830 loss_D_gr_fake: 0.521 loss_D: 1.841 acc_real: 1.000 acc_fake: 0.784 acc_grfake: 0.087 loss_G_conf: 0.045 
(epoch: 1, batches: 160, time: 0.007, data: 0.004) loss_G_comp: 0.629 loss_G_anti_sc: 0.597 loss_G: 1.266 loss_D_real: 0.295 loss_D_fake: 1.009 loss_D_gr_fake: 0.637 loss_D: 1.941 acc_real: 1.000 acc_fake: 0.784 acc_grfake: 0.087 loss_G_conf: 0.039 
(epoch: 1, batches: 180, time: 0.008, data: 0.004) loss_G_comp: 0.535 loss_G_anti_sc: 0.559 loss_G: 1.137 loss_D_real: 0.228 loss_D_fake: 1.069 loss_D_gr_fake: 0.733 loss_D: 2.030 acc_real: 1.000 acc_fake: 0.784 acc_grfake: 0.087 loss_G_conf: 0.042 
(epoch: 1, batches: 200, time: 0.009, data: 0.003) loss_G_comp: 0.483 loss_G_anti_sc: 0.645 loss_G: 1.173 loss_D_real: 0.367 loss_D_fake: 0.931 loss_D_gr_fake: 0.395 loss_D: 1.693 acc_real: 1.000 acc_fake: 0.784 acc_grfake: 0.087 loss_G_conf: 0.045 
validation accuracies:
                gf: 0.92
                real: 0.84
                fake: 0.70

ran validation set (B:201) in                         46.0 s.
(epoch: 1, batches: 220, time: 0.006, data: 0.004) loss_G_comp: 0.625 loss_G_anti_sc: 0.432 loss_G: 1.095 loss_D_real: 0.341 loss_D_fake: 0.895 loss_D_gr_fake: 0.395 loss_D: 1.631 acc_real: 0.840 acc_fake: 0.701 acc_grfake: 0.916 loss_G_conf: 0.038 
learning rate 0.0001000 -> 0.0001000
End of epoch 1 / 20 	 Time Taken: 233 sec
(epoch: 2, batches: 20, time: 0.007, data: 0.003) loss_G_comp: 0.456 loss_G_anti_sc: 0.449 loss_G: 0.943 loss_D_real: 0.367 loss_D_fake: 1.022 loss_D_gr_fake: 0.351 loss_D: 1.740 acc_real: 0.840 acc_fake: 0.701 acc_grfake: 0.916 loss_G_conf: 0.038 
(epoch: 2, batches: 40, time: 0.007, data: 0.002) loss_G_comp: 0.600 loss_G_anti_sc: 0.405 loss_G: 1.044 loss_D_real: 0.293 loss_D_fake: 1.096 loss_D_gr_fake: 0.326 loss_D: 1.715 acc_real: 0.840 acc_fake: 0.701 acc_grfake: 0.916 loss_G_conf: 0.039 
(epoch: 2, batches: 60, time: 0.007, data: 0.003) loss_G_comp: 0.453 loss_G_anti_sc: 0.565 loss_G: 1.057 loss_D_real: 0.254 loss_D_fake: 1.162 loss_D_gr_fake: 0.324 loss_D: 1.740 acc_real: 0.840 acc_fake: 0.701 acc_grfake: 0.916 loss_G_conf: 0.039 
validation accuracies:
                gf: 0.91
                real: 0.89
                fake: 0.38

ran validation set (B:301) in                         45.6 s.
(epoch: 2, batches: 80, time: 0.006, data: 0.003) loss_G_comp: 0.405 loss_G_anti_sc: 0.405 loss_G: 0.844 loss_D_real: 0.183 loss_D_fake: 1.203 loss_D_gr_fake: 0.371 loss_D: 1.758 acc_real: 0.892 acc_fake: 0.376 acc_grfake: 0.908 loss_G_conf: 0.034 
(epoch: 2, batches: 100, time: 0.006, data: 0.002) loss_G_comp: 0.405 loss_G_anti_sc: 0.405 loss_G: 0.844 loss_D_real: 0.205 loss_D_fake: 0.816 loss_D_gr_fake: 0.362 loss_D: 1.383 acc_real: 0.892 acc_fake: 0.376 acc_grfake: 0.908 loss_G_conf: 0.034 
(epoch: 2, batches: 120, time: 0.006, data: 0.003) loss_G_comp: 0.405 loss_G_anti_sc: 0.405 loss_G: 0.844 loss_D_real: 0.185 loss_D_fake: 0.604 loss_D_gr_fake: 0.295 loss_D: 1.084 acc_real: 0.892 acc_fake: 0.376 acc_grfake: 0.908 loss_G_conf: 0.034 
(epoch: 2, batches: 140, time: 0.007, data: 0.195) loss_G_comp: 0.405 loss_G_anti_sc: 0.405 loss_G: 0.844 loss_D_real: 0.149 loss_D_fake: 0.595 loss_D_gr_fake: 0.276 loss_D: 1.021 acc_real: 0.892 acc_fake: 0.376 acc_grfake: 0.908 loss_G_conf: 0.034 
(epoch: 2, batches: 160, time: 0.006, data: 0.001) loss_G_comp: 0.405 loss_G_anti_sc: 0.405 loss_G: 0.844 loss_D_real: 0.102 loss_D_fake: 0.839 loss_D_gr_fake: 0.862 loss_D: 1.804 acc_real: 0.892 acc_fake: 0.376 acc_grfake: 0.908 loss_G_conf: 0.034 
validation accuracies:
                gf: 0.94
                real: 0.90
                fake: 0.94

ran validation set (B:401) in                         46.4 s.
(epoch: 2, batches: 180, time: 0.006, data: 0.004) loss_G_comp: 0.573 loss_G_anti_sc: 0.403 loss_G: 1.013 loss_D_real: 0.184 loss_D_fake: 1.063 loss_D_gr_fake: 0.294 loss_D: 1.541 acc_real: 0.901 acc_fake: 0.943 acc_grfake: 0.936 loss_G_conf: 0.037 
(epoch: 2, batches: 200, time: 0.007, data: 0.001) loss_G_comp: 0.419 loss_G_anti_sc: 0.367 loss_G: 0.825 loss_D_real: 0.194 loss_D_fake: 1.400 loss_D_gr_fake: 0.247 loss_D: 1.842 acc_real: 0.901 acc_fake: 0.943 acc_grfake: 0.936 loss_G_conf: 0.039 
(epoch: 2, batches: 220, time: 0.007, data: 0.017) loss_G_comp: 0.521 loss_G_anti_sc: 0.424 loss_G: 0.984 loss_D_real: 0.099 loss_D_fake: 1.827 loss_D_gr_fake: 1.052 loss_D: 2.978 acc_real: 0.901 acc_fake: 0.943 acc_grfake: 0.936 loss_G_conf: 0.039 
learning rate 0.0001000 -> 0.0001000
End of epoch 2 / 20 	 Time Taken: 191 sec
(epoch: 3, batches: 20, time: 0.008, data: 0.001) loss_G_comp: 0.327 loss_G_anti_sc: 0.566 loss_G: 0.930 loss_D_real: 0.309 loss_D_fake: 1.141 loss_D_gr_fake: 0.160 loss_D: 1.609 acc_real: 0.901 acc_fake: 0.943 acc_grfake: 0.936 loss_G_conf: 0.037 
validation accuracies:
                gf: 0.88
                real: 0.99
                fake: 0.19

ran validation set (B:501) in                         45.6 s.
(epoch: 3, batches: 40, time: 0.006, data: 0.001) loss_G_comp: 0.293 loss_G_anti_sc: 0.615 loss_G: 0.948 loss_D_real: 0.135 loss_D_fake: 0.820 loss_D_gr_fake: 0.247 loss_D: 1.202 acc_real: 0.990 acc_fake: 0.190 acc_grfake: 0.884 loss_G_conf: 0.039 
(epoch: 3, batches: 60, time: 0.007, data: 0.003) loss_G_comp: 0.293 loss_G_anti_sc: 0.615 loss_G: 0.948 loss_D_real: 0.122 loss_D_fake: 0.743 loss_D_gr_fake: 0.230 loss_D: 1.095 acc_real: 0.990 acc_fake: 0.190 acc_grfake: 0.884 loss_G_conf: 0.039 
(epoch: 3, batches: 80, time: 0.006, data: 0.003) loss_G_comp: 0.293 loss_G_anti_sc: 0.615 loss_G: 0.948 loss_D_real: 0.198 loss_D_fake: 0.577 loss_D_gr_fake: 0.217 loss_D: 0.992 acc_real: 0.990 acc_fake: 0.190 acc_grfake: 0.884 loss_G_conf: 0.039 
(epoch: 3, batches: 100, time: 0.006, data: 0.005) loss_G_comp: 0.293 loss_G_anti_sc: 0.615 loss_G: 0.948 loss_D_real: 0.092 loss_D_fake: 0.662 loss_D_gr_fake: 0.235 loss_D: 0.989 acc_real: 0.990 acc_fake: 0.190 acc_grfake: 0.884 loss_G_conf: 0.039 
(epoch: 3, batches: 120, time: 0.006, data: 0.120) loss_G_comp: 0.293 loss_G_anti_sc: 0.615 loss_G: 0.948 loss_D_real: 0.085 loss_D_fake: 0.529 loss_D_gr_fake: 0.267 loss_D: 0.881 acc_real: 0.990 acc_fake: 0.190 acc_grfake: 0.884 loss_G_conf: 0.039 
validation accuracies:
                gf: 0.93
                real: 0.96
                fake: 0.94

ran validation set (B:601) in                         45.8 s.
(epoch: 3, batches: 140, time: 0.007, data: 0.007) loss_G_comp: 0.191 loss_G_anti_sc: 1.149 loss_G: 1.381 loss_D_real: 0.832 loss_D_fake: 1.338 loss_D_gr_fake: 0.075 loss_D: 2.245 acc_real: 0.961 acc_fake: 0.937 acc_grfake: 0.933 loss_G_conf: 0.041 
(epoch: 3, batches: 160, time: 0.007, data: 0.002) loss_G_comp: 0.409 loss_G_anti_sc: 0.431 loss_G: 0.873 loss_D_real: 0.204 loss_D_fake: 1.333 loss_D_gr_fake: 0.252 loss_D: 1.788 acc_real: 0.961 acc_fake: 0.937 acc_grfake: 0.933 loss_G_conf: 0.033 
(epoch: 3, batches: 180, time: 0.008, data: 0.001) loss_G_comp: 0.231 loss_G_anti_sc: 0.569 loss_G: 0.835 loss_D_real: 0.200 loss_D_fake: 1.509 loss_D_gr_fake: 0.165 loss_D: 1.873 acc_real: 0.961 acc_fake: 0.937 acc_grfake: 0.933 loss_G_conf: 0.035 
(epoch: 3, batches: 200, time: 0.007, data: 0.001) loss_G_comp: 0.355 loss_G_anti_sc: 0.479 loss_G: 0.866 loss_D_real: 0.089 loss_D_fake: 1.663 loss_D_gr_fake: 0.341 loss_D: 2.094 acc_real: 0.961 acc_fake: 0.937 acc_grfake: 0.933 loss_G_conf: 0.032 
(epoch: 3, batches: 220, time: 0.007, data: 0.003) loss_G_comp: 0.338 loss_G_anti_sc: 0.301 loss_G: 0.672 loss_D_real: 0.172 loss_D_fake: 1.531 loss_D_gr_fake: 0.150 loss_D: 1.853 acc_real: 0.961 acc_fake: 0.937 acc_grfake: 0.933 loss_G_conf: 0.033 
validation accuracies:
                gf: 0.93
                real: 0.99
                fake: 0.08

ran validation set (B:701) in                         45.5 s.
learning rate 0.0001000 -> 0.0001000
End of epoch 3 / 20 	 Time Taken: 236 sec
(epoch: 4, batches: 20, time: 0.006, data: 0.218) loss_G_comp: 0.191 loss_G_anti_sc: 0.764 loss_G: 0.991 loss_D_real: 0.090 loss_D_fake: 1.410 loss_D_gr_fake: 0.269 loss_D: 1.769 acc_real: 0.988 acc_fake: 0.081 acc_grfake: 0.928 loss_G_conf: 0.036 
(epoch: 4, batches: 40, time: 0.006, data: 0.029) loss_G_comp: 0.191 loss_G_anti_sc: 0.764 loss_G: 0.991 loss_D_real: 0.108 loss_D_fake: 1.048 loss_D_gr_fake: 0.140 loss_D: 1.295 acc_real: 0.988 acc_fake: 0.081 acc_grfake: 0.928 loss_G_conf: 0.036 
(epoch: 4, batches: 60, time: 0.006, data: 0.004) loss_G_comp: 0.191 loss_G_anti_sc: 0.764 loss_G: 0.991 loss_D_real: 0.085 loss_D_fake: 0.990 loss_D_gr_fake: 0.377 loss_D: 1.453 acc_real: 0.988 acc_fake: 0.081 acc_grfake: 0.928 loss_G_conf: 0.036 
(epoch: 4, batches: 80, time: 0.006, data: 0.001) loss_G_comp: 0.191 loss_G_anti_sc: 0.764 loss_G: 0.991 loss_D_real: 0.095 loss_D_fake: 0.744 loss_D_gr_fake: 0.185 loss_D: 1.025 acc_real: 0.988 acc_fake: 0.081 acc_grfake: 0.928 loss_G_conf: 0.036 
validation accuracies:
                gf: 0.95
                real: 0.97
                fake: 0.88

ran validation set (B:801) in                         45.6 s.
(epoch: 4, batches: 100, time: 0.006, data: 0.004) loss_G_comp: 1.298 loss_G_anti_sc: 0.247 loss_G: 1.579 loss_D_real: 0.088 loss_D_fake: 0.771 loss_D_gr_fake: 0.216 loss_D: 1.075 acc_real: 0.973 acc_fake: 0.877 acc_grfake: 0.946 loss_G_conf: 0.034 
(epoch: 4, batches: 120, time: 0.008, data: 0.003) loss_G_comp: 0.261 loss_G_anti_sc: 0.407 loss_G: 0.702 loss_D_real: 0.121 loss_D_fake: 1.501 loss_D_gr_fake: 0.135 loss_D: 1.757 acc_real: 0.973 acc_fake: 0.877 acc_grfake: 0.946 loss_G_conf: 0.035 
(epoch: 4, batches: 140, time: 0.007, data: 0.004) loss_G_comp: 0.407 loss_G_anti_sc: 0.310 loss_G: 0.750 loss_D_real: 0.099 loss_D_fake: 1.351 loss_D_gr_fake: 0.248 loss_D: 1.698 acc_real: 0.973 acc_fake: 0.877 acc_grfake: 0.946 loss_G_conf: 0.033 
(epoch: 4, batches: 160, time: 0.008, data: 0.003) loss_G_comp: 0.322 loss_G_anti_sc: 0.391 loss_G: 0.745 loss_D_real: 0.081 loss_D_fake: 2.014 loss_D_gr_fake: 0.389 loss_D: 2.484 acc_real: 0.973 acc_fake: 0.877 acc_grfake: 0.946 loss_G_conf: 0.032 
(epoch: 4, batches: 180, time: 0.007, data: 0.003) loss_G_comp: 0.256 loss_G_anti_sc: 0.343 loss_G: 0.633 loss_D_real: 0.071 loss_D_fake: 2.176 loss_D_gr_fake: 0.357 loss_D: 2.604 acc_real: 0.973 acc_fake: 0.877 acc_grfake: 0.946 loss_G_conf: 0.034 
validation accuracies:
                gf: 0.95
                real: 0.86
                fake: 0.33

ran validation set (B:901) in                         45.6 s.
(epoch: 4, batches: 200, time: 0.005, data: 0.003) loss_G_comp: 0.373 loss_G_anti_sc: 0.398 loss_G: 0.804 loss_D_real: 0.102 loss_D_fake: 1.920 loss_D_gr_fake: 0.167 loss_D: 2.188 acc_real: 0.863 acc_fake: 0.331 acc_grfake: 0.951 loss_G_conf: 0.032 
(epoch: 4, batches: 220, time: 0.006, data: 0.004) loss_G_comp: 0.373 loss_G_anti_sc: 0.398 loss_G: 0.804 loss_D_real: 0.090 loss_D_fake: 1.731 loss_D_gr_fake: 0.269 loss_D: 2.089 acc_real: 0.863 acc_fake: 0.331 acc_grfake: 0.951 loss_G_conf: 0.032 
learning rate 0.0001000 -> 0.0001000
End of epoch 4 / 20 	 Time Taken: 189 sec
(epoch: 5, batches: 20, time: 0.007, data: 0.001) loss_G_comp: 0.373 loss_G_anti_sc: 0.398 loss_G: 0.804 loss_D_real: 0.119 loss_D_fake: 1.385 loss_D_gr_fake: 0.180 loss_D: 1.684 acc_real: 0.863 acc_fake: 0.331 acc_grfake: 0.951 loss_G_conf: 0.032 
(epoch: 5, batches: 40, time: 0.006, data: 0.020) loss_G_comp: 0.373 loss_G_anti_sc: 0.398 loss_G: 0.804 loss_D_real: 0.102 loss_D_fake: 1.373 loss_D_gr_fake: 0.258 loss_D: 1.734 acc_real: 0.863 acc_fake: 0.331 acc_grfake: 0.951 loss_G_conf: 0.032 
(epoch: 5, batches: 60, time: 0.007, data: 0.004) loss_G_comp: 0.373 loss_G_anti_sc: 0.398 loss_G: 0.804 loss_D_real: 0.102 loss_D_fake: 1.056 loss_D_gr_fake: 0.194 loss_D: 1.351 acc_real: 0.863 acc_fake: 0.331 acc_grfake: 0.951 loss_G_conf: 0.032 
validation accuracies:
                gf: 0.95
                real: 0.86
                fake: 0.79

ran validation set (B:1001) in                         45.6 s.
(epoch: 5, batches: 80, time: 0.007, data: 0.004) loss_G_comp: 0.274 loss_G_anti_sc: 0.318 loss_G: 0.625 loss_D_real: 0.095 loss_D_fake: 1.883 loss_D_gr_fake: 0.257 loss_D: 2.234 acc_real: 0.855 acc_fake: 0.794 acc_grfake: 0.946 loss_G_conf: 0.033 
(epoch: 5, batches: 100, time: 0.008, data: 0.001) loss_G_comp: 0.479 loss_G_anti_sc: 0.225 loss_G: 0.739 loss_D_real: 0.085 loss_D_fake: 1.982 loss_D_gr_fake: 0.325 loss_D: 2.392 acc_real: 0.855 acc_fake: 0.794 acc_grfake: 0.946 loss_G_conf: 0.035 
(epoch: 5, batches: 120, time: 0.007, data: 0.003) loss_G_comp: 0.214 loss_G_anti_sc: 0.547 loss_G: 0.794 loss_D_real: 0.144 loss_D_fake: 1.852 loss_D_gr_fake: 0.263 loss_D: 2.259 acc_real: 0.855 acc_fake: 0.794 acc_grfake: 0.946 loss_G_conf: 0.032 
(epoch: 5, batches: 140, time: 0.007, data: 0.004) loss_G_comp: 0.198 loss_G_anti_sc: 0.290 loss_G: 0.520 loss_D_real: 0.176 loss_D_fake: 1.968 loss_D_gr_fake: 0.188 loss_D: 2.333 acc_real: 0.855 acc_fake: 0.794 acc_grfake: 0.946 loss_G_conf: 0.032 
(epoch: 5, batches: 160, time: 0.007, data: 0.003) loss_G_comp: 0.358 loss_G_anti_sc: 0.323 loss_G: 0.717 loss_D_real: 0.309 loss_D_fake: 1.646 loss_D_gr_fake: 0.130 loss_D: 2.085 acc_real: 0.855 acc_fake: 0.794 acc_grfake: 0.946 loss_G_conf: 0.035 
validation accuracies:
                gf: 0.94
                real: 0.98
                fake: 0.13

ran validation set (B:1101) in                         45.7 s.
(epoch: 5, batches: 180, time: 0.006, data: 0.003) loss_G_comp: 0.221 loss_G_anti_sc: 0.404 loss_G: 0.659 loss_D_real: 0.083 loss_D_fake: 1.796 loss_D_gr_fake: 0.181 loss_D: 2.059 acc_real: 0.977 acc_fake: 0.130 acc_grfake: 0.940 loss_G_conf: 0.034 
(epoch: 5, batches: 200, time: 0.006, data: 0.001) loss_G_comp: 0.221 loss_G_anti_sc: 0.404 loss_G: 0.659 loss_D_real: 0.080 loss_D_fake: 1.437 loss_D_gr_fake: 0.108 loss_D: 1.624 acc_real: 0.977 acc_fake: 0.130 acc_grfake: 0.940 loss_G_conf: 0.034 
(epoch: 5, batches: 220, time: 0.007, data: 0.003) loss_G_comp: 0.221 loss_G_anti_sc: 0.404 loss_G: 0.659 loss_D_real: 0.084 loss_D_fake: 1.262 loss_D_gr_fake: 0.141 loss_D: 1.487 acc_real: 0.977 acc_fake: 0.130 acc_grfake: 0.940 loss_G_conf: 0.034 
saving the model at the end of epoch 5, iters 74880
learning rate 0.0001000 -> 0.0001000
End of epoch 5 / 20 	 Time Taken: 190 sec
(epoch: 6, batches: 20, time: 0.006, data: 0.017) loss_G_comp: 0.221 loss_G_anti_sc: 0.404 loss_G: 0.659 loss_D_real: 0.060 loss_D_fake: 1.268 loss_D_gr_fake: 0.167 loss_D: 1.495 acc_real: 0.977 acc_fake: 0.130 acc_grfake: 0.940 loss_G_conf: 0.034 
validation accuracies:
                gf: 0.94
                real: 0.99
                fake: 0.62

ran validation set (B:1201) in                         45.5 s.
(epoch: 6, batches: 40, time: 0.007, data: 0.001) loss_G_comp: 0.334 loss_G_anti_sc: 0.361 loss_G: 0.724 loss_D_real: 0.051 loss_D_fake: 2.219 loss_D_gr_fake: 0.096 loss_D: 2.367 acc_real: 0.993 acc_fake: 0.619 acc_grfake: 0.938 loss_G_conf: 0.030 
(epoch: 6, batches: 60, time: 0.007, data: 0.005) loss_G_comp: 0.421 loss_G_anti_sc: 0.316 loss_G: 0.768 loss_D_real: 0.135 loss_D_fake: 1.857 loss_D_gr_fake: 0.236 loss_D: 2.228 acc_real: 0.993 acc_fake: 0.619 acc_grfake: 0.938 loss_G_conf: 0.031 
(epoch: 6, batches: 80, time: 0.007, data: 0.004) loss_G_comp: 0.149 loss_G_anti_sc: 0.708 loss_G: 0.892 loss_D_real: 0.338 loss_D_fake: 1.443 loss_D_gr_fake: 0.190 loss_D: 1.972 acc_real: 0.993 acc_fake: 0.619 acc_grfake: 0.938 loss_G_conf: 0.034 
(epoch: 6, batches: 100, time: 0.007, data: 0.001) loss_G_comp: 0.184 loss_G_anti_sc: 0.512 loss_G: 0.729 loss_D_real: 0.199 loss_D_fake: 1.557 loss_D_gr_fake: 0.067 loss_D: 1.823 acc_real: 0.993 acc_fake: 0.619 acc_grfake: 0.938 loss_G_conf: 0.033 
(epoch: 6, batches: 120, time: 0.007, data: 0.002) loss_G_comp: 0.209 loss_G_anti_sc: 0.384 loss_G: 0.622 loss_D_real: 0.178 loss_D_fake: 2.021 loss_D_gr_fake: 0.260 loss_D: 2.460 acc_real: 0.993 acc_fake: 0.619 acc_grfake: 0.938 loss_G_conf: 0.030 
validation accuracies:
                gf: 0.94
                real: 0.98
                fake: 0.11

ran validation set (B:1301) in                         45.9 s.
(epoch: 6, batches: 140, time: 0.006, data: 0.002) loss_G_comp: 0.173 loss_G_anti_sc: 0.406 loss_G: 0.610 loss_D_real: 0.108 loss_D_fake: 1.879 loss_D_gr_fake: 0.087 loss_D: 2.075 acc_real: 0.983 acc_fake: 0.112 acc_grfake: 0.943 loss_G_conf: 0.031 
(epoch: 6, batches: 160, time: 0.006, data: 0.083) loss_G_comp: 0.173 loss_G_anti_sc: 0.406 loss_G: 0.610 loss_D_real: 0.049 loss_D_fake: 1.979 loss_D_gr_fake: 0.169 loss_D: 2.197 acc_real: 0.983 acc_fake: 0.112 acc_grfake: 0.943 loss_G_conf: 0.031 
(epoch: 6, batches: 180, time: 0.007, data: 0.001) loss_G_comp: 0.173 loss_G_anti_sc: 0.406 loss_G: 0.610 loss_D_real: 0.049 loss_D_fake: 1.770 loss_D_gr_fake: 0.270 loss_D: 2.089 acc_real: 0.983 acc_fake: 0.112 acc_grfake: 0.943 loss_G_conf: 0.031 
(epoch: 6, batches: 200, time: 0.006, data: 0.001) loss_G_comp: 0.173 loss_G_anti_sc: 0.406 loss_G: 0.610 loss_D_real: 0.097 loss_D_fake: 1.645 loss_D_gr_fake: 0.204 loss_D: 1.946 acc_real: 0.983 acc_fake: 0.112 acc_grfake: 0.943 loss_G_conf: 0.031 
(epoch: 6, batches: 220, time: 0.007, data: 0.004) loss_G_comp: 0.173 loss_G_anti_sc: 0.406 loss_G: 0.610 loss_D_real: 0.072 loss_D_fake: 1.184 loss_D_gr_fake: 0.246 loss_D: 1.502 acc_real: 0.983 acc_fake: 0.112 acc_grfake: 0.943 loss_G_conf: 0.031 
validation accuracies:
                gf: 0.95
                real: 0.96
                fake: 0.67

ran validation set (B:1401) in                         45.5 s.
learning rate 0.0001000 -> 0.0001000
End of epoch 6 / 20 	 Time Taken: 235 sec
(epoch: 7, batches: 20, time: 0.007, data: 0.003) loss_G_comp: 0.104 loss_G_anti_sc: 0.793 loss_G: 0.930 loss_D_real: 0.270 loss_D_fake: 1.901 loss_D_gr_fake: 0.128 loss_D: 2.299 acc_real: 0.965 acc_fake: 0.666 acc_grfake: 0.951 loss_G_conf: 0.033 
(epoch: 7, batches: 40, time: 0.007, data: 0.003) loss_G_comp: 0.182 loss_G_anti_sc: 0.514 loss_G: 0.730 loss_D_real: 0.133 loss_D_fake: 2.278 loss_D_gr_fake: 0.158 loss_D: 2.570 acc_real: 0.965 acc_fake: 0.666 acc_grfake: 0.951 loss_G_conf: 0.033 
(epoch: 7, batches: 60, time: 0.008, data: 0.001) loss_G_comp: 0.279 loss_G_anti_sc: 0.342 loss_G: 0.657 loss_D_real: 0.097 loss_D_fake: 2.457 loss_D_gr_fake: 0.146 loss_D: 2.700 acc_real: 0.965 acc_fake: 0.666 acc_grfake: 0.951 loss_G_conf: 0.036 
(epoch: 7, batches: 80, time: 0.008, data: 0.017) loss_G_comp: 0.161 loss_G_anti_sc: 0.498 loss_G: 0.690 loss_D_real: 0.135 loss_D_fake: 2.125 loss_D_gr_fake: 0.062 loss_D: 2.322 acc_real: 0.965 acc_fake: 0.666 acc_grfake: 0.951 loss_G_conf: 0.031 
validation accuracies:
                gf: 0.93
                real: 0.98
                fake: 0.12

ran validation set (B:1501) in                         45.8 s.
(epoch: 7, batches: 100, time: 0.006, data: 0.003) loss_G_comp: 0.162 loss_G_anti_sc: 0.413 loss_G: 0.609 loss_D_real: 0.058 loss_D_fake: 1.777 loss_D_gr_fake: 0.131 loss_D: 1.967 acc_real: 0.982 acc_fake: 0.122 acc_grfake: 0.932 loss_G_conf: 0.035 
(epoch: 7, batches: 120, time: 0.007, data: 0.003) loss_G_comp: 0.162 loss_G_anti_sc: 0.413 loss_G: 0.609 loss_D_real: 0.143 loss_D_fake: 1.417 loss_D_gr_fake: 0.228 loss_D: 1.788 acc_real: 0.982 acc_fake: 0.122 acc_grfake: 0.932 loss_G_conf: 0.035 
(epoch: 7, batches: 140, time: 0.005, data: 0.004) loss_G_comp: 0.162 loss_G_anti_sc: 0.413 loss_G: 0.609 loss_D_real: 0.131 loss_D_fake: 1.254 loss_D_gr_fake: 0.110 loss_D: 1.495 acc_real: 0.982 acc_fake: 0.122 acc_grfake: 0.932 loss_G_conf: 0.035 
(epoch: 7, batches: 160, time: 0.006, data: 0.001) loss_G_comp: 0.162 loss_G_anti_sc: 0.413 loss_G: 0.609 loss_D_real: 0.127 loss_D_fake: 1.255 loss_D_gr_fake: 0.259 loss_D: 1.642 acc_real: 0.982 acc_fake: 0.122 acc_grfake: 0.932 loss_G_conf: 0.035 
(epoch: 7, batches: 180, time: 0.007, data: 0.001) loss_G_comp: 0.162 loss_G_anti_sc: 0.413 loss_G: 0.609 loss_D_real: 0.119 loss_D_fake: 1.210 loss_D_gr_fake: 0.175 loss_D: 1.504 acc_real: 0.982 acc_fake: 0.122 acc_grfake: 0.932 loss_G_conf: 0.035 
validation accuracies:
                gf: 0.96
                real: 0.88
                fake: 0.77

ran validation set (B:1601) in                         45.8 s.
(epoch: 7, batches: 200, time: 0.008, data: 0.001) loss_G_comp: 0.069 loss_G_anti_sc: 1.066 loss_G: 1.174 loss_D_real: 0.085 loss_D_fake: 1.358 loss_D_gr_fake: 0.080 loss_D: 1.524 acc_real: 0.876 acc_fake: 0.772 acc_grfake: 0.962 loss_G_conf: 0.039 
(epoch: 7, batches: 220, time: 0.007, data: 0.004) loss_G_comp: 0.188 loss_G_anti_sc: 0.397 loss_G: 0.617 loss_D_real: 0.080 loss_D_fake: 2.218 loss_D_gr_fake: 0.204 loss_D: 2.502 acc_real: 0.876 acc_fake: 0.772 acc_grfake: 0.962 loss_G_conf: 0.033 
learning rate 0.0001000 -> 0.0001000
End of epoch 7 / 20 	 Time Taken: 192 sec
(epoch: 8, batches: 20, time: 0.007, data: 0.001) loss_G_comp: 0.149 loss_G_anti_sc: 0.580 loss_G: 0.761 loss_D_real: 0.156 loss_D_fake: 1.896 loss_D_gr_fake: 0.159 loss_D: 2.211 acc_real: 0.876 acc_fake: 0.772 acc_grfake: 0.962 loss_G_conf: 0.032 
(epoch: 8, batches: 40, time: 0.009, data: 0.003) loss_G_comp: 0.174 loss_G_anti_sc: 0.465 loss_G: 0.672 loss_D_real: 0.130 loss_D_fake: 2.050 loss_D_gr_fake: 0.148 loss_D: 2.328 acc_real: 0.876 acc_fake: 0.772 acc_grfake: 0.962 loss_G_conf: 0.032 
(epoch: 8, batches: 60, time: 0.007, data: 0.003) loss_G_comp: 0.427 loss_G_anti_sc: 0.220 loss_G: 0.679 loss_D_real: 0.101 loss_D_fake: 2.217 loss_D_gr_fake: 0.170 loss_D: 2.489 acc_real: 0.876 acc_fake: 0.772 acc_grfake: 0.962 loss_G_conf: 0.033 
validation accuracies:
                gf: 0.94
                real: 0.98
                fake: 0.10

ran validation set (B:1701) in                         45.6 s.
(epoch: 8, batches: 80, time: 0.005, data: 0.003) loss_G_comp: 0.166 loss_G_anti_sc: 0.293 loss_G: 0.493 loss_D_real: 0.046 loss_D_fake: 2.801 loss_D_gr_fake: 0.311 loss_D: 3.157 acc_real: 0.976 acc_fake: 0.102 acc_grfake: 0.936 loss_G_conf: 0.033 
(epoch: 8, batches: 100, time: 0.006, data: 0.003) loss_G_comp: 0.166 loss_G_anti_sc: 0.293 loss_G: 0.493 loss_D_real: 0.082 loss_D_fake: 2.281 loss_D_gr_fake: 0.277 loss_D: 2.639 acc_real: 0.976 acc_fake: 0.102 acc_grfake: 0.936 loss_G_conf: 0.033 
(epoch: 8, batches: 120, time: 0.006, data: 0.002) loss_G_comp: 0.166 loss_G_anti_sc: 0.293 loss_G: 0.493 loss_D_real: 0.061 loss_D_fake: 2.348 loss_D_gr_fake: 0.393 loss_D: 2.802 acc_real: 0.976 acc_fake: 0.102 acc_grfake: 0.936 loss_G_conf: 0.033 
(epoch: 8, batches: 140, time: 0.006, data: 0.001) loss_G_comp: 0.166 loss_G_anti_sc: 0.293 loss_G: 0.493 loss_D_real: 0.185 loss_D_fake: 1.690 loss_D_gr_fake: 0.196 loss_D: 2.071 acc_real: 0.976 acc_fake: 0.102 acc_grfake: 0.936 loss_G_conf: 0.033 
(epoch: 8, batches: 160, time: 0.006, data: 0.015) loss_G_comp: 0.166 loss_G_anti_sc: 0.293 loss_G: 0.493 loss_D_real: 0.077 loss_D_fake: 2.194 loss_D_gr_fake: 0.163 loss_D: 2.433 acc_real: 0.976 acc_fake: 0.102 acc_grfake: 0.936 loss_G_conf: 0.033 
validation accuracies:
                gf: 0.94
                real: 0.99
                fake: 0.16

ran validation set (B:1801) in                         45.5 s.
(epoch: 8, batches: 180, time: 0.006, data: 0.003) loss_G_comp: 0.166 loss_G_anti_sc: 0.293 loss_G: 0.493 loss_D_real: 0.079 loss_D_fake: 2.355 loss_D_gr_fake: 0.301 loss_D: 2.735 acc_real: 0.993 acc_fake: 0.159 acc_grfake: 0.941 loss_G_conf: 0.033 
(epoch: 8, batches: 200, time: 0.006, data: 0.002) loss_G_comp: 0.166 loss_G_anti_sc: 0.293 loss_G: 0.493 loss_D_real: 0.070 loss_D_fake: 2.122 loss_D_gr_fake: 0.191 loss_D: 2.382 acc_real: 0.993 acc_fake: 0.159 acc_grfake: 0.941 loss_G_conf: 0.033 
(epoch: 8, batches: 220, time: 0.006, data: 0.002) loss_G_comp: 0.166 loss_G_anti_sc: 0.293 loss_G: 0.493 loss_D_real: 0.085 loss_D_fake: 1.987 loss_D_gr_fake: 0.244 loss_D: 2.315 acc_real: 0.993 acc_fake: 0.159 acc_grfake: 0.941 loss_G_conf: 0.033 
learning rate 0.0001000 -> 0.0001000
End of epoch 8 / 20 	 Time Taken: 190 sec
(epoch: 9, batches: 20, time: 0.006, data: 0.003) loss_G_comp: 0.166 loss_G_anti_sc: 0.293 loss_G: 0.493 loss_D_real: 0.209 loss_D_fake: 1.451 loss_D_gr_fake: 0.091 loss_D: 1.751 acc_real: 0.993 acc_fake: 0.159 acc_grfake: 0.941 loss_G_conf: 0.033 
validation accuracies:
                gf: 0.96
                real: 0.94
                fake: 0.52

ran validation set (B:1901) in                         45.7 s.
(epoch: 9, batches: 40, time: 0.006, data: 0.003) loss_G_comp: 0.166 loss_G_anti_sc: 0.293 loss_G: 0.493 loss_D_real: 0.050 loss_D_fake: 1.724 loss_D_gr_fake: 0.160 loss_D: 1.933 acc_real: 0.942 acc_fake: 0.516 acc_grfake: 0.959 loss_G_conf: 0.033 
(epoch: 9, batches: 60, time: 0.007, data: 0.001) loss_G_comp: 0.166 loss_G_anti_sc: 0.293 loss_G: 0.493 loss_D_real: 0.052 loss_D_fake: 1.739 loss_D_gr_fake: 0.254 loss_D: 2.045 acc_real: 0.942 acc_fake: 0.516 acc_grfake: 0.959 loss_G_conf: 0.033 
(epoch: 9, batches: 80, time: 0.006, data: 0.001) loss_G_comp: 0.166 loss_G_anti_sc: 0.293 loss_G: 0.493 loss_D_real: 0.087 loss_D_fake: 1.466 loss_D_gr_fake: 0.096 loss_D: 1.650 acc_real: 0.942 acc_fake: 0.516 acc_grfake: 0.959 loss_G_conf: 0.033 
(epoch: 9, batches: 100, time: 0.006, data: 0.002) loss_G_comp: 0.166 loss_G_anti_sc: 0.293 loss_G: 0.493 loss_D_real: 0.049 loss_D_fake: 1.497 loss_D_gr_fake: 0.154 loss_D: 1.700 acc_real: 0.942 acc_fake: 0.516 acc_grfake: 0.959 loss_G_conf: 0.033 
(epoch: 9, batches: 120, time: 0.006, data: 0.017) loss_G_comp: 0.166 loss_G_anti_sc: 0.293 loss_G: 0.493 loss_D_real: 0.086 loss_D_fake: 1.227 loss_D_gr_fake: 0.100 loss_D: 1.413 acc_real: 0.942 acc_fake: 0.516 acc_grfake: 0.959 loss_G_conf: 0.033 
validation accuracies:
                gf: 0.96
                real: 0.96
                fake: 0.68

ran validation set (B:2001) in                         45.5 s.
(epoch: 9, batches: 140, time: 0.007, data: 0.003) loss_G_comp: 0.062 loss_G_anti_sc: 0.950 loss_G: 1.049 loss_D_real: 0.659 loss_D_fake: 1.682 loss_D_gr_fake: 0.073 loss_D: 2.414 acc_real: 0.962 acc_fake: 0.684 acc_grfake: 0.957 loss_G_conf: 0.037 
(epoch: 9, batches: 160, time: 0.007, data: 0.003) loss_G_comp: 0.223 loss_G_anti_sc: 0.438 loss_G: 0.691 loss_D_real: 0.107 loss_D_fake: 1.983 loss_D_gr_fake: 0.149 loss_D: 2.239 acc_real: 0.962 acc_fake: 0.684 acc_grfake: 0.957 loss_G_conf: 0.030 
(epoch: 9, batches: 180, time: 0.007, data: 0.001) loss_G_comp: 0.069 loss_G_anti_sc: 0.963 loss_G: 1.074 loss_D_real: 0.434 loss_D_fake: 1.647 loss_D_gr_fake: 0.074 loss_D: 2.155 acc_real: 0.962 acc_fake: 0.684 acc_grfake: 0.957 loss_G_conf: 0.042 
(epoch: 9, batches: 200, time: 0.007, data: 0.015) loss_G_comp: 0.219 loss_G_anti_sc: 0.234 loss_G: 0.490 loss_D_real: 0.105 loss_D_fake: 2.177 loss_D_gr_fake: 0.297 loss_D: 2.579 acc_real: 0.962 acc_fake: 0.684 acc_grfake: 0.957 loss_G_conf: 0.037 
(epoch: 9, batches: 220, time: 0.007, data: 0.021) loss_G_comp: 0.205 loss_G_anti_sc: 0.426 loss_G: 0.664 loss_D_real: 0.114 loss_D_fake: 2.239 loss_D_gr_fake: 0.130 loss_D: 2.483 acc_real: 0.962 acc_fake: 0.684 acc_grfake: 0.957 loss_G_conf: 0.033 
validation accuracies:
                gf: 0.94
                real: 0.97
                fake: 0.18

ran validation set (B:2101) in                         45.5 s.
learning rate 0.0001000 -> 0.0001000
End of epoch 9 / 20 	 Time Taken: 236 sec
(epoch: 10, batches: 20, time: 0.006, data: 0.001) loss_G_comp: 0.211 loss_G_anti_sc: 0.408 loss_G: 0.651 loss_D_real: 0.054 loss_D_fake: 2.472 loss_D_gr_fake: 0.168 loss_D: 2.694 acc_real: 0.970 acc_fake: 0.183 acc_grfake: 0.944 loss_G_conf: 0.032 
(epoch: 10, batches: 40, time: 0.006, data: 0.005) loss_G_comp: 0.211 loss_G_anti_sc: 0.408 loss_G: 0.651 loss_D_real: 0.084 loss_D_fake: 2.096 loss_D_gr_fake: 0.128 loss_D: 2.307 acc_real: 0.970 acc_fake: 0.183 acc_grfake: 0.944 loss_G_conf: 0.032 
(epoch: 10, batches: 60, time: 0.006, data: 0.003) loss_G_comp: 0.211 loss_G_anti_sc: 0.408 loss_G: 0.651 loss_D_real: 0.188 loss_D_fake: 1.773 loss_D_gr_fake: 0.040 loss_D: 2.001 acc_real: 0.970 acc_fake: 0.183 acc_grfake: 0.944 loss_G_conf: 0.032 
(epoch: 10, batches: 80, time: 0.006, data: 0.006) loss_G_comp: 0.211 loss_G_anti_sc: 0.408 loss_G: 0.651 loss_D_real: 0.040 loss_D_fake: 2.265 loss_D_gr_fake: 0.329 loss_D: 2.633 acc_real: 0.970 acc_fake: 0.183 acc_grfake: 0.944 loss_G_conf: 0.032 
validation accuracies:
                gf: 0.95
                real: 0.98
                fake: 0.36

ran validation set (B:2201) in                         45.6 s.
(epoch: 10, batches: 100, time: 0.006, data: 0.001) loss_G_comp: 0.211 loss_G_anti_sc: 0.408 loss_G: 0.651 loss_D_real: 0.053 loss_D_fake: 1.873 loss_D_gr_fake: 0.120 loss_D: 2.046 acc_real: 0.981 acc_fake: 0.356 acc_grfake: 0.946 loss_G_conf: 0.032 
(epoch: 10, batches: 120, time: 0.006, data: 0.017) loss_G_comp: 0.211 loss_G_anti_sc: 0.408 loss_G: 0.651 loss_D_real: 0.066 loss_D_fake: 1.906 loss_D_gr_fake: 0.121 loss_D: 2.094 acc_real: 0.981 acc_fake: 0.356 acc_grfake: 0.946 loss_G_conf: 0.032 
(epoch: 10, batches: 140, time: 0.006, data: 0.004) loss_G_comp: 0.211 loss_G_anti_sc: 0.408 loss_G: 0.651 loss_D_real: 0.077 loss_D_fake: 1.805 loss_D_gr_fake: 0.108 loss_D: 1.990 acc_real: 0.981 acc_fake: 0.356 acc_grfake: 0.946 loss_G_conf: 0.032 
(epoch: 10, batches: 160, time: 0.007, data: 0.001) loss_G_comp: 0.211 loss_G_anti_sc: 0.408 loss_G: 0.651 loss_D_real: 0.064 loss_D_fake: 1.584 loss_D_gr_fake: 0.045 loss_D: 1.693 acc_real: 0.981 acc_fake: 0.356 acc_grfake: 0.946 loss_G_conf: 0.032 
(epoch: 10, batches: 180, time: 0.007, data: 0.003) loss_G_comp: 0.211 loss_G_anti_sc: 0.408 loss_G: 0.651 loss_D_real: 0.061 loss_D_fake: 1.671 loss_D_gr_fake: 0.360 loss_D: 2.092 acc_real: 0.981 acc_fake: 0.356 acc_grfake: 0.946 loss_G_conf: 0.032 
validation accuracies:
                gf: 0.96
                real: 0.95
                fake: 0.55

ran validation set (B:2301) in                         45.9 s.
(epoch: 10, batches: 200, time: 0.006, data: 0.004) loss_G_comp: 0.211 loss_G_anti_sc: 0.408 loss_G: 0.651 loss_D_real: 0.068 loss_D_fake: 1.655 loss_D_gr_fake: 0.034 loss_D: 1.757 acc_real: 0.952 acc_fake: 0.554 acc_grfake: 0.957 loss_G_conf: 0.032 
(epoch: 10, batches: 220, time: 0.006, data: 0.004) loss_G_comp: 0.211 loss_G_anti_sc: 0.408 loss_G: 0.651 loss_D_real: 0.117 loss_D_fake: 1.257 loss_D_gr_fake: 0.100 loss_D: 1.474 acc_real: 0.952 acc_fake: 0.554 acc_grfake: 0.957 loss_G_conf: 0.032 
saving the model at the end of epoch 10, iters 149760
learning rate 0.0001000 -> 0.0000800
End of epoch 10 / 20 	 Time Taken: 189 sec
(epoch: 11, batches: 20, time: 0.007, data: 0.003) loss_G_comp: 0.211 loss_G_anti_sc: 0.408 loss_G: 0.651 loss_D_real: 0.037 loss_D_fake: 1.798 loss_D_gr_fake: 0.389 loss_D: 2.224 acc_real: 0.952 acc_fake: 0.554 acc_grfake: 0.957 loss_G_conf: 0.032 
(epoch: 11, batches: 40, time: 0.006, data: 0.018) loss_G_comp: 0.211 loss_G_anti_sc: 0.408 loss_G: 0.651 loss_D_real: 0.073 loss_D_fake: 1.418 loss_D_gr_fake: 0.188 loss_D: 1.679 acc_real: 0.952 acc_fake: 0.554 acc_grfake: 0.957 loss_G_conf: 0.032 
(epoch: 11, batches: 60, time: 0.009, data: 0.004) loss_G_comp: 0.211 loss_G_anti_sc: 0.408 loss_G: 0.651 loss_D_real: 0.059 loss_D_fake: 1.552 loss_D_gr_fake: 0.177 loss_D: 1.789 acc_real: 0.952 acc_fake: 0.554 acc_grfake: 0.957 loss_G_conf: 0.032 
validation accuracies:
                gf: 0.94
                real: 0.99
                fake: 0.57

ran validation set (B:2401) in                         45.6 s.
(epoch: 11, batches: 80, time: 0.007, data: 0.018) loss_G_comp: 0.211 loss_G_anti_sc: 0.408 loss_G: 0.651 loss_D_real: 0.064 loss_D_fake: 1.164 loss_D_gr_fake: 0.113 loss_D: 1.341 acc_real: 0.993 acc_fake: 0.569 acc_grfake: 0.941 loss_G_conf: 0.032 
(epoch: 11, batches: 100, time: 0.007, data: 0.006) loss_G_comp: 0.211 loss_G_anti_sc: 0.408 loss_G: 0.651 loss_D_real: 0.059 loss_D_fake: 1.320 loss_D_gr_fake: 0.117 loss_D: 1.496 acc_real: 0.993 acc_fake: 0.569 acc_grfake: 0.941 loss_G_conf: 0.032 
(epoch: 11, batches: 120, time: 0.007, data: 0.001) loss_G_comp: 0.211 loss_G_anti_sc: 0.408 loss_G: 0.651 loss_D_real: 0.041 loss_D_fake: 1.664 loss_D_gr_fake: 0.235 loss_D: 1.939 acc_real: 0.993 acc_fake: 0.569 acc_grfake: 0.941 loss_G_conf: 0.032 
(epoch: 11, batches: 140, time: 0.006, data: 0.001) loss_G_comp: 0.211 loss_G_anti_sc: 0.408 loss_G: 0.651 loss_D_real: 0.052 loss_D_fake: 1.446 loss_D_gr_fake: 0.170 loss_D: 1.668 acc_real: 0.993 acc_fake: 0.569 acc_grfake: 0.941 loss_G_conf: 0.032 
(epoch: 11, batches: 160, time: 0.010, data: 0.078) loss_G_comp: 0.211 loss_G_anti_sc: 0.408 loss_G: 0.651 loss_D_real: 0.041 loss_D_fake: 1.502 loss_D_gr_fake: 0.241 loss_D: 1.784 acc_real: 0.993 acc_fake: 0.569 acc_grfake: 0.941 loss_G_conf: 0.032 
validation accuracies:
                gf: 0.94
                real: 0.99
                fake: 0.67

ran validation set (B:2501) in                         45.9 s.
(epoch: 11, batches: 180, time: 0.007, data: 0.003) loss_G_comp: 0.210 loss_G_anti_sc: 0.270 loss_G: 0.517 loss_D_real: 0.100 loss_D_fake: 2.335 loss_D_gr_fake: 0.076 loss_D: 2.511 acc_real: 0.990 acc_fake: 0.672 acc_grfake: 0.943 loss_G_conf: 0.037 
(epoch: 11, batches: 200, time: 0.007, data: 0.004) loss_G_comp: 0.163 loss_G_anti_sc: 0.465 loss_G: 0.673 loss_D_real: 0.093 loss_D_fake: 2.466 loss_D_gr_fake: 0.168 loss_D: 2.728 acc_real: 0.990 acc_fake: 0.672 acc_grfake: 0.943 loss_G_conf: 0.044 
(epoch: 11, batches: 220, time: 0.007, data: 0.004) loss_G_comp: 0.434 loss_G_anti_sc: 0.116 loss_G: 0.600 loss_D_real: 0.064 loss_D_fake: 2.469 loss_D_gr_fake: 0.202 loss_D: 2.736 acc_real: 0.990 acc_fake: 0.672 acc_grfake: 0.943 loss_G_conf: 0.049 
learning rate 0.0000800 -> 0.0000800
End of epoch 11 / 20 	 Time Taken: 189 sec
(epoch: 12, batches: 20, time: 0.007, data: 0.002) loss_G_comp: 0.124 loss_G_anti_sc: 0.242 loss_G: 0.407 loss_D_real: 0.115 loss_D_fake: 2.479 loss_D_gr_fake: 0.106 loss_D: 2.701 acc_real: 0.990 acc_fake: 0.672 acc_grfake: 0.943 loss_G_conf: 0.041 
validation accuracies:
                gf: 0.94
                real: 0.97
                fake: 0.07

ran validation set (B:2601) in                         45.5 s.
(epoch: 12, batches: 40, time: 0.006, data: 0.004) loss_G_comp: 0.095 loss_G_anti_sc: 0.377 loss_G: 0.517 loss_D_real: 0.084 loss_D_fake: 2.051 loss_D_gr_fake: 0.099 loss_D: 2.234 acc_real: 0.972 acc_fake: 0.068 acc_grfake: 0.945 loss_G_conf: 0.046 
(epoch: 12, batches: 60, time: 0.005, data: 0.003) loss_G_comp: 0.095 loss_G_anti_sc: 0.377 loss_G: 0.517 loss_D_real: 0.090 loss_D_fake: 1.966 loss_D_gr_fake: 0.180 loss_D: 2.236 acc_real: 0.972 acc_fake: 0.068 acc_grfake: 0.945 loss_G_conf: 0.046 
(epoch: 12, batches: 80, time: 0.008, data: 0.001) loss_G_comp: 0.095 loss_G_anti_sc: 0.377 loss_G: 0.517 loss_D_real: 0.073 loss_D_fake: 1.890 loss_D_gr_fake: 0.101 loss_D: 2.064 acc_real: 0.972 acc_fake: 0.068 acc_grfake: 0.945 loss_G_conf: 0.046 
(epoch: 12, batches: 100, time: 0.006, data: 0.006) loss_G_comp: 0.095 loss_G_anti_sc: 0.377 loss_G: 0.517 loss_D_real: 0.058 loss_D_fake: 2.327 loss_D_gr_fake: 0.333 loss_D: 2.718 acc_real: 0.972 acc_fake: 0.068 acc_grfake: 0.945 loss_G_conf: 0.046 
(epoch: 12, batches: 120, time: 0.006, data: 0.003) loss_G_comp: 0.095 loss_G_anti_sc: 0.377 loss_G: 0.517 loss_D_real: 0.075 loss_D_fake: 1.788 loss_D_gr_fake: 0.128 loss_D: 1.991 acc_real: 0.972 acc_fake: 0.068 acc_grfake: 0.945 loss_G_conf: 0.046 
validation accuracies:
                gf: 0.96
                real: 0.98
                fake: 0.34

ran validation set (B:2701) in                         45.5 s.
(epoch: 12, batches: 140, time: 0.007, data: 0.003) loss_G_comp: 0.095 loss_G_anti_sc: 0.377 loss_G: 0.517 loss_D_real: 0.046 loss_D_fake: 1.936 loss_D_gr_fake: 0.293 loss_D: 2.274 acc_real: 0.980 acc_fake: 0.341 acc_grfake: 0.958 loss_G_conf: 0.046 
(epoch: 12, batches: 160, time: 0.007, data: 0.005) loss_G_comp: 0.095 loss_G_anti_sc: 0.377 loss_G: 0.517 loss_D_real: 0.074 loss_D_fake: 1.805 loss_D_gr_fake: 0.169 loss_D: 2.049 acc_real: 0.980 acc_fake: 0.341 acc_grfake: 0.958 loss_G_conf: 0.046 
(epoch: 12, batches: 180, time: 0.006, data: 0.003) loss_G_comp: 0.095 loss_G_anti_sc: 0.377 loss_G: 0.517 loss_D_real: 0.057 loss_D_fake: 1.914 loss_D_gr_fake: 0.206 loss_D: 2.177 acc_real: 0.980 acc_fake: 0.341 acc_grfake: 0.958 loss_G_conf: 0.046 
(epoch: 12, batches: 200, time: 0.006, data: 0.013) loss_G_comp: 0.095 loss_G_anti_sc: 0.377 loss_G: 0.517 loss_D_real: 0.076 loss_D_fake: 1.551 loss_D_gr_fake: 0.122 loss_D: 1.749 acc_real: 0.980 acc_fake: 0.341 acc_grfake: 0.958 loss_G_conf: 0.046 
(epoch: 12, batches: 220, time: 0.006, data: 0.003) loss_G_comp: 0.095 loss_G_anti_sc: 0.377 loss_G: 0.517 loss_D_real: 0.067 loss_D_fake: 1.642 loss_D_gr_fake: 0.143 loss_D: 1.852 acc_real: 0.980 acc_fake: 0.341 acc_grfake: 0.958 loss_G_conf: 0.046 
validation accuracies:
                gf: 0.94
                real: 0.99
                fake: 0.43

ran validation set (B:2801) in                         45.5 s.
learning rate 0.0000800 -> 0.0000800
End of epoch 12 / 20 	 Time Taken: 234 sec
(epoch: 13, batches: 20, time: 0.006, data: 0.006) loss_G_comp: 0.095 loss_G_anti_sc: 0.377 loss_G: 0.517 loss_D_real: 0.059 loss_D_fake: 1.475 loss_D_gr_fake: 0.185 loss_D: 1.719 acc_real: 0.989 acc_fake: 0.432 acc_grfake: 0.942 loss_G_conf: 0.046 
(epoch: 13, batches: 40, time: 0.006, data: 0.002) loss_G_comp: 0.095 loss_G_anti_sc: 0.377 loss_G: 0.517 loss_D_real: 0.134 loss_D_fake: 1.390 loss_D_gr_fake: 0.094 loss_D: 1.617 acc_real: 0.989 acc_fake: 0.432 acc_grfake: 0.942 loss_G_conf: 0.046 
(epoch: 13, batches: 60, time: 0.006, data: 0.018) loss_G_comp: 0.095 loss_G_anti_sc: 0.377 loss_G: 0.517 loss_D_real: 0.065 loss_D_fake: 1.529 loss_D_gr_fake: 0.102 loss_D: 1.696 acc_real: 0.989 acc_fake: 0.432 acc_grfake: 0.942 loss_G_conf: 0.046 
(epoch: 13, batches: 80, time: 0.007, data: 0.003) loss_G_comp: 0.095 loss_G_anti_sc: 0.377 loss_G: 0.517 loss_D_real: 0.060 loss_D_fake: 1.652 loss_D_gr_fake: 0.058 loss_D: 1.770 acc_real: 0.989 acc_fake: 0.432 acc_grfake: 0.942 loss_G_conf: 0.046 
validation accuracies:
                gf: 0.95
                real: 0.99
                fake: 0.57

ran validation set (B:2901) in                         45.6 s.
(epoch: 13, batches: 100, time: 0.005, data: 0.004) loss_G_comp: 0.095 loss_G_anti_sc: 0.377 loss_G: 0.517 loss_D_real: 0.132 loss_D_fake: 1.450 loss_D_gr_fake: 0.182 loss_D: 1.765 acc_real: 0.985 acc_fake: 0.572 acc_grfake: 0.954 loss_G_conf: 0.046 
(epoch: 13, batches: 120, time: 0.006, data: 0.001) loss_G_comp: 0.095 loss_G_anti_sc: 0.377 loss_G: 0.517 loss_D_real: 0.058 loss_D_fake: 1.490 loss_D_gr_fake: 0.363 loss_D: 1.911 acc_real: 0.985 acc_fake: 0.572 acc_grfake: 0.954 loss_G_conf: 0.046 
(epoch: 13, batches: 140, time: 0.006, data: 0.017) loss_G_comp: 0.095 loss_G_anti_sc: 0.377 loss_G: 0.517 loss_D_real: 0.090 loss_D_fake: 1.255 loss_D_gr_fake: 0.011 loss_D: 1.355 acc_real: 0.985 acc_fake: 0.572 acc_grfake: 0.954 loss_G_conf: 0.046 
(epoch: 13, batches: 160, time: 0.007, data: 0.001) loss_G_comp: 0.095 loss_G_anti_sc: 0.377 loss_G: 0.517 loss_D_real: 0.063 loss_D_fake: 1.460 loss_D_gr_fake: 0.302 loss_D: 1.824 acc_real: 0.985 acc_fake: 0.572 acc_grfake: 0.954 loss_G_conf: 0.046 
(epoch: 13, batches: 180, time: 0.006, data: 0.003) loss_G_comp: 0.095 loss_G_anti_sc: 0.377 loss_G: 0.517 loss_D_real: 0.056 loss_D_fake: 1.242 loss_D_gr_fake: 0.174 loss_D: 1.472 acc_real: 0.985 acc_fake: 0.572 acc_grfake: 0.954 loss_G_conf: 0.046 
validation accuracies:
                gf: 0.95
                real: 0.99
                fake: 0.66

ran validation set (B:3001) in                         45.8 s.
(epoch: 13, batches: 200, time: 0.007, data: 0.001) loss_G_comp: 0.135 loss_G_anti_sc: 0.721 loss_G: 0.925 loss_D_real: 0.578 loss_D_fake: 2.380 loss_D_gr_fake: 0.037 loss_D: 2.996 acc_real: 0.994 acc_fake: 0.660 acc_grfake: 0.945 loss_G_conf: 0.070 
(epoch: 13, batches: 220, time: 0.007, data: 0.016) loss_G_comp: 0.110 loss_G_anti_sc: 0.584 loss_G: 0.741 loss_D_real: 0.068 loss_D_fake: 2.630 loss_D_gr_fake: 0.101 loss_D: 2.798 acc_real: 0.994 acc_fake: 0.660 acc_grfake: 0.945 loss_G_conf: 0.047 
learning rate 0.0000800 -> 0.0000800
End of epoch 13 / 20 	 Time Taken: 189 sec
(epoch: 14, batches: 20, time: 0.008, data: 0.016) loss_G_comp: 0.159 loss_G_anti_sc: 0.248 loss_G: 0.456 loss_D_real: 0.132 loss_D_fake: 1.710 loss_D_gr_fake: 0.053 loss_D: 1.896 acc_real: 0.994 acc_fake: 0.660 acc_grfake: 0.945 loss_G_conf: 0.049 
(epoch: 14, batches: 40, time: 0.007, data: 0.001) loss_G_comp: 0.078 loss_G_anti_sc: 0.285 loss_G: 0.419 loss_D_real: 0.207 loss_D_fake: 2.127 loss_D_gr_fake: 0.077 loss_D: 2.411 acc_real: 0.994 acc_fake: 0.660 acc_grfake: 0.945 loss_G_conf: 0.056 
validation accuracies:
                gf: 0.94
                real: 0.97
                fake: 0.12

ran validation set (B:3101) in                         45.6 s.
(epoch: 14, batches: 60, time: 0.005, data: 0.004) loss_G_comp: 0.148 loss_G_anti_sc: 0.251 loss_G: 0.456 loss_D_real: 0.090 loss_D_fake: 2.734 loss_D_gr_fake: 0.231 loss_D: 3.055 acc_real: 0.970 acc_fake: 0.118 acc_grfake: 0.945 loss_G_conf: 0.057 
(epoch: 14, batches: 80, time: 0.007, data: 0.009) loss_G_comp: 0.148 loss_G_anti_sc: 0.251 loss_G: 0.456 loss_D_real: 0.045 loss_D_fake: 2.821 loss_D_gr_fake: 0.085 loss_D: 2.952 acc_real: 0.970 acc_fake: 0.118 acc_grfake: 0.945 loss_G_conf: 0.057 
(epoch: 14, batches: 100, time: 0.007, data: 0.011) loss_G_comp: 0.148 loss_G_anti_sc: 0.251 loss_G: 0.456 loss_D_real: 0.051 loss_D_fake: 2.630 loss_D_gr_fake: 0.197 loss_D: 2.879 acc_real: 0.970 acc_fake: 0.118 acc_grfake: 0.945 loss_G_conf: 0.057 
(epoch: 14, batches: 120, time: 0.006, data: 0.003) loss_G_comp: 0.148 loss_G_anti_sc: 0.251 loss_G: 0.456 loss_D_real: 0.079 loss_D_fake: 2.386 loss_D_gr_fake: 0.107 loss_D: 2.572 acc_real: 0.970 acc_fake: 0.118 acc_grfake: 0.945 loss_G_conf: 0.057 
(epoch: 14, batches: 140, time: 0.006, data: 0.004) loss_G_comp: 0.148 loss_G_anti_sc: 0.251 loss_G: 0.456 loss_D_real: 0.068 loss_D_fake: 2.394 loss_D_gr_fake: 0.109 loss_D: 2.572 acc_real: 0.970 acc_fake: 0.118 acc_grfake: 0.945 loss_G_conf: 0.057 
validation accuracies:
                gf: 0.95
                real: 0.98
                fake: 0.17

ran validation set (B:3201) in                         45.6 s.
(epoch: 14, batches: 160, time: 0.005, data: 0.005) loss_G_comp: 0.148 loss_G_anti_sc: 0.251 loss_G: 0.456 loss_D_real: 0.049 loss_D_fake: 2.191 loss_D_gr_fake: 0.050 loss_D: 2.289 acc_real: 0.984 acc_fake: 0.171 acc_grfake: 0.954 loss_G_conf: 0.057 
(epoch: 14, batches: 180, time: 0.006, data: 0.003) loss_G_comp: 0.148 loss_G_anti_sc: 0.251 loss_G: 0.456 loss_D_real: 0.092 loss_D_fake: 2.259 loss_D_gr_fake: 0.113 loss_D: 2.464 acc_real: 0.984 acc_fake: 0.171 acc_grfake: 0.954 loss_G_conf: 0.057 
(epoch: 14, batches: 200, time: 0.006, data: 0.001) loss_G_comp: 0.148 loss_G_anti_sc: 0.251 loss_G: 0.456 loss_D_real: 0.033 loss_D_fake: 2.303 loss_D_gr_fake: 0.201 loss_D: 2.538 acc_real: 0.984 acc_fake: 0.171 acc_grfake: 0.954 loss_G_conf: 0.057 
(epoch: 14, batches: 220, time: 0.006, data: 0.003) loss_G_comp: 0.148 loss_G_anti_sc: 0.251 loss_G: 0.456 loss_D_real: 0.084 loss_D_fake: 1.746 loss_D_gr_fake: 0.119 loss_D: 1.949 acc_real: 0.984 acc_fake: 0.171 acc_grfake: 0.954 loss_G_conf: 0.057 
learning rate 0.0000800 -> 0.0000800
End of epoch 14 / 20 	 Time Taken: 188 sec
(epoch: 15, batches: 20, time: 0.006, data: 0.001) loss_G_comp: 0.148 loss_G_anti_sc: 0.251 loss_G: 0.456 loss_D_real: 0.074 loss_D_fake: 1.908 loss_D_gr_fake: 0.119 loss_D: 2.101 acc_real: 0.984 acc_fake: 0.171 acc_grfake: 0.954 loss_G_conf: 0.057 
validation accuracies:
                gf: 0.95
                real: 0.97
                fake: 0.42

ran validation set (B:3301) in                         46.0 s.
(epoch: 15, batches: 40, time: 0.006, data: 0.004) loss_G_comp: 0.148 loss_G_anti_sc: 0.251 loss_G: 0.456 loss_D_real: 0.038 loss_D_fake: 2.077 loss_D_gr_fake: 0.103 loss_D: 2.218 acc_real: 0.971 acc_fake: 0.419 acc_grfake: 0.955 loss_G_conf: 0.057 
(epoch: 15, batches: 60, time: 0.006, data: 0.001) loss_G_comp: 0.148 loss_G_anti_sc: 0.251 loss_G: 0.456 loss_D_real: 0.047 loss_D_fake: 1.925 loss_D_gr_fake: 0.178 loss_D: 2.151 acc_real: 0.971 acc_fake: 0.419 acc_grfake: 0.955 loss_G_conf: 0.057 
(epoch: 15, batches: 80, time: 0.006, data: 0.003) loss_G_comp: 0.148 loss_G_anti_sc: 0.251 loss_G: 0.456 loss_D_real: 0.058 loss_D_fake: 1.722 loss_D_gr_fake: 0.312 loss_D: 2.092 acc_real: 0.971 acc_fake: 0.419 acc_grfake: 0.955 loss_G_conf: 0.057 
(epoch: 15, batches: 100, time: 0.006, data: 0.001) loss_G_comp: 0.148 loss_G_anti_sc: 0.251 loss_G: 0.456 loss_D_real: 0.130 loss_D_fake: 1.469 loss_D_gr_fake: 0.120 loss_D: 1.719 acc_real: 0.971 acc_fake: 0.419 acc_grfake: 0.955 loss_G_conf: 0.057 
(epoch: 15, batches: 120, time: 0.005, data: 0.002) loss_G_comp: 0.148 loss_G_anti_sc: 0.251 loss_G: 0.456 loss_D_real: 0.056 loss_D_fake: 1.587 loss_D_gr_fake: 0.026 loss_D: 1.670 acc_real: 0.971 acc_fake: 0.419 acc_grfake: 0.955 loss_G_conf: 0.057 
validation accuracies:
                gf: 0.95
                real: 0.99
                fake: 0.52

ran validation set (B:3401) in                         45.9 s.
(epoch: 15, batches: 140, time: 0.006, data: 0.003) loss_G_comp: 0.148 loss_G_anti_sc: 0.251 loss_G: 0.456 loss_D_real: 0.073 loss_D_fake: 1.448 loss_D_gr_fake: 0.014 loss_D: 1.535 acc_real: 0.989 acc_fake: 0.517 acc_grfake: 0.951 loss_G_conf: 0.057 
(epoch: 15, batches: 160, time: 0.007, data: 0.003) loss_G_comp: 0.148 loss_G_anti_sc: 0.251 loss_G: 0.456 loss_D_real: 0.051 loss_D_fake: 1.770 loss_D_gr_fake: 0.312 loss_D: 2.132 acc_real: 0.989 acc_fake: 0.517 acc_grfake: 0.951 loss_G_conf: 0.057 
(epoch: 15, batches: 180, time: 0.006, data: 0.005) loss_G_comp: 0.148 loss_G_anti_sc: 0.251 loss_G: 0.456 loss_D_real: 0.061 loss_D_fake: 1.516 loss_D_gr_fake: 0.064 loss_D: 1.640 acc_real: 0.989 acc_fake: 0.517 acc_grfake: 0.951 loss_G_conf: 0.057 
(epoch: 15, batches: 200, time: 0.007, data: 0.001) loss_G_comp: 0.148 loss_G_anti_sc: 0.251 loss_G: 0.456 loss_D_real: 0.077 loss_D_fake: 1.457 loss_D_gr_fake: 0.130 loss_D: 1.664 acc_real: 0.989 acc_fake: 0.517 acc_grfake: 0.951 loss_G_conf: 0.057 
(epoch: 15, batches: 220, time: 0.007, data: 0.001) loss_G_comp: 0.148 loss_G_anti_sc: 0.251 loss_G: 0.456 loss_D_real: 0.186 loss_D_fake: 1.380 loss_D_gr_fake: 0.193 loss_D: 1.759 acc_real: 0.989 acc_fake: 0.517 acc_grfake: 0.951 loss_G_conf: 0.057 
validation accuracies:
                gf: 0.95
                real: 0.99
                fake: 0.42

ran validation set (B:3501) in                         46.4 s.
saving the model at the end of epoch 15, iters 224640
learning rate 0.0000800 -> 0.0000800
End of epoch 15 / 20 	 Time Taken: 236 sec
(epoch: 16, batches: 20, time: 0.007, data: 0.001) loss_G_comp: 0.148 loss_G_anti_sc: 0.251 loss_G: 0.456 loss_D_real: 0.050 loss_D_fake: 1.588 loss_D_gr_fake: 0.142 loss_D: 1.780 acc_real: 0.989 acc_fake: 0.416 acc_grfake: 0.952 loss_G_conf: 0.057 
(epoch: 16, batches: 40, time: 0.006, data: 0.006) loss_G_comp: 0.148 loss_G_anti_sc: 0.251 loss_G: 0.456 loss_D_real: 0.042 loss_D_fake: 1.555 loss_D_gr_fake: 0.152 loss_D: 1.750 acc_real: 0.989 acc_fake: 0.416 acc_grfake: 0.952 loss_G_conf: 0.057 
(epoch: 16, batches: 60, time: 0.007, data: 0.001) loss_G_comp: 0.148 loss_G_anti_sc: 0.251 loss_G: 0.456 loss_D_real: 0.058 loss_D_fake: 1.476 loss_D_gr_fake: 0.162 loss_D: 1.696 acc_real: 0.989 acc_fake: 0.416 acc_grfake: 0.952 loss_G_conf: 0.057 
(epoch: 16, batches: 80, time: 0.007, data: 0.018) loss_G_comp: 0.148 loss_G_anti_sc: 0.251 loss_G: 0.456 loss_D_real: 0.060 loss_D_fake: 1.375 loss_D_gr_fake: 0.058 loss_D: 1.493 acc_real: 0.989 acc_fake: 0.416 acc_grfake: 0.952 loss_G_conf: 0.057 
validation accuracies:
                gf: 0.95
                real: 0.99
                fake: 0.53

ran validation set (B:3601) in                         45.5 s.
(epoch: 16, batches: 100, time: 0.005, data: 0.002) loss_G_comp: 0.148 loss_G_anti_sc: 0.251 loss_G: 0.456 loss_D_real: 0.047 loss_D_fake: 1.308 loss_D_gr_fake: 0.176 loss_D: 1.532 acc_real: 0.992 acc_fake: 0.530 acc_grfake: 0.951 loss_G_conf: 0.057 
(epoch: 16, batches: 120, time: 0.006, data: 0.017) loss_G_comp: 0.148 loss_G_anti_sc: 0.251 loss_G: 0.456 loss_D_real: 0.082 loss_D_fake: 1.301 loss_D_gr_fake: 0.097 loss_D: 1.480 acc_real: 0.992 acc_fake: 0.530 acc_grfake: 0.951 loss_G_conf: 0.057 
(epoch: 16, batches: 140, time: 0.006, data: 0.002) loss_G_comp: 0.148 loss_G_anti_sc: 0.251 loss_G: 0.456 loss_D_real: 0.061 loss_D_fake: 1.487 loss_D_gr_fake: 0.294 loss_D: 1.841 acc_real: 0.992 acc_fake: 0.530 acc_grfake: 0.951 loss_G_conf: 0.057 
(epoch: 16, batches: 160, time: 0.006, data: 0.004) loss_G_comp: 0.148 loss_G_anti_sc: 0.251 loss_G: 0.456 loss_D_real: 0.214 loss_D_fake: 1.016 loss_D_gr_fake: 0.073 loss_D: 1.304 acc_real: 0.992 acc_fake: 0.530 acc_grfake: 0.951 loss_G_conf: 0.057 
(epoch: 16, batches: 180, time: 0.006, data: 0.003) loss_G_comp: 0.148 loss_G_anti_sc: 0.251 loss_G: 0.456 loss_D_real: 0.042 loss_D_fake: 1.077 loss_D_gr_fake: 0.153 loss_D: 1.273 acc_real: 0.992 acc_fake: 0.530 acc_grfake: 0.951 loss_G_conf: 0.057 
validation accuracies:
                gf: 0.95
                real: 0.99
                fake: 0.76

ran validation set (B:3701) in                         45.6 s.
(epoch: 16, batches: 200, time: 0.007, data: 0.006) loss_G_comp: 0.235 loss_G_anti_sc: 0.506 loss_G: 0.827 loss_D_real: 0.034 loss_D_fake: 2.957 loss_D_gr_fake: 0.651 loss_D: 3.642 acc_real: 0.986 acc_fake: 0.755 acc_grfake: 0.954 loss_G_conf: 0.085 
(epoch: 16, batches: 220, time: 0.007, data: 0.003) loss_G_comp: 0.169 loss_G_anti_sc: 0.318 loss_G: 0.531 loss_D_real: 0.182 loss_D_fake: 1.810 loss_D_gr_fake: 0.096 loss_D: 2.088 acc_real: 0.986 acc_fake: 0.755 acc_grfake: 0.954 loss_G_conf: 0.043 
learning rate 0.0000800 -> 0.0000800
End of epoch 16 / 20 	 Time Taken: 190 sec
(epoch: 17, batches: 20, time: 0.007, data: 0.004) loss_G_comp: 0.222 loss_G_anti_sc: 0.278 loss_G: 0.554 loss_D_real: 0.100 loss_D_fake: 2.498 loss_D_gr_fake: 0.165 loss_D: 2.763 acc_real: 0.986 acc_fake: 0.755 acc_grfake: 0.954 loss_G_conf: 0.055 
(epoch: 17, batches: 40, time: 0.007, data: 0.001) loss_G_comp: 0.202 loss_G_anti_sc: 0.340 loss_G: 0.604 loss_D_real: 0.042 loss_D_fake: 2.837 loss_D_gr_fake: 0.077 loss_D: 2.955 acc_real: 0.986 acc_fake: 0.755 acc_grfake: 0.954 loss_G_conf: 0.062 
validation accuracies:
                gf: 0.95
                real: 0.99
                fake: 0.09

ran validation set (B:3801) in                         45.7 s.
(epoch: 17, batches: 60, time: 0.005, data: 0.003) loss_G_comp: 0.181 loss_G_anti_sc: 0.198 loss_G: 0.438 loss_D_real: 0.071 loss_D_fake: 2.771 loss_D_gr_fake: 0.197 loss_D: 3.039 acc_real: 0.987 acc_fake: 0.091 acc_grfake: 0.947 loss_G_conf: 0.058 
(epoch: 17, batches: 80, time: 0.006, data: 0.003) loss_G_comp: 0.181 loss_G_anti_sc: 0.198 loss_G: 0.438 loss_D_real: 0.055 loss_D_fake: 2.719 loss_D_gr_fake: 0.194 loss_D: 2.968 acc_real: 0.987 acc_fake: 0.091 acc_grfake: 0.947 loss_G_conf: 0.058 
(epoch: 17, batches: 100, time: 0.006, data: 0.018) loss_G_comp: 0.181 loss_G_anti_sc: 0.198 loss_G: 0.438 loss_D_real: 0.048 loss_D_fake: 2.581 loss_D_gr_fake: 0.146 loss_D: 2.775 acc_real: 0.987 acc_fake: 0.091 acc_grfake: 0.947 loss_G_conf: 0.058 
(epoch: 17, batches: 120, time: 0.006, data: 0.001) loss_G_comp: 0.181 loss_G_anti_sc: 0.198 loss_G: 0.438 loss_D_real: 0.056 loss_D_fake: 2.632 loss_D_gr_fake: 0.180 loss_D: 2.867 acc_real: 0.987 acc_fake: 0.091 acc_grfake: 0.947 loss_G_conf: 0.058 
(epoch: 17, batches: 140, time: 0.006, data: 0.003) loss_G_comp: 0.181 loss_G_anti_sc: 0.198 loss_G: 0.438 loss_D_real: 0.032 loss_D_fake: 2.651 loss_D_gr_fake: 0.102 loss_D: 2.786 acc_real: 0.987 acc_fake: 0.091 acc_grfake: 0.947 loss_G_conf: 0.058 
validation accuracies:
                gf: 0.95
                real: 0.99
                fake: 0.19

ran validation set (B:3901) in                         45.7 s.
(epoch: 17, batches: 160, time: 0.006, data: 0.008) loss_G_comp: 0.181 loss_G_anti_sc: 0.198 loss_G: 0.438 loss_D_real: 0.071 loss_D_fake: 2.140 loss_D_gr_fake: 0.086 loss_D: 2.297 acc_real: 0.986 acc_fake: 0.192 acc_grfake: 0.953 loss_G_conf: 0.058 
(epoch: 17, batches: 180, time: 0.006, data: 0.017) loss_G_comp: 0.181 loss_G_anti_sc: 0.198 loss_G: 0.438 loss_D_real: 0.049 loss_D_fake: 2.184 loss_D_gr_fake: 0.160 loss_D: 2.393 acc_real: 0.986 acc_fake: 0.192 acc_grfake: 0.953 loss_G_conf: 0.058 
(epoch: 17, batches: 200, time: 0.006, data: 0.003) loss_G_comp: 0.181 loss_G_anti_sc: 0.198 loss_G: 0.438 loss_D_real: 0.064 loss_D_fake: 2.053 loss_D_gr_fake: 0.113 loss_D: 2.231 acc_real: 0.986 acc_fake: 0.192 acc_grfake: 0.953 loss_G_conf: 0.058 
(epoch: 17, batches: 220, time: 0.006, data: 0.004) loss_G_comp: 0.181 loss_G_anti_sc: 0.198 loss_G: 0.438 loss_D_real: 0.032 loss_D_fake: 2.342 loss_D_gr_fake: 0.102 loss_D: 2.476 acc_real: 0.986 acc_fake: 0.192 acc_grfake: 0.953 loss_G_conf: 0.058 
learning rate 0.0000800 -> 0.0000800
End of epoch 17 / 20 	 Time Taken: 189 sec
(epoch: 18, batches: 20, time: 0.006, data: 0.022) loss_G_comp: 0.181 loss_G_anti_sc: 0.198 loss_G: 0.438 loss_D_real: 0.060 loss_D_fake: 2.188 loss_D_gr_fake: 0.165 loss_D: 2.413 acc_real: 0.986 acc_fake: 0.192 acc_grfake: 0.953 loss_G_conf: 0.058 
validation accuracies:
                gf: 0.96
                real: 0.98
                fake: 0.35

ran validation set (B:4001) in                         45.5 s.
(epoch: 18, batches: 40, time: 0.006, data: 0.003) loss_G_comp: 0.181 loss_G_anti_sc: 0.198 loss_G: 0.438 loss_D_real: 0.047 loss_D_fake: 2.027 loss_D_gr_fake: 0.173 loss_D: 2.247 acc_real: 0.981 acc_fake: 0.348 acc_grfake: 0.962 loss_G_conf: 0.058 
(epoch: 18, batches: 60, time: 0.006, data: 0.004) loss_G_comp: 0.181 loss_G_anti_sc: 0.198 loss_G: 0.438 loss_D_real: 0.146 loss_D_fake: 1.697 loss_D_gr_fake: 0.036 loss_D: 1.880 acc_real: 0.981 acc_fake: 0.348 acc_grfake: 0.962 loss_G_conf: 0.058 
(epoch: 18, batches: 80, time: 0.005, data: 0.005) loss_G_comp: 0.181 loss_G_anti_sc: 0.198 loss_G: 0.438 loss_D_real: 0.062 loss_D_fake: 1.895 loss_D_gr_fake: 0.146 loss_D: 2.103 acc_real: 0.981 acc_fake: 0.348 acc_grfake: 0.962 loss_G_conf: 0.058 
(epoch: 18, batches: 100, time: 0.007, data: 0.003) loss_G_comp: 0.181 loss_G_anti_sc: 0.198 loss_G: 0.438 loss_D_real: 0.043 loss_D_fake: 1.626 loss_D_gr_fake: 0.143 loss_D: 1.812 acc_real: 0.981 acc_fake: 0.348 acc_grfake: 0.962 loss_G_conf: 0.058 
(epoch: 18, batches: 120, time: 0.006, data: 0.004) loss_G_comp: 0.181 loss_G_anti_sc: 0.198 loss_G: 0.438 loss_D_real: 0.028 loss_D_fake: 2.098 loss_D_gr_fake: 0.257 loss_D: 2.383 acc_real: 0.981 acc_fake: 0.348 acc_grfake: 0.962 loss_G_conf: 0.058 
validation accuracies:
                gf: 0.95
                real: 1.00
                fake: 0.34

ran validation set (B:4101) in                         46.1 s.
(epoch: 18, batches: 140, time: 0.006, data: 0.007) loss_G_comp: 0.181 loss_G_anti_sc: 0.198 loss_G: 0.438 loss_D_real: 0.031 loss_D_fake: 2.044 loss_D_gr_fake: 0.270 loss_D: 2.345 acc_real: 0.996 acc_fake: 0.340 acc_grfake: 0.947 loss_G_conf: 0.058 
(epoch: 18, batches: 160, time: 0.006, data: 0.003) loss_G_comp: 0.181 loss_G_anti_sc: 0.198 loss_G: 0.438 loss_D_real: 0.054 loss_D_fake: 1.782 loss_D_gr_fake: 0.202 loss_D: 2.038 acc_real: 0.996 acc_fake: 0.340 acc_grfake: 0.947 loss_G_conf: 0.058 
(epoch: 18, batches: 180, time: 0.006, data: 0.003) loss_G_comp: 0.181 loss_G_anti_sc: 0.198 loss_G: 0.438 loss_D_real: 0.029 loss_D_fake: 2.178 loss_D_gr_fake: 0.269 loss_D: 2.475 acc_real: 0.996 acc_fake: 0.340 acc_grfake: 0.947 loss_G_conf: 0.058 
(epoch: 18, batches: 200, time: 0.006, data: 0.014) loss_G_comp: 0.181 loss_G_anti_sc: 0.198 loss_G: 0.438 loss_D_real: 0.044 loss_D_fake: 1.785 loss_D_gr_fake: 0.202 loss_D: 2.031 acc_real: 0.996 acc_fake: 0.340 acc_grfake: 0.947 loss_G_conf: 0.058 
(epoch: 18, batches: 220, time: 0.006, data: 0.001) loss_G_comp: 0.181 loss_G_anti_sc: 0.198 loss_G: 0.438 loss_D_real: 0.041 loss_D_fake: 1.713 loss_D_gr_fake: 0.130 loss_D: 1.885 acc_real: 0.996 acc_fake: 0.340 acc_grfake: 0.947 loss_G_conf: 0.058 
validation accuracies:
                gf: 0.95
                real: 0.99
                fake: 0.43

ran validation set (B:4201) in                         45.5 s.
learning rate 0.0000800 -> 0.0000800
End of epoch 18 / 20 	 Time Taken: 234 sec
(epoch: 19, batches: 20, time: 0.006, data: 0.001) loss_G_comp: 0.181 loss_G_anti_sc: 0.198 loss_G: 0.438 loss_D_real: 0.099 loss_D_fake: 1.867 loss_D_gr_fake: 0.163 loss_D: 2.129 acc_real: 0.989 acc_fake: 0.430 acc_grfake: 0.949 loss_G_conf: 0.058 
(epoch: 19, batches: 40, time: 0.007, data: 0.003) loss_G_comp: 0.181 loss_G_anti_sc: 0.198 loss_G: 0.438 loss_D_real: 0.080 loss_D_fake: 1.527 loss_D_gr_fake: 0.205 loss_D: 1.812 acc_real: 0.989 acc_fake: 0.430 acc_grfake: 0.949 loss_G_conf: 0.058 
(epoch: 19, batches: 60, time: 0.006, data: 0.003) loss_G_comp: 0.181 loss_G_anti_sc: 0.198 loss_G: 0.438 loss_D_real: 0.045 loss_D_fake: 1.900 loss_D_gr_fake: 0.173 loss_D: 2.118 acc_real: 0.989 acc_fake: 0.430 acc_grfake: 0.949 loss_G_conf: 0.058 
(epoch: 19, batches: 80, time: 0.006, data: 0.001) loss_G_comp: 0.181 loss_G_anti_sc: 0.198 loss_G: 0.438 loss_D_real: 0.039 loss_D_fake: 1.717 loss_D_gr_fake: 0.125 loss_D: 1.880 acc_real: 0.989 acc_fake: 0.430 acc_grfake: 0.949 loss_G_conf: 0.058 
validation accuracies:
                gf: 0.95
                real: 0.99
                fake: 0.51

ran validation set (B:4301) in                         46.1 s.
(epoch: 19, batches: 100, time: 0.006, data: 0.012) loss_G_comp: 0.181 loss_G_anti_sc: 0.198 loss_G: 0.438 loss_D_real: 0.048 loss_D_fake: 1.862 loss_D_gr_fake: 0.027 loss_D: 1.937 acc_real: 0.986 acc_fake: 0.507 acc_grfake: 0.953 loss_G_conf: 0.058 
(epoch: 19, batches: 120, time: 0.006, data: 0.001) loss_G_comp: 0.181 loss_G_anti_sc: 0.198 loss_G: 0.438 loss_D_real: 0.030 loss_D_fake: 1.789 loss_D_gr_fake: 0.243 loss_D: 2.062 acc_real: 0.986 acc_fake: 0.507 acc_grfake: 0.953 loss_G_conf: 0.058 
(epoch: 19, batches: 140, time: 0.006, data: 0.019) loss_G_comp: 0.181 loss_G_anti_sc: 0.198 loss_G: 0.438 loss_D_real: 0.057 loss_D_fake: 1.350 loss_D_gr_fake: 0.060 loss_D: 1.467 acc_real: 0.986 acc_fake: 0.507 acc_grfake: 0.953 loss_G_conf: 0.058 
(epoch: 19, batches: 160, time: 0.006, data: 0.003) loss_G_comp: 0.181 loss_G_anti_sc: 0.198 loss_G: 0.438 loss_D_real: 0.070 loss_D_fake: 1.250 loss_D_gr_fake: 0.227 loss_D: 1.547 acc_real: 0.986 acc_fake: 0.507 acc_grfake: 0.953 loss_G_conf: 0.058 
(epoch: 19, batches: 180, time: 0.007, data: 0.003) loss_G_comp: 0.181 loss_G_anti_sc: 0.198 loss_G: 0.438 loss_D_real: 0.063 loss_D_fake: 1.377 loss_D_gr_fake: 0.157 loss_D: 1.597 acc_real: 0.986 acc_fake: 0.507 acc_grfake: 0.953 loss_G_conf: 0.058 
validation accuracies:
                gf: 0.96
                real: 0.99
                fake: 0.63

ran validation set (B:4401) in                         45.5 s.
(epoch: 19, batches: 200, time: 0.008, data: 0.003) loss_G_comp: 0.442 loss_G_anti_sc: 0.353 loss_G: 0.865 loss_D_real: 0.096 loss_D_fake: 2.247 loss_D_gr_fake: 0.119 loss_D: 2.462 acc_real: 0.992 acc_fake: 0.633 acc_grfake: 0.956 loss_G_conf: 0.070 
(epoch: 19, batches: 220, time: 0.007, data: 0.003) loss_G_comp: 0.055 loss_G_anti_sc: 0.914 loss_G: 1.037 loss_D_real: 0.231 loss_D_fake: 2.262 loss_D_gr_fake: 0.085 loss_D: 2.578 acc_real: 0.992 acc_fake: 0.633 acc_grfake: 0.956 loss_G_conf: 0.068 
learning rate 0.0000800 -> 0.0000800
End of epoch 19 / 20 	 Time Taken: 190 sec
(epoch: 20, batches: 20, time: 0.007, data: 0.001) loss_G_comp: 0.140 loss_G_anti_sc: 0.294 loss_G: 0.498 loss_D_real: 0.079 loss_D_fake: 2.677 loss_D_gr_fake: 0.007 loss_D: 2.763 acc_real: 0.992 acc_fake: 0.633 acc_grfake: 0.956 loss_G_conf: 0.064 
(epoch: 20, batches: 40, time: 0.007, data: 0.011) loss_G_comp: 0.223 loss_G_anti_sc: 0.136 loss_G: 0.416 loss_D_real: 0.084 loss_D_fake: 2.787 loss_D_gr_fake: 0.167 loss_D: 3.038 acc_real: 0.992 acc_fake: 0.633 acc_grfake: 0.956 loss_G_conf: 0.058 
validation accuracies:
                gf: 0.95
                real: 1.00
                fake: 0.02

ran validation set (B:4501) in                         45.5 s.
(epoch: 20, batches: 60, time: 0.006, data: 0.004) loss_G_comp: 0.073 loss_G_anti_sc: 0.599 loss_G: 0.746 loss_D_real: 0.059 loss_D_fake: 1.978 loss_D_gr_fake: 0.154 loss_D: 2.190 acc_real: 0.998 acc_fake: 0.023 acc_grfake: 0.945 loss_G_conf: 0.074 
(epoch: 20, batches: 80, time: 0.006, data: 0.018) loss_G_comp: 0.073 loss_G_anti_sc: 0.599 loss_G: 0.746 loss_D_real: 0.064 loss_D_fake: 1.669 loss_D_gr_fake: 0.137 loss_D: 1.871 acc_real: 0.998 acc_fake: 0.023 acc_grfake: 0.945 loss_G_conf: 0.074 
(epoch: 20, batches: 100, time: 0.006, data: 0.001) loss_G_comp: 0.073 loss_G_anti_sc: 0.599 loss_G: 0.746 loss_D_real: 0.055 loss_D_fake: 1.753 loss_D_gr_fake: 0.140 loss_D: 1.949 acc_real: 0.998 acc_fake: 0.023 acc_grfake: 0.945 loss_G_conf: 0.074 
(epoch: 20, batches: 120, time: 0.007, data: 0.019) loss_G_comp: 0.073 loss_G_anti_sc: 0.599 loss_G: 0.746 loss_D_real: 0.048 loss_D_fake: 1.920 loss_D_gr_fake: 0.147 loss_D: 2.114 acc_real: 0.998 acc_fake: 0.023 acc_grfake: 0.945 loss_G_conf: 0.074 
(epoch: 20, batches: 140, time: 0.006, data: 0.003) loss_G_comp: 0.073 loss_G_anti_sc: 0.599 loss_G: 0.746 loss_D_real: 0.034 loss_D_fake: 2.193 loss_D_gr_fake: 0.171 loss_D: 2.398 acc_real: 0.998 acc_fake: 0.023 acc_grfake: 0.945 loss_G_conf: 0.074 
validation accuracies:
                gf: 0.96
                real: 0.97
                fake: 0.50

ran validation set (B:4601) in                         45.7 s.
(epoch: 20, batches: 160, time: 0.005, data: 0.004) loss_G_comp: 0.073 loss_G_anti_sc: 0.599 loss_G: 0.746 loss_D_real: 0.041 loss_D_fake: 2.105 loss_D_gr_fake: 0.306 loss_D: 2.453 acc_real: 0.968 acc_fake: 0.498 acc_grfake: 0.964 loss_G_conf: 0.074 
(epoch: 20, batches: 180, time: 0.006, data: 0.001) loss_G_comp: 0.073 loss_G_anti_sc: 0.599 loss_G: 0.746 loss_D_real: 0.080 loss_D_fake: 1.545 loss_D_gr_fake: 0.022 loss_D: 1.647 acc_real: 0.968 acc_fake: 0.498 acc_grfake: 0.964 loss_G_conf: 0.074 
(epoch: 20, batches: 200, time: 0.006, data: 0.001) loss_G_comp: 0.073 loss_G_anti_sc: 0.599 loss_G: 0.746 loss_D_real: 0.104 loss_D_fake: 1.511 loss_D_gr_fake: 0.100 loss_D: 1.715 acc_real: 0.968 acc_fake: 0.498 acc_grfake: 0.964 loss_G_conf: 0.074 
(epoch: 20, batches: 220, time: 0.007, data: 0.001) loss_G_comp: 0.073 loss_G_anti_sc: 0.599 loss_G: 0.746 loss_D_real: 0.038 loss_D_fake: 1.776 loss_D_gr_fake: 0.216 loss_D: 2.030 acc_real: 0.968 acc_fake: 0.498 acc_grfake: 0.964 loss_G_conf: 0.074 
saving the model at the end of epoch 20, iters 299520
learning rate 0.0000800 -> 0.0000640
End of epoch 20 / 20 	 Time Taken: 189 sec
Finished training, model is saved
