starting training run 81
0;95;0c----------------- Options ---------------
              D_headstart: 1000                          	[default: 0]
              D_threshold: 0.5                           
       accumulation_steps: 1                             
               batch_size: 64                            
                    beta1: 0.5                           
                    beta2: 0.999                         
          checkpoints_dir: /scratch/checkpoints          	[default: ./checkpoints]
        confidence_weight: 0.0                           
           continue_train: False                         
                crop_size: 64                            
                 dataroot: /scratch/datasets/CLEVR_colorized/images	[default: datasets]
             dataset_mode: double                        
                direction: None                          
              display_env: main                          
             display_freq: 100                           
               display_id: 0                             	[default: 1]
            display_ncols: 4                             
             display_port: 8097                          
           display_server: http://localhost              
          display_winsize: 256                           
                    epoch: latest                        
              epoch_count: 1                             
              fake_target: 0.1                           
            flip_vertical: False                         
                 gan_mode: vanilla                       
                  gpu_ids: 0                             
                init_gain: 0.02                          
                init_type: normal                        
                 input_nc: 3                             
                  isTrain: True                          	[default: None]
          keep_last_batch: False                         
               lambda_aux: 1.0                           	[default: 0.1]
                load_iter: 0                             	[default: 0]
                load_size: 70                            
                       lr: 0.0002                        
           lr_decay_iters: 50                            
                lr_policy: step                          
         max_dataset_size: inf                           
          min_obj_surface: 100                           
                    model: copy                          
                 n_epochs: 8                             	[default: 20]
           n_epochs_decay: 0                             	[default: 10]
               n_layers_D: 3                             
                     name: CopyGAN                       
                      ndf: 64                            
                     netD: copy                          
                     netG: copy                          
                      ngf: 64                            
        no_border_zeroing: False                         
               no_dropout: False                         
                  no_flip: False                         
               no_grfakes: False                         
                  no_html: False                         
             noisy_labels: True                          	[default: False]
                     norm: instance                      
              num_threads: 4                             
                output_nc: 3                             
                    phase: train                         
                   pool_D: True                          	[default: False]
                pool_size: 50                            
               preprocess: resize_and_crop               
               print_freq: 100                           	[default: 20]
              real_target: 0.75                          	[default: 0.9]
             save_by_iter: False                         
          save_epoch_freq: 10                            
         save_latest_freq: 5000                          
                     seed: 42                            	[default: 0]
               sequential: False                         
           serial_batches: False                         
               sigma_blur: 1.0                           
                   suffix:                               
              tracemalloc: False                         
         update_html_freq: 100                           
                  use_amp: False                         
           val_batch_size: 128                           
                 val_freq: 100                           
                  verbose: True                          	[default: False]
----------------- End -------------------
dataset [DoubleDataset] and dataloder are created
dataset [DoubleDataset] and dataloder are created
Starting training of copy-model
The number of training images = 26000
The number of validation images = 3000
The number of epochs to run = 8
gpu_ids: [0]
initialize network with normal
gpu_ids: [0]
initialize network with normal
model [CopyModel] was created
---------- Networks initialized -------------
DataParallel(
  (module): CopyGenerator(
    (enc1): EncoderBlock(
      (model): Sequential(
        (0): Conv2d(3, 64, kernel_size=(3, 3), stride=(1, 1), padding=(1, 1), padding_mode=replicate)
        (1): InstanceNorm2d(64, eps=1e-05, momentum=0.1, affine=False, track_running_stats=False)
        (2): LeakyReLU(negative_slope=0.2, inplace=True)
      )
    )
    (enc2): EncoderBlock(
      (model): Sequential(
        (0): Conv2d(64, 128, kernel_size=(3, 3), stride=(2, 2), padding=(1, 1), padding_mode=replicate)
        (1): InstanceNorm2d(128, eps=1e-05, momentum=0.1, affine=False, track_running_stats=False)
        (2): LeakyReLU(negative_slope=0.2, inplace=True)
      )
    )
    (enc3): EncoderBlock(
      (model): Sequential(
        (0): Conv2d(128, 256, kernel_size=(3, 3), stride=(2, 2), padding=(1, 1), padding_mode=replicate)
        (1): InstanceNorm2d(256, eps=1e-05, momentum=0.1, affine=False, track_running_stats=False)
        (2): LeakyReLU(negative_slope=0.2, inplace=True)
      )
    )
    (enc4): EncoderBlock(
      (model): Sequential(
        (0): Conv2d(256, 512, kernel_size=(3, 3), stride=(2, 2), padding=(1, 1), padding_mode=replicate)
        (1): InstanceNorm2d(512, eps=1e-05, momentum=0.1, affine=False, track_running_stats=False)
        (2): LeakyReLU(negative_slope=0.2, inplace=True)
      )
    )
    (dec4): DecoderBlock(
      (model): Sequential(
        (0): Upsample(scale_factor=2.0, mode=bilinear)
        (1): Conv2d(512, 256, kernel_size=(3, 3), stride=(1, 1), padding=(1, 1), padding_mode=replicate)
        (2): InstanceNorm2d(256, eps=1e-05, momentum=0.1, affine=False, track_running_stats=False)
        (3): LeakyReLU(negative_slope=0.2, inplace=True)
      )
    )
    (dec3): DecoderBlock(
      (model): Sequential(
        (0): Upsample(scale_factor=2.0, mode=bilinear)
        (1): Conv2d(512, 128, kernel_size=(3, 3), stride=(1, 1), padding=(1, 1), padding_mode=replicate)
        (2): InstanceNorm2d(128, eps=1e-05, momentum=0.1, affine=False, track_running_stats=False)
        (3): LeakyReLU(negative_slope=0.2, inplace=True)
      )
    )
    (dec2): DecoderBlock(
      (model): Sequential(
        (0): Upsample(scale_factor=2.0, mode=bilinear)
        (1): Conv2d(256, 64, kernel_size=(3, 3), stride=(1, 1), padding=(1, 1), padding_mode=replicate)
        (2): InstanceNorm2d(64, eps=1e-05, momentum=0.1, affine=False, track_running_stats=False)
        (3): LeakyReLU(negative_slope=0.2, inplace=True)
      )
    )
    (dec1): DecoderBlock(
      (model): Sequential(
        (0): Conv2d(128, 1, kernel_size=(3, 3), stride=(1, 1), padding=(1, 1), padding_mode=replicate)
      )
    )
    (sigmoid): Sigmoid()
  )
)
[Network G] Total number of parameters : 3.470 M
DataParallel(
  (module): CopyDiscriminator(
    (blur_filter): GaussianSmoothing()
    (enc1): EncoderBlock(
      (model): Sequential(
        (0): Conv2d(3, 64, kernel_size=(3, 3), stride=(1, 1), padding=(1, 1), padding_mode=replicate)
        (1): InstanceNorm2d(64, eps=1e-05, momentum=0.1, affine=False, track_running_stats=False)
        (2): LeakyReLU(negative_slope=0.2, inplace=True)
      )
    )
    (enc2): EncoderBlock(
      (model): Sequential(
        (0): Conv2d(64, 128, kernel_size=(3, 3), stride=(2, 2), padding=(1, 1), padding_mode=replicate)
        (1): InstanceNorm2d(128, eps=1e-05, momentum=0.1, affine=False, track_running_stats=False)
        (2): LeakyReLU(negative_slope=0.2, inplace=True)
      )
    )
    (enc3): EncoderBlock(
      (model): Sequential(
        (0): Conv2d(128, 256, kernel_size=(3, 3), stride=(2, 2), padding=(1, 1), padding_mode=replicate)
        (1): InstanceNorm2d(256, eps=1e-05, momentum=0.1, affine=False, track_running_stats=False)
        (2): LeakyReLU(negative_slope=0.2, inplace=True)
      )
    )
    (enc4): EncoderBlock(
      (model): Sequential(
        (0): Conv2d(256, 512, kernel_size=(3, 3), stride=(2, 2), padding=(1, 1), padding_mode=replicate)
        (1): InstanceNorm2d(512, eps=1e-05, momentum=0.1, affine=False, track_running_stats=False)
        (2): LeakyReLU(negative_slope=0.2, inplace=True)
      )
    )
    (dec4): DecoderBlock(
      (model): Sequential(
        (0): Upsample(scale_factor=2.0, mode=bilinear)
        (1): Conv2d(512, 256, kernel_size=(3, 3), stride=(1, 1), padding=(1, 1), padding_mode=replicate)
        (2): InstanceNorm2d(256, eps=1e-05, momentum=0.1, affine=False, track_running_stats=False)
        (3): LeakyReLU(negative_slope=0.2, inplace=True)
      )
    )
    (dec3): DecoderBlock(
      (model): Sequential(
        (0): Upsample(scale_factor=2.0, mode=bilinear)
        (1): Conv2d(512, 128, kernel_size=(3, 3), stride=(1, 1), padding=(1, 1), padding_mode=replicate)
        (2): InstanceNorm2d(128, eps=1e-05, momentum=0.1, affine=False, track_running_stats=False)
        (3): LeakyReLU(negative_slope=0.2, inplace=True)
      )
    )
    (dec2): DecoderBlock(
      (model): Sequential(
        (0): Upsample(scale_factor=2.0, mode=bilinear)
        (1): Conv2d(256, 64, kernel_size=(3, 3), stride=(1, 1), padding=(1, 1), padding_mode=replicate)
        (2): InstanceNorm2d(64, eps=1e-05, momentum=0.1, affine=False, track_running_stats=False)
        (3): LeakyReLU(negative_slope=0.2, inplace=True)
      )
    )
    (dec1): DecoderBlock(
      (model): Sequential(
        (0): Conv2d(128, 1, kernel_size=(3, 3), stride=(1, 1), padding=(1, 1), padding_mode=replicate)
      )
    )
    (sigmoid): Sigmoid()
    (pred_layers): Sequential(
      (0): AdaptiveAvgPool2d(output_size=1)
      (1): Flatten(start_dim=1, end_dim=-1)
      (2): Linear(in_features=512, out_features=256, bias=True)
      (3): LeakyReLU(negative_slope=0.01)
      (4): Linear(in_features=256, out_features=1, bias=True)
      (5): Sigmoid()
    )
  )
)
[Network D] Total number of parameters : 3.601 M
-----------------------------------------------
create web directory /scratch/checkpoints/CopyGAN/web...
validation accuracies:
                gf: 0.33, 0.5066661005434783
                real: 0.33,  0.5066661005434783
                fake: 0.33, 0.5066661005434783

ran validation set (B:1) in                         34.9 s.
DataParallel
name: module.enc1.model.0.weight, norm gradient: 4.87608
name: module.enc1.model.0.bias, norm gradient: 0.00000
name: module.enc2.model.0.weight, norm gradient: 2.37766
name: module.enc2.model.0.bias, norm gradient: 0.00000
name: module.enc3.model.0.weight, norm gradient: 1.18729
name: module.enc3.model.0.bias, norm gradient: 0.00000
name: module.enc4.model.0.weight, norm gradient: 0.47454
name: module.enc4.model.0.bias, norm gradient: 0.00000
name: module.dec4.model.1.weight, norm gradient: 0.31857
name: module.dec4.model.1.bias, norm gradient: 0.00000
name: module.dec3.model.1.weight, norm gradient: 0.40205
name: module.dec3.model.1.bias, norm gradient: 0.00000
name: module.dec2.model.1.weight, norm gradient: 0.64136
name: module.dec2.model.1.bias, norm gradient: 0.00000
name: module.dec1.model.0.weight, norm gradient: 1.19315
name: module.dec1.model.0.bias, norm gradient: 0.12625
name: module.pred_layers.2.weight, norm gradient: 0.28881
name: module.pred_layers.2.bias, norm gradient: 0.03265
name: module.pred_layers.4.weight, norm gradient: 0.68292
name: module.pred_layers.4.bias, norm gradient: 0.06388
(epoch: 1, batches: 100, time: 0.011, data: 0.003) loss_G_comp: 0.000 loss_G_anti_sc: 0.000 loss_G: 0.000 loss_D_real: 0.817 loss_D_fake: 0.377 loss_D: 3.563 acc_real: 0.333 acc_fake: 0.333 loss_AUX: 1.962 loss_D_gr_fake: 0.408 acc_grfake: 0.333 
{}
validation accuracies:
                gf: 0.73, 0.3010536967844203
                real: 0.73,  0.3010536967844203
                fake: 0.73, 0.3010536967844203

ran validation set (B:101) in                         33.4 s.
DataParallel
name: module.enc1.model.0.weight, norm gradient: 4.81711
name: module.enc1.model.0.bias, norm gradient: 0.00000
name: module.enc2.model.0.weight, norm gradient: 1.31791
name: module.enc2.model.0.bias, norm gradient: 0.00000
name: module.enc3.model.0.weight, norm gradient: 0.56864
name: module.enc3.model.0.bias, norm gradient: 0.00000
name: module.enc4.model.0.weight, norm gradient: 0.25554
name: module.enc4.model.0.bias, norm gradient: 0.00000
name: module.dec4.model.1.weight, norm gradient: 0.17623
name: module.dec4.model.1.bias, norm gradient: 0.00000
name: module.dec3.model.1.weight, norm gradient: 0.37911
name: module.dec3.model.1.bias, norm gradient: 0.00000
name: module.dec2.model.1.weight, norm gradient: 1.04564
name: module.dec2.model.1.bias, norm gradient: 0.00000
name: module.dec1.model.0.weight, norm gradient: 1.56595
name: module.dec1.model.0.bias, norm gradient: 0.06032
name: module.pred_layers.2.weight, norm gradient: 0.21841
name: module.pred_layers.2.bias, norm gradient: 0.03640
name: module.pred_layers.4.weight, norm gradient: 0.23450
name: module.pred_layers.4.bias, norm gradient: 0.06305
(epoch: 1, batches: 200, time: 0.011, data: 0.003) loss_G_comp: 0.000 loss_G_anti_sc: 0.000 loss_G: 0.000 loss_D_real: 0.618 loss_D_fake: 0.381 loss_D: 3.160 acc_real: 0.726 acc_fake: 0.726 loss_AUX: 1.758 loss_D_gr_fake: 0.403 acc_grfake: 0.726 
{}
validation accuracies:
                gf: 0.89, 0.29889092929121375
                real: 0.89,  0.29889092929121375
                fake: 0.89, 0.29889092929121375

ran validation set (B:201) in                         34.2 s.
DataParallel
name: module.enc1.model.0.weight, norm gradient: 7.11044
name: module.enc1.model.0.bias, norm gradient: 0.00000
name: module.enc2.model.0.weight, norm gradient: 2.38285
name: module.enc2.model.0.bias, norm gradient: 0.00000
name: module.enc3.model.0.weight, norm gradient: 1.01718
name: module.enc3.model.0.bias, norm gradient: 0.00000
name: module.enc4.model.0.weight, norm gradient: 0.32696
name: module.enc4.model.0.bias, norm gradient: 0.00000
name: module.dec4.model.1.weight, norm gradient: 0.20967
name: module.dec4.model.1.bias, norm gradient: 0.00000
name: module.dec3.model.1.weight, norm gradient: 0.33726
name: module.dec3.model.1.bias, norm gradient: 0.00000
name: module.dec2.model.1.weight, norm gradient: 0.61369
name: module.dec2.model.1.bias, norm gradient: 0.00000
name: module.dec1.model.0.weight, norm gradient: 0.96149
name: module.dec1.model.0.bias, norm gradient: 0.05191
name: module.pred_layers.2.weight, norm gradient: 0.15253
name: module.pred_layers.2.bias, norm gradient: 0.02481
name: module.pred_layers.4.weight, norm gradient: 0.18894
name: module.pred_layers.4.bias, norm gradient: 0.04843
(epoch: 1, batches: 300, time: 0.011, data: 0.003) loss_G_comp: 0.000 loss_G_anti_sc: 0.000 loss_G: 0.000 loss_D_real: 0.576 loss_D_fake: 0.372 loss_D: 3.052 acc_real: 0.895 acc_fake: 0.895 loss_AUX: 1.682 loss_D_gr_fake: 0.423 acc_grfake: 0.895 
{}
validation accuracies:
                gf: 0.93, 0.293296924535779
                real: 0.93,  0.293296924535779
                fake: 0.93, 0.293296924535779

ran validation set (B:301) in                         33.8 s.
DataParallel
name: module.enc1.model.0.weight, norm gradient: 4.44642
name: module.enc1.model.0.bias, norm gradient: 0.00000
name: module.enc2.model.0.weight, norm gradient: 1.93384
name: module.enc2.model.0.bias, norm gradient: 0.00000
name: module.enc3.model.0.weight, norm gradient: 0.96725
name: module.enc3.model.0.bias, norm gradient: 0.00000
name: module.enc4.model.0.weight, norm gradient: 0.32103
name: module.enc4.model.0.bias, norm gradient: 0.00000
name: module.dec4.model.1.weight, norm gradient: 0.15747
name: module.dec4.model.1.bias, norm gradient: 0.00000
name: module.dec3.model.1.weight, norm gradient: 0.29133
name: module.dec3.model.1.bias, norm gradient: 0.00000
name: module.dec2.model.1.weight, norm gradient: 0.56116
name: module.dec2.model.1.bias, norm gradient: 0.00000
name: module.dec1.model.0.weight, norm gradient: 0.45804
name: module.dec1.model.0.bias, norm gradient: 0.01283
name: module.pred_layers.2.weight, norm gradient: 0.46974
name: module.pred_layers.2.bias, norm gradient: 0.07246
name: module.pred_layers.4.weight, norm gradient: 0.35136
name: module.pred_layers.4.bias, norm gradient: 0.13230
(epoch: 1, batches: 400, time: 0.011, data: 0.003) loss_G_comp: 0.000 loss_G_anti_sc: 0.000 loss_G: 0.000 loss_D_real: 0.661 loss_D_fake: 0.328 loss_D: 2.992 acc_real: 0.927 acc_fake: 0.927 loss_AUX: 1.665 loss_D_gr_fake: 0.338 acc_grfake: 0.927 
{}
validation accuracies:
                gf: 0.96, 0.3340047200520833
                real: 0.96,  0.3340047200520833
                fake: 0.96, 0.3340047200520833

ran validation set (B:401) in                         33.2 s.
learning rate 0.0002000 -> 0.0002000
End of epoch 1 / 8 	 Time Taken: 437 sec
/home/tlotze/.local/lib/python3.8/site-packages/torch/optim/lr_scheduler.py:131: UserWarning: Detected call of `lr_scheduler.step()` before `optimizer.step()`. In PyTorch 1.1.0 and later, you should call them in the opposite order: `optimizer.step()` before `lr_scheduler.step()`.  Failure to do this will result in PyTorch skipping the first value of the learning rate schedule. See more details at https://pytorch.org/docs/stable/optim.html#how-to-adjust-learning-rate
  warnings.warn("Detected call of `lr_scheduler.step()` before `optimizer.step()`. "
DataParallel
name: module.enc1.model.0.weight, norm gradient: 4.94526
name: module.enc1.model.0.bias, norm gradient: 0.00000
name: module.enc2.model.0.weight, norm gradient: 1.78272
name: module.enc2.model.0.bias, norm gradient: 0.00000
name: module.enc3.model.0.weight, norm gradient: 0.79820
name: module.enc3.model.0.bias, norm gradient: 0.00000
name: module.enc4.model.0.weight, norm gradient: 0.28404
name: module.enc4.model.0.bias, norm gradient: 0.00000
name: module.dec4.model.1.weight, norm gradient: 0.17310
name: module.dec4.model.1.bias, norm gradient: 0.00000
name: module.dec3.model.1.weight, norm gradient: 0.26859
name: module.dec3.model.1.bias, norm gradient: 0.00000
name: module.dec2.model.1.weight, norm gradient: 0.54027
name: module.dec2.model.1.bias, norm gradient: 0.00000
name: module.dec1.model.0.weight, norm gradient: 0.55533
name: module.dec1.model.0.bias, norm gradient: 0.04590
name: module.pred_layers.2.weight, norm gradient: 0.30251
name: module.pred_layers.2.bias, norm gradient: 0.04695
name: module.pred_layers.4.weight, norm gradient: 0.20216
name: module.pred_layers.4.bias, norm gradient: 0.07648
validation accuracies:
                gf: 0.96, 0.31632044695425726
                real: 0.96,  0.31632044695425726
                fake: 0.96, 0.31632044695425726

ran validation set (B:501) in                         34.5 s.
(epoch: 2, batches: 100, time: 0.016, data: 0.003) loss_G_comp: 0.000 loss_G_anti_sc: 0.000 loss_G: 0.000 loss_D_real: 0.647 loss_D_fake: 0.348 loss_D: 2.893 acc_real: 0.959 acc_fake: 0.959 loss_AUX: 1.573 loss_D_gr_fake: 0.325 acc_grfake: 0.959 
{}
DataParallel
name: module.enc1.model.0.weight, norm gradient: 3.60721
name: module.enc1.model.0.bias, norm gradient: 0.00000
name: module.enc2.model.0.weight, norm gradient: 1.33047
name: module.enc2.model.0.bias, norm gradient: 0.00000
name: module.enc3.model.0.weight, norm gradient: 0.59096
name: module.enc3.model.0.bias, norm gradient: 0.00000
name: module.enc4.model.0.weight, norm gradient: 0.17075
name: module.enc4.model.0.bias, norm gradient: 0.00000
name: module.dec4.model.1.weight, norm gradient: 0.08019
name: module.dec4.model.1.bias, norm gradient: 0.00000
name: module.dec3.model.1.weight, norm gradient: 0.12720
name: module.dec3.model.1.bias, norm gradient: 0.00000
name: module.dec2.model.1.weight, norm gradient: 0.25320
name: module.dec2.model.1.bias, norm gradient: 0.00000
name: module.dec1.model.0.weight, norm gradient: 0.24677
name: module.dec1.model.0.bias, norm gradient: 0.02230
name: module.pred_layers.2.weight, norm gradient: 0.20664
name: module.pred_layers.2.bias, norm gradient: 0.03170
name: module.pred_layers.4.weight, norm gradient: 0.11613
name: module.pred_layers.4.bias, norm gradient: 0.04448
validation accuracies:
                gf: 0.97, 0.3240940259850543
                real: 0.97,  0.3240940259850543
                fake: 0.97, 0.3240940259850543

ran validation set (B:601) in                         34.3 s.
(epoch: 2, batches: 200, time: 0.016, data: 0.003) loss_G_comp: 0.000 loss_G_anti_sc: 0.000 loss_G: 0.000 loss_D_real: 0.601 loss_D_fake: 0.317 loss_D: 2.797 acc_real: 0.966 acc_fake: 0.966 loss_AUX: 1.541 loss_D_gr_fake: 0.339 acc_grfake: 0.966 
{}
DataParallel
name: module.enc1.model.0.weight, norm gradient: 3.32244
name: module.enc1.model.0.bias, norm gradient: 0.00000
name: module.enc2.model.0.weight, norm gradient: 1.44465
name: module.enc2.model.0.bias, norm gradient: 0.00000
name: module.enc3.model.0.weight, norm gradient: 0.72056
name: module.enc3.model.0.bias, norm gradient: 0.00000
name: module.enc4.model.0.weight, norm gradient: 0.26281
name: module.enc4.model.0.bias, norm gradient: 0.00000
name: module.dec4.model.1.weight, norm gradient: 0.15905
name: module.dec4.model.1.bias, norm gradient: 0.00000
name: module.dec3.model.1.weight, norm gradient: 0.25951
name: module.dec3.model.1.bias, norm gradient: 0.00000
name: module.dec2.model.1.weight, norm gradient: 0.51279
name: module.dec2.model.1.bias, norm gradient: 0.00000
name: module.dec1.model.0.weight, norm gradient: 0.57075
name: module.dec1.model.0.bias, norm gradient: 0.03728
name: module.pred_layers.2.weight, norm gradient: 0.28337
name: module.pred_layers.2.bias, norm gradient: 0.04368
name: module.pred_layers.4.weight, norm gradient: 0.16796
name: module.pred_layers.4.bias, norm gradient: 0.07221
validation accuracies:
                gf: 0.95, 0.3011297695878623
                real: 0.95,  0.3011297695878623
                fake: 0.95, 0.3011297695878623

ran validation set (B:701) in                         34.8 s.
(epoch: 2, batches: 300, time: 0.016, data: 0.003) loss_G_comp: 0.000 loss_G_anti_sc: 0.000 loss_G: 0.000 loss_D_real: 0.593 loss_D_fake: 0.346 loss_D: 2.776 acc_real: 0.953 acc_fake: 0.953 loss_AUX: 1.507 loss_D_gr_fake: 0.329 acc_grfake: 0.953 
{}
DataParallel
name: module.enc1.model.0.weight, norm gradient: 2.19437
name: module.enc1.model.0.bias, norm gradient: 0.00000
name: module.enc2.model.0.weight, norm gradient: 0.71459
name: module.enc2.model.0.bias, norm gradient: 0.00000
name: module.enc3.model.0.weight, norm gradient: 0.30034
name: module.enc3.model.0.bias, norm gradient: 0.00000
name: module.enc4.model.0.weight, norm gradient: 0.12261
name: module.enc4.model.0.bias, norm gradient: 0.00000
name: module.dec4.model.1.weight, norm gradient: 0.06201
name: module.dec4.model.1.bias, norm gradient: 0.00000
name: module.dec3.model.1.weight, norm gradient: 0.11164
name: module.dec3.model.1.bias, norm gradient: 0.00000
name: module.dec2.model.1.weight, norm gradient: 0.19953
name: module.dec2.model.1.bias, norm gradient: 0.00000
name: module.dec1.model.0.weight, norm gradient: 0.15879
name: module.dec1.model.0.bias, norm gradient: 0.00836
name: module.pred_layers.2.weight, norm gradient: 0.07430
name: module.pred_layers.2.bias, norm gradient: 0.01114
name: module.pred_layers.4.weight, norm gradient: 0.04198
name: module.pred_layers.4.bias, norm gradient: 0.01677
validation accuracies:
                gf: 0.97, 0.3170670219089674
                real: 0.97,  0.3170670219089674
                fake: 0.97, 0.3170670219089674

ran validation set (B:801) in                         33.3 s.
(epoch: 2, batches: 400, time: 0.016, data: 0.003) loss_G_comp: 0.000 loss_G_anti_sc: 0.000 loss_G: 0.000 loss_D_real: 0.578 loss_D_fake: 0.355 loss_D: 2.861 acc_real: 0.969 acc_fake: 0.969 loss_AUX: 1.549 loss_D_gr_fake: 0.379 acc_grfake: 0.969 
{}
learning rate 0.0002000 -> 0.0002000
End of epoch 2 / 8 	 Time Taken: 404 sec
DataParallel
name: module.enc1.model.0.weight, norm gradient: 2.43036
name: module.enc1.model.0.bias, norm gradient: 0.00000
name: module.enc2.model.0.weight, norm gradient: 0.82929
name: module.enc2.model.0.bias, norm gradient: 0.00000
name: module.enc3.model.0.weight, norm gradient: 0.43005
name: module.enc3.model.0.bias, norm gradient: 0.00000
name: module.enc4.model.0.weight, norm gradient: 0.17927
name: module.enc4.model.0.bias, norm gradient: 0.00000
name: module.dec4.model.1.weight, norm gradient: 0.06891
name: module.dec4.model.1.bias, norm gradient: 0.00000
name: module.dec3.model.1.weight, norm gradient: 0.10985
name: module.dec3.model.1.bias, norm gradient: 0.00000
name: module.dec2.model.1.weight, norm gradient: 0.19408
name: module.dec2.model.1.bias, norm gradient: 0.00000
name: module.dec1.model.0.weight, norm gradient: 0.47045
name: module.dec1.model.0.bias, norm gradient: 0.04488
name: module.pred_layers.2.weight, norm gradient: 0.21777
name: module.pred_layers.2.bias, norm gradient: 0.03286
name: module.pred_layers.4.weight, norm gradient: 0.13426
name: module.pred_layers.4.bias, norm gradient: 0.05299
validation accuracies:
                gf: 0.96, 0.3161974920742754
                real: 0.96,  0.3161974920742754
                fake: 0.96, 0.3161974920742754

ran validation set (B:901) in                         34.0 s.
(epoch: 3, batches: 100, time: 0.016, data: 0.003) loss_G_comp: 0.000 loss_G_anti_sc: 0.000 loss_G: 0.000 loss_D_real: 0.585 loss_D_fake: 0.356 loss_D: 3.062 acc_real: 0.962 acc_fake: 0.962 loss_AUX: 1.704 loss_D_gr_fake: 0.416 acc_grfake: 0.962 
{}
DataParallel
name: module.enc1.model.0.weight, norm gradient: 3.39858
name: module.enc1.model.0.bias, norm gradient: 0.00000
name: module.enc2.model.0.weight, norm gradient: 0.98320
name: module.enc2.model.0.bias, norm gradient: 0.00000
name: module.enc3.model.0.weight, norm gradient: 0.45035
name: module.enc3.model.0.bias, norm gradient: 0.00000
name: module.enc4.model.0.weight, norm gradient: 0.17866
name: module.enc4.model.0.bias, norm gradient: 0.00000
name: module.dec4.model.1.weight, norm gradient: 0.09495
name: module.dec4.model.1.bias, norm gradient: 0.00000
name: module.dec3.model.1.weight, norm gradient: 0.12686
name: module.dec3.model.1.bias, norm gradient: 0.00000
name: module.dec2.model.1.weight, norm gradient: 0.21439
name: module.dec2.model.1.bias, norm gradient: 0.00000
name: module.dec1.model.0.weight, norm gradient: 0.25479
name: module.dec1.model.0.bias, norm gradient: 0.02899
name: module.pred_layers.2.weight, norm gradient: 0.08218
name: module.pred_layers.2.bias, norm gradient: 0.01297
name: module.pred_layers.4.weight, norm gradient: 0.09059
name: module.pred_layers.4.bias, norm gradient: 0.02120
Headstart D over
validation accuracies:
                gf: 0.97, 0.3252952686254529
                real: 0.97,  0.3252952686254529
                fake: 0.97, 0.3252952686254529

ran validation set (B:1001) in                         34.0 s.
(epoch: 3, batches: 200, time: 0.011, data: 0.003) loss_G_comp: 1.671 loss_G_anti_sc: 0.361 loss_G: 2.032 loss_D_real: 0.603 loss_D_fake: 0.361 loss_D: 2.837 acc_real: 0.971 acc_fake: 0.971 loss_AUX: 1.530 loss_D_gr_fake: 0.344 acc_grfake: 0.971 
{}
DataParallel
name: module.enc1.model.0.weight, norm gradient: 4.36927
name: module.enc1.model.0.bias, norm gradient: 0.00000
name: module.enc2.model.0.weight, norm gradient: 1.34902
name: module.enc2.model.0.bias, norm gradient: 0.00000
name: module.enc3.model.0.weight, norm gradient: 0.69956
name: module.enc3.model.0.bias, norm gradient: 0.00000
name: module.enc4.model.0.weight, norm gradient: 0.29154
name: module.enc4.model.0.bias, norm gradient: 0.00000
name: module.dec4.model.1.weight, norm gradient: 0.06980
name: module.dec4.model.1.bias, norm gradient: 0.00000
name: module.dec3.model.1.weight, norm gradient: 0.16147
name: module.dec3.model.1.bias, norm gradient: 0.00000
name: module.dec2.model.1.weight, norm gradient: 0.49328
name: module.dec2.model.1.bias, norm gradient: 0.00000
name: module.dec1.model.0.weight, norm gradient: 0.61070
name: module.dec1.model.0.bias, norm gradient: 0.03454
name: module.pred_layers.2.weight, norm gradient: 0.37815
name: module.pred_layers.2.bias, norm gradient: 0.05824
name: module.pred_layers.4.weight, norm gradient: 0.18832
name: module.pred_layers.4.bias, norm gradient: 0.07705
DataParallel
name: module.enc1.model.0.weight, norm gradient: 0.89706
name: module.enc1.model.0.bias, norm gradient: 0.00000
name: module.enc2.model.0.weight, norm gradient: 0.46581
name: module.enc2.model.0.bias, norm gradient: 0.00000
name: module.enc3.model.0.weight, norm gradient: 0.12610
name: module.enc3.model.0.bias, norm gradient: 0.00000
name: module.enc4.model.0.weight, norm gradient: 0.04863
name: module.enc4.model.0.bias, norm gradient: 0.00000
name: module.dec4.model.1.weight, norm gradient: 0.05527
name: module.dec4.model.1.bias, norm gradient: 0.00000
name: module.dec3.model.1.weight, norm gradient: 0.15213
name: module.dec3.model.1.bias, norm gradient: 0.00000
name: module.dec2.model.1.weight, norm gradient: 0.37086
name: module.dec2.model.1.bias, norm gradient: 0.00000
name: module.dec1.model.0.weight, norm gradient: 2.78121
name: module.dec1.model.0.bias, norm gradient: 0.27345
validation accuracies:
                gf: 0.79, 0.2504015936367754
                real: 0.79,  0.2504015936367754
                fake: 0.79, 0.2504015936367754

ran validation set (B:1101) in                         34.0 s.
(epoch: 3, batches: 300, time: 0.012, data: 0.003) loss_G_comp: 0.758 loss_G_anti_sc: 0.617 loss_G: 1.375 loss_D_real: 1.006 loss_D_fake: 0.361 loss_D: 2.545 acc_real: 0.791 acc_fake: 0.791 loss_AUX: 0.832 loss_D_gr_fake: 0.346 acc_grfake: 0.791 
{}
DataParallel
name: module.enc1.model.0.weight, norm gradient: 3.28938
name: module.enc1.model.0.bias, norm gradient: 0.00000
name: module.enc2.model.0.weight, norm gradient: 1.06187
name: module.enc2.model.0.bias, norm gradient: 0.00000
name: module.enc3.model.0.weight, norm gradient: 0.46719
name: module.enc3.model.0.bias, norm gradient: 0.00000
name: module.enc4.model.0.weight, norm gradient: 0.19257
name: module.enc4.model.0.bias, norm gradient: 0.00000
name: module.dec4.model.1.weight, norm gradient: 0.03756
name: module.dec4.model.1.bias, norm gradient: 0.00000
name: module.dec3.model.1.weight, norm gradient: 0.06081
name: module.dec3.model.1.bias, norm gradient: 0.00000
name: module.dec2.model.1.weight, norm gradient: 0.11569
name: module.dec2.model.1.bias, norm gradient: 0.00000
name: module.dec1.model.0.weight, norm gradient: 0.12226
name: module.dec1.model.0.bias, norm gradient: 0.00274
name: module.pred_layers.2.weight, norm gradient: 0.21473
name: module.pred_layers.2.bias, norm gradient: 0.03391
name: module.pred_layers.4.weight, norm gradient: 0.09077
name: module.pred_layers.4.bias, norm gradient: 0.04535
DataParallel
name: module.enc1.model.0.weight, norm gradient: 0.30256
name: module.enc1.model.0.bias, norm gradient: 0.00000
name: module.enc2.model.0.weight, norm gradient: 0.21641
name: module.enc2.model.0.bias, norm gradient: 0.00000
name: module.enc3.model.0.weight, norm gradient: 0.06227
name: module.enc3.model.0.bias, norm gradient: 0.00000
name: module.enc4.model.0.weight, norm gradient: 0.02964
name: module.enc4.model.0.bias, norm gradient: 0.00000
name: module.dec4.model.1.weight, norm gradient: 0.03000
name: module.dec4.model.1.bias, norm gradient: 0.00000
name: module.dec3.model.1.weight, norm gradient: 0.06081
name: module.dec3.model.1.bias, norm gradient: 0.00000
name: module.dec2.model.1.weight, norm gradient: 0.17834
name: module.dec2.model.1.bias, norm gradient: 0.00000
name: module.dec1.model.0.weight, norm gradient: 0.30762
name: module.dec1.model.0.bias, norm gradient: 0.02259
validation accuracies:
                gf: 0.78, 0.3396827587182971
                real: 0.78,  0.3396827587182971
                fake: 0.78, 0.3396827587182971

ran validation set (B:1201) in                         33.5 s.
(epoch: 3, batches: 400, time: 0.011, data: 0.003) loss_G_comp: 0.907 loss_G_anti_sc: 0.519 loss_G: 1.426 loss_D_real: 0.758 loss_D_fake: 0.511 loss_D: 2.044 acc_real: 0.776 acc_fake: 0.776 loss_AUX: 0.456 loss_D_gr_fake: 0.319 acc_grfake: 0.776 
{}
learning rate 0.0002000 -> 0.0002000
End of epoch 3 / 8 	 Time Taken: 372 sec
DataParallel
name: module.enc1.model.0.weight, norm gradient: 2.66944
name: module.enc1.model.0.bias, norm gradient: 0.00000
name: module.enc2.model.0.weight, norm gradient: 0.77905
name: module.enc2.model.0.bias, norm gradient: 0.00000
name: module.enc3.model.0.weight, norm gradient: 0.34614
name: module.enc3.model.0.bias, norm gradient: 0.00000
name: module.enc4.model.0.weight, norm gradient: 0.15213
name: module.enc4.model.0.bias, norm gradient: 0.00000
name: module.dec4.model.1.weight, norm gradient: 0.02695
name: module.dec4.model.1.bias, norm gradient: 0.00000
name: module.dec3.model.1.weight, norm gradient: 0.04357
name: module.dec3.model.1.bias, norm gradient: 0.00000
name: module.dec2.model.1.weight, norm gradient: 0.07499
name: module.dec2.model.1.bias, norm gradient: 0.00000
name: module.dec1.model.0.weight, norm gradient: 0.12348
name: module.dec1.model.0.bias, norm gradient: 0.01171
name: module.pred_layers.2.weight, norm gradient: 0.22340
name: module.pred_layers.2.bias, norm gradient: 0.03398
name: module.pred_layers.4.weight, norm gradient: 0.10415
name: module.pred_layers.4.bias, norm gradient: 0.05115
DataParallel
name: module.enc1.model.0.weight, norm gradient: 0.07406
name: module.enc1.model.0.bias, norm gradient: 0.00000
name: module.enc2.model.0.weight, norm gradient: 0.07944
name: module.enc2.model.0.bias, norm gradient: 0.00000
name: module.enc3.model.0.weight, norm gradient: 0.02119
name: module.enc3.model.0.bias, norm gradient: 0.00000
name: module.enc4.model.0.weight, norm gradient: 0.01117
name: module.enc4.model.0.bias, norm gradient: 0.00000
name: module.dec4.model.1.weight, norm gradient: 0.01417
name: module.dec4.model.1.bias, norm gradient: 0.00000
name: module.dec3.model.1.weight, norm gradient: 0.02741
name: module.dec3.model.1.bias, norm gradient: 0.00000
name: module.dec2.model.1.weight, norm gradient: 0.09042
name: module.dec2.model.1.bias, norm gradient: 0.00000
name: module.dec1.model.0.weight, norm gradient: 0.14795
name: module.dec1.model.0.bias, norm gradient: 0.01025
validation accuracies:
                gf: 0.70, 0.3238649230072464
                real: 0.70,  0.3238649230072464
                fake: 0.70, 0.3238649230072464

ran validation set (B:1301) in                         34.5 s.
(epoch: 4, batches: 100, time: 0.011, data: 0.003) loss_G_comp: 0.994 loss_G_anti_sc: 0.460 loss_G: 1.454 loss_D_real: 0.783 loss_D_fake: 0.587 loss_D: 2.053 acc_real: 0.701 acc_fake: 0.701 loss_AUX: 0.354 loss_D_gr_fake: 0.329 acc_grfake: 0.701 
{}
DataParallel
name: module.enc1.model.0.weight, norm gradient: 1.99568
name: module.enc1.model.0.bias, norm gradient: 0.00000
name: module.enc2.model.0.weight, norm gradient: 0.61732
name: module.enc2.model.0.bias, norm gradient: 0.00000
name: module.enc3.model.0.weight, norm gradient: 0.27464
name: module.enc3.model.0.bias, norm gradient: 0.00000
name: module.enc4.model.0.weight, norm gradient: 0.13238
name: module.enc4.model.0.bias, norm gradient: 0.00000
name: module.dec4.model.1.weight, norm gradient: 0.02658
name: module.dec4.model.1.bias, norm gradient: 0.00000
name: module.dec3.model.1.weight, norm gradient: 0.04081
name: module.dec3.model.1.bias, norm gradient: 0.00000
name: module.dec2.model.1.weight, norm gradient: 0.05365
name: module.dec2.model.1.bias, norm gradient: 0.00000
name: module.dec1.model.0.weight, norm gradient: 0.06595
name: module.dec1.model.0.bias, norm gradient: 0.00669
name: module.pred_layers.2.weight, norm gradient: 0.13104
name: module.pred_layers.2.bias, norm gradient: 0.02042
name: module.pred_layers.4.weight, norm gradient: 0.05638
name: module.pred_layers.4.bias, norm gradient: 0.02739
DataParallel
name: module.enc1.model.0.weight, norm gradient: 0.05999
name: module.enc1.model.0.bias, norm gradient: 0.00000
name: module.enc2.model.0.weight, norm gradient: 0.05292
name: module.enc2.model.0.bias, norm gradient: 0.00000
name: module.enc3.model.0.weight, norm gradient: 0.02040
name: module.enc3.model.0.bias, norm gradient: 0.00000
name: module.enc4.model.0.weight, norm gradient: 0.01110
name: module.enc4.model.0.bias, norm gradient: 0.00000
name: module.dec4.model.1.weight, norm gradient: 0.01195
name: module.dec4.model.1.bias, norm gradient: 0.00000
name: module.dec3.model.1.weight, norm gradient: 0.02486
name: module.dec3.model.1.bias, norm gradient: 0.00000
name: module.dec2.model.1.weight, norm gradient: 0.05716
name: module.dec2.model.1.bias, norm gradient: 0.00000
name: module.dec1.model.0.weight, norm gradient: 0.13608
name: module.dec1.model.0.bias, norm gradient: 0.00929
validation accuracies:
                gf: 0.68, 0.3130900065104167
                real: 0.68,  0.3130900065104167
                fake: 0.68, 0.3130900065104167

ran validation set (B:1401) in                         33.3 s.
(epoch: 4, batches: 200, time: 0.011, data: 0.003) loss_G_comp: 0.838 loss_G_anti_sc: 0.533 loss_G: 1.371 loss_D_real: 0.759 loss_D_fake: 0.591 loss_D: 2.038 acc_real: 0.683 acc_fake: 0.683 loss_AUX: 0.340 loss_D_gr_fake: 0.349 acc_grfake: 0.683 
{}
DataParallel
name: module.enc1.model.0.weight, norm gradient: 1.22267
name: module.enc1.model.0.bias, norm gradient: 0.00000
name: module.enc2.model.0.weight, norm gradient: 0.40051
name: module.enc2.model.0.bias, norm gradient: 0.00000
name: module.enc3.model.0.weight, norm gradient: 0.22054
name: module.enc3.model.0.bias, norm gradient: 0.00000
name: module.enc4.model.0.weight, norm gradient: 0.11130
name: module.enc4.model.0.bias, norm gradient: 0.00000
name: module.dec4.model.1.weight, norm gradient: 0.03734
name: module.dec4.model.1.bias, norm gradient: 0.00000
name: module.dec3.model.1.weight, norm gradient: 0.06377
name: module.dec3.model.1.bias, norm gradient: 0.00000
name: module.dec2.model.1.weight, norm gradient: 0.10979
name: module.dec2.model.1.bias, norm gradient: 0.00000
name: module.dec1.model.0.weight, norm gradient: 0.11387
name: module.dec1.model.0.bias, norm gradient: 0.00749
name: module.pred_layers.2.weight, norm gradient: 0.18082
name: module.pred_layers.2.bias, norm gradient: 0.02687
name: module.pred_layers.4.weight, norm gradient: 0.12116
name: module.pred_layers.4.bias, norm gradient: 0.03580
DataParallel
name: module.enc1.model.0.weight, norm gradient: 0.03125
name: module.enc1.model.0.bias, norm gradient: 0.00000
name: module.enc2.model.0.weight, norm gradient: 0.02843
name: module.enc2.model.0.bias, norm gradient: 0.00000
name: module.enc3.model.0.weight, norm gradient: 0.00789
name: module.enc3.model.0.bias, norm gradient: 0.00000
name: module.enc4.model.0.weight, norm gradient: 0.00385
name: module.enc4.model.0.bias, norm gradient: 0.00000
name: module.dec4.model.1.weight, norm gradient: 0.00420
name: module.dec4.model.1.bias, norm gradient: 0.00000
name: module.dec3.model.1.weight, norm gradient: 0.01011
name: module.dec3.model.1.bias, norm gradient: 0.00000
name: module.dec2.model.1.weight, norm gradient: 0.02165
name: module.dec2.model.1.bias, norm gradient: 0.00000
name: module.dec1.model.0.weight, norm gradient: 0.05064
name: module.dec1.model.0.bias, norm gradient: 0.00338
validation accuracies:
                gf: 0.69, 0.33525461390398553
                real: 0.69,  0.33525461390398553
                fake: 0.69, 0.33525461390398553

ran validation set (B:1501) in                         34.4 s.
(epoch: 4, batches: 300, time: 0.012, data: 0.003) loss_G_comp: 0.805 loss_G_anti_sc: 0.571 loss_G: 1.376 loss_D_real: 0.818 loss_D_fake: 0.535 loss_D: 2.002 acc_real: 0.687 acc_fake: 0.687 loss_AUX: 0.318 loss_D_gr_fake: 0.331 acc_grfake: 0.687 
{}
DataParallel
name: module.enc1.model.0.weight, norm gradient: 2.05510
name: module.enc1.model.0.bias, norm gradient: 0.00000
name: module.enc2.model.0.weight, norm gradient: 0.63729
name: module.enc2.model.0.bias, norm gradient: 0.00000
name: module.enc3.model.0.weight, norm gradient: 0.30567
name: module.enc3.model.0.bias, norm gradient: 0.00000
name: module.enc4.model.0.weight, norm gradient: 0.12883
name: module.enc4.model.0.bias, norm gradient: 0.00000
name: module.dec4.model.1.weight, norm gradient: 0.03244
name: module.dec4.model.1.bias, norm gradient: 0.00000
name: module.dec3.model.1.weight, norm gradient: 0.05847
name: module.dec3.model.1.bias, norm gradient: 0.00000
name: module.dec2.model.1.weight, norm gradient: 0.10186
name: module.dec2.model.1.bias, norm gradient: 0.00000
name: module.dec1.model.0.weight, norm gradient: 0.14307
name: module.dec1.model.0.bias, norm gradient: 0.01096
name: module.pred_layers.2.weight, norm gradient: 0.20791
name: module.pred_layers.2.bias, norm gradient: 0.03195
name: module.pred_layers.4.weight, norm gradient: 0.10448
name: module.pred_layers.4.bias, norm gradient: 0.04925
DataParallel
name: module.enc1.model.0.weight, norm gradient: 0.11722
name: module.enc1.model.0.bias, norm gradient: 0.00000
name: module.enc2.model.0.weight, norm gradient: 0.06110
name: module.enc2.model.0.bias, norm gradient: 0.00000
name: module.enc3.model.0.weight, norm gradient: 0.02102
name: module.enc3.model.0.bias, norm gradient: 0.00000
name: module.enc4.model.0.weight, norm gradient: 0.00930
name: module.enc4.model.0.bias, norm gradient: 0.00000
name: module.dec4.model.1.weight, norm gradient: 0.01007
name: module.dec4.model.1.bias, norm gradient: 0.00000
name: module.dec3.model.1.weight, norm gradient: 0.02326
name: module.dec3.model.1.bias, norm gradient: 0.00000
name: module.dec2.model.1.weight, norm gradient: 0.06374
name: module.dec2.model.1.bias, norm gradient: 0.00000
name: module.dec1.model.0.weight, norm gradient: 0.14383
name: module.dec1.model.0.bias, norm gradient: 0.00509
validation accuracies:
                gf: 0.69, 0.34472833163496375
                real: 0.69,  0.34472833163496375
                fake: 0.69, 0.34472833163496375

ran validation set (B:1601) in                         34.5 s.
(epoch: 4, batches: 400, time: 0.011, data: 0.003) loss_G_comp: 0.842 loss_G_anti_sc: 0.536 loss_G: 1.378 loss_D_real: 0.757 loss_D_fake: 0.596 loss_D: 1.994 acc_real: 0.687 acc_fake: 0.687 loss_AUX: 0.297 loss_D_gr_fake: 0.343 acc_grfake: 0.687 
{}
learning rate 0.0002000 -> 0.0002000
End of epoch 4 / 8 	 Time Taken: 346 sec
DataParallel
name: module.enc1.model.0.weight, norm gradient: 4.32902
name: module.enc1.model.0.bias, norm gradient: 0.00000
name: module.enc2.model.0.weight, norm gradient: 1.45178
name: module.enc2.model.0.bias, norm gradient: 0.00000
name: module.enc3.model.0.weight, norm gradient: 0.58984
name: module.enc3.model.0.bias, norm gradient: 0.00000
name: module.enc4.model.0.weight, norm gradient: 0.23326
name: module.enc4.model.0.bias, norm gradient: 0.00000
name: module.dec4.model.1.weight, norm gradient: 0.03541
name: module.dec4.model.1.bias, norm gradient: 0.00000
name: module.dec3.model.1.weight, norm gradient: 0.05034
name: module.dec3.model.1.bias, norm gradient: 0.00000
name: module.dec2.model.1.weight, norm gradient: 0.08140
name: module.dec2.model.1.bias, norm gradient: 0.00000
name: module.dec1.model.0.weight, norm gradient: 0.14399
name: module.dec1.model.0.bias, norm gradient: 0.01462
name: module.pred_layers.2.weight, norm gradient: 0.41285
name: module.pred_layers.2.bias, norm gradient: 0.06383
name: module.pred_layers.4.weight, norm gradient: 0.19099
name: module.pred_layers.4.bias, norm gradient: 0.08823
DataParallel
name: module.enc1.model.0.weight, norm gradient: 0.08901
name: module.enc1.model.0.bias, norm gradient: 0.00000
name: module.enc2.model.0.weight, norm gradient: 0.03944
name: module.enc2.model.0.bias, norm gradient: 0.00000
name: module.enc3.model.0.weight, norm gradient: 0.01428
name: module.enc3.model.0.bias, norm gradient: 0.00000
name: module.enc4.model.0.weight, norm gradient: 0.00844
name: module.enc4.model.0.bias, norm gradient: 0.00000
name: module.dec4.model.1.weight, norm gradient: 0.00830
name: module.dec4.model.1.bias, norm gradient: 0.00000
name: module.dec3.model.1.weight, norm gradient: 0.01740
name: module.dec3.model.1.bias, norm gradient: 0.00000
name: module.dec2.model.1.weight, norm gradient: 0.03841
name: module.dec2.model.1.bias, norm gradient: 0.00000
name: module.dec1.model.0.weight, norm gradient: 0.11899
name: module.dec1.model.0.bias, norm gradient: 0.00827
validation accuracies:
                gf: 0.69, 0.3434899371603261
                real: 0.69,  0.3434899371603261
                fake: 0.69, 0.3434899371603261

ran validation set (B:1701) in                         34.2 s.
(epoch: 5, batches: 100, time: 0.012, data: 0.003) loss_G_comp: 0.807 loss_G_anti_sc: 0.566 loss_G: 1.373 loss_D_real: 0.810 loss_D_fake: 0.547 loss_D: 1.978 acc_real: 0.687 acc_fake: 0.687 loss_AUX: 0.281 loss_D_gr_fake: 0.339 acc_grfake: 0.687 
{}
DataParallel
name: module.enc1.model.0.weight, norm gradient: 2.23572
name: module.enc1.model.0.bias, norm gradient: 0.00000
name: module.enc2.model.0.weight, norm gradient: 0.79345
name: module.enc2.model.0.bias, norm gradient: 0.00000
name: module.enc3.model.0.weight, norm gradient: 0.39552
name: module.enc3.model.0.bias, norm gradient: 0.00000
name: module.enc4.model.0.weight, norm gradient: 0.18157
name: module.enc4.model.0.bias, norm gradient: 0.00000
name: module.dec4.model.1.weight, norm gradient: 0.04744
name: module.dec4.model.1.bias, norm gradient: 0.00000
name: module.dec3.model.1.weight, norm gradient: 0.06900
name: module.dec3.model.1.bias, norm gradient: 0.00000
name: module.dec2.model.1.weight, norm gradient: 0.07743
name: module.dec2.model.1.bias, norm gradient: 0.00000
name: module.dec1.model.0.weight, norm gradient: 0.04535
name: module.dec1.model.0.bias, norm gradient: 0.00148
name: module.pred_layers.2.weight, norm gradient: 0.37924
name: module.pred_layers.2.bias, norm gradient: 0.05750
name: module.pred_layers.4.weight, norm gradient: 0.18549
name: module.pred_layers.4.bias, norm gradient: 0.07804
DataParallel
name: module.enc1.model.0.weight, norm gradient: 0.10095
name: module.enc1.model.0.bias, norm gradient: 0.00000
name: module.enc2.model.0.weight, norm gradient: 0.10455
name: module.enc2.model.0.bias, norm gradient: 0.00000
name: module.enc3.model.0.weight, norm gradient: 0.02835
name: module.enc3.model.0.bias, norm gradient: 0.00000
name: module.enc4.model.0.weight, norm gradient: 0.01430
name: module.enc4.model.0.bias, norm gradient: 0.00000
name: module.dec4.model.1.weight, norm gradient: 0.01553
name: module.dec4.model.1.bias, norm gradient: 0.00000
name: module.dec3.model.1.weight, norm gradient: 0.03078
name: module.dec3.model.1.bias, norm gradient: 0.00000
name: module.dec2.model.1.weight, norm gradient: 0.08399
name: module.dec2.model.1.bias, norm gradient: 0.00000
name: module.dec1.model.0.weight, norm gradient: 0.17476
name: module.dec1.model.0.bias, norm gradient: 0.01197
validation accuracies:
                gf: 0.67, 0.27723317906476447
                real: 0.67,  0.27723317906476447
                fake: 0.67, 0.27723317906476447

ran validation set (B:1801) in                         34.5 s.
(epoch: 5, batches: 200, time: 0.011, data: 0.003) loss_G_comp: 0.852 loss_G_anti_sc: 0.529 loss_G: 1.381 loss_D_real: 0.783 loss_D_fake: 0.571 loss_D: 1.984 acc_real: 0.667 acc_fake: 0.667 loss_AUX: 0.293 loss_D_gr_fake: 0.337 acc_grfake: 0.667 
{}
DataParallel
name: module.enc1.model.0.weight, norm gradient: 1.21215
name: module.enc1.model.0.bias, norm gradient: 0.00000
name: module.enc2.model.0.weight, norm gradient: 0.57042
name: module.enc2.model.0.bias, norm gradient: 0.00000
name: module.enc3.model.0.weight, norm gradient: 0.32340
name: module.enc3.model.0.bias, norm gradient: 0.00000
name: module.enc4.model.0.weight, norm gradient: 0.16512
name: module.enc4.model.0.bias, norm gradient: 0.00000
name: module.dec4.model.1.weight, norm gradient: 0.04691
name: module.dec4.model.1.bias, norm gradient: 0.00000
name: module.dec3.model.1.weight, norm gradient: 0.07758
name: module.dec3.model.1.bias, norm gradient: 0.00000
name: module.dec2.model.1.weight, norm gradient: 0.11466
name: module.dec2.model.1.bias, norm gradient: 0.00000
name: module.dec1.model.0.weight, norm gradient: 0.11361
name: module.dec1.model.0.bias, norm gradient: 0.00637
name: module.pred_layers.2.weight, norm gradient: 0.28401
name: module.pred_layers.2.bias, norm gradient: 0.04385
name: module.pred_layers.4.weight, norm gradient: 0.14000
name: module.pred_layers.4.bias, norm gradient: 0.06337
DataParallel
name: module.enc1.model.0.weight, norm gradient: 0.10807
name: module.enc1.model.0.bias, norm gradient: 0.00000
name: module.enc2.model.0.weight, norm gradient: 0.04962
name: module.enc2.model.0.bias, norm gradient: 0.00000
name: module.enc3.model.0.weight, norm gradient: 0.02420
name: module.enc3.model.0.bias, norm gradient: 0.00000
name: module.enc4.model.0.weight, norm gradient: 0.01181
name: module.enc4.model.0.bias, norm gradient: 0.00000
name: module.dec4.model.1.weight, norm gradient: 0.00986
name: module.dec4.model.1.bias, norm gradient: 0.00000
name: module.dec3.model.1.weight, norm gradient: 0.01697
name: module.dec3.model.1.bias, norm gradient: 0.00000
name: module.dec2.model.1.weight, norm gradient: 0.03577
name: module.dec2.model.1.bias, norm gradient: 0.00000
name: module.dec1.model.0.weight, norm gradient: 0.05810
name: module.dec1.model.0.bias, norm gradient: 0.00063
validation accuracies:
                gf: 0.67, 0.30594447039175726
                real: 0.67,  0.30594447039175726
                fake: 0.67, 0.30594447039175726

ran validation set (B:1901) in                         33.7 s.
(epoch: 5, batches: 300, time: 0.012, data: 0.003) loss_G_comp: 0.828 loss_G_anti_sc: 0.544 loss_G: 1.372 loss_D_real: 0.798 loss_D_fake: 0.560 loss_D: 1.954 acc_real: 0.669 acc_fake: 0.669 loss_AUX: 0.276 loss_D_gr_fake: 0.321 acc_grfake: 0.669 
{}
DataParallel
name: module.enc1.model.0.weight, norm gradient: 2.41662
name: module.enc1.model.0.bias, norm gradient: 0.00000
name: module.enc2.model.0.weight, norm gradient: 0.88265
name: module.enc2.model.0.bias, norm gradient: 0.00000
name: module.enc3.model.0.weight, norm gradient: 0.49529
name: module.enc3.model.0.bias, norm gradient: 0.00000
name: module.enc4.model.0.weight, norm gradient: 0.19593
name: module.enc4.model.0.bias, norm gradient: 0.00000
name: module.dec4.model.1.weight, norm gradient: 0.06007
name: module.dec4.model.1.bias, norm gradient: 0.00000
name: module.dec3.model.1.weight, norm gradient: 0.10508
name: module.dec3.model.1.bias, norm gradient: 0.00000
name: module.dec2.model.1.weight, norm gradient: 0.17783
name: module.dec2.model.1.bias, norm gradient: 0.00000
name: module.dec1.model.0.weight, norm gradient: 0.19672
name: module.dec1.model.0.bias, norm gradient: 0.01423
name: module.pred_layers.2.weight, norm gradient: 0.33362
name: module.pred_layers.2.bias, norm gradient: 0.05012
name: module.pred_layers.4.weight, norm gradient: 0.16166
name: module.pred_layers.4.bias, norm gradient: 0.06875
DataParallel
name: module.enc1.model.0.weight, norm gradient: 0.12077
name: module.enc1.model.0.bias, norm gradient: 0.00000
name: module.enc2.model.0.weight, norm gradient: 0.10745
name: module.enc2.model.0.bias, norm gradient: 0.00000
name: module.enc3.model.0.weight, norm gradient: 0.01875
name: module.enc3.model.0.bias, norm gradient: 0.00000
name: module.enc4.model.0.weight, norm gradient: 0.00878
name: module.enc4.model.0.bias, norm gradient: 0.00000
name: module.dec4.model.1.weight, norm gradient: 0.00895
name: module.dec4.model.1.bias, norm gradient: 0.00000
name: module.dec3.model.1.weight, norm gradient: 0.02420
name: module.dec3.model.1.bias, norm gradient: 0.00000
name: module.dec2.model.1.weight, norm gradient: 0.10697
name: module.dec2.model.1.bias, norm gradient: 0.00000
name: module.dec1.model.0.weight, norm gradient: 0.30748
name: module.dec1.model.0.bias, norm gradient: 0.00911
validation accuracies:
                gf: 0.68, 0.3315703903419384
                real: 0.68,  0.3315703903419384
                fake: 0.68, 0.3315703903419384

ran validation set (B:2001) in                         33.4 s.
(epoch: 5, batches: 400, time: 0.011, data: 0.003) loss_G_comp: 0.835 loss_G_anti_sc: 0.538 loss_G: 1.372 loss_D_real: 0.819 loss_D_fake: 0.539 loss_D: 1.970 acc_real: 0.677 acc_fake: 0.677 loss_AUX: 0.276 loss_D_gr_fake: 0.337 acc_grfake: 0.677 
{}
learning rate 0.0002000 -> 0.0002000
End of epoch 5 / 8 	 Time Taken: 346 sec
DataParallel
name: module.enc1.model.0.weight, norm gradient: 1.10131
name: module.enc1.model.0.bias, norm gradient: 0.00000
name: module.enc2.model.0.weight, norm gradient: 0.38653
name: module.enc2.model.0.bias, norm gradient: 0.00000
name: module.enc3.model.0.weight, norm gradient: 0.19865
name: module.enc3.model.0.bias, norm gradient: 0.00000
name: module.enc4.model.0.weight, norm gradient: 0.10714
name: module.enc4.model.0.bias, norm gradient: 0.00000
name: module.dec4.model.1.weight, norm gradient: 0.03547
name: module.dec4.model.1.bias, norm gradient: 0.00000
name: module.dec3.model.1.weight, norm gradient: 0.05094
name: module.dec3.model.1.bias, norm gradient: 0.00000
name: module.dec2.model.1.weight, norm gradient: 0.07478
name: module.dec2.model.1.bias, norm gradient: 0.00000
name: module.dec1.model.0.weight, norm gradient: 0.07641
name: module.dec1.model.0.bias, norm gradient: 0.00137
name: module.pred_layers.2.weight, norm gradient: 0.06426
name: module.pred_layers.2.bias, norm gradient: 0.00984
name: module.pred_layers.4.weight, norm gradient: 0.00752
name: module.pred_layers.4.bias, norm gradient: 0.00015
DataParallel
name: module.enc1.model.0.weight, norm gradient: 0.11497
name: module.enc1.model.0.bias, norm gradient: 0.00000
name: module.enc2.model.0.weight, norm gradient: 0.08085
name: module.enc2.model.0.bias, norm gradient: 0.00000
name: module.enc3.model.0.weight, norm gradient: 0.02444
name: module.enc3.model.0.bias, norm gradient: 0.00000
name: module.enc4.model.0.weight, norm gradient: 0.01257
name: module.enc4.model.0.bias, norm gradient: 0.00000
name: module.dec4.model.1.weight, norm gradient: 0.01164
name: module.dec4.model.1.bias, norm gradient: 0.00000
name: module.dec3.model.1.weight, norm gradient: 0.02087
name: module.dec3.model.1.bias, norm gradient: 0.00000
name: module.dec2.model.1.weight, norm gradient: 0.04699
name: module.dec2.model.1.bias, norm gradient: 0.00000
name: module.dec1.model.0.weight, norm gradient: 0.06981
name: module.dec1.model.0.bias, norm gradient: 0.00252
validation accuracies:
                gf: 0.67, 0.31139782891757245
                real: 0.67,  0.31139782891757245
                fake: 0.67, 0.31139782891757245

ran validation set (B:2101) in                         33.9 s.
(epoch: 6, batches: 100, time: 0.012, data: 0.004) loss_G_comp: 0.784 loss_G_anti_sc: 0.586 loss_G: 1.370 loss_D_real: 0.767 loss_D_fake: 0.602 loss_D: 2.058 acc_real: 0.668 acc_fake: 0.668 loss_AUX: 0.328 loss_D_gr_fake: 0.360 acc_grfake: 0.668 
{}
DataParallel
name: module.enc1.model.0.weight, norm gradient: 1.13778
name: module.enc1.model.0.bias, norm gradient: 0.00000
name: module.enc2.model.0.weight, norm gradient: 0.35110
name: module.enc2.model.0.bias, norm gradient: 0.00000
name: module.enc3.model.0.weight, norm gradient: 0.18592
name: module.enc3.model.0.bias, norm gradient: 0.00000
name: module.enc4.model.0.weight, norm gradient: 0.09338
name: module.enc4.model.0.bias, norm gradient: 0.00000
name: module.dec4.model.1.weight, norm gradient: 0.03000
name: module.dec4.model.1.bias, norm gradient: 0.00000
name: module.dec3.model.1.weight, norm gradient: 0.04517
name: module.dec3.model.1.bias, norm gradient: 0.00000
name: module.dec2.model.1.weight, norm gradient: 0.06859
name: module.dec2.model.1.bias, norm gradient: 0.00000
name: module.dec1.model.0.weight, norm gradient: 0.07434
name: module.dec1.model.0.bias, norm gradient: 0.00139
name: module.pred_layers.2.weight, norm gradient: 0.07144
name: module.pred_layers.2.bias, norm gradient: 0.01045
name: module.pred_layers.4.weight, norm gradient: 0.03578
name: module.pred_layers.4.bias, norm gradient: 0.00418
DataParallel
name: module.enc1.model.0.weight, norm gradient: 0.13530
name: module.enc1.model.0.bias, norm gradient: 0.00000
name: module.enc2.model.0.weight, norm gradient: 0.06076
name: module.enc2.model.0.bias, norm gradient: 0.00000
name: module.enc3.model.0.weight, norm gradient: 0.02155
name: module.enc3.model.0.bias, norm gradient: 0.00000
name: module.enc4.model.0.weight, norm gradient: 0.00996
name: module.enc4.model.0.bias, norm gradient: 0.00000
name: module.dec4.model.1.weight, norm gradient: 0.00937
name: module.dec4.model.1.bias, norm gradient: 0.00000
name: module.dec3.model.1.weight, norm gradient: 0.01808
name: module.dec3.model.1.bias, norm gradient: 0.00000
name: module.dec2.model.1.weight, norm gradient: 0.05347
name: module.dec2.model.1.bias, norm gradient: 0.00000
name: module.dec1.model.0.weight, norm gradient: 0.12642
name: module.dec1.model.0.bias, norm gradient: 0.00519
validation accuracies:
                gf: 0.67, 0.31231866366621375
                real: 0.67,  0.31231866366621375
                fake: 0.67, 0.31231866366621375

ran validation set (B:2201) in                         33.9 s.
(epoch: 6, batches: 200, time: 0.011, data: 0.003) loss_G_comp: 0.829 loss_G_anti_sc: 0.541 loss_G: 1.371 loss_D_real: 0.771 loss_D_fake: 0.582 loss_D: 1.960 acc_real: 0.667 acc_fake: 0.667 loss_AUX: 0.266 loss_D_gr_fake: 0.341 acc_grfake: 0.667 
{}
DataParallel
name: module.enc1.model.0.weight, norm gradient: 2.68733
name: module.enc1.model.0.bias, norm gradient: 0.00000
name: module.enc2.model.0.weight, norm gradient: 0.97879
name: module.enc2.model.0.bias, norm gradient: 0.00000
name: module.enc3.model.0.weight, norm gradient: 0.48119
name: module.enc3.model.0.bias, norm gradient: 0.00000
name: module.enc4.model.0.weight, norm gradient: 0.21986
name: module.enc4.model.0.bias, norm gradient: 0.00000
name: module.dec4.model.1.weight, norm gradient: 0.04352
name: module.dec4.model.1.bias, norm gradient: 0.00000
name: module.dec3.model.1.weight, norm gradient: 0.06633
name: module.dec3.model.1.bias, norm gradient: 0.00000
name: module.dec2.model.1.weight, norm gradient: 0.09867
name: module.dec2.model.1.bias, norm gradient: 0.00000
name: module.dec1.model.0.weight, norm gradient: 0.09235
name: module.dec1.model.0.bias, norm gradient: 0.00544
name: module.pred_layers.2.weight, norm gradient: 0.50863
name: module.pred_layers.2.bias, norm gradient: 0.07867
name: module.pred_layers.4.weight, norm gradient: 0.24395
name: module.pred_layers.4.bias, norm gradient: 0.11736
DataParallel
name: module.enc1.model.0.weight, norm gradient: 0.09855
name: module.enc1.model.0.bias, norm gradient: 0.00000
name: module.enc2.model.0.weight, norm gradient: 0.07067
name: module.enc2.model.0.bias, norm gradient: 0.00000
name: module.enc3.model.0.weight, norm gradient: 0.02215
name: module.enc3.model.0.bias, norm gradient: 0.00000
name: module.enc4.model.0.weight, norm gradient: 0.01014
name: module.enc4.model.0.bias, norm gradient: 0.00000
name: module.dec4.model.1.weight, norm gradient: 0.00899
name: module.dec4.model.1.bias, norm gradient: 0.00000
name: module.dec3.model.1.weight, norm gradient: 0.01857
name: module.dec3.model.1.bias, norm gradient: 0.00000
name: module.dec2.model.1.weight, norm gradient: 0.06639
name: module.dec2.model.1.bias, norm gradient: 0.00000
name: module.dec1.model.0.weight, norm gradient: 0.18459
name: module.dec1.model.0.bias, norm gradient: 0.00202
validation accuracies:
                gf: 0.67, 0.29507490517436596
                real: 0.67,  0.29507490517436596
                fake: 0.67, 0.29507490517436596

ran validation set (B:2301) in                         33.4 s.
(epoch: 6, batches: 300, time: 0.012, data: 0.004) loss_G_comp: 0.826 loss_G_anti_sc: 0.545 loss_G: 1.371 loss_D_real: 0.762 loss_D_fake: 0.595 loss_D: 1.937 acc_real: 0.668 acc_fake: 0.668 loss_AUX: 0.251 loss_D_gr_fake: 0.328 acc_grfake: 0.668 
{}
DataParallel
name: module.enc1.model.0.weight, norm gradient: 1.87904
name: module.enc1.model.0.bias, norm gradient: 0.00000
name: module.enc2.model.0.weight, norm gradient: 0.72544
name: module.enc2.model.0.bias, norm gradient: 0.00000
name: module.enc3.model.0.weight, norm gradient: 0.32974
name: module.enc3.model.0.bias, norm gradient: 0.00000
name: module.enc4.model.0.weight, norm gradient: 0.15532
name: module.enc4.model.0.bias, norm gradient: 0.00000
name: module.dec4.model.1.weight, norm gradient: 0.04235
name: module.dec4.model.1.bias, norm gradient: 0.00000
name: module.dec3.model.1.weight, norm gradient: 0.06211
name: module.dec3.model.1.bias, norm gradient: 0.00000
name: module.dec2.model.1.weight, norm gradient: 0.09547
name: module.dec2.model.1.bias, norm gradient: 0.00000
name: module.dec1.model.0.weight, norm gradient: 0.08731
name: module.dec1.model.0.bias, norm gradient: 0.00294
name: module.pred_layers.2.weight, norm gradient: 0.18238
name: module.pred_layers.2.bias, norm gradient: 0.02808
name: module.pred_layers.4.weight, norm gradient: 0.07395
name: module.pred_layers.4.bias, norm gradient: 0.03555
DataParallel
name: module.enc1.model.0.weight, norm gradient: 0.12447
name: module.enc1.model.0.bias, norm gradient: 0.00000
name: module.enc2.model.0.weight, norm gradient: 0.06553
name: module.enc2.model.0.bias, norm gradient: 0.00000
name: module.enc3.model.0.weight, norm gradient: 0.02220
name: module.enc3.model.0.bias, norm gradient: 0.00000
name: module.enc4.model.0.weight, norm gradient: 0.01112
name: module.enc4.model.0.bias, norm gradient: 0.00000
name: module.dec4.model.1.weight, norm gradient: 0.01052
name: module.dec4.model.1.bias, norm gradient: 0.00000
name: module.dec3.model.1.weight, norm gradient: 0.02060
name: module.dec3.model.1.bias, norm gradient: 0.00000
name: module.dec2.model.1.weight, norm gradient: 0.06137
name: module.dec2.model.1.bias, norm gradient: 0.00000
name: module.dec1.model.0.weight, norm gradient: 0.10211
name: module.dec1.model.0.bias, norm gradient: 0.00366
validation accuracies:
                gf: 0.67, 0.2958037887794384
                real: 0.67,  0.2958037887794384
                fake: 0.67, 0.2958037887794384

ran validation set (B:2401) in                         34.1 s.
(epoch: 6, batches: 400, time: 0.011, data: 0.003) loss_G_comp: 0.655 loss_G_anti_sc: 0.771 loss_G: 1.426 loss_D_real: 1.080 loss_D_fake: 0.406 loss_D: 2.106 acc_real: 0.667 acc_fake: 0.667 loss_AUX: 0.271 loss_D_gr_fake: 0.350 acc_grfake: 0.667 
{}
learning rate 0.0002000 -> 0.0002000
End of epoch 6 / 8 	 Time Taken: 345 sec
DataParallel
name: module.enc1.model.0.weight, norm gradient: 1.20637
name: module.enc1.model.0.bias, norm gradient: 0.00000
name: module.enc2.model.0.weight, norm gradient: 0.37305
name: module.enc2.model.0.bias, norm gradient: 0.00000
name: module.enc3.model.0.weight, norm gradient: 0.19835
name: module.enc3.model.0.bias, norm gradient: 0.00000
name: module.enc4.model.0.weight, norm gradient: 0.11615
name: module.enc4.model.0.bias, norm gradient: 0.00000
name: module.dec4.model.1.weight, norm gradient: 0.03222
name: module.dec4.model.1.bias, norm gradient: 0.00000
name: module.dec3.model.1.weight, norm gradient: 0.04785
name: module.dec3.model.1.bias, norm gradient: 0.00000
name: module.dec2.model.1.weight, norm gradient: 0.07387
name: module.dec2.model.1.bias, norm gradient: 0.00000
name: module.dec1.model.0.weight, norm gradient: 0.07214
name: module.dec1.model.0.bias, norm gradient: 0.00122
name: module.pred_layers.2.weight, norm gradient: 0.16117
name: module.pred_layers.2.bias, norm gradient: 0.02480
name: module.pred_layers.4.weight, norm gradient: 0.06973
name: module.pred_layers.4.bias, norm gradient: 0.03243
DataParallel
name: module.enc1.model.0.weight, norm gradient: 0.11452
name: module.enc1.model.0.bias, norm gradient: 0.00000
name: module.enc2.model.0.weight, norm gradient: 0.04912
name: module.enc2.model.0.bias, norm gradient: 0.00000
name: module.enc3.model.0.weight, norm gradient: 0.01434
name: module.enc3.model.0.bias, norm gradient: 0.00000
name: module.enc4.model.0.weight, norm gradient: 0.00632
name: module.enc4.model.0.bias, norm gradient: 0.00000
name: module.dec4.model.1.weight, norm gradient: 0.00545
name: module.dec4.model.1.bias, norm gradient: 0.00000
name: module.dec3.model.1.weight, norm gradient: 0.01095
name: module.dec3.model.1.bias, norm gradient: 0.00000
name: module.dec2.model.1.weight, norm gradient: 0.03699
name: module.dec2.model.1.bias, norm gradient: 0.00000
name: module.dec1.model.0.weight, norm gradient: 0.08579
name: module.dec1.model.0.bias, norm gradient: 0.00549
validation accuracies:
                gf: 0.67, 0.305672023607337
                real: 0.67,  0.305672023607337
                fake: 0.67, 0.305672023607337

ran validation set (B:2501) in                         34.1 s.
(epoch: 7, batches: 100, time: 0.011, data: 0.003) loss_G_comp: 0.857 loss_G_anti_sc: 0.511 loss_G: 1.368 loss_D_real: 0.768 loss_D_fake: 0.560 loss_D: 1.959 acc_real: 0.667 acc_fake: 0.667 loss_AUX: 0.281 loss_D_gr_fake: 0.350 acc_grfake: 0.667 
{}
DataParallel
name: module.enc1.model.0.weight, norm gradient: 1.95091
name: module.enc1.model.0.bias, norm gradient: 0.00000
name: module.enc2.model.0.weight, norm gradient: 0.56789
name: module.enc2.model.0.bias, norm gradient: 0.00000
name: module.enc3.model.0.weight, norm gradient: 0.27724
name: module.enc3.model.0.bias, norm gradient: 0.00000
name: module.enc4.model.0.weight, norm gradient: 0.13541
name: module.enc4.model.0.bias, norm gradient: 0.00000
name: module.dec4.model.1.weight, norm gradient: 0.04236
name: module.dec4.model.1.bias, norm gradient: 0.00000
name: module.dec3.model.1.weight, norm gradient: 0.06756
name: module.dec3.model.1.bias, norm gradient: 0.00000
name: module.dec2.model.1.weight, norm gradient: 0.09348
name: module.dec2.model.1.bias, norm gradient: 0.00000
name: module.dec1.model.0.weight, norm gradient: 0.07450
name: module.dec1.model.0.bias, norm gradient: 0.00582
name: module.pred_layers.2.weight, norm gradient: 0.08592
name: module.pred_layers.2.bias, norm gradient: 0.01304
name: module.pred_layers.4.weight, norm gradient: 0.02612
name: module.pred_layers.4.bias, norm gradient: 0.00913
DataParallel
name: module.enc1.model.0.weight, norm gradient: 0.05896
name: module.enc1.model.0.bias, norm gradient: 0.00000
name: module.enc2.model.0.weight, norm gradient: 0.04559
name: module.enc2.model.0.bias, norm gradient: 0.00000
name: module.enc3.model.0.weight, norm gradient: 0.01098
name: module.enc3.model.0.bias, norm gradient: 0.00000
name: module.enc4.model.0.weight, norm gradient: 0.00531
name: module.enc4.model.0.bias, norm gradient: 0.00000
name: module.dec4.model.1.weight, norm gradient: 0.00511
name: module.dec4.model.1.bias, norm gradient: 0.00000
name: module.dec3.model.1.weight, norm gradient: 0.01125
name: module.dec3.model.1.bias, norm gradient: 0.00000
name: module.dec2.model.1.weight, norm gradient: 0.04466
name: module.dec2.model.1.bias, norm gradient: 0.00000
name: module.dec1.model.0.weight, norm gradient: 0.09740
name: module.dec1.model.0.bias, norm gradient: 0.00179
validation accuracies:
                gf: 0.67, 0.3067273126132246
                real: 0.67,  0.3067273126132246
                fake: 0.67, 0.3067273126132246

ran validation set (B:2601) in                         34.0 s.
(epoch: 7, batches: 200, time: 0.012, data: 0.003) loss_G_comp: 0.760 loss_G_anti_sc: 0.608 loss_G: 1.368 loss_D_real: 0.856 loss_D_fake: 0.527 loss_D: 1.981 acc_real: 0.667 acc_fake: 0.667 loss_AUX: 0.254 loss_D_gr_fake: 0.343 acc_grfake: 0.667 
{}
DataParallel
name: module.enc1.model.0.weight, norm gradient: 1.69818
name: module.enc1.model.0.bias, norm gradient: 0.00000
name: module.enc2.model.0.weight, norm gradient: 0.62081
name: module.enc2.model.0.bias, norm gradient: 0.00000
name: module.enc3.model.0.weight, norm gradient: 0.35073
name: module.enc3.model.0.bias, norm gradient: 0.00000
name: module.enc4.model.0.weight, norm gradient: 0.18523
name: module.enc4.model.0.bias, norm gradient: 0.00000
name: module.dec4.model.1.weight, norm gradient: 0.04748
name: module.dec4.model.1.bias, norm gradient: 0.00000
name: module.dec3.model.1.weight, norm gradient: 0.06433
name: module.dec3.model.1.bias, norm gradient: 0.00000
name: module.dec2.model.1.weight, norm gradient: 0.09133
name: module.dec2.model.1.bias, norm gradient: 0.00000
name: module.dec1.model.0.weight, norm gradient: 0.10187
name: module.dec1.model.0.bias, norm gradient: 0.00095
name: module.pred_layers.2.weight, norm gradient: 0.30806
name: module.pred_layers.2.bias, norm gradient: 0.04790
name: module.pred_layers.4.weight, norm gradient: 0.11410
name: module.pred_layers.4.bias, norm gradient: 0.05509
DataParallel
name: module.enc1.model.0.weight, norm gradient: 0.32622
name: module.enc1.model.0.bias, norm gradient: 0.00000
name: module.enc2.model.0.weight, norm gradient: 0.20077
name: module.enc2.model.0.bias, norm gradient: 0.00000
name: module.enc3.model.0.weight, norm gradient: 0.03784
name: module.enc3.model.0.bias, norm gradient: 0.00000
name: module.enc4.model.0.weight, norm gradient: 0.01574
name: module.enc4.model.0.bias, norm gradient: 0.00000
name: module.dec4.model.1.weight, norm gradient: 0.01610
name: module.dec4.model.1.bias, norm gradient: 0.00000
name: module.dec3.model.1.weight, norm gradient: 0.04244
name: module.dec3.model.1.bias, norm gradient: 0.00000
name: module.dec2.model.1.weight, norm gradient: 0.20994
name: module.dec2.model.1.bias, norm gradient: 0.00000
name: module.dec1.model.0.weight, norm gradient: 0.68969
name: module.dec1.model.0.bias, norm gradient: 0.02185
validation accuracies:
                gf: 0.67, 0.30909353062726447
                real: 0.67,  0.30909353062726447
                fake: 0.67, 0.30909353062726447

ran validation set (B:2701) in                         34.3 s.
(epoch: 7, batches: 300, time: 0.011, data: 0.003) loss_G_comp: 0.853 loss_G_anti_sc: 0.523 loss_G: 1.377 loss_D_real: 0.786 loss_D_fake: 0.556 loss_D: 1.923 acc_real: 0.668 acc_fake: 0.668 loss_AUX: 0.248 loss_D_gr_fake: 0.333 acc_grfake: 0.668 
{}
DataParallel
name: module.enc1.model.0.weight, norm gradient: 1.52528
name: module.enc1.model.0.bias, norm gradient: 0.00000
name: module.enc2.model.0.weight, norm gradient: 0.45956
name: module.enc2.model.0.bias, norm gradient: 0.00000
name: module.enc3.model.0.weight, norm gradient: 0.22526
name: module.enc3.model.0.bias, norm gradient: 0.00000
name: module.enc4.model.0.weight, norm gradient: 0.12447
name: module.enc4.model.0.bias, norm gradient: 0.00000
name: module.dec4.model.1.weight, norm gradient: 0.05257
name: module.dec4.model.1.bias, norm gradient: 0.00000
name: module.dec3.model.1.weight, norm gradient: 0.08259
name: module.dec3.model.1.bias, norm gradient: 0.00000
name: module.dec2.model.1.weight, norm gradient: 0.14796
name: module.dec2.model.1.bias, norm gradient: 0.00000
name: module.dec1.model.0.weight, norm gradient: 0.15631
name: module.dec1.model.0.bias, norm gradient: 0.01122
name: module.pred_layers.2.weight, norm gradient: 0.04396
name: module.pred_layers.2.bias, norm gradient: 0.00650
name: module.pred_layers.4.weight, norm gradient: 0.01149
name: module.pred_layers.4.bias, norm gradient: 0.00482
DataParallel
name: module.enc1.model.0.weight, norm gradient: 0.10721
name: module.enc1.model.0.bias, norm gradient: 0.00000
name: module.enc2.model.0.weight, norm gradient: 0.04873
name: module.enc2.model.0.bias, norm gradient: 0.00000
name: module.enc3.model.0.weight, norm gradient: 0.01062
name: module.enc3.model.0.bias, norm gradient: 0.00000
name: module.enc4.model.0.weight, norm gradient: 0.00493
name: module.enc4.model.0.bias, norm gradient: 0.00000
name: module.dec4.model.1.weight, norm gradient: 0.00478
name: module.dec4.model.1.bias, norm gradient: 0.00000
name: module.dec3.model.1.weight, norm gradient: 0.01075
name: module.dec3.model.1.bias, norm gradient: 0.00000
name: module.dec2.model.1.weight, norm gradient: 0.03624
name: module.dec2.model.1.bias, norm gradient: 0.00000
name: module.dec1.model.0.weight, norm gradient: 0.08802
name: module.dec1.model.0.bias, norm gradient: 0.00239
validation accuracies:
                gf: 0.67, 0.3211616847826087
                real: 0.67,  0.3211616847826087
                fake: 0.67, 0.3211616847826087

ran validation set (B:2801) in                         34.0 s.
(epoch: 7, batches: 400, time: 0.011, data: 0.004) loss_G_comp: 0.751 loss_G_anti_sc: 0.620 loss_G: 1.370 loss_D_real: 0.817 loss_D_fake: 0.544 loss_D: 1.941 acc_real: 0.670 acc_fake: 0.670 loss_AUX: 0.237 loss_D_gr_fake: 0.342 acc_grfake: 0.670 
{}
learning rate 0.0002000 -> 0.0002000
End of epoch 7 / 8 	 Time Taken: 348 sec
DataParallel
name: module.enc1.model.0.weight, norm gradient: 1.41364
name: module.enc1.model.0.bias, norm gradient: 0.00000
name: module.enc2.model.0.weight, norm gradient: 0.45778
name: module.enc2.model.0.bias, norm gradient: 0.00000
name: module.enc3.model.0.weight, norm gradient: 0.26135
name: module.enc3.model.0.bias, norm gradient: 0.00000
name: module.enc4.model.0.weight, norm gradient: 0.11928
name: module.enc4.model.0.bias, norm gradient: 0.00000
name: module.dec4.model.1.weight, norm gradient: 0.05931
name: module.dec4.model.1.bias, norm gradient: 0.00000
name: module.dec3.model.1.weight, norm gradient: 0.09611
name: module.dec3.model.1.bias, norm gradient: 0.00000
name: module.dec2.model.1.weight, norm gradient: 0.17035
name: module.dec2.model.1.bias, norm gradient: 0.00000
name: module.dec1.model.0.weight, norm gradient: 0.18234
name: module.dec1.model.0.bias, norm gradient: 0.01146
name: module.pred_layers.2.weight, norm gradient: 0.11862
name: module.pred_layers.2.bias, norm gradient: 0.01791
name: module.pred_layers.4.weight, norm gradient: 0.05686
name: module.pred_layers.4.bias, norm gradient: 0.02276
DataParallel
name: module.enc1.model.0.weight, norm gradient: 0.04377
name: module.enc1.model.0.bias, norm gradient: 0.00000
name: module.enc2.model.0.weight, norm gradient: 0.03073
name: module.enc2.model.0.bias, norm gradient: 0.00000
name: module.enc3.model.0.weight, norm gradient: 0.01299
name: module.enc3.model.0.bias, norm gradient: 0.00000
name: module.enc4.model.0.weight, norm gradient: 0.00723
name: module.enc4.model.0.bias, norm gradient: 0.00000
name: module.dec4.model.1.weight, norm gradient: 0.00722
name: module.dec4.model.1.bias, norm gradient: 0.00000
name: module.dec3.model.1.weight, norm gradient: 0.01172
name: module.dec3.model.1.bias, norm gradient: 0.00000
name: module.dec2.model.1.weight, norm gradient: 0.02839
name: module.dec2.model.1.bias, norm gradient: 0.00000
name: module.dec1.model.0.weight, norm gradient: 0.04222
name: module.dec1.model.0.bias, norm gradient: 0.00184
validation accuracies:
                gf: 0.67, 0.31190822435461957
                real: 0.67,  0.31190822435461957
                fake: 0.67, 0.31190822435461957

ran validation set (B:2901) in                         34.0 s.
(epoch: 8, batches: 100, time: 0.012, data: 0.003) loss_G_comp: 0.822 loss_G_anti_sc: 0.548 loss_G: 1.370 loss_D_real: 0.775 loss_D_fake: 0.592 loss_D: 1.981 acc_real: 0.667 acc_fake: 0.667 loss_AUX: 0.286 loss_D_gr_fake: 0.329 acc_grfake: 0.667 
{}
DataParallel
name: module.enc1.model.0.weight, norm gradient: 1.81324
name: module.enc1.model.0.bias, norm gradient: 0.00000
name: module.enc2.model.0.weight, norm gradient: 0.48769
name: module.enc2.model.0.bias, norm gradient: 0.00000
name: module.enc3.model.0.weight, norm gradient: 0.26957
name: module.enc3.model.0.bias, norm gradient: 0.00000
name: module.enc4.model.0.weight, norm gradient: 0.14891
name: module.enc4.model.0.bias, norm gradient: 0.00000
name: module.dec4.model.1.weight, norm gradient: 0.04208
name: module.dec4.model.1.bias, norm gradient: 0.00000
name: module.dec3.model.1.weight, norm gradient: 0.05829
name: module.dec3.model.1.bias, norm gradient: 0.00000
name: module.dec2.model.1.weight, norm gradient: 0.07140
name: module.dec2.model.1.bias, norm gradient: 0.00000
name: module.dec1.model.0.weight, norm gradient: 0.06982
name: module.dec1.model.0.bias, norm gradient: 0.00454
name: module.pred_layers.2.weight, norm gradient: 0.26482
name: module.pred_layers.2.bias, norm gradient: 0.04057
name: module.pred_layers.4.weight, norm gradient: 0.11056
name: module.pred_layers.4.bias, norm gradient: 0.05497
DataParallel
name: module.enc1.model.0.weight, norm gradient: 0.10657
name: module.enc1.model.0.bias, norm gradient: 0.00000
name: module.enc2.model.0.weight, norm gradient: 0.04933
name: module.enc2.model.0.bias, norm gradient: 0.00000
name: module.enc3.model.0.weight, norm gradient: 0.01791
name: module.enc3.model.0.bias, norm gradient: 0.00000
name: module.enc4.model.0.weight, norm gradient: 0.00702
name: module.enc4.model.0.bias, norm gradient: 0.00000
name: module.dec4.model.1.weight, norm gradient: 0.00638
name: module.dec4.model.1.bias, norm gradient: 0.00000
name: module.dec3.model.1.weight, norm gradient: 0.01310
name: module.dec3.model.1.bias, norm gradient: 0.00000
name: module.dec2.model.1.weight, norm gradient: 0.03758
name: module.dec2.model.1.bias, norm gradient: 0.00000
name: module.dec1.model.0.weight, norm gradient: 0.08625
name: module.dec1.model.0.bias, norm gradient: 0.00401
validation accuracies:
                gf: 0.67, 0.32327845476675726
                real: 0.67,  0.32327845476675726
                fake: 0.67, 0.32327845476675726

ran validation set (B:3001) in                         33.7 s.
(epoch: 8, batches: 200, time: 0.012, data: 0.004) loss_G_comp: 0.924 loss_G_anti_sc: 0.488 loss_G: 1.412 loss_D_real: 0.680 loss_D_fake: 0.704 loss_D: 2.018 acc_real: 0.671 acc_fake: 0.671 loss_AUX: 0.268 loss_D_gr_fake: 0.366 acc_grfake: 0.671 
{}
DataParallel
name: module.enc1.model.0.weight, norm gradient: 2.03764
name: module.enc1.model.0.bias, norm gradient: 0.00000
name: module.enc2.model.0.weight, norm gradient: 0.71568
name: module.enc2.model.0.bias, norm gradient: 0.00000
name: module.enc3.model.0.weight, norm gradient: 0.41895
name: module.enc3.model.0.bias, norm gradient: 0.00000
name: module.enc4.model.0.weight, norm gradient: 0.20854
name: module.enc4.model.0.bias, norm gradient: 0.00000
name: module.dec4.model.1.weight, norm gradient: 0.03966
name: module.dec4.model.1.bias, norm gradient: 0.00000
name: module.dec3.model.1.weight, norm gradient: 0.06177
name: module.dec3.model.1.bias, norm gradient: 0.00000
name: module.dec2.model.1.weight, norm gradient: 0.09058
name: module.dec2.model.1.bias, norm gradient: 0.00000
name: module.dec1.model.0.weight, norm gradient: 0.08524
name: module.dec1.model.0.bias, norm gradient: 0.00099
name: module.pred_layers.2.weight, norm gradient: 0.45753
name: module.pred_layers.2.bias, norm gradient: 0.07027
name: module.pred_layers.4.weight, norm gradient: 0.20451
name: module.pred_layers.4.bias, norm gradient: 0.09690
DataParallel
name: module.enc1.model.0.weight, norm gradient: 0.11530
name: module.enc1.model.0.bias, norm gradient: 0.00000
name: module.enc2.model.0.weight, norm gradient: 0.06365
name: module.enc2.model.0.bias, norm gradient: 0.00000
name: module.enc3.model.0.weight, norm gradient: 0.00988
name: module.enc3.model.0.bias, norm gradient: 0.00000
name: module.enc4.model.0.weight, norm gradient: 0.00436
name: module.enc4.model.0.bias, norm gradient: 0.00000
name: module.dec4.model.1.weight, norm gradient: 0.00429
name: module.dec4.model.1.bias, norm gradient: 0.00000
name: module.dec3.model.1.weight, norm gradient: 0.01134
name: module.dec3.model.1.bias, norm gradient: 0.00000
name: module.dec2.model.1.weight, norm gradient: 0.05678
name: module.dec2.model.1.bias, norm gradient: 0.00000
name: module.dec1.model.0.weight, norm gradient: 0.20537
name: module.dec1.model.0.bias, norm gradient: 0.00622
validation accuracies:
                gf: 0.67, 0.34142181838768115
                real: 0.67,  0.34142181838768115
                fake: 0.67, 0.34142181838768115

ran validation set (B:3101) in                         33.4 s.
(epoch: 8, batches: 300, time: 0.012, data: 0.003) loss_G_comp: 0.799 loss_G_anti_sc: 0.566 loss_G: 1.365 loss_D_real: 0.806 loss_D_fake: 0.551 loss_D: 1.935 acc_real: 0.674 acc_fake: 0.674 loss_AUX: 0.234 loss_D_gr_fake: 0.343 acc_grfake: 0.674 
{}
DataParallel
name: module.enc1.model.0.weight, norm gradient: 1.52055
name: module.enc1.model.0.bias, norm gradient: 0.00000
name: module.enc2.model.0.weight, norm gradient: 0.52213
name: module.enc2.model.0.bias, norm gradient: 0.00000
name: module.enc3.model.0.weight, norm gradient: 0.25796
name: module.enc3.model.0.bias, norm gradient: 0.00000
name: module.enc4.model.0.weight, norm gradient: 0.13009
name: module.enc4.model.0.bias, norm gradient: 0.00000
name: module.dec4.model.1.weight, norm gradient: 0.05818
name: module.dec4.model.1.bias, norm gradient: 0.00000
name: module.dec3.model.1.weight, norm gradient: 0.08006
name: module.dec3.model.1.bias, norm gradient: 0.00000
name: module.dec2.model.1.weight, norm gradient: 0.11570
name: module.dec2.model.1.bias, norm gradient: 0.00000
name: module.dec1.model.0.weight, norm gradient: 0.09901
name: module.dec1.model.0.bias, norm gradient: 0.00878
name: module.pred_layers.2.weight, norm gradient: 0.07813
name: module.pred_layers.2.bias, norm gradient: 0.01185
name: module.pred_layers.4.weight, norm gradient: 0.03766
name: module.pred_layers.4.bias, norm gradient: 0.00325
DataParallel
name: module.enc1.model.0.weight, norm gradient: 0.20373
name: module.enc1.model.0.bias, norm gradient: 0.00000
name: module.enc2.model.0.weight, norm gradient: 0.10920
name: module.enc2.model.0.bias, norm gradient: 0.00000
name: module.enc3.model.0.weight, norm gradient: 0.01871
name: module.enc3.model.0.bias, norm gradient: 0.00000
name: module.enc4.model.0.weight, norm gradient: 0.00772
name: module.enc4.model.0.bias, norm gradient: 0.00000
name: module.dec4.model.1.weight, norm gradient: 0.00740
name: module.dec4.model.1.bias, norm gradient: 0.00000
name: module.dec3.model.1.weight, norm gradient: 0.01998
name: module.dec3.model.1.bias, norm gradient: 0.00000
name: module.dec2.model.1.weight, norm gradient: 0.10047
name: module.dec2.model.1.bias, norm gradient: 0.00000
name: module.dec1.model.0.weight, norm gradient: 0.29686
name: module.dec1.model.0.bias, norm gradient: 0.00743
validation accuracies:
                gf: 0.67, 0.3186981643455616
                real: 0.67,  0.3186981643455616
                fake: 0.67, 0.3186981643455616

ran validation set (B:3201) in                         33.7 s.
(epoch: 8, batches: 400, time: 0.011, data: 0.004) loss_G_comp: 0.825 loss_G_anti_sc: 0.543 loss_G: 1.368 loss_D_real: 0.749 loss_D_fake: 0.600 loss_D: 1.904 acc_real: 0.671 acc_fake: 0.671 loss_AUX: 0.244 loss_D_gr_fake: 0.311 acc_grfake: 0.671 
{}
learning rate 0.0002000 -> 0.0001600
End of epoch 8 / 8 	 Time Taken: 346 sec
Finished training, model is saved
Batches trained - G: 1124, D: 2124 
