starting training run 34
----------------- Options ---------------
              D_headstart: 0                             	[default: 80000]
              D_threshold: 0.6                           
       accumulation_steps: 1                             	[default: 4]
               batch_size: 64                            
                    beta1: 0.5                           
                    beta2: 0.999                         
          checkpoints_dir: /scratch/checkpoints          	[default: ./checkpoints]
        confidence_weight: 1.0                           	[default: 0.0]
           continue_train: False                         
                crop_size: 64                            
                 dataroot: /scratch/datasets/CLEVR_colorized/images	[default: datasets]
             dataset_mode: double                        
                direction: None                          
              display_env: main                          
             display_freq: 100                           
               display_id: 0                             	[default: 1]
            display_ncols: 4                             
             display_port: 8097                          
           display_server: http://localhost              
          display_winsize: 256                           
                    epoch: latest                        
              epoch_count: 1                             
                 gan_mode: lsgan                         
                  gpu_ids: 0                             
                init_gain: 0.02                          
                init_type: normal                        
                 input_nc: 3                             
                  isTrain: True                          	[default: None]
          keep_last_batch: False                         
               lambda_aux: 0.0                           	[default: 0.1]
                load_iter: 0                             	[default: 0]
                load_size: 70                            
                       lr: 0.0001                        
           lr_decay_iters: 50                            
                lr_policy: step                          
         max_dataset_size: inf                           
                    model: copypasteGAN                  	[default: cycle_gan]
                 n_epochs: 10                            	[default: 1]
           n_epochs_decay: 10                            	[default: 3]
               n_layers_D: 3                             
                     name: CopyGAN                       
                      ndf: 64                            
                     netD: copy                          
                     netG: copy                          
                      ngf: 64                            
        no_border_zeroing: False                         
               no_dropout: False                         
                  no_flip: True                          
                  no_html: False                         
                     norm: instance                      
           nr_obj_classes: 1                             
              num_threads: 4                             
                output_nc: 3                             
                  patch_D: False                         
                    phase: train                         
                pool_size: 50                            
               preprocess: resize_and_crop               
               print_freq: 20                            
              real_target: 1.0                           
             save_by_iter: False                         
          save_epoch_freq: 5                             	[default: 10]
         save_latest_freq: 5000                          
                     seed: 42                            
           serial_batches: False                         
               sigma_blur: 1.0                           
                   suffix:                               
         update_html_freq: 100                           
           val_batch_size: 128                           
                 val_freq: 100                           
                  verbose: True                          	[default: False]
----------------- End -------------------
----------------- Options ---------------
              D_headstart: 0                             	[default: 80000]
              D_threshold: 0.6                           
       accumulation_steps: 1                             	[default: 4]
               batch_size: 64                            
                    beta1: 0.5                           
                    beta2: 0.999                         
          checkpoints_dir: /scratch/checkpoints          	[default: ./checkpoints]
        confidence_weight: 1.0                           	[default: 0.0]
           continue_train: False                         
                crop_size: 64                            
                 dataroot: /scratch/datasets/CLEVR_colorized/images	[default: datasets]
             dataset_mode: double                        
                direction: None                          
              display_env: main                          
             display_freq: 100                           
               display_id: 0                             	[default: 1]
            display_ncols: 4                             
             display_port: 8097                          
           display_server: http://localhost              
          display_winsize: 256                           
                    epoch: latest                        
              epoch_count: 1                             
                 gan_mode: lsgan                         
                  gpu_ids: 0                             
                init_gain: 0.02                          
                init_type: normal                        
                 input_nc: 3                             
                  isTrain: True                          	[default: None]
          keep_last_batch: False                         
               lambda_aux: 0.0                           	[default: 0.1]
                load_iter: 0                             	[default: 0]
                load_size: 70                            
                       lr: 0.0001                        
           lr_decay_iters: 50                            
                lr_policy: step                          
         max_dataset_size: inf                           
                    model: copypasteGAN                  	[default: cycle_gan]
                 n_epochs: 10                            	[default: 1]
           n_epochs_decay: 10                            	[default: 3]
               n_layers_D: 3                             
                     name: CopyGAN                       
                      ndf: 64                            
                     netD: copy                          
                     netG: copy                          
                      ngf: 64                            
        no_border_zeroing: False                         
               no_dropout: False                         
                  no_flip: True                          
                  no_html: False                         
                     norm: instance                      
           nr_obj_classes: 1                             
              num_threads: 4                             
                output_nc: 3                             
                  patch_D: False                         
                    phase: train                         
                pool_size: 50                            
               preprocess: resize_and_crop               
               print_freq: 20                            
              real_target: 1.0                           
             save_by_iter: False                         
          save_epoch_freq: 5                             	[default: 10]
         save_latest_freq: 5000                          
                     seed: 42                            
           serial_batches: False                         
               sigma_blur: 1.0                           
                   suffix:                               
         update_html_freq: 100                           
           val_batch_size: 128                           
                 val_freq: 100                           
                  verbose: True                          	[default: False]
----------------- End -------------------
dataset [DoubleDataset] was created
dataset [DoubleDataset] was created
The number of training images = 15000
The number of epochs to run = 20
initialize network with normal
initialize network with normal
model [CopyPasteGANModel] was created
---------- Networks initialized -------------
DataParallel(
  (module): CopyUNet(
    (enc1): EncoderBlock(
      (model): Sequential(
        (0): Conv2d(3, 64, kernel_size=(3, 3), stride=(1, 1), padding=(1, 1), bias=False)
        (1): InstanceNorm2d(64, eps=1e-05, momentum=0.1, affine=False, track_running_stats=False)
        (2): LeakyReLU(negative_slope=0.2, inplace=True)
      )
    )
    (enc2): EncoderBlock(
      (model): Sequential(
        (0): Conv2d(64, 128, kernel_size=(3, 3), stride=(2, 2), padding=(1, 1), bias=False)
        (1): InstanceNorm2d(128, eps=1e-05, momentum=0.1, affine=False, track_running_stats=False)
        (2): LeakyReLU(negative_slope=0.2, inplace=True)
      )
    )
    (enc3): EncoderBlock(
      (model): Sequential(
        (0): Conv2d(128, 256, kernel_size=(3, 3), stride=(2, 2), padding=(1, 1), bias=False)
        (1): InstanceNorm2d(256, eps=1e-05, momentum=0.1, affine=False, track_running_stats=False)
        (2): LeakyReLU(negative_slope=0.2, inplace=True)
      )
    )
    (enc4): EncoderBlock(
      (model): Sequential(
        (0): Conv2d(256, 512, kernel_size=(3, 3), stride=(2, 2), padding=(1, 1), bias=False)
        (1): InstanceNorm2d(512, eps=1e-05, momentum=0.1, affine=False, track_running_stats=False)
        (2): LeakyReLU(negative_slope=0.2, inplace=True)
      )
    )
    (dec4): DecoderBlock(
      (model): Sequential(
        (0): Upsample(scale_factor=2.0, mode=bilinear)
        (1): Conv2d(512, 256, kernel_size=(3, 3), stride=(1, 1), padding=(1, 1))
        (2): InstanceNorm2d(256, eps=1e-05, momentum=0.1, affine=False, track_running_stats=False)
        (3): LeakyReLU(negative_slope=0.2, inplace=True)
      )
    )
    (dec3): DecoderBlock(
      (model): Sequential(
        (0): Upsample(scale_factor=2.0, mode=bilinear)
        (1): Conv2d(512, 128, kernel_size=(3, 3), stride=(1, 1), padding=(1, 1))
        (2): InstanceNorm2d(128, eps=1e-05, momentum=0.1, affine=False, track_running_stats=False)
        (3): LeakyReLU(negative_slope=0.2, inplace=True)
      )
    )
    (dec2): DecoderBlock(
      (model): Sequential(
        (0): Upsample(scale_factor=2.0, mode=bilinear)
        (1): Conv2d(256, 64, kernel_size=(3, 3), stride=(1, 1), padding=(1, 1))
        (2): InstanceNorm2d(64, eps=1e-05, momentum=0.1, affine=False, track_running_stats=False)
        (3): LeakyReLU(negative_slope=0.2, inplace=True)
      )
    )
    (dec1): DecoderBlock(
      (model): Sequential(
        (0): Conv2d(128, 1, kernel_size=(3, 3), stride=(1, 1), padding=(1, 1))
      )
    )
    (sigmoid): Sigmoid()
  )
)
[Network G] Total number of parameters : 3.469 M
DataParallel(
  (module): CopyUNet(
    (blur_filter): Conv2d(3, 3, kernel_size=(3, 3), stride=(1, 1), padding=(1, 1), groups=3, bias=False, padding_mode=replicate)
    (enc1): EncoderBlock(
      (model): Sequential(
        (0): Conv2d(3, 64, kernel_size=(3, 3), stride=(1, 1), padding=(1, 1), bias=False)
        (1): InstanceNorm2d(64, eps=1e-05, momentum=0.1, affine=False, track_running_stats=False)
        (2): LeakyReLU(negative_slope=0.2, inplace=True)
      )
    )
    (enc2): EncoderBlock(
      (model): Sequential(
        (0): Conv2d(64, 128, kernel_size=(3, 3), stride=(2, 2), padding=(1, 1), bias=False)
        (1): InstanceNorm2d(128, eps=1e-05, momentum=0.1, affine=False, track_running_stats=False)
        (2): LeakyReLU(negative_slope=0.2, inplace=True)
      )
    )
    (enc3): EncoderBlock(
      (model): Sequential(
        (0): Conv2d(128, 256, kernel_size=(3, 3), stride=(2, 2), padding=(1, 1), bias=False)
        (1): InstanceNorm2d(256, eps=1e-05, momentum=0.1, affine=False, track_running_stats=False)
        (2): LeakyReLU(negative_slope=0.2, inplace=True)
      )
    )
    (enc4): EncoderBlock(
      (model): Sequential(
        (0): Conv2d(256, 512, kernel_size=(3, 3), stride=(2, 2), padding=(1, 1), bias=False)
        (1): InstanceNorm2d(512, eps=1e-05, momentum=0.1, affine=False, track_running_stats=False)
        (2): LeakyReLU(negative_slope=0.2, inplace=True)
      )
    )
    (dec4): DecoderBlock(
      (model): Sequential(
        (0): Upsample(scale_factor=2.0, mode=bilinear)
        (1): Conv2d(512, 256, kernel_size=(3, 3), stride=(1, 1), padding=(1, 1))
        (2): InstanceNorm2d(256, eps=1e-05, momentum=0.1, affine=False, track_running_stats=False)
        (3): LeakyReLU(negative_slope=0.2, inplace=True)
      )
    )
    (dec3): DecoderBlock(
      (model): Sequential(
        (0): Upsample(scale_factor=2.0, mode=bilinear)
        (1): Conv2d(512, 128, kernel_size=(3, 3), stride=(1, 1), padding=(1, 1))
        (2): InstanceNorm2d(128, eps=1e-05, momentum=0.1, affine=False, track_running_stats=False)
        (3): LeakyReLU(negative_slope=0.2, inplace=True)
      )
    )
    (dec2): DecoderBlock(
      (model): Sequential(
        (0): Upsample(scale_factor=2.0, mode=bilinear)
        (1): Conv2d(256, 64, kernel_size=(3, 3), stride=(1, 1), padding=(1, 1))
        (2): InstanceNorm2d(64, eps=1e-05, momentum=0.1, affine=False, track_running_stats=False)
        (3): LeakyReLU(negative_slope=0.2, inplace=True)
      )
    )
    (dec1): DecoderBlock(
      (model): Sequential(
        (0): Conv2d(128, 1, kernel_size=(3, 3), stride=(1, 1), padding=(1, 1))
      )
    )
    (sigmoid): Sigmoid()
    (avg): Sequential(
      (0): AvgPool2d(kernel_size=8, stride=2, padding=0)
      (1): Flatten(start_dim=1, end_dim=-1)
      (2): Linear(in_features=512, out_features=256, bias=True)
      (3): LeakyReLU(negative_slope=0.01)
      (4): Linear(in_features=256, out_features=1, bias=True)
      (5): Sigmoid()
    )
  )
)
[Network D] Total number of parameters : 3.600 M
-----------------------------------------------
create web directory /scratch/checkpoints/CopyGAN/web...
validation accuracies:
                gf: 0.00
                real: 1.00
                fake: 0.00

ran validation set (B:1) in                         33.7 s.
(epoch: 1, batches: 20, time: 0.003, data: 0.225) loss_G_comp: 0.000 loss_G_anti_sc: 0.000 loss_G: 0.000 loss_D_real: 0.665 loss_D_fake: 0.673 loss_D_gr_fake: 0.647 loss_D: 1.984 acc_real: 1.000 acc_fake: 0.000 acc_grfake: 0.000 loss_G_conf: 0.000 
(epoch: 1, batches: 40, time: 0.003, data: 0.645) loss_G_comp: 0.000 loss_G_anti_sc: 0.000 loss_G: 0.000 loss_D_real: 0.549 loss_D_fake: 0.689 loss_D_gr_fake: 0.545 loss_D: 1.783 acc_real: 1.000 acc_fake: 0.000 acc_grfake: 0.000 loss_G_conf: 0.000 
(epoch: 1, batches: 60, time: 0.004, data: 0.001) loss_G_comp: 0.000 loss_G_anti_sc: 0.000 loss_G: 0.000 loss_D_real: 0.411 loss_D_fake: 0.641 loss_D_gr_fake: 0.449 loss_D: 1.501 acc_real: 1.000 acc_fake: 0.000 acc_grfake: 0.000 loss_G_conf: 0.000 
(epoch: 1, batches: 80, time: 0.003, data: 0.001) loss_G_comp: 0.000 loss_G_anti_sc: 0.000 loss_G: 0.000 loss_D_real: 0.311 loss_D_fake: 0.668 loss_D_gr_fake: 0.451 loss_D: 1.430 acc_real: 1.000 acc_fake: 0.000 acc_grfake: 0.000 loss_G_conf: 0.000 
(epoch: 1, batches: 100, time: 0.004, data: 0.001) loss_G_comp: 0.000 loss_G_anti_sc: 0.000 loss_G: 0.000 loss_D_real: 0.249 loss_D_fake: 0.624 loss_D_gr_fake: 0.411 loss_D: 1.284 acc_real: 1.000 acc_fake: 0.000 acc_grfake: 0.000 loss_G_conf: 0.000 
validation accuracies:
                gf: 0.93
                real: 0.88
                fake: 0.92

ran validation set (B:101) in                         34.5 s.
(epoch: 1, batches: 120, time: 0.004, data: 0.826) loss_G_comp: 0.769 loss_G_anti_sc: 0.373 loss_G: 1.510 loss_D_real: 0.245 loss_D_fake: 0.973 loss_D_gr_fake: 0.451 loss_D: 1.670 acc_real: 0.884 acc_fake: 0.918 acc_grfake: 0.935 loss_G_conf: 0.367 
(epoch: 1, batches: 140, time: 0.004, data: 0.070) loss_G_comp: 0.662 loss_G_anti_sc: 0.537 loss_G: 1.544 loss_D_real: 0.137 loss_D_fake: 1.175 loss_D_gr_fake: 0.570 loss_D: 1.882 acc_real: 0.884 acc_fake: 0.918 acc_grfake: 0.935 loss_G_conf: 0.345 
(epoch: 1, batches: 160, time: 0.005, data: 0.001) loss_G_comp: 0.651 loss_G_anti_sc: 0.415 loss_G: 1.419 loss_D_real: 0.161 loss_D_fake: 1.223 loss_D_gr_fake: 0.398 loss_D: 1.782 acc_real: 0.884 acc_fake: 0.918 acc_grfake: 0.935 loss_G_conf: 0.352 
(epoch: 1, batches: 180, time: 0.004, data: 0.006) loss_G_comp: 0.339 loss_G_anti_sc: 0.647 loss_G: 1.316 loss_D_real: 0.242 loss_D_fake: 0.924 loss_D_gr_fake: 0.239 loss_D: 1.405 acc_real: 0.884 acc_fake: 0.918 acc_grfake: 0.935 loss_G_conf: 0.329 
(epoch: 1, batches: 200, time: 0.006, data: 0.001) loss_G_comp: 0.379 loss_G_anti_sc: 0.669 loss_G: 1.378 loss_D_real: 0.272 loss_D_fake: 1.073 loss_D_gr_fake: 0.188 loss_D: 1.533 acc_real: 0.884 acc_fake: 0.918 acc_grfake: 0.935 loss_G_conf: 0.330 
validation accuracies:
                gf: 0.86
                real: 0.98
                fake: 0.10

ran validation set (B:201) in                         33.5 s.
(epoch: 1, batches: 220, time: 0.003, data: 0.498) loss_G_comp: 0.379 loss_G_anti_sc: 0.669 loss_G: 1.378 loss_D_real: 0.209 loss_D_fake: 0.930 loss_D_gr_fake: 0.353 loss_D: 1.492 acc_real: 0.981 acc_fake: 0.102 acc_grfake: 0.856 loss_G_conf: 0.330 
learning rate 0.0001000 -> 0.0001000
End of epoch 1 / 20 	 Time Taken: 186 sec
(epoch: 2, batches: 20, time: 0.004, data: 1.194) loss_G_comp: 0.379 loss_G_anti_sc: 0.669 loss_G: 1.378 loss_D_real: 0.159 loss_D_fake: 0.914 loss_D_gr_fake: 0.225 loss_D: 1.298 acc_real: 0.981 acc_fake: 0.102 acc_grfake: 0.856 loss_G_conf: 0.330 
(epoch: 2, batches: 40, time: 0.003, data: 0.537) loss_G_comp: 0.379 loss_G_anti_sc: 0.669 loss_G: 1.378 loss_D_real: 0.152 loss_D_fake: 0.827 loss_D_gr_fake: 0.220 loss_D: 1.199 acc_real: 0.981 acc_fake: 0.102 acc_grfake: 0.856 loss_G_conf: 0.330 
(epoch: 2, batches: 60, time: 0.003, data: 0.001) loss_G_comp: 0.379 loss_G_anti_sc: 0.669 loss_G: 1.378 loss_D_real: 0.118 loss_D_fake: 1.178 loss_D_gr_fake: 0.236 loss_D: 1.532 acc_real: 0.981 acc_fake: 0.102 acc_grfake: 0.856 loss_G_conf: 0.330 
validation accuracies:
                gf: 0.93
                real: 0.95
                fake: 0.54

ran validation set (B:301) in                         33.4 s.
(epoch: 2, batches: 80, time: 0.004, data: 0.001) loss_G_comp: 0.379 loss_G_anti_sc: 0.669 loss_G: 1.378 loss_D_real: 0.131 loss_D_fake: 1.271 loss_D_gr_fake: 0.364 loss_D: 1.767 acc_real: 0.952 acc_fake: 0.536 acc_grfake: 0.931 loss_G_conf: 0.330 
(epoch: 2, batches: 100, time: 0.003, data: 0.001) loss_G_comp: 0.379 loss_G_anti_sc: 0.669 loss_G: 1.378 loss_D_real: 0.123 loss_D_fake: 1.033 loss_D_gr_fake: 0.218 loss_D: 1.374 acc_real: 0.952 acc_fake: 0.536 acc_grfake: 0.931 loss_G_conf: 0.330 
(epoch: 2, batches: 120, time: 0.003, data: 0.017) loss_G_comp: 0.379 loss_G_anti_sc: 0.669 loss_G: 1.378 loss_D_real: 0.145 loss_D_fake: 0.950 loss_D_gr_fake: 0.215 loss_D: 1.310 acc_real: 0.952 acc_fake: 0.536 acc_grfake: 0.931 loss_G_conf: 0.330 
(epoch: 2, batches: 140, time: 0.003, data: 0.001) loss_G_comp: 0.379 loss_G_anti_sc: 0.669 loss_G: 1.378 loss_D_real: 0.108 loss_D_fake: 1.027 loss_D_gr_fake: 0.242 loss_D: 1.377 acc_real: 0.952 acc_fake: 0.536 acc_grfake: 0.931 loss_G_conf: 0.330 
(epoch: 2, batches: 160, time: 0.003, data: 0.001) loss_G_comp: 0.379 loss_G_anti_sc: 0.669 loss_G: 1.378 loss_D_real: 0.120 loss_D_fake: 0.757 loss_D_gr_fake: 0.152 loss_D: 1.029 acc_real: 0.952 acc_fake: 0.536 acc_grfake: 0.931 loss_G_conf: 0.330 
validation accuracies:
                gf: 0.93
                real: 0.97
                fake: 0.59

ran validation set (B:401) in                         33.6 s.
(epoch: 2, batches: 180, time: 0.003, data: 0.151) loss_G_comp: 0.379 loss_G_anti_sc: 0.669 loss_G: 1.378 loss_D_real: 0.400 loss_D_fake: 0.492 loss_D_gr_fake: 0.107 loss_D: 1.000 acc_real: 0.974 acc_fake: 0.592 acc_grfake: 0.928 loss_G_conf: 0.330 
(epoch: 2, batches: 200, time: 0.003, data: 0.001) loss_G_comp: 0.379 loss_G_anti_sc: 0.669 loss_G: 1.378 loss_D_real: 0.135 loss_D_fake: 1.001 loss_D_gr_fake: 0.316 loss_D: 1.451 acc_real: 0.974 acc_fake: 0.592 acc_grfake: 0.928 loss_G_conf: 0.330 
(epoch: 2, batches: 220, time: 0.004, data: 0.006) loss_G_comp: 0.379 loss_G_anti_sc: 0.669 loss_G: 1.378 loss_D_real: 0.110 loss_D_fake: 0.861 loss_D_gr_fake: 0.206 loss_D: 1.177 acc_real: 0.974 acc_fake: 0.592 acc_grfake: 0.928 loss_G_conf: 0.330 
learning rate 0.0001000 -> 0.0001000
End of epoch 2 / 20 	 Time Taken: 151 sec
(epoch: 3, batches: 20, time: 0.003, data: 0.068) loss_G_comp: 0.379 loss_G_anti_sc: 0.669 loss_G: 1.378 loss_D_real: 0.315 loss_D_fake: 0.376 loss_D_gr_fake: 0.079 loss_D: 0.770 acc_real: 0.974 acc_fake: 0.592 acc_grfake: 0.928 loss_G_conf: 0.330 
validation accuracies:
                gf: 0.92
                real: 0.99
                fake: 0.38

ran validation set (B:501) in                         33.2 s.
(epoch: 3, batches: 40, time: 0.003, data: 0.001) loss_G_comp: 0.379 loss_G_anti_sc: 0.669 loss_G: 1.378 loss_D_real: 0.163 loss_D_fake: 0.829 loss_D_gr_fake: 0.228 loss_D: 1.221 acc_real: 0.993 acc_fake: 0.379 acc_grfake: 0.915 loss_G_conf: 0.330 
(epoch: 3, batches: 60, time: 0.003, data: 0.335) loss_G_comp: 0.379 loss_G_anti_sc: 0.669 loss_G: 1.378 loss_D_real: 0.078 loss_D_fake: 1.162 loss_D_gr_fake: 0.262 loss_D: 1.502 acc_real: 0.993 acc_fake: 0.379 acc_grfake: 0.915 loss_G_conf: 0.330 
(epoch: 3, batches: 80, time: 0.003, data: 0.354) loss_G_comp: 0.379 loss_G_anti_sc: 0.669 loss_G: 1.378 loss_D_real: 0.091 loss_D_fake: 0.672 loss_D_gr_fake: 0.154 loss_D: 0.917 acc_real: 0.993 acc_fake: 0.379 acc_grfake: 0.915 loss_G_conf: 0.330 
(epoch: 3, batches: 100, time: 0.003, data: 0.001) loss_G_comp: 0.379 loss_G_anti_sc: 0.669 loss_G: 1.378 loss_D_real: 0.188 loss_D_fake: 0.569 loss_D_gr_fake: 0.140 loss_D: 0.898 acc_real: 0.993 acc_fake: 0.379 acc_grfake: 0.915 loss_G_conf: 0.330 
(epoch: 3, batches: 120, time: 0.003, data: 0.642) loss_G_comp: 0.379 loss_G_anti_sc: 0.669 loss_G: 1.378 loss_D_real: 0.064 loss_D_fake: 1.096 loss_D_gr_fake: 0.145 loss_D: 1.304 acc_real: 0.993 acc_fake: 0.379 acc_grfake: 0.915 loss_G_conf: 0.330 
validation accuracies:
                gf: 0.94
                real: 0.98
                fake: 0.62

ran validation set (B:601) in                         33.3 s.
(epoch: 3, batches: 140, time: 0.004, data: 0.001) loss_G_comp: 0.087 loss_G_anti_sc: 1.786 loss_G: 2.241 loss_D_real: 0.935 loss_D_fake: 0.332 loss_D_gr_fake: 0.093 loss_D: 1.360 acc_real: 0.976 acc_fake: 0.625 acc_grfake: 0.939 loss_G_conf: 0.367 
(epoch: 3, batches: 160, time: 0.004, data: 0.001) loss_G_comp: 0.709 loss_G_anti_sc: 0.316 loss_G: 1.361 loss_D_real: 0.062 loss_D_fake: 1.903 loss_D_gr_fake: 0.510 loss_D: 2.476 acc_real: 0.976 acc_fake: 0.625 acc_grfake: 0.939 loss_G_conf: 0.335 
(epoch: 3, batches: 180, time: 0.004, data: 0.662) loss_G_comp: 0.114 loss_G_anti_sc: 1.305 loss_G: 1.768 loss_D_real: 0.318 loss_D_fake: 1.053 loss_D_gr_fake: 0.114 loss_D: 1.485 acc_real: 0.976 acc_fake: 0.625 acc_grfake: 0.939 loss_G_conf: 0.349 
(epoch: 3, batches: 200, time: 0.004, data: 0.001) loss_G_comp: 0.673 loss_G_anti_sc: 0.205 loss_G: 1.200 loss_D_real: 0.072 loss_D_fake: 1.644 loss_D_gr_fake: 0.210 loss_D: 1.926 acc_real: 0.976 acc_fake: 0.625 acc_grfake: 0.939 loss_G_conf: 0.322 
(epoch: 3, batches: 220, time: 0.004, data: 0.001) loss_G_comp: 0.320 loss_G_anti_sc: 0.331 loss_G: 0.987 loss_D_real: 0.082 loss_D_fake: 1.826 loss_D_gr_fake: 0.267 loss_D: 2.175 acc_real: 0.976 acc_fake: 0.625 acc_grfake: 0.939 loss_G_conf: 0.336 
validation accuracies:
                gf: 0.90
                real: 0.98
                fake: 0.10

ran validation set (B:701) in                         33.0 s.
learning rate 0.0001000 -> 0.0001000
End of epoch 3 / 20 	 Time Taken: 184 sec
(epoch: 4, batches: 20, time: 0.003, data: 0.006) loss_G_comp: 0.387 loss_G_anti_sc: 0.445 loss_G: 1.164 loss_D_real: 0.072 loss_D_fake: 1.519 loss_D_gr_fake: 0.222 loss_D: 1.812 acc_real: 0.978 acc_fake: 0.102 acc_grfake: 0.902 loss_G_conf: 0.332 
(epoch: 4, batches: 40, time: 0.003, data: 0.562) loss_G_comp: 0.387 loss_G_anti_sc: 0.445 loss_G: 1.164 loss_D_real: 0.070 loss_D_fake: 1.253 loss_D_gr_fake: 0.165 loss_D: 1.489 acc_real: 0.978 acc_fake: 0.102 acc_grfake: 0.902 loss_G_conf: 0.332 
(epoch: 4, batches: 60, time: 0.003, data: 0.755) loss_G_comp: 0.387 loss_G_anti_sc: 0.445 loss_G: 1.164 loss_D_real: 0.078 loss_D_fake: 1.206 loss_D_gr_fake: 0.153 loss_D: 1.437 acc_real: 0.978 acc_fake: 0.102 acc_grfake: 0.902 loss_G_conf: 0.332 
(epoch: 4, batches: 80, time: 0.004, data: 0.363) loss_G_comp: 0.387 loss_G_anti_sc: 0.445 loss_G: 1.164 loss_D_real: 0.117 loss_D_fake: 1.078 loss_D_gr_fake: 0.238 loss_D: 1.434 acc_real: 0.978 acc_fake: 0.102 acc_grfake: 0.902 loss_G_conf: 0.332 
validation accuracies:
                gf: 0.92
                real: 0.99
                fake: 0.29

ran validation set (B:801) in                         34.3 s.
(epoch: 4, batches: 100, time: 0.003, data: 0.001) loss_G_comp: 0.387 loss_G_anti_sc: 0.445 loss_G: 1.164 loss_D_real: 0.092 loss_D_fake: 1.220 loss_D_gr_fake: 0.238 loss_D: 1.550 acc_real: 0.994 acc_fake: 0.288 acc_grfake: 0.919 loss_G_conf: 0.332 
(epoch: 4, batches: 120, time: 0.004, data: 0.001) loss_G_comp: 0.387 loss_G_anti_sc: 0.445 loss_G: 1.164 loss_D_real: 0.122 loss_D_fake: 0.853 loss_D_gr_fake: 0.225 loss_D: 1.200 acc_real: 0.994 acc_fake: 0.288 acc_grfake: 0.919 loss_G_conf: 0.332 
(epoch: 4, batches: 140, time: 0.004, data: 0.001) loss_G_comp: 0.387 loss_G_anti_sc: 0.445 loss_G: 1.164 loss_D_real: 0.105 loss_D_fake: 0.912 loss_D_gr_fake: 0.253 loss_D: 1.270 acc_real: 0.994 acc_fake: 0.288 acc_grfake: 0.919 loss_G_conf: 0.332 
(epoch: 4, batches: 160, time: 0.004, data: 0.001) loss_G_comp: 0.387 loss_G_anti_sc: 0.445 loss_G: 1.164 loss_D_real: 0.128 loss_D_fake: 0.834 loss_D_gr_fake: 0.113 loss_D: 1.075 acc_real: 0.994 acc_fake: 0.288 acc_grfake: 0.919 loss_G_conf: 0.332 
(epoch: 4, batches: 180, time: 0.003, data: 0.876) loss_G_comp: 0.387 loss_G_anti_sc: 0.445 loss_G: 1.164 loss_D_real: 0.052 loss_D_fake: 1.390 loss_D_gr_fake: 0.175 loss_D: 1.617 acc_real: 0.994 acc_fake: 0.288 acc_grfake: 0.919 loss_G_conf: 0.332 
validation accuracies:
                gf: 0.93
                real: 0.99
                fake: 0.44

ran validation set (B:901) in                         33.1 s.
(epoch: 4, batches: 200, time: 0.003, data: 0.829) loss_G_comp: 0.387 loss_G_anti_sc: 0.445 loss_G: 1.164 loss_D_real: 0.120 loss_D_fake: 0.846 loss_D_gr_fake: 0.228 loss_D: 1.194 acc_real: 0.993 acc_fake: 0.438 acc_grfake: 0.934 loss_G_conf: 0.332 
(epoch: 4, batches: 220, time: 0.003, data: 0.003) loss_G_comp: 0.387 loss_G_anti_sc: 0.445 loss_G: 1.164 loss_D_real: 0.085 loss_D_fake: 0.943 loss_D_gr_fake: 0.156 loss_D: 1.184 acc_real: 0.993 acc_fake: 0.438 acc_grfake: 0.934 loss_G_conf: 0.332 
learning rate 0.0001000 -> 0.0001000
End of epoch 4 / 20 	 Time Taken: 152 sec
(epoch: 5, batches: 20, time: 0.003, data: 0.002) loss_G_comp: 0.387 loss_G_anti_sc: 0.445 loss_G: 1.164 loss_D_real: 0.069 loss_D_fake: 1.215 loss_D_gr_fake: 0.251 loss_D: 1.535 acc_real: 0.993 acc_fake: 0.438 acc_grfake: 0.934 loss_G_conf: 0.332 
(epoch: 5, batches: 40, time: 0.003, data: 0.002) loss_G_comp: 0.387 loss_G_anti_sc: 0.445 loss_G: 1.164 loss_D_real: 0.080 loss_D_fake: 0.935 loss_D_gr_fake: 0.241 loss_D: 1.256 acc_real: 0.993 acc_fake: 0.438 acc_grfake: 0.934 loss_G_conf: 0.332 
(epoch: 5, batches: 60, time: 0.004, data: 0.011) loss_G_comp: 0.387 loss_G_anti_sc: 0.445 loss_G: 1.164 loss_D_real: 0.044 loss_D_fake: 1.211 loss_D_gr_fake: 0.323 loss_D: 1.578 acc_real: 0.993 acc_fake: 0.438 acc_grfake: 0.934 loss_G_conf: 0.332 
validation accuracies:
                gf: 0.93
                real: 1.00
                fake: 0.40

ran validation set (B:1001) in                         33.2 s.
(epoch: 5, batches: 80, time: 0.004, data: 0.001) loss_G_comp: 0.387 loss_G_anti_sc: 0.445 loss_G: 1.164 loss_D_real: 0.059 loss_D_fake: 1.094 loss_D_gr_fake: 0.243 loss_D: 1.396 acc_real: 0.996 acc_fake: 0.403 acc_grfake: 0.925 loss_G_conf: 0.332 
(epoch: 5, batches: 100, time: 0.003, data: 0.001) loss_G_comp: 0.387 loss_G_anti_sc: 0.445 loss_G: 1.164 loss_D_real: 0.107 loss_D_fake: 0.860 loss_D_gr_fake: 0.142 loss_D: 1.109 acc_real: 0.996 acc_fake: 0.403 acc_grfake: 0.925 loss_G_conf: 0.332 
(epoch: 5, batches: 120, time: 0.004, data: 0.003) loss_G_comp: 0.387 loss_G_anti_sc: 0.445 loss_G: 1.164 loss_D_real: 0.054 loss_D_fake: 0.917 loss_D_gr_fake: 0.286 loss_D: 1.257 acc_real: 0.996 acc_fake: 0.403 acc_grfake: 0.925 loss_G_conf: 0.332 
(epoch: 5, batches: 140, time: 0.004, data: 0.160) loss_G_comp: 0.387 loss_G_anti_sc: 0.445 loss_G: 1.164 loss_D_real: 0.083 loss_D_fake: 1.127 loss_D_gr_fake: 0.184 loss_D: 1.394 acc_real: 0.996 acc_fake: 0.403 acc_grfake: 0.925 loss_G_conf: 0.332 
(epoch: 5, batches: 160, time: 0.002, data: 0.021) loss_G_comp: 0.387 loss_G_anti_sc: 0.445 loss_G: 1.164 loss_D_real: 0.088 loss_D_fake: 0.782 loss_D_gr_fake: 0.108 loss_D: 0.979 acc_real: 0.996 acc_fake: 0.403 acc_grfake: 0.925 loss_G_conf: 0.332 
validation accuracies:
                gf: 0.93
                real: 0.99
                fake: 0.45

ran validation set (B:1101) in                         33.9 s.
(epoch: 5, batches: 180, time: 0.003, data: 0.230) loss_G_comp: 0.387 loss_G_anti_sc: 0.445 loss_G: 1.164 loss_D_real: 0.046 loss_D_fake: 0.956 loss_D_gr_fake: 0.223 loss_D: 1.225 acc_real: 0.993 acc_fake: 0.451 acc_grfake: 0.925 loss_G_conf: 0.332 
(epoch: 5, batches: 200, time: 0.003, data: 0.001) loss_G_comp: 0.387 loss_G_anti_sc: 0.445 loss_G: 1.164 loss_D_real: 0.070 loss_D_fake: 0.877 loss_D_gr_fake: 0.015 loss_D: 0.962 acc_real: 0.993 acc_fake: 0.451 acc_grfake: 0.925 loss_G_conf: 0.332 
(epoch: 5, batches: 220, time: 0.004, data: 0.001) loss_G_comp: 0.387 loss_G_anti_sc: 0.445 loss_G: 1.164 loss_D_real: 0.077 loss_D_fake: 0.858 loss_D_gr_fake: 0.105 loss_D: 1.039 acc_real: 0.993 acc_fake: 0.451 acc_grfake: 0.925 loss_G_conf: 0.332 
saving the model at the end of epoch 5, iters 74880
learning rate 0.0001000 -> 0.0001000
End of epoch 5 / 20 	 Time Taken: 152 sec
(epoch: 6, batches: 20, time: 0.003, data: 0.001) loss_G_comp: 0.387 loss_G_anti_sc: 0.445 loss_G: 1.164 loss_D_real: 0.058 loss_D_fake: 0.962 loss_D_gr_fake: 0.290 loss_D: 1.310 acc_real: 0.993 acc_fake: 0.451 acc_grfake: 0.925 loss_G_conf: 0.332 
validation accuracies:
                gf: 0.93
                real: 0.99
                fake: 0.48

ran validation set (B:1201) in                         34.3 s.
(epoch: 6, batches: 40, time: 0.003, data: 0.001) loss_G_comp: 0.387 loss_G_anti_sc: 0.445 loss_G: 1.164 loss_D_real: 0.085 loss_D_fake: 0.996 loss_D_gr_fake: 0.166 loss_D: 1.246 acc_real: 0.994 acc_fake: 0.484 acc_grfake: 0.933 loss_G_conf: 0.332 
(epoch: 6, batches: 60, time: 0.003, data: 0.001) loss_G_comp: 0.387 loss_G_anti_sc: 0.445 loss_G: 1.164 loss_D_real: 0.183 loss_D_fake: 0.483 loss_D_gr_fake: 0.143 loss_D: 0.809 acc_real: 0.994 acc_fake: 0.484 acc_grfake: 0.933 loss_G_conf: 0.332 
(epoch: 6, batches: 80, time: 0.003, data: 0.001) loss_G_comp: 0.387 loss_G_anti_sc: 0.445 loss_G: 1.164 loss_D_real: 0.134 loss_D_fake: 0.630 loss_D_gr_fake: 0.157 loss_D: 0.921 acc_real: 0.994 acc_fake: 0.484 acc_grfake: 0.933 loss_G_conf: 0.332 
(epoch: 6, batches: 100, time: 0.004, data: 0.567) loss_G_comp: 0.387 loss_G_anti_sc: 0.445 loss_G: 1.164 loss_D_real: 0.056 loss_D_fake: 1.077 loss_D_gr_fake: 0.070 loss_D: 1.202 acc_real: 0.994 acc_fake: 0.484 acc_grfake: 0.933 loss_G_conf: 0.332 
(epoch: 6, batches: 120, time: 0.004, data: 0.003) loss_G_comp: 0.387 loss_G_anti_sc: 0.445 loss_G: 1.164 loss_D_real: 0.067 loss_D_fake: 0.834 loss_D_gr_fake: 0.264 loss_D: 1.165 acc_real: 0.994 acc_fake: 0.484 acc_grfake: 0.933 loss_G_conf: 0.332 
validation accuracies:
                gf: 0.95
                real: 1.00
                fake: 0.62

ran validation set (B:1301) in                         34.0 s.
(epoch: 6, batches: 140, time: 0.004, data: 0.004) loss_G_comp: 1.702 loss_G_anti_sc: 0.165 loss_G: 2.218 loss_D_real: 0.009 loss_D_fake: 3.647 loss_D_gr_fake: 1.532 loss_D: 5.188 acc_real: 0.995 acc_fake: 0.621 acc_grfake: 0.947 loss_G_conf: 0.352 
(epoch: 6, batches: 160, time: 0.004, data: 0.001) loss_G_comp: 0.188 loss_G_anti_sc: 0.654 loss_G: 1.172 loss_D_real: 0.203 loss_D_fake: 1.199 loss_D_gr_fake: 0.123 loss_D: 1.526 acc_real: 0.995 acc_fake: 0.621 acc_grfake: 0.947 loss_G_conf: 0.330 
(epoch: 6, batches: 180, time: 0.004, data: 0.001) loss_G_comp: 0.228 loss_G_anti_sc: 0.394 loss_G: 0.951 loss_D_real: 0.157 loss_D_fake: 1.707 loss_D_gr_fake: 0.273 loss_D: 2.137 acc_real: 0.995 acc_fake: 0.621 acc_grfake: 0.947 loss_G_conf: 0.328 
(epoch: 6, batches: 200, time: 0.004, data: 0.143) loss_G_comp: 0.389 loss_G_anti_sc: 0.337 loss_G: 1.040 loss_D_real: 0.189 loss_D_fake: 1.544 loss_D_gr_fake: 0.095 loss_D: 1.828 acc_real: 0.995 acc_fake: 0.621 acc_grfake: 0.947 loss_G_conf: 0.314 
(epoch: 6, batches: 220, time: 0.005, data: 0.390) loss_G_comp: 0.173 loss_G_anti_sc: 0.766 loss_G: 1.261 loss_D_real: 0.229 loss_D_fake: 1.395 loss_D_gr_fake: 0.044 loss_D: 1.668 acc_real: 0.995 acc_fake: 0.621 acc_grfake: 0.947 loss_G_conf: 0.321 
validation accuracies:
                gf: 0.93
                real: 0.97
                fake: 0.22

ran validation set (B:1401) in                         33.0 s.
learning rate 0.0001000 -> 0.0001000
End of epoch 6 / 20 	 Time Taken: 185 sec
(epoch: 7, batches: 20, time: 0.003, data: 0.910) loss_G_comp: 0.593 loss_G_anti_sc: 0.162 loss_G: 1.068 loss_D_real: 0.112 loss_D_fake: 1.536 loss_D_gr_fake: 0.111 loss_D: 1.758 acc_real: 0.972 acc_fake: 0.216 acc_grfake: 0.931 loss_G_conf: 0.313 
(epoch: 7, batches: 40, time: 0.004, data: 0.192) loss_G_comp: 0.593 loss_G_anti_sc: 0.162 loss_G: 1.068 loss_D_real: 0.092 loss_D_fake: 1.526 loss_D_gr_fake: 0.126 loss_D: 1.744 acc_real: 0.972 acc_fake: 0.216 acc_grfake: 0.931 loss_G_conf: 0.313 
(epoch: 7, batches: 60, time: 0.004, data: 0.012) loss_G_comp: 0.593 loss_G_anti_sc: 0.162 loss_G: 1.068 loss_D_real: 0.081 loss_D_fake: 1.348 loss_D_gr_fake: 0.299 loss_D: 1.727 acc_real: 0.972 acc_fake: 0.216 acc_grfake: 0.931 loss_G_conf: 0.313 
(epoch: 7, batches: 80, time: 0.003, data: 1.140) loss_G_comp: 0.593 loss_G_anti_sc: 0.162 loss_G: 1.068 loss_D_real: 0.078 loss_D_fake: 1.277 loss_D_gr_fake: 0.107 loss_D: 1.462 acc_real: 0.972 acc_fake: 0.216 acc_grfake: 0.931 loss_G_conf: 0.313 
validation accuracies:
                gf: 0.93
                real: 0.99
                fake: 0.24

ran validation set (B:1501) in                         33.0 s.
(epoch: 7, batches: 100, time: 0.004, data: 0.001) loss_G_comp: 0.593 loss_G_anti_sc: 0.162 loss_G: 1.068 loss_D_real: 0.111 loss_D_fake: 1.201 loss_D_gr_fake: 0.079 loss_D: 1.391 acc_real: 0.994 acc_fake: 0.245 acc_grfake: 0.934 loss_G_conf: 0.313 
(epoch: 7, batches: 120, time: 0.003, data: 0.153) loss_G_comp: 0.593 loss_G_anti_sc: 0.162 loss_G: 1.068 loss_D_real: 0.075 loss_D_fake: 1.165 loss_D_gr_fake: 0.122 loss_D: 1.362 acc_real: 0.994 acc_fake: 0.245 acc_grfake: 0.934 loss_G_conf: 0.313 
(epoch: 7, batches: 140, time: 0.004, data: 0.137) loss_G_comp: 0.593 loss_G_anti_sc: 0.162 loss_G: 1.068 loss_D_real: 0.097 loss_D_fake: 1.117 loss_D_gr_fake: 0.093 loss_D: 1.307 acc_real: 0.994 acc_fake: 0.245 acc_grfake: 0.934 loss_G_conf: 0.313 
(epoch: 7, batches: 160, time: 0.004, data: 0.001) loss_G_comp: 0.593 loss_G_anti_sc: 0.162 loss_G: 1.068 loss_D_real: 0.051 loss_D_fake: 1.315 loss_D_gr_fake: 0.359 loss_D: 1.725 acc_real: 0.994 acc_fake: 0.245 acc_grfake: 0.934 loss_G_conf: 0.313 
(epoch: 7, batches: 180, time: 0.003, data: 0.382) loss_G_comp: 0.593 loss_G_anti_sc: 0.162 loss_G: 1.068 loss_D_real: 0.052 loss_D_fake: 1.160 loss_D_gr_fake: 0.150 loss_D: 1.362 acc_real: 0.994 acc_fake: 0.245 acc_grfake: 0.934 loss_G_conf: 0.313 
validation accuracies:
                gf: 0.94
                real: 0.99
                fake: 0.36

ran validation set (B:1601) in                         34.3 s.
(epoch: 7, batches: 200, time: 0.004, data: 0.335) loss_G_comp: 0.593 loss_G_anti_sc: 0.162 loss_G: 1.068 loss_D_real: 0.106 loss_D_fake: 1.000 loss_D_gr_fake: 0.155 loss_D: 1.262 acc_real: 0.986 acc_fake: 0.363 acc_grfake: 0.943 loss_G_conf: 0.313 
(epoch: 7, batches: 220, time: 0.003, data: 0.942) loss_G_comp: 0.593 loss_G_anti_sc: 0.162 loss_G: 1.068 loss_D_real: 0.075 loss_D_fake: 1.065 loss_D_gr_fake: 0.248 loss_D: 1.388 acc_real: 0.986 acc_fake: 0.363 acc_grfake: 0.943 loss_G_conf: 0.313 
learning rate 0.0001000 -> 0.0001000
End of epoch 7 / 20 	 Time Taken: 152 sec
(epoch: 8, batches: 20, time: 0.004, data: 0.001) loss_G_comp: 0.593 loss_G_anti_sc: 0.162 loss_G: 1.068 loss_D_real: 0.041 loss_D_fake: 1.415 loss_D_gr_fake: 0.222 loss_D: 1.678 acc_real: 0.986 acc_fake: 0.363 acc_grfake: 0.943 loss_G_conf: 0.313 
(epoch: 8, batches: 40, time: 0.004, data: 0.001) loss_G_comp: 0.593 loss_G_anti_sc: 0.162 loss_G: 1.068 loss_D_real: 0.060 loss_D_fake: 0.916 loss_D_gr_fake: 0.125 loss_D: 1.102 acc_real: 0.986 acc_fake: 0.363 acc_grfake: 0.943 loss_G_conf: 0.313 
(epoch: 8, batches: 60, time: 0.003, data: 0.007) loss_G_comp: 0.593 loss_G_anti_sc: 0.162 loss_G: 1.068 loss_D_real: 0.075 loss_D_fake: 0.958 loss_D_gr_fake: 0.214 loss_D: 1.247 acc_real: 0.986 acc_fake: 0.363 acc_grfake: 0.943 loss_G_conf: 0.313 
validation accuracies:
                gf: 0.93
                real: 1.00
                fake: 0.41

ran validation set (B:1701) in                         33.7 s.
(epoch: 8, batches: 80, time: 0.004, data: 0.001) loss_G_comp: 0.593 loss_G_anti_sc: 0.162 loss_G: 1.068 loss_D_real: 0.066 loss_D_fake: 1.155 loss_D_gr_fake: 0.166 loss_D: 1.387 acc_real: 0.997 acc_fake: 0.410 acc_grfake: 0.931 loss_G_conf: 0.313 
(epoch: 8, batches: 100, time: 0.004, data: 0.001) loss_G_comp: 0.593 loss_G_anti_sc: 0.162 loss_G: 1.068 loss_D_real: 0.039 loss_D_fake: 1.021 loss_D_gr_fake: 0.160 loss_D: 1.221 acc_real: 0.997 acc_fake: 0.410 acc_grfake: 0.931 loss_G_conf: 0.313 
(epoch: 8, batches: 120, time: 0.003, data: 0.608) loss_G_comp: 0.593 loss_G_anti_sc: 0.162 loss_G: 1.068 loss_D_real: 0.051 loss_D_fake: 1.072 loss_D_gr_fake: 0.295 loss_D: 1.418 acc_real: 0.997 acc_fake: 0.410 acc_grfake: 0.931 loss_G_conf: 0.313 
(epoch: 8, batches: 140, time: 0.004, data: 0.802) loss_G_comp: 0.593 loss_G_anti_sc: 0.162 loss_G: 1.068 loss_D_real: 0.086 loss_D_fake: 1.020 loss_D_gr_fake: 0.107 loss_D: 1.213 acc_real: 0.997 acc_fake: 0.410 acc_grfake: 0.931 loss_G_conf: 0.313 
(epoch: 8, batches: 160, time: 0.005, data: 0.001) loss_G_comp: 0.593 loss_G_anti_sc: 0.162 loss_G: 1.068 loss_D_real: 0.042 loss_D_fake: 1.125 loss_D_gr_fake: 0.130 loss_D: 1.297 acc_real: 0.997 acc_fake: 0.410 acc_grfake: 0.931 loss_G_conf: 0.313 
validation accuracies:
                gf: 0.93
                real: 1.00
                fake: 0.26

ran validation set (B:1801) in                         33.8 s.
(epoch: 8, batches: 180, time: 0.003, data: 0.150) loss_G_comp: 0.593 loss_G_anti_sc: 0.162 loss_G: 1.068 loss_D_real: 0.056 loss_D_fake: 1.033 loss_D_gr_fake: 0.078 loss_D: 1.166 acc_real: 0.997 acc_fake: 0.258 acc_grfake: 0.928 loss_G_conf: 0.313 
(epoch: 8, batches: 200, time: 0.004, data: 0.001) loss_G_comp: 0.593 loss_G_anti_sc: 0.162 loss_G: 1.068 loss_D_real: 0.081 loss_D_fake: 0.841 loss_D_gr_fake: 0.321 loss_D: 1.243 acc_real: 0.997 acc_fake: 0.258 acc_grfake: 0.928 loss_G_conf: 0.313 
(epoch: 8, batches: 220, time: 0.003, data: 0.001) loss_G_comp: 0.593 loss_G_anti_sc: 0.162 loss_G: 1.068 loss_D_real: 0.084 loss_D_fake: 0.789 loss_D_gr_fake: 0.230 loss_D: 1.103 acc_real: 0.997 acc_fake: 0.258 acc_grfake: 0.928 loss_G_conf: 0.313 
learning rate 0.0001000 -> 0.0001000
End of epoch 8 / 20 	 Time Taken: 152 sec
(epoch: 9, batches: 20, time: 0.003, data: 0.412) loss_G_comp: 0.593 loss_G_anti_sc: 0.162 loss_G: 1.068 loss_D_real: 0.070 loss_D_fake: 1.022 loss_D_gr_fake: 0.225 loss_D: 1.317 acc_real: 0.997 acc_fake: 0.258 acc_grfake: 0.928 loss_G_conf: 0.313 
validation accuracies:
                gf: 0.93
                real: 1.00
                fake: 0.41

ran validation set (B:1901) in                         33.0 s.
(epoch: 9, batches: 40, time: 0.003, data: 0.001) loss_G_comp: 0.593 loss_G_anti_sc: 0.162 loss_G: 1.068 loss_D_real: 0.052 loss_D_fake: 1.253 loss_D_gr_fake: 0.117 loss_D: 1.422 acc_real: 0.998 acc_fake: 0.412 acc_grfake: 0.931 loss_G_conf: 0.313 
(epoch: 9, batches: 60, time: 0.003, data: 0.001) loss_G_comp: 0.593 loss_G_anti_sc: 0.162 loss_G: 1.068 loss_D_real: 0.077 loss_D_fake: 1.192 loss_D_gr_fake: 0.304 loss_D: 1.573 acc_real: 0.998 acc_fake: 0.412 acc_grfake: 0.931 loss_G_conf: 0.313 
(epoch: 9, batches: 80, time: 0.003, data: 0.001) loss_G_comp: 0.593 loss_G_anti_sc: 0.162 loss_G: 1.068 loss_D_real: 0.096 loss_D_fake: 0.681 loss_D_gr_fake: 0.127 loss_D: 0.904 acc_real: 0.998 acc_fake: 0.412 acc_grfake: 0.931 loss_G_conf: 0.313 
(epoch: 9, batches: 100, time: 0.003, data: 0.801) loss_G_comp: 0.593 loss_G_anti_sc: 0.162 loss_G: 1.068 loss_D_real: 0.176 loss_D_fake: 0.701 loss_D_gr_fake: 0.160 loss_D: 1.037 acc_real: 0.998 acc_fake: 0.412 acc_grfake: 0.931 loss_G_conf: 0.313 
(epoch: 9, batches: 120, time: 0.004, data: 0.001) loss_G_comp: 0.593 loss_G_anti_sc: 0.162 loss_G: 1.068 loss_D_real: 0.091 loss_D_fake: 0.699 loss_D_gr_fake: 0.147 loss_D: 0.937 acc_real: 0.998 acc_fake: 0.412 acc_grfake: 0.931 loss_G_conf: 0.313 
validation accuracies:
                gf: 0.94
                real: 0.99
                fake: 0.47

ran validation set (B:2001) in                         33.9 s.
(epoch: 9, batches: 140, time: 0.003, data: 0.003) loss_G_comp: 0.593 loss_G_anti_sc: 0.162 loss_G: 1.068 loss_D_real: 0.073 loss_D_fake: 0.980 loss_D_gr_fake: 0.199 loss_D: 1.252 acc_real: 0.989 acc_fake: 0.469 acc_grfake: 0.944 loss_G_conf: 0.313 
(epoch: 9, batches: 160, time: 0.003, data: 0.002) loss_G_comp: 0.593 loss_G_anti_sc: 0.162 loss_G: 1.068 loss_D_real: 0.054 loss_D_fake: 1.085 loss_D_gr_fake: 0.146 loss_D: 1.285 acc_real: 0.989 acc_fake: 0.469 acc_grfake: 0.944 loss_G_conf: 0.313 
(epoch: 9, batches: 180, time: 0.004, data: 0.002) loss_G_comp: 0.593 loss_G_anti_sc: 0.162 loss_G: 1.068 loss_D_real: 0.058 loss_D_fake: 0.879 loss_D_gr_fake: 0.111 loss_D: 1.048 acc_real: 0.989 acc_fake: 0.469 acc_grfake: 0.944 loss_G_conf: 0.313 
(epoch: 9, batches: 200, time: 0.004, data: 0.003) loss_G_comp: 0.593 loss_G_anti_sc: 0.162 loss_G: 1.068 loss_D_real: 0.055 loss_D_fake: 1.110 loss_D_gr_fake: 0.114 loss_D: 1.279 acc_real: 0.989 acc_fake: 0.469 acc_grfake: 0.944 loss_G_conf: 0.313 
(epoch: 9, batches: 220, time: 0.003, data: 1.062) loss_G_comp: 0.593 loss_G_anti_sc: 0.162 loss_G: 1.068 loss_D_real: 0.081 loss_D_fake: 0.619 loss_D_gr_fake: 0.129 loss_D: 0.828 acc_real: 0.989 acc_fake: 0.469 acc_grfake: 0.944 loss_G_conf: 0.313 
validation accuracies:
                gf: 0.93
                real: 1.00
                fake: 0.49

ran validation set (B:2101) in                         32.9 s.
learning rate 0.0001000 -> 0.0001000
End of epoch 9 / 20 	 Time Taken: 184 sec
(epoch: 10, batches: 20, time: 0.004, data: 0.017) loss_G_comp: 0.593 loss_G_anti_sc: 0.162 loss_G: 1.068 loss_D_real: 0.354 loss_D_fake: 0.333 loss_D_gr_fake: 0.050 loss_D: 0.737 acc_real: 1.000 acc_fake: 0.486 acc_grfake: 0.932 loss_G_conf: 0.313 
(epoch: 10, batches: 40, time: 0.003, data: 0.001) loss_G_comp: 0.593 loss_G_anti_sc: 0.162 loss_G: 1.068 loss_D_real: 0.106 loss_D_fake: 0.734 loss_D_gr_fake: 0.106 loss_D: 0.945 acc_real: 1.000 acc_fake: 0.486 acc_grfake: 0.932 loss_G_conf: 0.313 
(epoch: 10, batches: 60, time: 0.003, data: 0.078) loss_G_comp: 0.593 loss_G_anti_sc: 0.162 loss_G: 1.068 loss_D_real: 0.078 loss_D_fake: 1.365 loss_D_gr_fake: 0.215 loss_D: 1.658 acc_real: 1.000 acc_fake: 0.486 acc_grfake: 0.932 loss_G_conf: 0.313 
(epoch: 10, batches: 80, time: 0.003, data: 0.001) loss_G_comp: 0.593 loss_G_anti_sc: 0.162 loss_G: 1.068 loss_D_real: 0.024 loss_D_fake: 1.128 loss_D_gr_fake: 0.156 loss_D: 1.309 acc_real: 1.000 acc_fake: 0.486 acc_grfake: 0.932 loss_G_conf: 0.313 
validation accuracies:
                gf: 0.94
                real: 0.98
                fake: 0.61

ran validation set (B:2201) in                         33.7 s.
(epoch: 10, batches: 100, time: 0.004, data: 0.019) loss_G_comp: 1.130 loss_G_anti_sc: 0.086 loss_G: 1.540 loss_D_real: 0.022 loss_D_fake: 2.022 loss_D_gr_fake: 0.324 loss_D: 2.368 acc_real: 0.985 acc_fake: 0.615 acc_grfake: 0.942 loss_G_conf: 0.325 
(epoch: 10, batches: 120, time: 0.004, data: 0.451) loss_G_comp: 0.324 loss_G_anti_sc: 0.179 loss_G: 0.815 loss_D_real: 0.086 loss_D_fake: 1.896 loss_D_gr_fake: 0.307 loss_D: 2.288 acc_real: 0.985 acc_fake: 0.615 acc_grfake: 0.942 loss_G_conf: 0.312 
(epoch: 10, batches: 140, time: 0.005, data: 0.003) loss_G_comp: 0.278 loss_G_anti_sc: 0.255 loss_G: 0.831 loss_D_real: 0.056 loss_D_fake: 2.277 loss_D_gr_fake: 0.240 loss_D: 2.573 acc_real: 0.985 acc_fake: 0.615 acc_grfake: 0.942 loss_G_conf: 0.298 
(epoch: 10, batches: 160, time: 0.004, data: 0.323) loss_G_comp: 0.284 loss_G_anti_sc: 0.149 loss_G: 0.732 loss_D_real: 0.048 loss_D_fake: 2.585 loss_D_gr_fake: 0.252 loss_D: 2.885 acc_real: 0.985 acc_fake: 0.615 acc_grfake: 0.942 loss_G_conf: 0.299 
(epoch: 10, batches: 180, time: 0.003, data: 0.719) loss_G_comp: 0.220 loss_G_anti_sc: 0.229 loss_G: 0.742 loss_D_real: 0.043 loss_D_fake: 2.356 loss_D_gr_fake: 0.135 loss_D: 2.534 acc_real: 0.985 acc_fake: 0.615 acc_grfake: 0.942 loss_G_conf: 0.293 
validation accuracies:
                gf: 0.93
                real: 0.99
                fake: 0.08

ran validation set (B:2301) in                         33.0 s.
(epoch: 10, batches: 200, time: 0.003, data: 0.001) loss_G_comp: 0.191 loss_G_anti_sc: 0.216 loss_G: 0.704 loss_D_real: 0.089 loss_D_fake: 1.725 loss_D_gr_fake: 0.092 loss_D: 1.905 acc_real: 0.986 acc_fake: 0.078 acc_grfake: 0.926 loss_G_conf: 0.297 
(epoch: 10, batches: 220, time: 0.004, data: 0.001) loss_G_comp: 0.191 loss_G_anti_sc: 0.216 loss_G: 0.704 loss_D_real: 0.045 loss_D_fake: 2.076 loss_D_gr_fake: 0.190 loss_D: 2.311 acc_real: 0.986 acc_fake: 0.078 acc_grfake: 0.926 loss_G_conf: 0.297 
saving the model at the end of epoch 10, iters 149760
learning rate 0.0001000 -> 0.0000800
End of epoch 10 / 20 	 Time Taken: 151 sec
(epoch: 11, batches: 20, time: 0.003, data: 0.305) loss_G_comp: 0.191 loss_G_anti_sc: 0.216 loss_G: 0.704 loss_D_real: 0.105 loss_D_fake: 1.542 loss_D_gr_fake: 0.230 loss_D: 1.876 acc_real: 0.986 acc_fake: 0.078 acc_grfake: 0.926 loss_G_conf: 0.297 
(epoch: 11, batches: 40, time: 0.003, data: 0.524) loss_G_comp: 0.191 loss_G_anti_sc: 0.216 loss_G: 0.704 loss_D_real: 0.036 loss_D_fake: 1.831 loss_D_gr_fake: 0.290 loss_D: 2.158 acc_real: 0.986 acc_fake: 0.078 acc_grfake: 0.926 loss_G_conf: 0.297 
(epoch: 11, batches: 60, time: 0.006, data: 0.002) loss_G_comp: 0.191 loss_G_anti_sc: 0.216 loss_G: 0.704 loss_D_real: 0.126 loss_D_fake: 1.326 loss_D_gr_fake: 0.066 loss_D: 1.518 acc_real: 0.986 acc_fake: 0.078 acc_grfake: 0.926 loss_G_conf: 0.297 
validation accuracies:
                gf: 0.93
                real: 1.00
                fake: 0.15

ran validation set (B:2401) in                         33.4 s.
(epoch: 11, batches: 80, time: 0.003, data: 0.001) loss_G_comp: 0.191 loss_G_anti_sc: 0.216 loss_G: 0.704 loss_D_real: 0.060 loss_D_fake: 1.368 loss_D_gr_fake: 0.014 loss_D: 1.441 acc_real: 0.999 acc_fake: 0.148 acc_grfake: 0.929 loss_G_conf: 0.297 
(epoch: 11, batches: 100, time: 0.004, data: 0.001) loss_G_comp: 0.191 loss_G_anti_sc: 0.216 loss_G: 0.704 loss_D_real: 0.056 loss_D_fake: 1.297 loss_D_gr_fake: 0.093 loss_D: 1.446 acc_real: 0.999 acc_fake: 0.148 acc_grfake: 0.929 loss_G_conf: 0.297 
(epoch: 11, batches: 120, time: 0.003, data: 0.001) loss_G_comp: 0.191 loss_G_anti_sc: 0.216 loss_G: 0.704 loss_D_real: 0.041 loss_D_fake: 1.402 loss_D_gr_fake: 0.015 loss_D: 1.458 acc_real: 0.999 acc_fake: 0.148 acc_grfake: 0.929 loss_G_conf: 0.297 
(epoch: 11, batches: 140, time: 0.004, data: 0.001) loss_G_comp: 0.191 loss_G_anti_sc: 0.216 loss_G: 0.704 loss_D_real: 0.087 loss_D_fake: 1.199 loss_D_gr_fake: 0.089 loss_D: 1.375 acc_real: 0.999 acc_fake: 0.148 acc_grfake: 0.929 loss_G_conf: 0.297 
(epoch: 11, batches: 160, time: 0.006, data: 0.002) loss_G_comp: 0.191 loss_G_anti_sc: 0.216 loss_G: 0.704 loss_D_real: 0.123 loss_D_fake: 0.973 loss_D_gr_fake: 0.056 loss_D: 1.153 acc_real: 0.999 acc_fake: 0.148 acc_grfake: 0.929 loss_G_conf: 0.297 
validation accuracies:
                gf: 0.94
                real: 0.99
                fake: 0.28

ran validation set (B:2501) in                         34.1 s.
(epoch: 11, batches: 180, time: 0.003, data: 0.001) loss_G_comp: 0.191 loss_G_anti_sc: 0.216 loss_G: 0.704 loss_D_real: 0.101 loss_D_fake: 1.114 loss_D_gr_fake: 0.165 loss_D: 1.379 acc_real: 0.992 acc_fake: 0.282 acc_grfake: 0.942 loss_G_conf: 0.297 
(epoch: 11, batches: 200, time: 0.003, data: 0.001) loss_G_comp: 0.191 loss_G_anti_sc: 0.216 loss_G: 0.704 loss_D_real: 0.071 loss_D_fake: 1.026 loss_D_gr_fake: 0.168 loss_D: 1.265 acc_real: 0.992 acc_fake: 0.282 acc_grfake: 0.942 loss_G_conf: 0.297 
(epoch: 11, batches: 220, time: 0.004, data: 0.001) loss_G_comp: 0.191 loss_G_anti_sc: 0.216 loss_G: 0.704 loss_D_real: 0.079 loss_D_fake: 1.048 loss_D_gr_fake: 0.174 loss_D: 1.302 acc_real: 0.992 acc_fake: 0.282 acc_grfake: 0.942 loss_G_conf: 0.297 
learning rate 0.0000800 -> 0.0000800
End of epoch 11 / 20 	 Time Taken: 152 sec
(epoch: 12, batches: 20, time: 0.003, data: 0.001) loss_G_comp: 0.191 loss_G_anti_sc: 0.216 loss_G: 0.704 loss_D_real: 0.099 loss_D_fake: 0.905 loss_D_gr_fake: 0.147 loss_D: 1.151 acc_real: 0.992 acc_fake: 0.282 acc_grfake: 0.942 loss_G_conf: 0.297 
validation accuracies:
                gf: 0.94
                real: 1.00
                fake: 0.34

ran validation set (B:2601) in                         33.9 s.
(epoch: 12, batches: 40, time: 0.003, data: 0.016) loss_G_comp: 0.191 loss_G_anti_sc: 0.216 loss_G: 0.704 loss_D_real: 0.052 loss_D_fake: 1.159 loss_D_gr_fake: 0.072 loss_D: 1.284 acc_real: 0.997 acc_fake: 0.340 acc_grfake: 0.940 loss_G_conf: 0.297 
(epoch: 12, batches: 60, time: 0.003, data: 0.001) loss_G_comp: 0.191 loss_G_anti_sc: 0.216 loss_G: 0.704 loss_D_real: 0.107 loss_D_fake: 0.977 loss_D_gr_fake: 0.113 loss_D: 1.197 acc_real: 0.997 acc_fake: 0.340 acc_grfake: 0.940 loss_G_conf: 0.297 
(epoch: 12, batches: 80, time: 0.004, data: 0.013) loss_G_comp: 0.191 loss_G_anti_sc: 0.216 loss_G: 0.704 loss_D_real: 0.032 loss_D_fake: 1.317 loss_D_gr_fake: 0.354 loss_D: 1.704 acc_real: 0.997 acc_fake: 0.340 acc_grfake: 0.940 loss_G_conf: 0.297 
(epoch: 12, batches: 100, time: 0.003, data: 0.002) loss_G_comp: 0.191 loss_G_anti_sc: 0.216 loss_G: 0.704 loss_D_real: 0.067 loss_D_fake: 1.000 loss_D_gr_fake: 0.053 loss_D: 1.120 acc_real: 0.997 acc_fake: 0.340 acc_grfake: 0.940 loss_G_conf: 0.297 
(epoch: 12, batches: 120, time: 0.003, data: 0.001) loss_G_comp: 0.191 loss_G_anti_sc: 0.216 loss_G: 0.704 loss_D_real: 0.044 loss_D_fake: 1.093 loss_D_gr_fake: 0.073 loss_D: 1.209 acc_real: 0.997 acc_fake: 0.340 acc_grfake: 0.940 loss_G_conf: 0.297 
validation accuracies:
                gf: 0.94
                real: 1.00
                fake: 0.33

ran validation set (B:2701) in                         33.3 s.
(epoch: 12, batches: 140, time: 0.003, data: 0.458) loss_G_comp: 0.191 loss_G_anti_sc: 0.216 loss_G: 0.704 loss_D_real: 0.025 loss_D_fake: 1.237 loss_D_gr_fake: 0.107 loss_D: 1.369 acc_real: 0.999 acc_fake: 0.333 acc_grfake: 0.940 loss_G_conf: 0.297 
(epoch: 12, batches: 160, time: 0.004, data: 0.001) loss_G_comp: 0.191 loss_G_anti_sc: 0.216 loss_G: 0.704 loss_D_real: 0.024 loss_D_fake: 1.330 loss_D_gr_fake: 0.183 loss_D: 1.538 acc_real: 0.999 acc_fake: 0.333 acc_grfake: 0.940 loss_G_conf: 0.297 
(epoch: 12, batches: 180, time: 0.004, data: 0.001) loss_G_comp: 0.191 loss_G_anti_sc: 0.216 loss_G: 0.704 loss_D_real: 0.055 loss_D_fake: 1.210 loss_D_gr_fake: 0.054 loss_D: 1.319 acc_real: 0.999 acc_fake: 0.333 acc_grfake: 0.940 loss_G_conf: 0.297 
(epoch: 12, batches: 200, time: 0.003, data: 0.001) loss_G_comp: 0.191 loss_G_anti_sc: 0.216 loss_G: 0.704 loss_D_real: 0.084 loss_D_fake: 0.966 loss_D_gr_fake: 0.175 loss_D: 1.225 acc_real: 0.999 acc_fake: 0.333 acc_grfake: 0.940 loss_G_conf: 0.297 
(epoch: 12, batches: 220, time: 0.004, data: 0.706) loss_G_comp: 0.191 loss_G_anti_sc: 0.216 loss_G: 0.704 loss_D_real: 0.054 loss_D_fake: 1.060 loss_D_gr_fake: 0.321 loss_D: 1.435 acc_real: 0.999 acc_fake: 0.333 acc_grfake: 0.940 loss_G_conf: 0.297 
validation accuracies:
                gf: 0.94
                real: 1.00
                fake: 0.28

ran validation set (B:2801) in                         33.5 s.
learning rate 0.0000800 -> 0.0000800
End of epoch 12 / 20 	 Time Taken: 185 sec
(epoch: 13, batches: 20, time: 0.003, data: 0.001) loss_G_comp: 0.191 loss_G_anti_sc: 0.216 loss_G: 0.704 loss_D_real: 0.044 loss_D_fake: 0.978 loss_D_gr_fake: 0.058 loss_D: 1.080 acc_real: 0.998 acc_fake: 0.281 acc_grfake: 0.940 loss_G_conf: 0.297 
(epoch: 13, batches: 40, time: 0.003, data: 0.003) loss_G_comp: 0.191 loss_G_anti_sc: 0.216 loss_G: 0.704 loss_D_real: 0.044 loss_D_fake: 1.150 loss_D_gr_fake: 0.199 loss_D: 1.393 acc_real: 0.998 acc_fake: 0.281 acc_grfake: 0.940 loss_G_conf: 0.297 
(epoch: 13, batches: 60, time: 0.003, data: 0.003) loss_G_comp: 0.191 loss_G_anti_sc: 0.216 loss_G: 0.704 loss_D_real: 0.067 loss_D_fake: 1.069 loss_D_gr_fake: 0.072 loss_D: 1.209 acc_real: 0.998 acc_fake: 0.281 acc_grfake: 0.940 loss_G_conf: 0.297 
(epoch: 13, batches: 80, time: 0.004, data: 0.001) loss_G_comp: 0.191 loss_G_anti_sc: 0.216 loss_G: 0.704 loss_D_real: 0.082 loss_D_fake: 0.957 loss_D_gr_fake: 0.054 loss_D: 1.093 acc_real: 0.998 acc_fake: 0.281 acc_grfake: 0.940 loss_G_conf: 0.297 
validation accuracies:
                gf: 0.93
                real: 1.00
                fake: 0.28

ran validation set (B:2901) in                         33.7 s.
(epoch: 13, batches: 100, time: 0.004, data: 0.013) loss_G_comp: 0.191 loss_G_anti_sc: 0.216 loss_G: 0.704 loss_D_real: 0.157 loss_D_fake: 0.900 loss_D_gr_fake: 0.192 loss_D: 1.249 acc_real: 0.998 acc_fake: 0.284 acc_grfake: 0.932 loss_G_conf: 0.297 
(epoch: 13, batches: 120, time: 0.003, data: 0.001) loss_G_comp: 0.191 loss_G_anti_sc: 0.216 loss_G: 0.704 loss_D_real: 0.037 loss_D_fake: 1.066 loss_D_gr_fake: 0.287 loss_D: 1.390 acc_real: 0.998 acc_fake: 0.284 acc_grfake: 0.932 loss_G_conf: 0.297 
(epoch: 13, batches: 140, time: 0.003, data: 0.007) loss_G_comp: 0.191 loss_G_anti_sc: 0.216 loss_G: 0.704 loss_D_real: 0.077 loss_D_fake: 0.862 loss_D_gr_fake: 0.213 loss_D: 1.153 acc_real: 0.998 acc_fake: 0.284 acc_grfake: 0.932 loss_G_conf: 0.297 
(epoch: 13, batches: 160, time: 0.004, data: 0.358) loss_G_comp: 0.191 loss_G_anti_sc: 0.216 loss_G: 0.704 loss_D_real: 0.037 loss_D_fake: 1.198 loss_D_gr_fake: 0.092 loss_D: 1.327 acc_real: 0.998 acc_fake: 0.284 acc_grfake: 0.932 loss_G_conf: 0.297 
(epoch: 13, batches: 180, time: 0.003, data: 0.001) loss_G_comp: 0.191 loss_G_anti_sc: 0.216 loss_G: 0.704 loss_D_real: 0.028 loss_D_fake: 1.182 loss_D_gr_fake: 0.221 loss_D: 1.431 acc_real: 0.998 acc_fake: 0.284 acc_grfake: 0.932 loss_G_conf: 0.297 
validation accuracies:
                gf: 0.95
                real: 0.99
                fake: 0.48

ran validation set (B:3001) in                         34.2 s.
(epoch: 13, batches: 200, time: 0.004, data: 0.009) loss_G_comp: 0.191 loss_G_anti_sc: 0.216 loss_G: 0.704 loss_D_real: 0.095 loss_D_fake: 0.804 loss_D_gr_fake: 0.079 loss_D: 0.978 acc_real: 0.992 acc_fake: 0.479 acc_grfake: 0.948 loss_G_conf: 0.297 
(epoch: 13, batches: 220, time: 0.004, data: 0.953) loss_G_comp: 0.191 loss_G_anti_sc: 0.216 loss_G: 0.704 loss_D_real: 0.104 loss_D_fake: 0.966 loss_D_gr_fake: 0.193 loss_D: 1.263 acc_real: 0.992 acc_fake: 0.479 acc_grfake: 0.948 loss_G_conf: 0.297 
learning rate 0.0000800 -> 0.0000800
End of epoch 13 / 20 	 Time Taken: 152 sec
(epoch: 14, batches: 20, time: 0.003, data: 0.302) loss_G_comp: 0.191 loss_G_anti_sc: 0.216 loss_G: 0.704 loss_D_real: 0.058 loss_D_fake: 1.208 loss_D_gr_fake: 0.264 loss_D: 1.530 acc_real: 0.992 acc_fake: 0.479 acc_grfake: 0.948 loss_G_conf: 0.297 
(epoch: 14, batches: 40, time: 0.004, data: 0.001) loss_G_comp: 0.191 loss_G_anti_sc: 0.216 loss_G: 0.704 loss_D_real: 0.064 loss_D_fake: 1.001 loss_D_gr_fake: 0.257 loss_D: 1.322 acc_real: 0.992 acc_fake: 0.479 acc_grfake: 0.948 loss_G_conf: 0.297 
validation accuracies:
                gf: 0.95
                real: 0.99
                fake: 0.51

ran validation set (B:3101) in                         33.3 s.
(epoch: 14, batches: 60, time: 0.002, data: 0.001) loss_G_comp: 0.191 loss_G_anti_sc: 0.216 loss_G: 0.704 loss_D_real: 0.106 loss_D_fake: 0.910 loss_D_gr_fake: 0.140 loss_D: 1.156 acc_real: 0.990 acc_fake: 0.512 acc_grfake: 0.950 loss_G_conf: 0.297 
(epoch: 14, batches: 80, time: 0.003, data: 0.001) loss_G_comp: 0.191 loss_G_anti_sc: 0.216 loss_G: 0.704 loss_D_real: 0.095 loss_D_fake: 0.812 loss_D_gr_fake: 0.101 loss_D: 1.008 acc_real: 0.990 acc_fake: 0.512 acc_grfake: 0.950 loss_G_conf: 0.297 
(epoch: 14, batches: 100, time: 0.003, data: 0.001) loss_G_comp: 0.191 loss_G_anti_sc: 0.216 loss_G: 0.704 loss_D_real: 0.022 loss_D_fake: 1.159 loss_D_gr_fake: 0.220 loss_D: 1.401 acc_real: 0.990 acc_fake: 0.512 acc_grfake: 0.950 loss_G_conf: 0.297 
(epoch: 14, batches: 120, time: 0.003, data: 0.001) loss_G_comp: 0.191 loss_G_anti_sc: 0.216 loss_G: 0.704 loss_D_real: 0.058 loss_D_fake: 1.061 loss_D_gr_fake: 0.101 loss_D: 1.220 acc_real: 0.990 acc_fake: 0.512 acc_grfake: 0.950 loss_G_conf: 0.297 
(epoch: 14, batches: 140, time: 0.003, data: 0.227) loss_G_comp: 0.191 loss_G_anti_sc: 0.216 loss_G: 0.704 loss_D_real: 0.070 loss_D_fake: 1.214 loss_D_gr_fake: 0.091 loss_D: 1.374 acc_real: 0.990 acc_fake: 0.512 acc_grfake: 0.950 loss_G_conf: 0.297 
validation accuracies:
                gf: 0.94
                real: 1.00
                fake: 0.28

ran validation set (B:3201) in                         33.2 s.
(epoch: 14, batches: 160, time: 0.003, data: 0.015) loss_G_comp: 0.191 loss_G_anti_sc: 0.216 loss_G: 0.704 loss_D_real: 0.158 loss_D_fake: 0.809 loss_D_gr_fake: 0.111 loss_D: 1.079 acc_real: 1.000 acc_fake: 0.284 acc_grfake: 0.943 loss_G_conf: 0.297 
(epoch: 14, batches: 180, time: 0.003, data: 0.929) loss_G_comp: 0.191 loss_G_anti_sc: 0.216 loss_G: 0.704 loss_D_real: 0.055 loss_D_fake: 1.025 loss_D_gr_fake: 0.032 loss_D: 1.112 acc_real: 1.000 acc_fake: 0.284 acc_grfake: 0.943 loss_G_conf: 0.297 
(epoch: 14, batches: 200, time: 0.004, data: 0.663) loss_G_comp: 0.191 loss_G_anti_sc: 0.216 loss_G: 0.704 loss_D_real: 0.061 loss_D_fake: 1.115 loss_D_gr_fake: 0.125 loss_D: 1.301 acc_real: 1.000 acc_fake: 0.284 acc_grfake: 0.943 loss_G_conf: 0.297 
(epoch: 14, batches: 220, time: 0.003, data: 0.529) loss_G_comp: 0.191 loss_G_anti_sc: 0.216 loss_G: 0.704 loss_D_real: 0.054 loss_D_fake: 1.160 loss_D_gr_fake: 0.233 loss_D: 1.448 acc_real: 1.000 acc_fake: 0.284 acc_grfake: 0.943 loss_G_conf: 0.297 
learning rate 0.0000800 -> 0.0000800
End of epoch 14 / 20 	 Time Taken: 151 sec
(epoch: 15, batches: 20, time: 0.003, data: 0.001) loss_G_comp: 0.191 loss_G_anti_sc: 0.216 loss_G: 0.704 loss_D_real: 0.173 loss_D_fake: 0.513 loss_D_gr_fake: 0.024 loss_D: 0.711 acc_real: 1.000 acc_fake: 0.284 acc_grfake: 0.943 loss_G_conf: 0.297 
validation accuracies:
                gf: 0.95
                real: 0.99
                fake: 0.34

ran validation set (B:3301) in                         33.2 s.
(epoch: 15, batches: 40, time: 0.003, data: 0.001) loss_G_comp: 0.191 loss_G_anti_sc: 0.216 loss_G: 0.704 loss_D_real: 0.108 loss_D_fake: 0.931 loss_D_gr_fake: 0.190 loss_D: 1.229 acc_real: 0.992 acc_fake: 0.341 acc_grfake: 0.949 loss_G_conf: 0.297 
(epoch: 15, batches: 60, time: 0.002, data: 0.021) loss_G_comp: 0.191 loss_G_anti_sc: 0.216 loss_G: 0.704 loss_D_real: 0.170 loss_D_fake: 0.629 loss_D_gr_fake: 0.034 loss_D: 0.832 acc_real: 0.992 acc_fake: 0.341 acc_grfake: 0.949 loss_G_conf: 0.297 
(epoch: 15, batches: 80, time: 0.003, data: 0.002) loss_G_comp: 0.191 loss_G_anti_sc: 0.216 loss_G: 0.704 loss_D_real: 0.035 loss_D_fake: 1.048 loss_D_gr_fake: 0.199 loss_D: 1.282 acc_real: 0.992 acc_fake: 0.341 acc_grfake: 0.949 loss_G_conf: 0.297 
(epoch: 15, batches: 100, time: 0.004, data: 0.001) loss_G_comp: 0.191 loss_G_anti_sc: 0.216 loss_G: 0.704 loss_D_real: 0.082 loss_D_fake: 0.673 loss_D_gr_fake: 0.082 loss_D: 0.837 acc_real: 0.992 acc_fake: 0.341 acc_grfake: 0.949 loss_G_conf: 0.297 
(epoch: 15, batches: 120, time: 0.003, data: 0.001) loss_G_comp: 0.191 loss_G_anti_sc: 0.216 loss_G: 0.704 loss_D_real: 0.042 loss_D_fake: 1.115 loss_D_gr_fake: 0.293 loss_D: 1.449 acc_real: 0.992 acc_fake: 0.341 acc_grfake: 0.949 loss_G_conf: 0.297 
validation accuracies:
                gf: 0.95
                real: 0.99
                fake: 0.55

ran validation set (B:3401) in                         33.7 s.
(epoch: 15, batches: 140, time: 0.003, data: 0.205) loss_G_comp: 0.191 loss_G_anti_sc: 0.216 loss_G: 0.704 loss_D_real: 0.061 loss_D_fake: 1.013 loss_D_gr_fake: 0.192 loss_D: 1.267 acc_real: 0.995 acc_fake: 0.555 acc_grfake: 0.948 loss_G_conf: 0.297 
(epoch: 15, batches: 160, time: 0.003, data: 0.001) loss_G_comp: 0.191 loss_G_anti_sc: 0.216 loss_G: 0.704 loss_D_real: 0.059 loss_D_fake: 0.974 loss_D_gr_fake: 0.227 loss_D: 1.260 acc_real: 0.995 acc_fake: 0.555 acc_grfake: 0.948 loss_G_conf: 0.297 
(epoch: 15, batches: 180, time: 0.004, data: 0.001) loss_G_comp: 0.191 loss_G_anti_sc: 0.216 loss_G: 0.704 loss_D_real: 0.039 loss_D_fake: 1.270 loss_D_gr_fake: 0.200 loss_D: 1.508 acc_real: 0.995 acc_fake: 0.555 acc_grfake: 0.948 loss_G_conf: 0.297 
(epoch: 15, batches: 200, time: 0.003, data: 0.003) loss_G_comp: 0.191 loss_G_anti_sc: 0.216 loss_G: 0.704 loss_D_real: 0.041 loss_D_fake: 1.140 loss_D_gr_fake: 0.212 loss_D: 1.392 acc_real: 0.995 acc_fake: 0.555 acc_grfake: 0.948 loss_G_conf: 0.297 
(epoch: 15, batches: 220, time: 0.003, data: 0.001) loss_G_comp: 0.191 loss_G_anti_sc: 0.216 loss_G: 0.704 loss_D_real: 0.027 loss_D_fake: 1.584 loss_D_gr_fake: 0.344 loss_D: 1.956 acc_real: 0.995 acc_fake: 0.555 acc_grfake: 0.948 loss_G_conf: 0.297 
validation accuracies:
                gf: 0.93
                real: 1.00
                fake: 0.40

ran validation set (B:3501) in                         33.7 s.
saving the model at the end of epoch 15, iters 224640
learning rate 0.0000800 -> 0.0000800
End of epoch 15 / 20 	 Time Taken: 184 sec
(epoch: 16, batches: 20, time: 0.003, data: 0.341) loss_G_comp: 0.191 loss_G_anti_sc: 0.216 loss_G: 0.704 loss_D_real: 0.075 loss_D_fake: 0.928 loss_D_gr_fake: 0.192 loss_D: 1.195 acc_real: 0.996 acc_fake: 0.401 acc_grfake: 0.934 loss_G_conf: 0.297 
(epoch: 16, batches: 40, time: 0.003, data: 0.001) loss_G_comp: 0.191 loss_G_anti_sc: 0.216 loss_G: 0.704 loss_D_real: 0.069 loss_D_fake: 0.891 loss_D_gr_fake: 0.207 loss_D: 1.168 acc_real: 0.996 acc_fake: 0.401 acc_grfake: 0.934 loss_G_conf: 0.297 
(epoch: 16, batches: 60, time: 0.003, data: 0.001) loss_G_comp: 0.191 loss_G_anti_sc: 0.216 loss_G: 0.704 loss_D_real: 0.078 loss_D_fake: 0.920 loss_D_gr_fake: 0.022 loss_D: 1.020 acc_real: 0.996 acc_fake: 0.401 acc_grfake: 0.934 loss_G_conf: 0.297 
(epoch: 16, batches: 80, time: 0.003, data: 0.001) loss_G_comp: 0.191 loss_G_anti_sc: 0.216 loss_G: 0.704 loss_D_real: 0.040 loss_D_fake: 0.822 loss_D_gr_fake: 0.058 loss_D: 0.919 acc_real: 0.996 acc_fake: 0.401 acc_grfake: 0.934 loss_G_conf: 0.297 
validation accuracies:
                gf: 0.96
                real: 0.98
                fake: 0.67

ran validation set (B:3601) in                         33.8 s.
(epoch: 16, batches: 100, time: 0.004, data: 0.001) loss_G_comp: 1.477 loss_G_anti_sc: 0.056 loss_G: 1.837 loss_D_real: 0.027 loss_D_fake: 2.211 loss_D_gr_fake: 0.227 loss_D: 2.466 acc_real: 0.978 acc_fake: 0.671 acc_grfake: 0.960 loss_G_conf: 0.304 
(epoch: 16, batches: 120, time: 0.003, data: 0.001) loss_G_comp: 0.226 loss_G_anti_sc: 0.491 loss_G: 1.002 loss_D_real: 0.172 loss_D_fake: 1.604 loss_D_gr_fake: 0.248 loss_D: 2.023 acc_real: 0.978 acc_fake: 0.671 acc_grfake: 0.960 loss_G_conf: 0.285 
(epoch: 16, batches: 140, time: 0.004, data: 0.007) loss_G_comp: 0.360 loss_G_anti_sc: 0.180 loss_G: 0.823 loss_D_real: 0.068 loss_D_fake: 2.246 loss_D_gr_fake: 0.351 loss_D: 2.665 acc_real: 0.978 acc_fake: 0.671 acc_grfake: 0.960 loss_G_conf: 0.283 
(epoch: 16, batches: 160, time: 0.005, data: 0.003) loss_G_comp: 0.087 loss_G_anti_sc: 0.698 loss_G: 1.064 loss_D_real: 0.183 loss_D_fake: 1.508 loss_D_gr_fake: 0.212 loss_D: 1.903 acc_real: 0.978 acc_fake: 0.671 acc_grfake: 0.960 loss_G_conf: 0.279 
(epoch: 16, batches: 180, time: 0.004, data: 0.798) loss_G_comp: 0.142 loss_G_anti_sc: 0.435 loss_G: 0.855 loss_D_real: 0.147 loss_D_fake: 2.036 loss_D_gr_fake: 0.126 loss_D: 2.309 acc_real: 0.978 acc_fake: 0.671 acc_grfake: 0.960 loss_G_conf: 0.278 
validation accuracies:
                gf: 0.93
                real: 1.00
                fake: 0.07

ran validation set (B:3701) in                         33.7 s.
(epoch: 16, batches: 200, time: 0.003, data: 0.006) loss_G_comp: 0.242 loss_G_anti_sc: 0.293 loss_G: 0.809 loss_D_real: 0.044 loss_D_fake: 2.155 loss_D_gr_fake: 0.280 loss_D: 2.479 acc_real: 0.995 acc_fake: 0.066 acc_grfake: 0.931 loss_G_conf: 0.274 
(epoch: 16, batches: 220, time: 0.003, data: 0.001) loss_G_comp: 0.242 loss_G_anti_sc: 0.293 loss_G: 0.809 loss_D_real: 0.075 loss_D_fake: 1.755 loss_D_gr_fake: 0.201 loss_D: 2.030 acc_real: 0.995 acc_fake: 0.066 acc_grfake: 0.931 loss_G_conf: 0.274 
learning rate 0.0000800 -> 0.0000800
End of epoch 16 / 20 	 Time Taken: 153 sec
(epoch: 17, batches: 20, time: 0.004, data: 0.001) loss_G_comp: 0.242 loss_G_anti_sc: 0.293 loss_G: 0.809 loss_D_real: 0.064 loss_D_fake: 1.581 loss_D_gr_fake: 0.093 loss_D: 1.738 acc_real: 0.995 acc_fake: 0.066 acc_grfake: 0.931 loss_G_conf: 0.274 
(epoch: 17, batches: 40, time: 0.004, data: 0.001) loss_G_comp: 0.242 loss_G_anti_sc: 0.293 loss_G: 0.809 loss_D_real: 0.069 loss_D_fake: 1.483 loss_D_gr_fake: 0.080 loss_D: 1.632 acc_real: 0.995 acc_fake: 0.066 acc_grfake: 0.931 loss_G_conf: 0.274 
validation accuracies:
                gf: 0.93
                real: 1.00
                fake: 0.11

ran validation set (B:3801) in                         33.1 s.
(epoch: 17, batches: 60, time: 0.004, data: 0.001) loss_G_comp: 0.242 loss_G_anti_sc: 0.293 loss_G: 0.809 loss_D_real: 0.103 loss_D_fake: 1.638 loss_D_gr_fake: 0.077 loss_D: 1.819 acc_real: 0.998 acc_fake: 0.110 acc_grfake: 0.928 loss_G_conf: 0.274 
(epoch: 17, batches: 80, time: 0.004, data: 0.001) loss_G_comp: 0.242 loss_G_anti_sc: 0.293 loss_G: 0.809 loss_D_real: 0.042 loss_D_fake: 1.685 loss_D_gr_fake: 0.102 loss_D: 1.829 acc_real: 0.998 acc_fake: 0.110 acc_grfake: 0.928 loss_G_conf: 0.274 
(epoch: 17, batches: 100, time: 0.003, data: 0.001) loss_G_comp: 0.242 loss_G_anti_sc: 0.293 loss_G: 0.809 loss_D_real: 0.068 loss_D_fake: 1.557 loss_D_gr_fake: 0.189 loss_D: 1.814 acc_real: 0.998 acc_fake: 0.110 acc_grfake: 0.928 loss_G_conf: 0.274 
(epoch: 17, batches: 120, time: 0.003, data: 0.001) loss_G_comp: 0.242 loss_G_anti_sc: 0.293 loss_G: 0.809 loss_D_real: 0.037 loss_D_fake: 1.815 loss_D_gr_fake: 0.257 loss_D: 2.109 acc_real: 0.998 acc_fake: 0.110 acc_grfake: 0.928 loss_G_conf: 0.274 
(epoch: 17, batches: 140, time: 0.003, data: 0.001) loss_G_comp: 0.242 loss_G_anti_sc: 0.293 loss_G: 0.809 loss_D_real: 0.063 loss_D_fake: 1.243 loss_D_gr_fake: 0.074 loss_D: 1.380 acc_real: 0.998 acc_fake: 0.110 acc_grfake: 0.928 loss_G_conf: 0.274 
validation accuracies:
                gf: 0.95
                real: 0.99
                fake: 0.21

ran validation set (B:3901) in                         33.5 s.
(epoch: 17, batches: 160, time: 0.003, data: 0.004) loss_G_comp: 0.242 loss_G_anti_sc: 0.293 loss_G: 0.809 loss_D_real: 0.057 loss_D_fake: 1.419 loss_D_gr_fake: 0.137 loss_D: 1.613 acc_real: 0.993 acc_fake: 0.209 acc_grfake: 0.948 loss_G_conf: 0.274 
(epoch: 17, batches: 180, time: 0.003, data: 0.001) loss_G_comp: 0.242 loss_G_anti_sc: 0.293 loss_G: 0.809 loss_D_real: 0.064 loss_D_fake: 1.556 loss_D_gr_fake: 0.197 loss_D: 1.818 acc_real: 0.993 acc_fake: 0.209 acc_grfake: 0.948 loss_G_conf: 0.274 
(epoch: 17, batches: 200, time: 0.003, data: 0.851) loss_G_comp: 0.242 loss_G_anti_sc: 0.293 loss_G: 0.809 loss_D_real: 0.060 loss_D_fake: 1.354 loss_D_gr_fake: 0.170 loss_D: 1.584 acc_real: 0.993 acc_fake: 0.209 acc_grfake: 0.948 loss_G_conf: 0.274 
(epoch: 17, batches: 220, time: 0.004, data: 0.273) loss_G_comp: 0.242 loss_G_anti_sc: 0.293 loss_G: 0.809 loss_D_real: 0.069 loss_D_fake: 1.235 loss_D_gr_fake: 0.125 loss_D: 1.429 acc_real: 0.993 acc_fake: 0.209 acc_grfake: 0.948 loss_G_conf: 0.274 
learning rate 0.0000800 -> 0.0000800
End of epoch 17 / 20 	 Time Taken: 151 sec
(epoch: 18, batches: 20, time: 0.003, data: 0.001) loss_G_comp: 0.242 loss_G_anti_sc: 0.293 loss_G: 0.809 loss_D_real: 0.145 loss_D_fake: 1.197 loss_D_gr_fake: 0.066 loss_D: 1.408 acc_real: 0.993 acc_fake: 0.209 acc_grfake: 0.948 loss_G_conf: 0.274 
validation accuracies:
                gf: 0.93
                real: 1.00
                fake: 0.17

ran validation set (B:4001) in                         33.8 s.
(epoch: 18, batches: 40, time: 0.003, data: 0.001) loss_G_comp: 0.242 loss_G_anti_sc: 0.293 loss_G: 0.809 loss_D_real: 0.115 loss_D_fake: 1.057 loss_D_gr_fake: 0.170 loss_D: 1.343 acc_real: 0.999 acc_fake: 0.168 acc_grfake: 0.932 loss_G_conf: 0.274 
(epoch: 18, batches: 60, time: 0.003, data: 0.001) loss_G_comp: 0.242 loss_G_anti_sc: 0.293 loss_G: 0.809 loss_D_real: 0.082 loss_D_fake: 1.202 loss_D_gr_fake: 0.201 loss_D: 1.485 acc_real: 0.999 acc_fake: 0.168 acc_grfake: 0.932 loss_G_conf: 0.274 
(epoch: 18, batches: 80, time: 0.004, data: 0.001) loss_G_comp: 0.242 loss_G_anti_sc: 0.293 loss_G: 0.809 loss_D_real: 0.060 loss_D_fake: 1.038 loss_D_gr_fake: 0.017 loss_D: 1.115 acc_real: 0.999 acc_fake: 0.168 acc_grfake: 0.932 loss_G_conf: 0.274 
(epoch: 18, batches: 100, time: 0.003, data: 0.289) loss_G_comp: 0.242 loss_G_anti_sc: 0.293 loss_G: 0.809 loss_D_real: 0.023 loss_D_fake: 1.379 loss_D_gr_fake: 0.168 loss_D: 1.569 acc_real: 0.999 acc_fake: 0.168 acc_grfake: 0.932 loss_G_conf: 0.274 
(epoch: 18, batches: 120, time: 0.003, data: 0.276) loss_G_comp: 0.242 loss_G_anti_sc: 0.293 loss_G: 0.809 loss_D_real: 0.036 loss_D_fake: 1.403 loss_D_gr_fake: 0.165 loss_D: 1.604 acc_real: 0.999 acc_fake: 0.168 acc_grfake: 0.932 loss_G_conf: 0.274 
validation accuracies:
                gf: 0.94
                real: 0.99
                fake: 0.32

ran validation set (B:4101) in                         33.3 s.
(epoch: 18, batches: 140, time: 0.003, data: 0.586) loss_G_comp: 0.242 loss_G_anti_sc: 0.293 loss_G: 0.809 loss_D_real: 0.089 loss_D_fake: 1.010 loss_D_gr_fake: 0.043 loss_D: 1.142 acc_real: 0.993 acc_fake: 0.316 acc_grfake: 0.944 loss_G_conf: 0.274 
(epoch: 18, batches: 160, time: 0.004, data: 0.001) loss_G_comp: 0.242 loss_G_anti_sc: 0.293 loss_G: 0.809 loss_D_real: 0.065 loss_D_fake: 1.207 loss_D_gr_fake: 0.103 loss_D: 1.375 acc_real: 0.993 acc_fake: 0.316 acc_grfake: 0.944 loss_G_conf: 0.274 
(epoch: 18, batches: 180, time: 0.003, data: 0.566) loss_G_comp: 0.242 loss_G_anti_sc: 0.293 loss_G: 0.809 loss_D_real: 0.108 loss_D_fake: 0.848 loss_D_gr_fake: 0.203 loss_D: 1.159 acc_real: 0.993 acc_fake: 0.316 acc_grfake: 0.944 loss_G_conf: 0.274 
(epoch: 18, batches: 200, time: 0.003, data: 0.248) loss_G_comp: 0.242 loss_G_anti_sc: 0.293 loss_G: 0.809 loss_D_real: 0.091 loss_D_fake: 0.818 loss_D_gr_fake: 0.042 loss_D: 0.950 acc_real: 0.993 acc_fake: 0.316 acc_grfake: 0.944 loss_G_conf: 0.274 
(epoch: 18, batches: 220, time: 0.004, data: 0.001) loss_G_comp: 0.242 loss_G_anti_sc: 0.293 loss_G: 0.809 loss_D_real: 0.073 loss_D_fake: 0.874 loss_D_gr_fake: 0.159 loss_D: 1.106 acc_real: 0.993 acc_fake: 0.316 acc_grfake: 0.944 loss_G_conf: 0.274 
validation accuracies:
                gf: 0.94
                real: 1.00
                fake: 0.37

ran validation set (B:4201) in                         33.7 s.
learning rate 0.0000800 -> 0.0000800
End of epoch 18 / 20 	 Time Taken: 183 sec
(epoch: 19, batches: 20, time: 0.004, data: 0.515) loss_G_comp: 0.242 loss_G_anti_sc: 0.293 loss_G: 0.809 loss_D_real: 0.088 loss_D_fake: 1.029 loss_D_gr_fake: 0.248 loss_D: 1.365 acc_real: 0.998 acc_fake: 0.370 acc_grfake: 0.938 loss_G_conf: 0.274 
(epoch: 19, batches: 40, time: 0.004, data: 0.001) loss_G_comp: 0.242 loss_G_anti_sc: 0.293 loss_G: 0.809 loss_D_real: 0.050 loss_D_fake: 0.992 loss_D_gr_fake: 0.116 loss_D: 1.158 acc_real: 0.998 acc_fake: 0.370 acc_grfake: 0.938 loss_G_conf: 0.274 
(epoch: 19, batches: 60, time: 0.003, data: 0.002) loss_G_comp: 0.242 loss_G_anti_sc: 0.293 loss_G: 0.809 loss_D_real: 0.092 loss_D_fake: 1.159 loss_D_gr_fake: 0.199 loss_D: 1.451 acc_real: 0.998 acc_fake: 0.370 acc_grfake: 0.938 loss_G_conf: 0.274 
(epoch: 19, batches: 80, time: 0.003, data: 0.001) loss_G_comp: 0.242 loss_G_anti_sc: 0.293 loss_G: 0.809 loss_D_real: 0.063 loss_D_fake: 0.904 loss_D_gr_fake: 0.039 loss_D: 1.006 acc_real: 0.998 acc_fake: 0.370 acc_grfake: 0.938 loss_G_conf: 0.274 
validation accuracies:
                gf: 0.95
                real: 1.00
                fake: 0.39

ran validation set (B:4301) in                         34.1 s.
(epoch: 19, batches: 100, time: 0.004, data: 0.001) loss_G_comp: 0.242 loss_G_anti_sc: 0.293 loss_G: 0.809 loss_D_real: 0.032 loss_D_fake: 1.141 loss_D_gr_fake: 0.054 loss_D: 1.227 acc_real: 0.996 acc_fake: 0.393 acc_grfake: 0.955 loss_G_conf: 0.274 
(epoch: 19, batches: 120, time: 0.003, data: 0.001) loss_G_comp: 0.242 loss_G_anti_sc: 0.293 loss_G: 0.809 loss_D_real: 0.103 loss_D_fake: 0.913 loss_D_gr_fake: 0.062 loss_D: 1.078 acc_real: 0.996 acc_fake: 0.393 acc_grfake: 0.955 loss_G_conf: 0.274 
(epoch: 19, batches: 140, time: 0.003, data: 0.001) loss_G_comp: 0.242 loss_G_anti_sc: 0.293 loss_G: 0.809 loss_D_real: 0.025 loss_D_fake: 1.191 loss_D_gr_fake: 0.078 loss_D: 1.295 acc_real: 0.996 acc_fake: 0.393 acc_grfake: 0.955 loss_G_conf: 0.274 
(epoch: 19, batches: 160, time: 0.003, data: 0.001) loss_G_comp: 0.242 loss_G_anti_sc: 0.293 loss_G: 0.809 loss_D_real: 0.041 loss_D_fake: 1.435 loss_D_gr_fake: 0.399 loss_D: 1.875 acc_real: 0.996 acc_fake: 0.393 acc_grfake: 0.955 loss_G_conf: 0.274 
(epoch: 19, batches: 180, time: 0.003, data: 0.001) loss_G_comp: 0.242 loss_G_anti_sc: 0.293 loss_G: 0.809 loss_D_real: 0.030 loss_D_fake: 1.353 loss_D_gr_fake: 0.240 loss_D: 1.624 acc_real: 0.996 acc_fake: 0.393 acc_grfake: 0.955 loss_G_conf: 0.274 
validation accuracies:
                gf: 0.95
                real: 1.00
                fake: 0.33

ran validation set (B:4401) in                         33.9 s.
(epoch: 19, batches: 200, time: 0.003, data: 0.011) loss_G_comp: 0.242 loss_G_anti_sc: 0.293 loss_G: 0.809 loss_D_real: 0.051 loss_D_fake: 1.186 loss_D_gr_fake: 0.070 loss_D: 1.307 acc_real: 0.997 acc_fake: 0.328 acc_grfake: 0.953 loss_G_conf: 0.274 
(epoch: 19, batches: 220, time: 0.003, data: 0.001) loss_G_comp: 0.242 loss_G_anti_sc: 0.293 loss_G: 0.809 loss_D_real: 0.030 loss_D_fake: 1.482 loss_D_gr_fake: 0.142 loss_D: 1.654 acc_real: 0.997 acc_fake: 0.328 acc_grfake: 0.953 loss_G_conf: 0.274 
learning rate 0.0000800 -> 0.0000800
End of epoch 19 / 20 	 Time Taken: 152 sec
(epoch: 20, batches: 20, time: 0.003, data: 0.195) loss_G_comp: 0.242 loss_G_anti_sc: 0.293 loss_G: 0.809 loss_D_real: 0.046 loss_D_fake: 0.964 loss_D_gr_fake: 0.011 loss_D: 1.021 acc_real: 0.997 acc_fake: 0.328 acc_grfake: 0.953 loss_G_conf: 0.274 
(epoch: 20, batches: 40, time: 0.003, data: 0.016) loss_G_comp: 0.242 loss_G_anti_sc: 0.293 loss_G: 0.809 loss_D_real: 0.054 loss_D_fake: 1.081 loss_D_gr_fake: 0.097 loss_D: 1.231 acc_real: 0.997 acc_fake: 0.328 acc_grfake: 0.953 loss_G_conf: 0.274 
validation accuracies:
                gf: 0.97
                real: 0.94
                fake: 0.64

ran validation set (B:4501) in                         33.2 s.
(epoch: 20, batches: 60, time: 0.004, data: 0.001) loss_G_comp: 0.265 loss_G_anti_sc: 0.274 loss_G: 0.822 loss_D_real: 0.013 loss_D_fake: 2.400 loss_D_gr_fake: 0.237 loss_D: 2.650 acc_real: 0.941 acc_fake: 0.639 acc_grfake: 0.967 loss_G_conf: 0.284 
(epoch: 20, batches: 80, time: 0.004, data: 0.001) loss_G_comp: 0.194 loss_G_anti_sc: 0.234 loss_G: 0.701 loss_D_real: 0.066 loss_D_fake: 2.146 loss_D_gr_fake: 0.100 loss_D: 2.313 acc_real: 0.941 acc_fake: 0.639 acc_grfake: 0.967 loss_G_conf: 0.272 
(epoch: 20, batches: 100, time: 0.004, data: 0.332) loss_G_comp: 0.119 loss_G_anti_sc: 0.371 loss_G: 0.753 loss_D_real: 0.047 loss_D_fake: 2.637 loss_D_gr_fake: 0.079 loss_D: 2.763 acc_real: 0.941 acc_fake: 0.639 acc_grfake: 0.967 loss_G_conf: 0.263 
(epoch: 20, batches: 120, time: 0.004, data: 0.107) loss_G_comp: 0.415 loss_G_anti_sc: 0.117 loss_G: 0.790 loss_D_real: 0.035 loss_D_fake: 2.569 loss_D_gr_fake: 0.204 loss_D: 2.808 acc_real: 0.941 acc_fake: 0.639 acc_grfake: 0.967 loss_G_conf: 0.258 
(epoch: 20, batches: 140, time: 0.005, data: 0.019) loss_G_comp: 0.135 loss_G_anti_sc: 0.170 loss_G: 0.563 loss_D_real: 0.047 loss_D_fake: 2.602 loss_D_gr_fake: 0.014 loss_D: 2.662 acc_real: 0.941 acc_fake: 0.639 acc_grfake: 0.967 loss_G_conf: 0.258 
validation accuracies:
                gf: 0.94
                real: 1.00
                fake: 0.04

ran validation set (B:4601) in                         34.1 s.
(epoch: 20, batches: 160, time: 0.004, data: 0.017) loss_G_comp: 0.162 loss_G_anti_sc: 0.408 loss_G: 0.823 loss_D_real: 0.029 loss_D_fake: 2.419 loss_D_gr_fake: 0.242 loss_D: 2.690 acc_real: 0.998 acc_fake: 0.043 acc_grfake: 0.942 loss_G_conf: 0.253 
(epoch: 20, batches: 180, time: 0.004, data: 0.001) loss_G_comp: 0.162 loss_G_anti_sc: 0.408 loss_G: 0.823 loss_D_real: 0.036 loss_D_fake: 2.084 loss_D_gr_fake: 0.031 loss_D: 2.152 acc_real: 0.998 acc_fake: 0.043 acc_grfake: 0.942 loss_G_conf: 0.253 
(epoch: 20, batches: 200, time: 0.003, data: 0.003) loss_G_comp: 0.162 loss_G_anti_sc: 0.408 loss_G: 0.823 loss_D_real: 0.048 loss_D_fake: 2.084 loss_D_gr_fake: 0.148 loss_D: 2.281 acc_real: 0.998 acc_fake: 0.043 acc_grfake: 0.942 loss_G_conf: 0.253 
(epoch: 20, batches: 220, time: 0.003, data: 0.006) loss_G_comp: 0.162 loss_G_anti_sc: 0.408 loss_G: 0.823 loss_D_real: 0.100 loss_D_fake: 1.547 loss_D_gr_fake: 0.011 loss_D: 1.657 acc_real: 0.998 acc_fake: 0.043 acc_grfake: 0.942 loss_G_conf: 0.253 
saving the model at the end of epoch 20, iters 299520
learning rate 0.0000800 -> 0.0000640
End of epoch 20 / 20 	 Time Taken: 152 sec
Finished training, model is saved
