starting training run 48
----------------- Options ---------------
              D_headstart: 0                             	[default: 1000]
              D_threshold: 0.5                           	[default: 0.6]
       accumulation_steps: 1                             	[default: 4]
               batch_size: 64                            
                    beta1: 0.5                           
                    beta2: 0.999                         
          checkpoints_dir: /scratch/checkpoints          	[default: ./checkpoints]
        confidence_weight: 1.0                           	[default: 0.0]
           continue_train: False                         
                crop_size: 64                            
                 dataroot: /scratch/datasets/CLEVR_colorized/images	[default: datasets]
             dataset_mode: double                        
                direction: None                          
              display_env: main                          
             display_freq: 100                           
               display_id: 0                             	[default: 1]
            display_ncols: 4                             
             display_port: 8097                          
           display_server: http://localhost              
          display_winsize: 256                           
                    epoch: latest                        
              epoch_count: 1                             
            flip_vertical: False                         
                 gan_mode: lsgan                         
                  gpu_ids: 0                             
                init_gain: 0.02                          
                init_type: normal                        
                 input_nc: 3                             
                  isTrain: True                          	[default: None]
          keep_last_batch: False                         
               lambda_aux: 0.1                           
                load_iter: 0                             	[default: 0]
                load_size: 70                            
                       lr: 0.0002                        
           lr_decay_iters: 50                            
                lr_policy: step                          
         max_dataset_size: inf                           
                    model: copypasteGAN                  	[default: cycle_gan]
                 n_epochs: 20                            	[default: 1]
           n_epochs_decay: 10                            	[default: 3]
               n_layers_D: 3                             
                     name: CopyGAN                       
                      ndf: 64                            
                     netD: copy                          
                     netG: copy                          
                      ngf: 64                            
        no_border_zeroing: False                         
               no_dropout: False                         
                  no_flip: False                         
               no_grfakes: False                         
                  no_html: False                         
                     norm: instance                      
           nr_obj_classes: 1                             
              num_threads: 4                             
                output_nc: 3                             
                  patch_D: True                          	[default: False]
                    phase: train                         
                pool_size: 50                            
               preprocess: resize_and_crop               
               print_freq: 20                            
              real_target: 1.0                           	[default: 0.8]
             save_by_iter: False                         
          save_epoch_freq: 5                             	[default: 10]
         save_latest_freq: 5000                          
                     seed: 0                             
           serial_batches: False                         
               sigma_blur: 1.0                           
                   suffix:                               
         update_html_freq: 100                           
           val_batch_size: 128                           
                 val_freq: 100                           
                  verbose: True                          	[default: False]
----------------- End -------------------
----------------- Options ---------------
              D_headstart: 0                             	[default: 1000]
              D_threshold: 0.5                           	[default: 0.6]
       accumulation_steps: 1                             	[default: 4]
               batch_size: 64                            
                    beta1: 0.5                           
                    beta2: 0.999                         
          checkpoints_dir: /scratch/checkpoints          	[default: ./checkpoints]
        confidence_weight: 1.0                           	[default: 0.0]
           continue_train: False                         
                crop_size: 64                            
                 dataroot: /scratch/datasets/CLEVR_colorized/images	[default: datasets]
             dataset_mode: double                        
                direction: None                          
              display_env: main                          
             display_freq: 100                           
               display_id: 0                             	[default: 1]
            display_ncols: 4                             
             display_port: 8097                          
           display_server: http://localhost              
          display_winsize: 256                           
                    epoch: latest                        
              epoch_count: 1                             
            flip_vertical: False                         
                 gan_mode: lsgan                         
                  gpu_ids: 0                             
                init_gain: 0.02                          
                init_type: normal                        
                 input_nc: 3                             
                  isTrain: True                          	[default: None]
          keep_last_batch: False                         
               lambda_aux: 0.1                           
                load_iter: 0                             	[default: 0]
                load_size: 70                            
                       lr: 0.0002                        
           lr_decay_iters: 50                            
                lr_policy: step                          
         max_dataset_size: inf                           
                    model: copypasteGAN                  	[default: cycle_gan]
                 n_epochs: 20                            	[default: 1]
           n_epochs_decay: 10                            	[default: 3]
               n_layers_D: 3                             
                     name: CopyGAN                       
                      ndf: 64                            
                     netD: copy                          
                     netG: copy                          
                      ngf: 64                            
        no_border_zeroing: False                         
               no_dropout: False                         
                  no_flip: False                         
               no_grfakes: False                         
                  no_html: False                         
                     norm: instance                      
           nr_obj_classes: 1                             
              num_threads: 4                             
                output_nc: 3                             
                  patch_D: True                          	[default: False]
                    phase: train                         
                pool_size: 50                            
               preprocess: resize_and_crop               
               print_freq: 20                            
              real_target: 1.0                           	[default: 0.8]
             save_by_iter: False                         
          save_epoch_freq: 5                             	[default: 10]
         save_latest_freq: 5000                          
                     seed: 0                             
           serial_batches: False                         
               sigma_blur: 1.0                           
                   suffix:                               
         update_html_freq: 100                           
           val_batch_size: 128                           
                 val_freq: 100                           
                  verbose: True                          	[default: False]
----------------- End -------------------
dataset [DoubleDataset] was created
dataset [DoubleDataset] was created
The number of training images = 15000
The number of epochs to run = 30
Random seed is set to 35
initialize network with normal
initialize network with normal
model [CopyPasteGANModel] was created
---------- Networks initialized -------------
DataParallel(
  (module): CopyGenerator(
    (enc1): EncoderBlock(
      (model): Sequential(
        (0): Conv2d(3, 64, kernel_size=(3, 3), stride=(1, 1), padding=(1, 1), bias=False)
        (1): InstanceNorm2d(64, eps=1e-05, momentum=0.1, affine=False, track_running_stats=False)
        (2): LeakyReLU(negative_slope=0.2, inplace=True)
      )
    )
    (enc2): EncoderBlock(
      (model): Sequential(
        (0): Conv2d(64, 128, kernel_size=(3, 3), stride=(2, 2), padding=(1, 1), bias=False)
        (1): InstanceNorm2d(128, eps=1e-05, momentum=0.1, affine=False, track_running_stats=False)
        (2): LeakyReLU(negative_slope=0.2, inplace=True)
      )
    )
    (enc3): EncoderBlock(
      (model): Sequential(
        (0): Conv2d(128, 256, kernel_size=(3, 3), stride=(2, 2), padding=(1, 1), bias=False)
        (1): InstanceNorm2d(256, eps=1e-05, momentum=0.1, affine=False, track_running_stats=False)
        (2): LeakyReLU(negative_slope=0.2, inplace=True)
      )
    )
    (enc4): EncoderBlock(
      (model): Sequential(
        (0): Conv2d(256, 512, kernel_size=(3, 3), stride=(2, 2), padding=(1, 1), bias=False)
        (1): InstanceNorm2d(512, eps=1e-05, momentum=0.1, affine=False, track_running_stats=False)
        (2): LeakyReLU(negative_slope=0.2, inplace=True)
      )
    )
    (dec4): DecoderBlock(
      (model): Sequential(
        (0): Upsample(scale_factor=2.0, mode=bilinear)
        (1): Conv2d(512, 256, kernel_size=(3, 3), stride=(1, 1), padding=(1, 1))
        (2): InstanceNorm2d(256, eps=1e-05, momentum=0.1, affine=False, track_running_stats=False)
        (3): LeakyReLU(negative_slope=0.2, inplace=True)
      )
    )
    (dec3): DecoderBlock(
      (model): Sequential(
        (0): Upsample(scale_factor=2.0, mode=bilinear)
        (1): Conv2d(512, 128, kernel_size=(3, 3), stride=(1, 1), padding=(1, 1))
        (2): InstanceNorm2d(128, eps=1e-05, momentum=0.1, affine=False, track_running_stats=False)
        (3): LeakyReLU(negative_slope=0.2, inplace=True)
      )
    )
    (dec2): DecoderBlock(
      (model): Sequential(
        (0): Upsample(scale_factor=2.0, mode=bilinear)
        (1): Conv2d(256, 64, kernel_size=(3, 3), stride=(1, 1), padding=(1, 1))
        (2): InstanceNorm2d(64, eps=1e-05, momentum=0.1, affine=False, track_running_stats=False)
        (3): LeakyReLU(negative_slope=0.2, inplace=True)
      )
    )
    (dec1): DecoderBlock(
      (model): Sequential(
        (0): Conv2d(128, 1, kernel_size=(3, 3), stride=(1, 1), padding=(1, 1))
      )
    )
    (sigmoid): Sigmoid()
  )
)
[Network G] Total number of parameters : 3.469 M
DataParallel(
  (module): CopyDiscriminator(
    (blur_filter): GaussianSmoothing()
    (enc1): EncoderBlock(
      (model): Sequential(
        (0): Conv2d(3, 64, kernel_size=(3, 3), stride=(1, 1), padding=(1, 1), bias=False)
        (1): InstanceNorm2d(64, eps=1e-05, momentum=0.1, affine=False, track_running_stats=False)
        (2): LeakyReLU(negative_slope=0.2, inplace=True)
      )
    )
    (enc2): EncoderBlock(
      (model): Sequential(
        (0): Conv2d(64, 128, kernel_size=(3, 3), stride=(2, 2), padding=(1, 1), bias=False)
        (1): InstanceNorm2d(128, eps=1e-05, momentum=0.1, affine=False, track_running_stats=False)
        (2): LeakyReLU(negative_slope=0.2, inplace=True)
      )
    )
    (enc3): EncoderBlock(
      (model): Sequential(
        (0): Conv2d(128, 256, kernel_size=(3, 3), stride=(2, 2), padding=(1, 1), bias=False)
        (1): InstanceNorm2d(256, eps=1e-05, momentum=0.1, affine=False, track_running_stats=False)
        (2): LeakyReLU(negative_slope=0.2, inplace=True)
      )
    )
    (enc4): EncoderBlock(
      (model): Sequential(
        (0): Conv2d(256, 512, kernel_size=(3, 3), stride=(2, 2), padding=(1, 1), bias=False)
        (1): InstanceNorm2d(512, eps=1e-05, momentum=0.1, affine=False, track_running_stats=False)
        (2): LeakyReLU(negative_slope=0.2, inplace=True)
      )
    )
    (dec4): DecoderBlock(
      (model): Sequential(
        (0): Upsample(scale_factor=2.0, mode=bilinear)
        (1): Conv2d(512, 256, kernel_size=(3, 3), stride=(1, 1), padding=(1, 1))
        (2): InstanceNorm2d(256, eps=1e-05, momentum=0.1, affine=False, track_running_stats=False)
        (3): LeakyReLU(negative_slope=0.2, inplace=True)
      )
    )
    (dec3): DecoderBlock(
      (model): Sequential(
        (0): Upsample(scale_factor=2.0, mode=bilinear)
        (1): Conv2d(512, 128, kernel_size=(3, 3), stride=(1, 1), padding=(1, 1))
        (2): InstanceNorm2d(128, eps=1e-05, momentum=0.1, affine=False, track_running_stats=False)
        (3): LeakyReLU(negative_slope=0.2, inplace=True)
      )
    )
    (dec2): DecoderBlock(
      (model): Sequential(
        (0): Upsample(scale_factor=2.0, mode=bilinear)
        (1): Conv2d(256, 64, kernel_size=(3, 3), stride=(1, 1), padding=(1, 1))
        (2): InstanceNorm2d(64, eps=1e-05, momentum=0.1, affine=False, track_running_stats=False)
        (3): LeakyReLU(negative_slope=0.2, inplace=True)
      )
    )
    (dec1): DecoderBlock(
      (model): Sequential(
        (0): Conv2d(128, 1, kernel_size=(3, 3), stride=(1, 1), padding=(1, 1))
      )
    )
    (sigmoid): Sigmoid()
    (patch_conv): Sequential(
      (0): EncoderBlock(
        (model): Sequential(
          (0): Conv2d(512, 128, kernel_size=(3, 3), stride=(2, 2), padding=(1, 1), bias=False)
          (1): InstanceNorm2d(128, eps=1e-05, momentum=0.1, affine=False, track_running_stats=False)
          (2): LeakyReLU(negative_slope=0.2, inplace=True)
        )
      )
      (1): Conv2d(128, 1, kernel_size=(3, 3), stride=(1, 1), padding=(1, 1))
    )
    (patch_fc): Sequential(
      (0): Flatten(start_dim=1, end_dim=-1)
      (1): Linear(in_features=16, out_features=1, bias=True)
      (2): Sigmoid()
    )
  )
)
[Network D] Total number of parameters : 4.060 M
-----------------------------------------------
create web directory /scratch/checkpoints/CopyGAN/web...
validation accuracies:
                gf: 0.36
                real: 0.67
                fake: 0.35

ran validation set (B:1) in                         46.6 s.
(epoch: 1, batches: 20, time: 0.007, data: 0.005) loss_G_comp: 0.000 loss_G_anti_sc: 0.000 loss_G: 0.000 loss_D_real: 0.388 loss_D_fake: 1.089 loss_D: 2.388 acc_real: 0.668 acc_fake: 0.349 loss_G_conf: 0.000 loss_AUX: 0.231 loss_D_gr_fake: 0.680 acc_grfake: 0.361 
(epoch: 1, batches: 40, time: 0.008, data: 0.003) loss_G_comp: 0.000 loss_G_anti_sc: 0.000 loss_G: 0.000 loss_D_real: 0.362 loss_D_fake: 0.726 loss_D: 1.770 acc_real: 0.668 acc_fake: 0.349 loss_G_conf: 0.000 loss_AUX: 0.259 loss_D_gr_fake: 0.422 acc_grfake: 0.361 
(epoch: 1, batches: 60, time: 0.008, data: 0.003) loss_G_comp: 0.000 loss_G_anti_sc: 0.000 loss_G: 0.000 loss_D_real: 0.348 loss_D_fake: 0.595 loss_D: 1.473 acc_real: 0.668 acc_fake: 0.349 loss_G_conf: 0.000 loss_AUX: 0.284 loss_D_gr_fake: 0.247 acc_grfake: 0.361 
(epoch: 1, batches: 80, time: 0.008, data: 0.005) loss_G_comp: 0.000 loss_G_anti_sc: 0.000 loss_G: 0.000 loss_D_real: 0.350 loss_D_fake: 0.442 loss_D: 1.376 acc_real: 0.668 acc_fake: 0.349 loss_G_conf: 0.000 loss_AUX: 0.307 loss_D_gr_fake: 0.277 acc_grfake: 0.361 
(epoch: 1, batches: 100, time: 0.009, data: 0.003) loss_G_comp: 0.000 loss_G_anti_sc: 0.000 loss_G: 0.000 loss_D_real: 0.154 loss_D_fake: 0.694 loss_D: 1.497 acc_real: 0.668 acc_fake: 0.349 loss_G_conf: 0.000 loss_AUX: 0.321 loss_D_gr_fake: 0.329 acc_grfake: 0.361 
validation accuracies:
                gf: 0.08
                real: 0.14
                fake: 0.11

ran validation set (B:101) in                         45.7 s.
(epoch: 1, batches: 120, time: 0.007, data: 0.004) loss_G_comp: 0.000 loss_G_anti_sc: 0.000 loss_G: 0.000 loss_D_real: 0.102 loss_D_fake: 1.534 loss_D: 2.723 acc_real: 0.145 acc_fake: 0.107 loss_G_conf: 0.000 loss_AUX: 0.340 loss_D_gr_fake: 0.747 acc_grfake: 0.083 
(epoch: 1, batches: 140, time: 0.008, data: 0.004) loss_G_comp: 0.000 loss_G_anti_sc: 0.000 loss_G: 0.000 loss_D_real: 0.110 loss_D_fake: 0.848 loss_D: 1.708 acc_real: 0.145 acc_fake: 0.107 loss_G_conf: 0.000 loss_AUX: 0.353 loss_D_gr_fake: 0.396 acc_grfake: 0.083 
(epoch: 1, batches: 160, time: 0.008, data: 0.004) loss_G_comp: 0.000 loss_G_anti_sc: 0.000 loss_G: 0.000 loss_D_real: 0.103 loss_D_fake: 0.646 loss_D: 1.382 acc_real: 0.145 acc_fake: 0.107 loss_G_conf: 0.000 loss_AUX: 0.361 loss_D_gr_fake: 0.272 acc_grfake: 0.083 
(epoch: 1, batches: 180, time: 0.008, data: 0.003) loss_G_comp: 0.000 loss_G_anti_sc: 0.000 loss_G: 0.000 loss_D_real: 0.208 loss_D_fake: 0.204 loss_D: 0.950 acc_real: 0.145 acc_fake: 0.107 loss_G_conf: 0.000 loss_AUX: 0.374 loss_D_gr_fake: 0.164 acc_grfake: 0.083 
(epoch: 1, batches: 200, time: 0.009, data: 0.004) loss_G_comp: 0.000 loss_G_anti_sc: 0.000 loss_G: 0.000 loss_D_real: 0.107 loss_D_fake: 0.677 loss_D: 1.519 acc_real: 0.145 acc_fake: 0.107 loss_G_conf: 0.000 loss_AUX: 0.384 loss_D_gr_fake: 0.351 acc_grfake: 0.083 
validation accuracies:
                gf: 0.11
                real: 0.01
                fake: 0.27

ran validation set (B:201) in                         45.7 s.
(epoch: 1, batches: 220, time: 0.008, data: 0.005) loss_G_comp: 0.000 loss_G_anti_sc: 0.000 loss_G: 0.000 loss_D_real: 0.123 loss_D_fake: 0.400 loss_D: 1.196 acc_real: 0.008 acc_fake: 0.274 loss_G_conf: 0.000 loss_AUX: 0.388 loss_D_gr_fake: 0.285 acc_grfake: 0.113 
learning rate 0.0002000 -> 0.0002000
End of epoch 1 / 30 	 Time Taken: 258 sec
Gaussian filter weight at end of epoch 1: tensor([[[[0.0751, 0.1238, 0.0751],
          [0.1238, 0.2042, 0.1238],
          [0.0751, 0.1238, 0.0751]]],


        [[[0.0751, 0.1238, 0.0751],
          [0.1238, 0.2042, 0.1238],
          [0.0751, 0.1238, 0.0751]]],


        [[[0.0751, 0.1238, 0.0751],
          [0.1238, 0.2042, 0.1238],
          [0.0751, 0.1238, 0.0751]]]], device='cuda:0')
/home/tlotze/.local/lib/python3.8/site-packages/torch/optim/lr_scheduler.py:131: UserWarning: Detected call of `lr_scheduler.step()` before `optimizer.step()`. In PyTorch 1.1.0 and later, you should call them in the opposite order: `optimizer.step()` before `lr_scheduler.step()`.  Failure to do this will result in PyTorch skipping the first value of the learning rate schedule. See more details at https://pytorch.org/docs/stable/optim.html#how-to-adjust-learning-rate
  warnings.warn("Detected call of `lr_scheduler.step()` before `optimizer.step()`. "
(epoch: 2, batches: 20, time: 0.008, data: 0.009) loss_G_comp: 0.000 loss_G_anti_sc: 0.000 loss_G: 0.000 loss_D_real: 0.111 loss_D_fake: 0.641 loss_D: 1.433 acc_real: 0.008 acc_fake: 0.274 loss_G_conf: 0.000 loss_AUX: 0.401 loss_D_gr_fake: 0.281 acc_grfake: 0.113 
(epoch: 2, batches: 40, time: 0.008, data: 0.005) loss_G_comp: 0.000 loss_G_anti_sc: 0.000 loss_G: 0.000 loss_D_real: 0.072 loss_D_fake: 0.688 loss_D: 1.397 acc_real: 0.008 acc_fake: 0.274 loss_G_conf: 0.000 loss_AUX: 0.404 loss_D_gr_fake: 0.234 acc_grfake: 0.113 
(epoch: 2, batches: 60, time: 0.008, data: 0.005) loss_G_comp: 0.000 loss_G_anti_sc: 0.000 loss_G: 0.000 loss_D_real: 0.084 loss_D_fake: 0.458 loss_D: 1.163 acc_real: 0.008 acc_fake: 0.274 loss_G_conf: 0.000 loss_AUX: 0.409 loss_D_gr_fake: 0.211 acc_grfake: 0.113 
validation accuracies:
                gf: 0.10
                real: 0.02
                fake: 0.21

ran validation set (B:301) in                         46.3 s.
(epoch: 2, batches: 80, time: 0.008, data: 0.005) loss_G_comp: 0.000 loss_G_anti_sc: 0.000 loss_G: 0.000 loss_D_real: 0.110 loss_D_fake: 0.328 loss_D: 1.048 acc_real: 0.018 acc_fake: 0.212 loss_G_conf: 0.000 loss_AUX: 0.410 loss_D_gr_fake: 0.201 acc_grfake: 0.101 
(epoch: 2, batches: 100, time: 0.008, data: 0.005) loss_G_comp: 0.000 loss_G_anti_sc: 0.000 loss_G: 0.000 loss_D_real: 0.132 loss_D_fake: 0.261 loss_D: 1.093 acc_real: 0.018 acc_fake: 0.212 loss_G_conf: 0.000 loss_AUX: 0.415 loss_D_gr_fake: 0.284 acc_grfake: 0.101 
(epoch: 2, batches: 120, time: 0.008, data: 0.005) loss_G_comp: 0.000 loss_G_anti_sc: 0.000 loss_G: 0.000 loss_D_real: 0.085 loss_D_fake: 0.271 loss_D: 0.899 acc_real: 0.018 acc_fake: 0.212 loss_G_conf: 0.000 loss_AUX: 0.422 loss_D_gr_fake: 0.121 acc_grfake: 0.101 
(epoch: 2, batches: 140, time: 0.008, data: 0.005) loss_G_comp: 0.000 loss_G_anti_sc: 0.000 loss_G: 0.000 loss_D_real: 0.078 loss_D_fake: 0.198 loss_D: 0.892 acc_real: 0.018 acc_fake: 0.212 loss_G_conf: 0.000 loss_AUX: 0.424 loss_D_gr_fake: 0.192 acc_grfake: 0.101 
(epoch: 2, batches: 160, time: 0.008, data: 0.005) loss_G_comp: 0.000 loss_G_anti_sc: 0.000 loss_G: 0.000 loss_D_real: 0.121 loss_D_fake: 0.316 loss_D: 1.191 acc_real: 0.018 acc_fake: 0.212 loss_G_conf: 0.000 loss_AUX: 0.432 loss_D_gr_fake: 0.321 acc_grfake: 0.101 
validation accuracies:
                gf: 0.07
                real: 0.01
                fake: 0.08

ran validation set (B:401) in                         45.8 s.
(epoch: 2, batches: 180, time: 0.008, data: 0.005) loss_G_comp: 0.000 loss_G_anti_sc: 0.000 loss_G: 0.000 loss_D_real: 0.071 loss_D_fake: 0.260 loss_D: 0.973 acc_real: 0.012 acc_fake: 0.077 loss_G_conf: 0.000 loss_AUX: 0.430 loss_D_gr_fake: 0.212 acc_grfake: 0.069 
(epoch: 2, batches: 200, time: 0.008, data: 0.005) loss_G_comp: 0.000 loss_G_anti_sc: 0.000 loss_G: 0.000 loss_D_real: 0.137 loss_D_fake: 0.348 loss_D: 1.151 acc_real: 0.012 acc_fake: 0.077 loss_G_conf: 0.000 loss_AUX: 0.436 loss_D_gr_fake: 0.230 acc_grfake: 0.069 
(epoch: 2, batches: 220, time: 0.008, data: 0.004) loss_G_comp: 0.000 loss_G_anti_sc: 0.000 loss_G: 0.000 loss_D_real: 0.178 loss_D_fake: 0.284 loss_D: 1.121 acc_real: 0.012 acc_fake: 0.077 loss_G_conf: 0.000 loss_AUX: 0.454 loss_D_gr_fake: 0.206 acc_grfake: 0.069 
learning rate 0.0002000 -> 0.0002000
End of epoch 2 / 30 	 Time Taken: 211 sec
Gaussian filter weight at end of epoch 2: tensor([[[[0.0751, 0.1238, 0.0751],
          [0.1238, 0.2042, 0.1238],
          [0.0751, 0.1238, 0.0751]]],


        [[[0.0751, 0.1238, 0.0751],
          [0.1238, 0.2042, 0.1238],
          [0.0751, 0.1238, 0.0751]]],


        [[[0.0751, 0.1238, 0.0751],
          [0.1238, 0.2042, 0.1238],
          [0.0751, 0.1238, 0.0751]]]], device='cuda:0')
(epoch: 3, batches: 20, time: 0.008, data: 0.005) loss_G_comp: 0.000 loss_G_anti_sc: 0.000 loss_G: 0.000 loss_D_real: 0.149 loss_D_fake: 0.126 loss_D: 0.787 acc_real: 0.012 acc_fake: 0.077 loss_G_conf: 0.000 loss_AUX: 0.441 loss_D_gr_fake: 0.070 acc_grfake: 0.069 
validation accuracies:
                gf: 0.11
                real: 0.00
                fake: 0.21

ran validation set (B:501) in                         45.8 s.
(epoch: 3, batches: 40, time: 0.008, data: 0.006) loss_G_comp: 0.000 loss_G_anti_sc: 0.000 loss_G: 0.000 loss_D_real: 0.056 loss_D_fake: 0.282 loss_D: 0.876 acc_real: 0.000 acc_fake: 0.213 loss_G_conf: 0.000 loss_AUX: 0.439 loss_D_gr_fake: 0.099 acc_grfake: 0.110 
(epoch: 3, batches: 60, time: 0.008, data: 0.004) loss_G_comp: 0.000 loss_G_anti_sc: 0.000 loss_G: 0.000 loss_D_real: 0.078 loss_D_fake: 0.216 loss_D: 0.849 acc_real: 0.000 acc_fake: 0.213 loss_G_conf: 0.000 loss_AUX: 0.443 loss_D_gr_fake: 0.112 acc_grfake: 0.110 
(epoch: 3, batches: 80, time: 0.008, data: 0.003) loss_G_comp: 0.000 loss_G_anti_sc: 0.000 loss_G: 0.000 loss_D_real: 0.056 loss_D_fake: 0.375 loss_D: 1.241 acc_real: 0.000 acc_fake: 0.213 loss_G_conf: 0.000 loss_AUX: 0.451 loss_D_gr_fake: 0.359 acc_grfake: 0.110 
(epoch: 3, batches: 100, time: 0.008, data: 0.004) loss_G_comp: 0.000 loss_G_anti_sc: 0.000 loss_G: 0.000 loss_D_real: 0.112 loss_D_fake: 0.330 loss_D: 1.024 acc_real: 0.000 acc_fake: 0.213 loss_G_conf: 0.000 loss_AUX: 0.439 loss_D_gr_fake: 0.143 acc_grfake: 0.110 
(epoch: 3, batches: 120, time: 0.008, data: 0.005) loss_G_comp: 0.000 loss_G_anti_sc: 0.000 loss_G: 0.000 loss_D_real: 0.228 loss_D_fake: 0.128 loss_D: 0.951 acc_real: 0.000 acc_fake: 0.213 loss_G_conf: 0.000 loss_AUX: 0.443 loss_D_gr_fake: 0.151 acc_grfake: 0.110 
validation accuracies:
                gf: 0.07
                real: 0.01
                fake: 0.07

ran validation set (B:601) in                         45.7 s.
(epoch: 3, batches: 140, time: 0.008, data: 0.005) loss_G_comp: 0.000 loss_G_anti_sc: 0.000 loss_G: 0.000 loss_D_real: 0.062 loss_D_fake: 0.159 loss_D: 0.874 acc_real: 0.007 acc_fake: 0.072 loss_G_conf: 0.000 loss_AUX: 0.454 loss_D_gr_fake: 0.199 acc_grfake: 0.074 
(epoch: 3, batches: 160, time: 0.008, data: 0.005) loss_G_comp: 0.000 loss_G_anti_sc: 0.000 loss_G: 0.000 loss_D_real: 0.054 loss_D_fake: 0.526 loss_D: 1.337 acc_real: 0.007 acc_fake: 0.072 loss_G_conf: 0.000 loss_AUX: 0.458 loss_D_gr_fake: 0.298 acc_grfake: 0.074 
(epoch: 3, batches: 180, time: 0.008, data: 0.005) loss_G_comp: 0.000 loss_G_anti_sc: 0.000 loss_G: 0.000 loss_D_real: 0.052 loss_D_fake: 0.203 loss_D: 0.894 acc_real: 0.007 acc_fake: 0.072 loss_G_conf: 0.000 loss_AUX: 0.454 loss_D_gr_fake: 0.185 acc_grfake: 0.074 
(epoch: 3, batches: 200, time: 0.008, data: 0.005) loss_G_comp: 0.000 loss_G_anti_sc: 0.000 loss_G: 0.000 loss_D_real: 0.069 loss_D_fake: 0.295 loss_D: 1.066 acc_real: 0.007 acc_fake: 0.072 loss_G_conf: 0.000 loss_AUX: 0.452 loss_D_gr_fake: 0.250 acc_grfake: 0.074 
(epoch: 3, batches: 220, time: 0.008, data: 0.003) loss_G_comp: 0.000 loss_G_anti_sc: 0.000 loss_G: 0.000 loss_D_real: 0.068 loss_D_fake: 0.443 loss_D: 1.337 acc_real: 0.007 acc_fake: 0.072 loss_G_conf: 0.000 loss_AUX: 0.453 loss_D_gr_fake: 0.373 acc_grfake: 0.074 
validation accuracies:
                gf: 0.07
                real: 0.01
                fake: 0.06

ran validation set (B:701) in                         45.7 s.
learning rate 0.0002000 -> 0.0002000
End of epoch 3 / 30 	 Time Taken: 257 sec
Gaussian filter weight at end of epoch 3: tensor([[[[0.0751, 0.1238, 0.0751],
          [0.1238, 0.2042, 0.1238],
          [0.0751, 0.1238, 0.0751]]],


        [[[0.0751, 0.1238, 0.0751],
          [0.1238, 0.2042, 0.1238],
          [0.0751, 0.1238, 0.0751]]],


        [[[0.0751, 0.1238, 0.0751],
          [0.1238, 0.2042, 0.1238],
          [0.0751, 0.1238, 0.0751]]]], device='cuda:0')
(epoch: 4, batches: 20, time: 0.008, data: 0.005) loss_G_comp: 0.000 loss_G_anti_sc: 0.000 loss_G: 0.000 loss_D_real: 0.064 loss_D_fake: 0.188 loss_D: 0.842 acc_real: 0.006 acc_fake: 0.065 loss_G_conf: 0.000 loss_AUX: 0.460 loss_D_gr_fake: 0.130 acc_grfake: 0.066 
(epoch: 4, batches: 40, time: 0.008, data: 0.005) loss_G_comp: 0.000 loss_G_anti_sc: 0.000 loss_G: 0.000 loss_D_real: 0.062 loss_D_fake: 0.196 loss_D: 0.936 acc_real: 0.006 acc_fake: 0.065 loss_G_conf: 0.000 loss_AUX: 0.463 loss_D_gr_fake: 0.214 acc_grfake: 0.066 
(epoch: 4, batches: 60, time: 0.008, data: 0.005) loss_G_comp: 0.000 loss_G_anti_sc: 0.000 loss_G: 0.000 loss_D_real: 0.240 loss_D_fake: 0.056 loss_D: 0.847 acc_real: 0.006 acc_fake: 0.065 loss_G_conf: 0.000 loss_AUX: 0.464 loss_D_gr_fake: 0.087 acc_grfake: 0.066 
(epoch: 4, batches: 80, time: 0.008, data: 0.003) loss_G_comp: 0.000 loss_G_anti_sc: 0.000 loss_G: 0.000 loss_D_real: 0.053 loss_D_fake: 0.261 loss_D: 1.153 acc_real: 0.006 acc_fake: 0.065 loss_G_conf: 0.000 loss_AUX: 0.468 loss_D_gr_fake: 0.371 acc_grfake: 0.066 
validation accuracies:
                gf: 0.07
                real: 0.01
                fake: 0.06

ran validation set (B:801) in                         46.0 s.
(epoch: 4, batches: 100, time: 0.008, data: 0.003) loss_G_comp: 0.000 loss_G_anti_sc: 0.000 loss_G: 0.000 loss_D_real: 0.057 loss_D_fake: 0.190 loss_D: 0.940 acc_real: 0.005 acc_fake: 0.058 loss_G_conf: 0.000 loss_AUX: 0.465 loss_D_gr_fake: 0.229 acc_grfake: 0.070 
(epoch: 4, batches: 120, time: 0.008, data: 0.006) loss_G_comp: 0.000 loss_G_anti_sc: 0.000 loss_G: 0.000 loss_D_real: 0.049 loss_D_fake: 0.097 loss_D: 0.772 acc_real: 0.005 acc_fake: 0.058 loss_G_conf: 0.000 loss_AUX: 0.469 loss_D_gr_fake: 0.157 acc_grfake: 0.070 
(epoch: 4, batches: 140, time: 0.008, data: 0.003) loss_G_comp: 0.000 loss_G_anti_sc: 0.000 loss_G: 0.000 loss_D_real: 0.093 loss_D_fake: 0.101 loss_D: 0.802 acc_real: 0.005 acc_fake: 0.058 loss_G_conf: 0.000 loss_AUX: 0.467 loss_D_gr_fake: 0.140 acc_grfake: 0.070 
(epoch: 4, batches: 160, time: 0.008, data: 0.004) loss_G_comp: 0.000 loss_G_anti_sc: 0.000 loss_G: 0.000 loss_D_real: 0.043 loss_D_fake: 0.351 loss_D: 1.076 acc_real: 0.005 acc_fake: 0.058 loss_G_conf: 0.000 loss_AUX: 0.470 loss_D_gr_fake: 0.212 acc_grfake: 0.070 
(epoch: 4, batches: 180, time: 0.008, data: 0.004) loss_G_comp: 0.000 loss_G_anti_sc: 0.000 loss_G: 0.000 loss_D_real: 0.051 loss_D_fake: 0.318 loss_D: 1.101 acc_real: 0.005 acc_fake: 0.058 loss_G_conf: 0.000 loss_AUX: 0.467 loss_D_gr_fake: 0.265 acc_grfake: 0.070 
validation accuracies:
                gf: 0.07
                real: 0.00
                fake: 0.13

ran validation set (B:901) in                         45.8 s.
(epoch: 4, batches: 200, time: 0.008, data: 0.003) loss_G_comp: 0.000 loss_G_anti_sc: 0.000 loss_G: 0.000 loss_D_real: 0.035 loss_D_fake: 0.452 loss_D: 1.413 acc_real: 0.002 acc_fake: 0.126 loss_G_conf: 0.000 loss_AUX: 0.481 loss_D_gr_fake: 0.445 acc_grfake: 0.074 
(epoch: 4, batches: 220, time: 0.009, data: 0.006) loss_G_comp: 0.000 loss_G_anti_sc: 0.000 loss_G: 0.000 loss_D_real: 0.041 loss_D_fake: 0.305 loss_D: 1.053 acc_real: 0.002 acc_fake: 0.126 loss_G_conf: 0.000 loss_AUX: 0.474 loss_D_gr_fake: 0.233 acc_grfake: 0.074 
learning rate 0.0002000 -> 0.0002000
End of epoch 4 / 30 	 Time Taken: 212 sec
Gaussian filter weight at end of epoch 4: tensor([[[[0.0751, 0.1238, 0.0751],
          [0.1238, 0.2042, 0.1238],
          [0.0751, 0.1238, 0.0751]]],


        [[[0.0751, 0.1238, 0.0751],
          [0.1238, 0.2042, 0.1238],
          [0.0751, 0.1238, 0.0751]]],


        [[[0.0751, 0.1238, 0.0751],
          [0.1238, 0.2042, 0.1238],
          [0.0751, 0.1238, 0.0751]]]], device='cuda:0')
(epoch: 5, batches: 20, time: 0.008, data: 0.003) loss_G_comp: 0.000 loss_G_anti_sc: 0.000 loss_G: 0.000 loss_D_real: 0.095 loss_D_fake: 0.095 loss_D: 0.768 acc_real: 0.002 acc_fake: 0.126 loss_G_conf: 0.000 loss_AUX: 0.475 loss_D_gr_fake: 0.102 acc_grfake: 0.074 
(epoch: 5, batches: 40, time: 0.008, data: 0.003) loss_G_comp: 0.000 loss_G_anti_sc: 0.000 loss_G: 0.000 loss_D_real: 0.058 loss_D_fake: 0.237 loss_D: 0.927 acc_real: 0.002 acc_fake: 0.126 loss_G_conf: 0.000 loss_AUX: 0.482 loss_D_gr_fake: 0.151 acc_grfake: 0.074 
(epoch: 5, batches: 60, time: 0.008, data: 0.003) loss_G_comp: 0.000 loss_G_anti_sc: 0.000 loss_G: 0.000 loss_D_real: 0.215 loss_D_fake: 0.038 loss_D: 0.751 acc_real: 0.002 acc_fake: 0.126 loss_G_conf: 0.000 loss_AUX: 0.475 loss_D_gr_fake: 0.023 acc_grfake: 0.074 
validation accuracies:
                gf: 0.05
                real: 0.03
                fake: 0.04

ran validation set (B:1001) in                         45.7 s.
(epoch: 5, batches: 80, time: 0.007, data: 0.005) loss_G_comp: 0.000 loss_G_anti_sc: 0.000 loss_G: 0.000 loss_D_real: 0.062 loss_D_fake: 0.099 loss_D: 0.831 acc_real: 0.029 acc_fake: 0.036 loss_G_conf: 0.000 loss_AUX: 0.475 loss_D_gr_fake: 0.194 acc_grfake: 0.047 
(epoch: 5, batches: 100, time: 0.008, data: 0.004) loss_G_comp: 0.000 loss_G_anti_sc: 0.000 loss_G: 0.000 loss_D_real: 0.071 loss_D_fake: 0.071 loss_D: 0.699 acc_real: 0.029 acc_fake: 0.036 loss_G_conf: 0.000 loss_AUX: 0.471 loss_D_gr_fake: 0.085 acc_grfake: 0.047 
(epoch: 5, batches: 120, time: 0.008, data: 0.003) loss_G_comp: 0.000 loss_G_anti_sc: 0.000 loss_G: 0.000 loss_D_real: 0.041 loss_D_fake: 0.133 loss_D: 0.737 acc_real: 0.029 acc_fake: 0.036 loss_G_conf: 0.000 loss_AUX: 0.466 loss_D_gr_fake: 0.096 acc_grfake: 0.047 
(epoch: 5, batches: 140, time: 0.008, data: 0.004) loss_G_comp: 0.000 loss_G_anti_sc: 0.000 loss_G: 0.000 loss_D_real: 0.051 loss_D_fake: 0.177 loss_D: 0.851 acc_real: 0.029 acc_fake: 0.036 loss_G_conf: 0.000 loss_AUX: 0.475 loss_D_gr_fake: 0.148 acc_grfake: 0.047 
(epoch: 5, batches: 160, time: 0.007, data: 0.003) loss_G_comp: 0.000 loss_G_anti_sc: 0.000 loss_G: 0.000 loss_D_real: 0.072 loss_D_fake: 0.104 loss_D: 0.813 acc_real: 0.029 acc_fake: 0.036 loss_G_conf: 0.000 loss_AUX: 0.476 loss_D_gr_fake: 0.161 acc_grfake: 0.047 
validation accuracies:
                gf: 0.05
                real: 0.01
                fake: 0.03

ran validation set (B:1101) in                         45.7 s.
(epoch: 5, batches: 180, time: 0.008, data: 0.005) loss_G_comp: 0.000 loss_G_anti_sc: 0.000 loss_G: 0.000 loss_D_real: 0.059 loss_D_fake: 0.157 loss_D: 0.845 acc_real: 0.014 acc_fake: 0.034 loss_G_conf: 0.000 loss_AUX: 0.479 loss_D_gr_fake: 0.150 acc_grfake: 0.052 
(epoch: 5, batches: 200, time: 0.008, data: 0.005) loss_G_comp: 0.000 loss_G_anti_sc: 0.000 loss_G: 0.000 loss_D_real: 0.039 loss_D_fake: 0.420 loss_D: 1.336 acc_real: 0.014 acc_fake: 0.034 loss_G_conf: 0.000 loss_AUX: 0.488 loss_D_gr_fake: 0.390 acc_grfake: 0.052 
(epoch: 5, batches: 220, time: 0.007, data: 0.005) loss_G_comp: 0.000 loss_G_anti_sc: 0.000 loss_G: 0.000 loss_D_real: 0.053 loss_D_fake: 0.059 loss_D: 0.736 acc_real: 0.014 acc_fake: 0.034 loss_G_conf: 0.000 loss_AUX: 0.495 loss_D_gr_fake: 0.129 acc_grfake: 0.052 
saving the model at the end of epoch 5, iters 74880
learning rate 0.0002000 -> 0.0002000
End of epoch 5 / 30 	 Time Taken: 212 sec
Gaussian filter weight at end of epoch 5: tensor([[[[0.0751, 0.1238, 0.0751],
          [0.1238, 0.2042, 0.1238],
          [0.0751, 0.1238, 0.0751]]],


        [[[0.0751, 0.1238, 0.0751],
          [0.1238, 0.2042, 0.1238],
          [0.0751, 0.1238, 0.0751]]],


        [[[0.0751, 0.1238, 0.0751],
          [0.1238, 0.2042, 0.1238],
          [0.0751, 0.1238, 0.0751]]]], device='cuda:0')
(epoch: 6, batches: 20, time: 0.008, data: 0.004) loss_G_comp: 0.000 loss_G_anti_sc: 0.000 loss_G: 0.000 loss_D_real: 0.050 loss_D_fake: 0.021 loss_D: 0.588 acc_real: 0.014 acc_fake: 0.034 loss_G_conf: 0.000 loss_AUX: 0.472 loss_D_gr_fake: 0.044 acc_grfake: 0.052 
validation accuracies:
                gf: 0.07
                real: 0.02
                fake: 0.06

ran validation set (B:1201) in                         45.9 s.
(epoch: 6, batches: 40, time: 0.008, data: 0.005) loss_G_comp: 0.000 loss_G_anti_sc: 0.000 loss_G: 0.000 loss_D_real: 1.350 loss_D_fake: 0.061 loss_D: 1.984 acc_real: 0.019 acc_fake: 0.058 loss_G_conf: 0.000 loss_AUX: 0.483 loss_D_gr_fake: 0.090 acc_grfake: 0.066 
(epoch: 6, batches: 60, time: 0.009, data: 0.004) loss_G_comp: 0.000 loss_G_anti_sc: 0.000 loss_G: 0.000 loss_D_real: 0.084 loss_D_fake: 0.325 loss_D: 1.121 acc_real: 0.019 acc_fake: 0.058 loss_G_conf: 0.000 loss_AUX: 0.467 loss_D_gr_fake: 0.245 acc_grfake: 0.066 
(epoch: 6, batches: 80, time: 0.008, data: 0.004) loss_G_comp: 0.000 loss_G_anti_sc: 0.000 loss_G: 0.000 loss_D_real: 0.057 loss_D_fake: 0.361 loss_D: 1.270 acc_real: 0.019 acc_fake: 0.058 loss_G_conf: 0.000 loss_AUX: 0.464 loss_D_gr_fake: 0.388 acc_grfake: 0.066 
(epoch: 6, batches: 100, time: 0.008, data: 0.004) loss_G_comp: 0.000 loss_G_anti_sc: 0.000 loss_G: 0.000 loss_D_real: 0.408 loss_D_fake: 0.033 loss_D: 0.973 acc_real: 0.019 acc_fake: 0.058 loss_G_conf: 0.000 loss_AUX: 0.465 loss_D_gr_fake: 0.066 acc_grfake: 0.066 
(epoch: 6, batches: 120, time: 0.008, data: 0.005) loss_G_comp: 0.000 loss_G_anti_sc: 0.000 loss_G: 0.000 loss_D_real: 0.088 loss_D_fake: 0.128 loss_D: 0.721 acc_real: 0.019 acc_fake: 0.058 loss_G_conf: 0.000 loss_AUX: 0.463 loss_D_gr_fake: 0.041 acc_grfake: 0.066 
validation accuracies:
                gf: 0.07
                real: 0.00
                fake: 0.09

ran validation set (B:1301) in                         45.8 s.
(epoch: 6, batches: 140, time: 0.008, data: 0.003) loss_G_comp: 0.000 loss_G_anti_sc: 0.000 loss_G: 0.000 loss_D_real: 0.152 loss_D_fake: 0.134 loss_D: 0.902 acc_real: 0.003 acc_fake: 0.091 loss_G_conf: 0.000 loss_AUX: 0.469 loss_D_gr_fake: 0.146 acc_grfake: 0.070 
(epoch: 6, batches: 160, time: 0.008, data: 0.005) loss_G_comp: 0.000 loss_G_anti_sc: 0.000 loss_G: 0.000 loss_D_real: 0.043 loss_D_fake: 0.227 loss_D: 1.021 acc_real: 0.003 acc_fake: 0.091 loss_G_conf: 0.000 loss_AUX: 0.475 loss_D_gr_fake: 0.276 acc_grfake: 0.070 
(epoch: 6, batches: 180, time: 0.007, data: 0.003) loss_G_comp: 0.000 loss_G_anti_sc: 0.000 loss_G: 0.000 loss_D_real: 0.086 loss_D_fake: 0.137 loss_D: 0.842 acc_real: 0.003 acc_fake: 0.091 loss_G_conf: 0.000 loss_AUX: 0.495 loss_D_gr_fake: 0.124 acc_grfake: 0.070 
(epoch: 6, batches: 200, time: 0.008, data: 0.004) loss_G_comp: 0.000 loss_G_anti_sc: 0.000 loss_G: 0.000 loss_D_real: 0.204 loss_D_fake: 0.044 loss_D: 0.836 acc_real: 0.003 acc_fake: 0.091 loss_G_conf: 0.000 loss_AUX: 0.488 loss_D_gr_fake: 0.100 acc_grfake: 0.070 
(epoch: 6, batches: 220, time: 0.008, data: 0.004) loss_G_comp: 0.000 loss_G_anti_sc: 0.000 loss_G: 0.000 loss_D_real: 0.100 loss_D_fake: 0.107 loss_D: 0.847 acc_real: 0.003 acc_fake: 0.091 loss_G_conf: 0.000 loss_AUX: 0.490 loss_D_gr_fake: 0.150 acc_grfake: 0.070 
validation accuracies:
                gf: 0.07
                real: 0.00
                fake: 0.07

ran validation set (B:1401) in                         45.7 s.
learning rate 0.0002000 -> 0.0002000
End of epoch 6 / 30 	 Time Taken: 258 sec
Gaussian filter weight at end of epoch 6: tensor([[[[0.0751, 0.1238, 0.0751],
          [0.1238, 0.2042, 0.1238],
          [0.0751, 0.1238, 0.0751]]],


        [[[0.0751, 0.1238, 0.0751],
          [0.1238, 0.2042, 0.1238],
          [0.0751, 0.1238, 0.0751]]],


        [[[0.0751, 0.1238, 0.0751],
          [0.1238, 0.2042, 0.1238],
          [0.0751, 0.1238, 0.0751]]]], device='cuda:0')
(epoch: 7, batches: 20, time: 0.008, data: 0.006) loss_G_comp: 0.000 loss_G_anti_sc: 0.000 loss_G: 0.000 loss_D_real: 0.103 loss_D_fake: 0.037 loss_D: 0.673 acc_real: 0.004 acc_fake: 0.067 loss_G_conf: 0.000 loss_AUX: 0.499 loss_D_gr_fake: 0.034 acc_grfake: 0.070 
(epoch: 7, batches: 40, time: 0.008, data: 0.006) loss_G_comp: 0.000 loss_G_anti_sc: 0.000 loss_G: 0.000 loss_D_real: 0.039 loss_D_fake: 0.094 loss_D: 0.705 acc_real: 0.004 acc_fake: 0.067 loss_G_conf: 0.000 loss_AUX: 0.503 loss_D_gr_fake: 0.068 acc_grfake: 0.070 
(epoch: 7, batches: 60, time: 0.008, data: 0.004) loss_G_comp: 0.000 loss_G_anti_sc: 0.000 loss_G: 0.000 loss_D_real: 0.039 loss_D_fake: 0.207 loss_D: 0.838 acc_real: 0.004 acc_fake: 0.067 loss_G_conf: 0.000 loss_AUX: 0.490 loss_D_gr_fake: 0.101 acc_grfake: 0.070 
(epoch: 7, batches: 80, time: 0.008, data: 0.005) loss_G_comp: 0.000 loss_G_anti_sc: 0.000 loss_G: 0.000 loss_D_real: 0.044 loss_D_fake: 0.168 loss_D: 0.853 acc_real: 0.004 acc_fake: 0.067 loss_G_conf: 0.000 loss_AUX: 0.481 loss_D_gr_fake: 0.159 acc_grfake: 0.070 
validation accuracies:
                gf: 0.06
                real: 0.01
                fake: 0.05

ran validation set (B:1501) in                         46.0 s.
(epoch: 7, batches: 100, time: 0.007, data: 0.004) loss_G_comp: 0.000 loss_G_anti_sc: 0.000 loss_G: 0.000 loss_D_real: 0.058 loss_D_fake: 0.089 loss_D: 0.685 acc_real: 0.014 acc_fake: 0.049 loss_G_conf: 0.000 loss_AUX: 0.486 loss_D_gr_fake: 0.053 acc_grfake: 0.057 
(epoch: 7, batches: 120, time: 0.008, data: 0.003) loss_G_comp: 0.000 loss_G_anti_sc: 0.000 loss_G: 0.000 loss_D_real: 0.049 loss_D_fake: 0.169 loss_D: 0.837 acc_real: 0.014 acc_fake: 0.049 loss_G_conf: 0.000 loss_AUX: 0.468 loss_D_gr_fake: 0.151 acc_grfake: 0.057 
(epoch: 7, batches: 140, time: 0.007, data: 0.003) loss_G_comp: 0.000 loss_G_anti_sc: 0.000 loss_G: 0.000 loss_D_real: 0.046 loss_D_fake: 0.093 loss_D: 0.729 acc_real: 0.014 acc_fake: 0.049 loss_G_conf: 0.000 loss_AUX: 0.486 loss_D_gr_fake: 0.104 acc_grfake: 0.057 
(epoch: 7, batches: 160, time: 0.008, data: 0.004) loss_G_comp: 0.000 loss_G_anti_sc: 0.000 loss_G: 0.000 loss_D_real: 0.059 loss_D_fake: 0.134 loss_D: 0.866 acc_real: 0.014 acc_fake: 0.049 loss_G_conf: 0.000 loss_AUX: 0.470 loss_D_gr_fake: 0.204 acc_grfake: 0.057 
(epoch: 7, batches: 180, time: 0.008, data: 0.005) loss_G_comp: 0.000 loss_G_anti_sc: 0.000 loss_G: 0.000 loss_D_real: 0.069 loss_D_fake: 0.164 loss_D: 0.982 acc_real: 0.014 acc_fake: 0.049 loss_G_conf: 0.000 loss_AUX: 0.482 loss_D_gr_fake: 0.267 acc_grfake: 0.057 
validation accuracies:
                gf: 0.04
                real: 0.08
                fake: 0.01

ran validation set (B:1601) in                         45.8 s.
(epoch: 7, batches: 200, time: 0.008, data: 0.003) loss_G_comp: 0.000 loss_G_anti_sc: 0.000 loss_G: 0.000 loss_D_real: 0.055 loss_D_fake: 0.237 loss_D: 1.014 acc_real: 0.081 acc_fake: 0.010 loss_G_conf: 0.000 loss_AUX: 0.482 loss_D_gr_fake: 0.240 acc_grfake: 0.036 
(epoch: 7, batches: 220, time: 0.008, data: 0.006) loss_G_comp: 0.000 loss_G_anti_sc: 0.000 loss_G: 0.000 loss_D_real: 0.210 loss_D_fake: 0.008 loss_D: 0.778 acc_real: 0.081 acc_fake: 0.010 loss_G_conf: 0.000 loss_AUX: 0.514 loss_D_gr_fake: 0.045 acc_grfake: 0.036 
learning rate 0.0002000 -> 0.0002000
End of epoch 7 / 30 	 Time Taken: 212 sec
Gaussian filter weight at end of epoch 7: tensor([[[[0.0751, 0.1238, 0.0751],
          [0.1238, 0.2042, 0.1238],
          [0.0751, 0.1238, 0.0751]]],


        [[[0.0751, 0.1238, 0.0751],
          [0.1238, 0.2042, 0.1238],
          [0.0751, 0.1238, 0.0751]]],


        [[[0.0751, 0.1238, 0.0751],
          [0.1238, 0.2042, 0.1238],
          [0.0751, 0.1238, 0.0751]]]], device='cuda:0')
(epoch: 8, batches: 20, time: 0.008, data: 0.003) loss_G_comp: 0.000 loss_G_anti_sc: 0.000 loss_G: 0.000 loss_D_real: 0.059 loss_D_fake: 0.185 loss_D: 1.041 acc_real: 0.081 acc_fake: 0.010 loss_G_conf: 0.000 loss_AUX: 0.489 loss_D_gr_fake: 0.308 acc_grfake: 0.036 
(epoch: 8, batches: 40, time: 0.008, data: 0.005) loss_G_comp: 0.000 loss_G_anti_sc: 0.000 loss_G: 0.000 loss_D_real: 0.079 loss_D_fake: 0.074 loss_D: 0.764 acc_real: 0.081 acc_fake: 0.010 loss_G_conf: 0.000 loss_AUX: 0.484 loss_D_gr_fake: 0.128 acc_grfake: 0.036 
(epoch: 8, batches: 60, time: 0.008, data: 0.004) loss_G_comp: 0.000 loss_G_anti_sc: 0.000 loss_G: 0.000 loss_D_real: 0.021 loss_D_fake: 2.331 loss_D: 4.285 acc_real: 0.081 acc_fake: 0.010 loss_G_conf: 0.000 loss_AUX: 0.486 loss_D_gr_fake: 1.447 acc_grfake: 0.036 
validation accuracies:
                gf: 0.13
                real: 0.01
                fake: 0.24

ran validation set (B:1701) in                         45.8 s.
(epoch: 8, batches: 80, time: 0.008, data: 0.003) loss_G_comp: 0.000 loss_G_anti_sc: 0.000 loss_G: 0.000 loss_D_real: 0.059 loss_D_fake: 0.208 loss_D: 0.870 acc_real: 0.008 acc_fake: 0.243 loss_G_conf: 0.000 loss_AUX: 0.475 loss_D_gr_fake: 0.128 acc_grfake: 0.134 
(epoch: 8, batches: 100, time: 0.008, data: 0.005) loss_G_comp: 0.000 loss_G_anti_sc: 0.000 loss_G: 0.000 loss_D_real: 0.079 loss_D_fake: 0.117 loss_D: 0.769 acc_real: 0.008 acc_fake: 0.243 loss_G_conf: 0.000 loss_AUX: 0.467 loss_D_gr_fake: 0.106 acc_grfake: 0.134 
(epoch: 8, batches: 120, time: 0.008, data: 0.004) loss_G_comp: 0.000 loss_G_anti_sc: 0.000 loss_G: 0.000 loss_D_real: 0.053 loss_D_fake: 0.040 loss_D: 0.658 acc_real: 0.008 acc_fake: 0.243 loss_G_conf: 0.000 loss_AUX: 0.486 loss_D_gr_fake: 0.078 acc_grfake: 0.134 
(epoch: 8, batches: 140, time: 0.009, data: 0.003) loss_G_comp: 0.000 loss_G_anti_sc: 0.000 loss_G: 0.000 loss_D_real: 0.062 loss_D_fake: 0.088 loss_D: 0.780 acc_real: 0.008 acc_fake: 0.243 loss_G_conf: 0.000 loss_AUX: 0.497 loss_D_gr_fake: 0.134 acc_grfake: 0.134 
(epoch: 8, batches: 160, time: 0.008, data: 0.003) loss_G_comp: 0.000 loss_G_anti_sc: 0.000 loss_G: 0.000 loss_D_real: 0.054 loss_D_fake: 0.067 loss_D: 0.680 acc_real: 0.008 acc_fake: 0.243 loss_G_conf: 0.000 loss_AUX: 0.485 loss_D_gr_fake: 0.074 acc_grfake: 0.134 
validation accuracies:
                gf: 0.06
                real: 0.00
                fake: 0.05

ran validation set (B:1801) in                         45.8 s.
(epoch: 8, batches: 180, time: 0.008, data: 0.005) loss_G_comp: 0.000 loss_G_anti_sc: 0.000 loss_G: 0.000 loss_D_real: 0.055 loss_D_fake: 0.214 loss_D: 0.942 acc_real: 0.004 acc_fake: 0.054 loss_G_conf: 0.000 loss_AUX: 0.488 loss_D_gr_fake: 0.185 acc_grfake: 0.060 
(epoch: 8, batches: 200, time: 0.008, data: 0.003) loss_G_comp: 0.000 loss_G_anti_sc: 0.000 loss_G: 0.000 loss_D_real: 0.059 loss_D_fake: 0.127 loss_D: 0.824 acc_real: 0.004 acc_fake: 0.054 loss_G_conf: 0.000 loss_AUX: 0.480 loss_D_gr_fake: 0.157 acc_grfake: 0.060 
(epoch: 8, batches: 220, time: 0.008, data: 0.005) loss_G_comp: 0.000 loss_G_anti_sc: 0.000 loss_G: 0.000 loss_D_real: 0.104 loss_D_fake: 0.036 loss_D: 0.787 acc_real: 0.004 acc_fake: 0.054 loss_G_conf: 0.000 loss_AUX: 0.494 loss_D_gr_fake: 0.154 acc_grfake: 0.060 
learning rate 0.0002000 -> 0.0002000
End of epoch 8 / 30 	 Time Taken: 211 sec
Gaussian filter weight at end of epoch 8: tensor([[[[0.0751, 0.1238, 0.0751],
          [0.1238, 0.2042, 0.1238],
          [0.0751, 0.1238, 0.0751]]],


        [[[0.0751, 0.1238, 0.0751],
          [0.1238, 0.2042, 0.1238],
          [0.0751, 0.1238, 0.0751]]],


        [[[0.0751, 0.1238, 0.0751],
          [0.1238, 0.2042, 0.1238],
          [0.0751, 0.1238, 0.0751]]]], device='cuda:0')
(epoch: 9, batches: 20, time: 0.008, data: 0.003) loss_G_comp: 0.000 loss_G_anti_sc: 0.000 loss_G: 0.000 loss_D_real: 0.085 loss_D_fake: 0.051 loss_D: 0.776 acc_real: 0.004 acc_fake: 0.054 loss_G_conf: 0.000 loss_AUX: 0.486 loss_D_gr_fake: 0.154 acc_grfake: 0.060 
validation accuracies:
                gf: 0.05
                real: 0.01
                fake: 0.03

ran validation set (B:1901) in                         45.8 s.
(epoch: 9, batches: 40, time: 0.007, data: 0.003) loss_G_comp: 0.000 loss_G_anti_sc: 0.000 loss_G: 0.000 loss_D_real: 0.086 loss_D_fake: 0.091 loss_D: 0.880 acc_real: 0.005 acc_fake: 0.034 loss_G_conf: 0.000 loss_AUX: 0.501 loss_D_gr_fake: 0.203 acc_grfake: 0.049 
(epoch: 9, batches: 60, time: 0.007, data: 0.003) loss_G_comp: 0.000 loss_G_anti_sc: 0.000 loss_G: 0.000 loss_D_real: 0.038 loss_D_fake: 0.093 loss_D: 0.770 acc_real: 0.005 acc_fake: 0.034 loss_G_conf: 0.000 loss_AUX: 0.493 loss_D_gr_fake: 0.146 acc_grfake: 0.049 
(epoch: 9, batches: 80, time: 0.007, data: 0.005) loss_G_comp: 0.000 loss_G_anti_sc: 0.000 loss_G: 0.000 loss_D_real: 0.109 loss_D_fake: 0.109 loss_D: 0.906 acc_real: 0.005 acc_fake: 0.034 loss_G_conf: 0.000 loss_AUX: 0.518 loss_D_gr_fake: 0.170 acc_grfake: 0.049 
(epoch: 9, batches: 100, time: 0.008, data: 0.003) loss_G_comp: 0.000 loss_G_anti_sc: 0.000 loss_G: 0.000 loss_D_real: 0.036 loss_D_fake: 0.066 loss_D: 0.680 acc_real: 0.005 acc_fake: 0.034 loss_G_conf: 0.000 loss_AUX: 0.483 loss_D_gr_fake: 0.095 acc_grfake: 0.049 
(epoch: 9, batches: 120, time: 0.008, data: 0.003) loss_G_comp: 0.000 loss_G_anti_sc: 0.000 loss_G: 0.000 loss_D_real: 0.103 loss_D_fake: 0.051 loss_D: 0.750 acc_real: 0.005 acc_fake: 0.034 loss_G_conf: 0.000 loss_AUX: 0.497 loss_D_gr_fake: 0.099 acc_grfake: 0.049 
validation accuracies:
                gf: 0.07
                real: 0.01
                fake: 0.05

ran validation set (B:2001) in                         45.8 s.
(epoch: 9, batches: 140, time: 0.008, data: 0.003) loss_G_comp: 0.000 loss_G_anti_sc: 0.000 loss_G: 0.000 loss_D_real: 0.086 loss_D_fake: 0.065 loss_D: 0.717 acc_real: 0.006 acc_fake: 0.046 loss_G_conf: 0.000 loss_AUX: 0.508 loss_D_gr_fake: 0.058 acc_grfake: 0.066 
(epoch: 9, batches: 160, time: 0.007, data: 0.004) loss_G_comp: 0.000 loss_G_anti_sc: 0.000 loss_G: 0.000 loss_D_real: 0.054 loss_D_fake: 0.057 loss_D: 0.729 acc_real: 0.006 acc_fake: 0.046 loss_G_conf: 0.000 loss_AUX: 0.491 loss_D_gr_fake: 0.126 acc_grfake: 0.066 
(epoch: 9, batches: 180, time: 0.007, data: 0.004) loss_G_comp: 0.000 loss_G_anti_sc: 0.000 loss_G: 0.000 loss_D_real: 0.080 loss_D_fake: 0.388 loss_D: 1.335 acc_real: 0.006 acc_fake: 0.046 loss_G_conf: 0.000 loss_AUX: 0.501 loss_D_gr_fake: 0.367 acc_grfake: 0.066 
(epoch: 9, batches: 200, time: 0.007, data: 0.005) loss_G_comp: 0.000 loss_G_anti_sc: 0.000 loss_G: 0.000 loss_D_real: 0.164 loss_D_fake: 0.080 loss_D: 0.907 acc_real: 0.006 acc_fake: 0.046 loss_G_conf: 0.000 loss_AUX: 0.486 loss_D_gr_fake: 0.176 acc_grfake: 0.066 
(epoch: 9, batches: 220, time: 0.008, data: 0.005) loss_G_comp: 0.000 loss_G_anti_sc: 0.000 loss_G: 0.000 loss_D_real: 0.103 loss_D_fake: 0.021 loss_D: 0.703 acc_real: 0.006 acc_fake: 0.046 loss_G_conf: 0.000 loss_AUX: 0.477 loss_D_gr_fake: 0.101 acc_grfake: 0.066 
validation accuracies:
                gf: 0.06
                real: 0.01
                fake: 0.04

ran validation set (B:2101) in                         45.8 s.
learning rate 0.0002000 -> 0.0002000
End of epoch 9 / 30 	 Time Taken: 257 sec
Gaussian filter weight at end of epoch 9: tensor([[[[0.0751, 0.1238, 0.0751],
          [0.1238, 0.2042, 0.1238],
          [0.0751, 0.1238, 0.0751]]],


        [[[0.0751, 0.1238, 0.0751],
          [0.1238, 0.2042, 0.1238],
          [0.0751, 0.1238, 0.0751]]],


        [[[0.0751, 0.1238, 0.0751],
          [0.1238, 0.2042, 0.1238],
          [0.0751, 0.1238, 0.0751]]]], device='cuda:0')
(epoch: 10, batches: 20, time: 0.009, data: 0.005) loss_G_comp: 0.000 loss_G_anti_sc: 0.000 loss_G: 0.000 loss_D_real: 0.103 loss_D_fake: 0.204 loss_D: 0.940 acc_real: 0.007 acc_fake: 0.041 loss_G_conf: 0.000 loss_AUX: 0.467 loss_D_gr_fake: 0.166 acc_grfake: 0.059 
(epoch: 10, batches: 40, time: 0.008, data: 0.005) loss_G_comp: 0.000 loss_G_anti_sc: 0.000 loss_G: 0.000 loss_D_real: 0.079 loss_D_fake: 0.044 loss_D: 0.807 acc_real: 0.007 acc_fake: 0.041 loss_G_conf: 0.000 loss_AUX: 0.486 loss_D_gr_fake: 0.199 acc_grfake: 0.059 
(epoch: 10, batches: 60, time: 0.008, data: 0.005) loss_G_comp: 0.000 loss_G_anti_sc: 0.000 loss_G: 0.000 loss_D_real: 0.033 loss_D_fake: 0.084 loss_D: 0.844 acc_real: 0.007 acc_fake: 0.041 loss_G_conf: 0.000 loss_AUX: 0.518 loss_D_gr_fake: 0.210 acc_grfake: 0.059 
(epoch: 10, batches: 80, time: 0.009, data: 0.005) loss_G_comp: 0.000 loss_G_anti_sc: 0.000 loss_G: 0.000 loss_D_real: 0.036 loss_D_fake: 0.077 loss_D: 0.820 acc_real: 0.007 acc_fake: 0.041 loss_G_conf: 0.000 loss_AUX: 0.506 loss_D_gr_fake: 0.201 acc_grfake: 0.059 
validation accuracies:
                gf: 0.05
                real: 0.02
                fake: 0.04

ran validation set (B:2201) in                         45.9 s.
(epoch: 10, batches: 100, time: 0.007, data: 0.003) loss_G_comp: 0.000 loss_G_anti_sc: 0.000 loss_G: 0.000 loss_D_real: 0.037 loss_D_fake: 0.072 loss_D: 0.811 acc_real: 0.016 acc_fake: 0.038 loss_G_conf: 0.000 loss_AUX: 0.502 loss_D_gr_fake: 0.200 acc_grfake: 0.052 
(epoch: 10, batches: 120, time: 0.007, data: 0.005) loss_G_comp: 0.000 loss_G_anti_sc: 0.000 loss_G: 0.000 loss_D_real: 0.052 loss_D_fake: 0.075 loss_D: 0.852 acc_real: 0.016 acc_fake: 0.038 loss_G_conf: 0.000 loss_AUX: 0.506 loss_D_gr_fake: 0.220 acc_grfake: 0.052 
(epoch: 10, batches: 140, time: 0.008, data: 0.005) loss_G_comp: 0.000 loss_G_anti_sc: 0.000 loss_G: 0.000 loss_D_real: 0.057 loss_D_fake: 0.144 loss_D: 1.069 acc_real: 0.016 acc_fake: 0.038 loss_G_conf: 0.000 loss_AUX: 0.501 loss_D_gr_fake: 0.367 acc_grfake: 0.052 
(epoch: 10, batches: 160, time: 0.008, data: 0.005) loss_G_comp: 0.000 loss_G_anti_sc: 0.000 loss_G: 0.000 loss_D_real: 0.046 loss_D_fake: 0.057 loss_D: 0.798 acc_real: 0.016 acc_fake: 0.038 loss_G_conf: 0.000 loss_AUX: 0.516 loss_D_gr_fake: 0.179 acc_grfake: 0.052 
(epoch: 10, batches: 180, time: 0.008, data: 0.005) loss_G_comp: 0.000 loss_G_anti_sc: 0.000 loss_G: 0.000 loss_D_real: 0.071 loss_D_fake: 0.094 loss_D: 0.844 acc_real: 0.016 acc_fake: 0.038 loss_G_conf: 0.000 loss_AUX: 0.520 loss_D_gr_fake: 0.158 acc_grfake: 0.052 
validation accuracies:
                gf: 0.05
                real: 0.01
                fake: 0.03

ran validation set (B:2301) in                         45.9 s.
(epoch: 10, batches: 200, time: 0.008, data: 0.005) loss_G_comp: 0.000 loss_G_anti_sc: 0.000 loss_G: 0.000 loss_D_real: 0.087 loss_D_fake: 0.028 loss_D: 0.885 acc_real: 0.008 acc_fake: 0.027 loss_G_conf: 0.000 loss_AUX: 0.662 loss_D_gr_fake: 0.109 acc_grfake: 0.051 
(epoch: 10, batches: 220, time: 0.008, data: 0.004) loss_G_comp: 0.000 loss_G_anti_sc: 0.000 loss_G: 0.000 loss_D_real: 0.046 loss_D_fake: 0.125 loss_D: 0.989 acc_real: 0.008 acc_fake: 0.027 loss_G_conf: 0.000 loss_AUX: 0.538 loss_D_gr_fake: 0.279 acc_grfake: 0.051 
saving the model at the end of epoch 10, iters 149760
learning rate 0.0002000 -> 0.0002000
End of epoch 10 / 30 	 Time Taken: 212 sec
Gaussian filter weight at end of epoch 10: tensor([[[[0.0751, 0.1238, 0.0751],
          [0.1238, 0.2042, 0.1238],
          [0.0751, 0.1238, 0.0751]]],


        [[[0.0751, 0.1238, 0.0751],
          [0.1238, 0.2042, 0.1238],
          [0.0751, 0.1238, 0.0751]]],


        [[[0.0751, 0.1238, 0.0751],
          [0.1238, 0.2042, 0.1238],
          [0.0751, 0.1238, 0.0751]]]], device='cuda:0')
(epoch: 11, batches: 20, time: 0.008, data: 0.004) loss_G_comp: 0.000 loss_G_anti_sc: 0.000 loss_G: 0.000 loss_D_real: 0.051 loss_D_fake: 0.037 loss_D: 0.675 acc_real: 0.008 acc_fake: 0.027 loss_G_conf: 0.000 loss_AUX: 0.506 loss_D_gr_fake: 0.080 acc_grfake: 0.051 
(epoch: 11, batches: 40, time: 0.008, data: 0.005) loss_G_comp: 0.000 loss_G_anti_sc: 0.000 loss_G: 0.000 loss_D_real: 0.082 loss_D_fake: 0.052 loss_D: 0.746 acc_real: 0.008 acc_fake: 0.027 loss_G_conf: 0.000 loss_AUX: 0.507 loss_D_gr_fake: 0.104 acc_grfake: 0.051 
(epoch: 11, batches: 60, time: 0.010, data: 0.005) loss_G_comp: 0.000 loss_G_anti_sc: 0.000 loss_G: 0.000 loss_D_real: 0.028 loss_D_fake: 0.113 loss_D: 0.869 acc_real: 0.008 acc_fake: 0.027 loss_G_conf: 0.000 loss_AUX: 0.537 loss_D_gr_fake: 0.192 acc_grfake: 0.051 
validation accuracies:
                gf: 0.06
                real: 0.00
                fake: 0.05

ran validation set (B:2401) in                         45.8 s.
(epoch: 11, batches: 80, time: 0.008, data: 0.004) loss_G_comp: 0.000 loss_G_anti_sc: 0.000 loss_G: 0.000 loss_D_real: 0.081 loss_D_fake: 0.062 loss_D: 0.764 acc_real: 0.002 acc_fake: 0.047 loss_G_conf: 0.000 loss_AUX: 0.513 loss_D_gr_fake: 0.109 acc_grfake: 0.064 
(epoch: 11, batches: 100, time: 0.008, data: 0.006) loss_G_comp: 0.000 loss_G_anti_sc: 0.000 loss_G: 0.000 loss_D_real: 0.053 loss_D_fake: 0.126 loss_D: 0.949 acc_real: 0.002 acc_fake: 0.047 loss_G_conf: 0.000 loss_AUX: 0.518 loss_D_gr_fake: 0.251 acc_grfake: 0.064 
(epoch: 11, batches: 120, time: 0.008, data: 0.003) loss_G_comp: 0.000 loss_G_anti_sc: 0.000 loss_G: 0.000 loss_D_real: 0.061 loss_D_fake: 0.128 loss_D: 0.775 acc_real: 0.002 acc_fake: 0.047 loss_G_conf: 0.000 loss_AUX: 0.501 loss_D_gr_fake: 0.086 acc_grfake: 0.064 
(epoch: 11, batches: 140, time: 0.008, data: 0.005) loss_G_comp: 0.000 loss_G_anti_sc: 0.000 loss_G: 0.000 loss_D_real: 0.049 loss_D_fake: 0.062 loss_D: 0.629 acc_real: 0.002 acc_fake: 0.047 loss_G_conf: 0.000 loss_AUX: 0.496 loss_D_gr_fake: 0.022 acc_grfake: 0.064 
(epoch: 11, batches: 160, time: 0.011, data: 0.006) loss_G_comp: 0.000 loss_G_anti_sc: 0.000 loss_G: 0.000 loss_D_real: 0.046 loss_D_fake: 0.097 loss_D: 0.793 acc_real: 0.002 acc_fake: 0.047 loss_G_conf: 0.000 loss_AUX: 0.539 loss_D_gr_fake: 0.110 acc_grfake: 0.064 
validation accuracies:
                gf: 0.06
                real: 0.01
                fake: 0.05

ran validation set (B:2501) in                         45.8 s.
(epoch: 11, batches: 180, time: 0.008, data: 0.004) loss_G_comp: 0.000 loss_G_anti_sc: 0.000 loss_G: 0.000 loss_D_real: 0.048 loss_D_fake: 0.034 loss_D: 0.648 acc_real: 0.008 acc_fake: 0.047 loss_G_conf: 0.000 loss_AUX: 0.505 loss_D_gr_fake: 0.061 acc_grfake: 0.055 
(epoch: 11, batches: 200, time: 0.008, data: 0.003) loss_G_comp: 0.000 loss_G_anti_sc: 0.000 loss_G: 0.000 loss_D_real: 0.046 loss_D_fake: 0.207 loss_D: 0.988 acc_real: 0.008 acc_fake: 0.047 loss_G_conf: 0.000 loss_AUX: 0.509 loss_D_gr_fake: 0.226 acc_grfake: 0.055 
(epoch: 11, batches: 220, time: 0.008, data: 0.004) loss_G_comp: 0.000 loss_G_anti_sc: 0.000 loss_G: 0.000 loss_D_real: 0.420 loss_D_fake: 0.184 loss_D: 1.241 acc_real: 0.008 acc_fake: 0.047 loss_G_conf: 0.000 loss_AUX: 0.518 loss_D_gr_fake: 0.119 acc_grfake: 0.055 
learning rate 0.0002000 -> 0.0002000
End of epoch 11 / 30 	 Time Taken: 212 sec
Gaussian filter weight at end of epoch 11: tensor([[[[0.0751, 0.1238, 0.0751],
          [0.1238, 0.2042, 0.1238],
          [0.0751, 0.1238, 0.0751]]],


        [[[0.0751, 0.1238, 0.0751],
          [0.1238, 0.2042, 0.1238],
          [0.0751, 0.1238, 0.0751]]],


        [[[0.0751, 0.1238, 0.0751],
          [0.1238, 0.2042, 0.1238],
          [0.0751, 0.1238, 0.0751]]]], device='cuda:0')
(epoch: 12, batches: 20, time: 0.008, data: 0.005) loss_G_comp: 0.000 loss_G_anti_sc: 0.000 loss_G: 0.000 loss_D_real: 0.062 loss_D_fake: 0.168 loss_D: 1.067 acc_real: 0.008 acc_fake: 0.047 loss_G_conf: 0.000 loss_AUX: 0.491 loss_D_gr_fake: 0.346 acc_grfake: 0.055 
validation accuracies:
                gf: 0.05
                real: 0.04
                fake: 0.01

ran validation set (B:2601) in                         46.1 s.
(epoch: 12, batches: 40, time: 0.008, data: 0.004) loss_G_comp: 0.000 loss_G_anti_sc: 0.000 loss_G: 0.000 loss_D_real: 0.042 loss_D_fake: 0.078 loss_D: 0.763 acc_real: 0.044 acc_fake: 0.013 loss_G_conf: 0.000 loss_AUX: 0.489 loss_D_gr_fake: 0.155 acc_grfake: 0.050 
(epoch: 12, batches: 60, time: 0.008, data: 0.004) loss_G_comp: 0.000 loss_G_anti_sc: 0.000 loss_G: 0.000 loss_D_real: 0.036 loss_D_fake: 0.086 loss_D: 0.839 acc_real: 0.044 acc_fake: 0.013 loss_G_conf: 0.000 loss_AUX: 0.495 loss_D_gr_fake: 0.221 acc_grfake: 0.050 
(epoch: 12, batches: 80, time: 0.008, data: 0.004) loss_G_comp: 0.000 loss_G_anti_sc: 0.000 loss_G: 0.000 loss_D_real: 0.079 loss_D_fake: 0.033 loss_D: 0.711 acc_real: 0.044 acc_fake: 0.013 loss_G_conf: 0.000 loss_AUX: 0.504 loss_D_gr_fake: 0.095 acc_grfake: 0.050 
(epoch: 12, batches: 100, time: 0.007, data: 0.005) loss_G_comp: 0.000 loss_G_anti_sc: 0.000 loss_G: 0.000 loss_D_real: 0.052 loss_D_fake: 0.032 loss_D: 0.670 acc_real: 0.044 acc_fake: 0.013 loss_G_conf: 0.000 loss_AUX: 0.495 loss_D_gr_fake: 0.091 acc_grfake: 0.050 
(epoch: 12, batches: 120, time: 0.007, data: 0.003) loss_G_comp: 0.000 loss_G_anti_sc: 0.000 loss_G: 0.000 loss_D_real: 0.060 loss_D_fake: 0.055 loss_D: 0.847 acc_real: 0.044 acc_fake: 0.013 loss_G_conf: 0.000 loss_AUX: 0.497 loss_D_gr_fake: 0.235 acc_grfake: 0.050 
validation accuracies:
                gf: 0.06
                real: 0.02
                fake: 0.04

ran validation set (B:2701) in                         45.9 s.
(epoch: 12, batches: 140, time: 0.008, data: 0.005) loss_G_comp: 0.000 loss_G_anti_sc: 0.000 loss_G: 0.000 loss_D_real: 0.048 loss_D_fake: 0.096 loss_D: 0.715 acc_real: 0.016 acc_fake: 0.038 loss_G_conf: 0.000 loss_AUX: 0.512 loss_D_gr_fake: 0.059 acc_grfake: 0.060 
(epoch: 12, batches: 160, time: 0.008, data: 0.005) loss_G_comp: 0.000 loss_G_anti_sc: 0.000 loss_G: 0.000 loss_D_real: 0.046 loss_D_fake: 0.054 loss_D: 0.801 acc_real: 0.016 acc_fake: 0.038 loss_G_conf: 0.000 loss_AUX: 0.509 loss_D_gr_fake: 0.193 acc_grfake: 0.060 
(epoch: 12, batches: 180, time: 0.008, data: 0.005) loss_G_comp: 0.000 loss_G_anti_sc: 0.000 loss_G: 0.000 loss_D_real: 0.132 loss_D_fake: 0.015 loss_D: 0.778 acc_real: 0.016 acc_fake: 0.038 loss_G_conf: 0.000 loss_AUX: 0.517 loss_D_gr_fake: 0.115 acc_grfake: 0.060 
(epoch: 12, batches: 200, time: 0.008, data: 0.005) loss_G_comp: 0.000 loss_G_anti_sc: 0.000 loss_G: 0.000 loss_D_real: 0.038 loss_D_fake: 0.075 loss_D: 0.831 acc_real: 0.016 acc_fake: 0.038 loss_G_conf: 0.000 loss_AUX: 0.519 loss_D_gr_fake: 0.199 acc_grfake: 0.060 
(epoch: 12, batches: 220, time: 0.008, data: 0.005) loss_G_comp: 0.000 loss_G_anti_sc: 0.000 loss_G: 0.000 loss_D_real: 0.053 loss_D_fake: 0.095 loss_D: 0.920 acc_real: 0.016 acc_fake: 0.038 loss_G_conf: 0.000 loss_AUX: 0.517 loss_D_gr_fake: 0.254 acc_grfake: 0.060 
validation accuracies:
                gf: 0.06
                real: 0.00
                fake: 0.04

ran validation set (B:2801) in                         45.7 s.
learning rate 0.0002000 -> 0.0002000
End of epoch 12 / 30 	 Time Taken: 258 sec
Gaussian filter weight at end of epoch 12: tensor([[[[0.0751, 0.1238, 0.0751],
          [0.1238, 0.2042, 0.1238],
          [0.0751, 0.1238, 0.0751]]],


        [[[0.0751, 0.1238, 0.0751],
          [0.1238, 0.2042, 0.1238],
          [0.0751, 0.1238, 0.0751]]],


        [[[0.0751, 0.1238, 0.0751],
          [0.1238, 0.2042, 0.1238],
          [0.0751, 0.1238, 0.0751]]]], device='cuda:0')
(epoch: 13, batches: 20, time: 0.008, data: 0.004) loss_G_comp: 0.000 loss_G_anti_sc: 0.000 loss_G: 0.000 loss_D_real: 0.051 loss_D_fake: 0.137 loss_D: 0.975 acc_real: 0.004 acc_fake: 0.041 loss_G_conf: 0.000 loss_AUX: 0.629 loss_D_gr_fake: 0.157 acc_grfake: 0.064 
(epoch: 13, batches: 40, time: 0.008, data: 0.005) loss_G_comp: 0.000 loss_G_anti_sc: 0.000 loss_G: 0.000 loss_D_real: 0.038 loss_D_fake: 0.064 loss_D: 0.793 acc_real: 0.004 acc_fake: 0.041 loss_G_conf: 0.000 loss_AUX: 0.538 loss_D_gr_fake: 0.153 acc_grfake: 0.064 
(epoch: 13, batches: 60, time: 0.008, data: 0.005) loss_G_comp: 0.000 loss_G_anti_sc: 0.000 loss_G: 0.000 loss_D_real: 0.080 loss_D_fake: 0.078 loss_D: 0.806 acc_real: 0.004 acc_fake: 0.041 loss_G_conf: 0.000 loss_AUX: 0.523 loss_D_gr_fake: 0.125 acc_grfake: 0.064 
(epoch: 13, batches: 80, time: 0.008, data: 0.005) loss_G_comp: 0.000 loss_G_anti_sc: 0.000 loss_G: 0.000 loss_D_real: 0.036 loss_D_fake: 0.076 loss_D: 0.838 acc_real: 0.004 acc_fake: 0.041 loss_G_conf: 0.000 loss_AUX: 0.503 loss_D_gr_fake: 0.223 acc_grfake: 0.064 
validation accuracies:
                gf: 0.04
                real: 0.03
                fake: 0.01

ran validation set (B:2901) in                         45.6 s.
(epoch: 13, batches: 100, time: 0.008, data: 0.005) loss_G_comp: 0.000 loss_G_anti_sc: 0.000 loss_G: 0.000 loss_D_real: 0.036 loss_D_fake: 0.049 loss_D: 0.779 acc_real: 0.034 acc_fake: 0.008 loss_G_conf: 0.000 loss_AUX: 0.523 loss_D_gr_fake: 0.170 acc_grfake: 0.042 
(epoch: 13, batches: 120, time: 0.008, data: 0.005) loss_G_comp: 0.000 loss_G_anti_sc: 0.000 loss_G: 0.000 loss_D_real: 0.044 loss_D_fake: 0.269 loss_D: 1.008 acc_real: 0.034 acc_fake: 0.008 loss_G_conf: 0.000 loss_AUX: 0.546 loss_D_gr_fake: 0.150 acc_grfake: 0.042 
(epoch: 13, batches: 140, time: 0.008, data: 0.005) loss_G_comp: 0.000 loss_G_anti_sc: 0.000 loss_G: 0.000 loss_D_real: 0.045 loss_D_fake: 0.134 loss_D: 1.101 acc_real: 0.034 acc_fake: 0.008 loss_G_conf: 0.000 loss_AUX: 0.543 loss_D_gr_fake: 0.379 acc_grfake: 0.042 
(epoch: 13, batches: 160, time: 0.008, data: 0.004) loss_G_comp: 0.000 loss_G_anti_sc: 0.000 loss_G: 0.000 loss_D_real: 0.100 loss_D_fake: 0.046 loss_D: 0.824 acc_real: 0.034 acc_fake: 0.008 loss_G_conf: 0.000 loss_AUX: 0.581 loss_D_gr_fake: 0.097 acc_grfake: 0.042 
(epoch: 13, batches: 180, time: 0.008, data: 0.003) loss_G_comp: 0.000 loss_G_anti_sc: 0.000 loss_G: 0.000 loss_D_real: 0.040 loss_D_fake: 0.105 loss_D: 0.925 acc_real: 0.034 acc_fake: 0.008 loss_G_conf: 0.000 loss_AUX: 0.515 loss_D_gr_fake: 0.266 acc_grfake: 0.042 
validation accuracies:
                gf: 0.06
                real: 0.01
                fake: 0.03

ran validation set (B:3001) in                         45.7 s.
(epoch: 13, batches: 200, time: 0.008, data: 0.004) loss_G_comp: 0.000 loss_G_anti_sc: 0.000 loss_G: 0.000 loss_D_real: 0.065 loss_D_fake: 0.040 loss_D: 0.793 acc_real: 0.005 acc_fake: 0.028 loss_G_conf: 0.000 loss_AUX: 0.576 loss_D_gr_fake: 0.111 acc_grfake: 0.062 
(epoch: 13, batches: 220, time: 0.008, data: 0.004) loss_G_comp: 0.000 loss_G_anti_sc: 0.000 loss_G: 0.000 loss_D_real: 0.071 loss_D_fake: 0.029 loss_D: 0.732 acc_real: 0.005 acc_fake: 0.028 loss_G_conf: 0.000 loss_AUX: 0.539 loss_D_gr_fake: 0.094 acc_grfake: 0.062 
learning rate 0.0002000 -> 0.0002000
End of epoch 13 / 30 	 Time Taken: 212 sec
Gaussian filter weight at end of epoch 13: tensor([[[[0.0751, 0.1238, 0.0751],
          [0.1238, 0.2042, 0.1238],
          [0.0751, 0.1238, 0.0751]]],


        [[[0.0751, 0.1238, 0.0751],
          [0.1238, 0.2042, 0.1238],
          [0.0751, 0.1238, 0.0751]]],


        [[[0.0751, 0.1238, 0.0751],
          [0.1238, 0.2042, 0.1238],
          [0.0751, 0.1238, 0.0751]]]], device='cuda:0')
(epoch: 14, batches: 20, time: 0.008, data: 0.004) loss_G_comp: 0.000 loss_G_anti_sc: 0.000 loss_G: 0.000 loss_D_real: 0.056 loss_D_fake: 0.161 loss_D: 0.949 acc_real: 0.005 acc_fake: 0.028 loss_G_conf: 0.000 loss_AUX: 0.534 loss_D_gr_fake: 0.199 acc_grfake: 0.062 
(epoch: 14, batches: 40, time: 0.009, data: 0.003) loss_G_comp: 0.000 loss_G_anti_sc: 0.000 loss_G: 0.000 loss_D_real: 0.047 loss_D_fake: 0.113 loss_D: 1.087 acc_real: 0.005 acc_fake: 0.028 loss_G_conf: 0.000 loss_AUX: 0.536 loss_D_gr_fake: 0.392 acc_grfake: 0.062 
validation accuracies:
                gf: 0.05
                real: 0.04
                fake: 0.01

ran validation set (B:3101) in                         46.0 s.
(epoch: 14, batches: 60, time: 0.008, data: 0.003) loss_G_comp: 0.000 loss_G_anti_sc: 0.000 loss_G: 0.000 loss_D_real: 0.038 loss_D_fake: 0.065 loss_D: 0.813 acc_real: 0.042 acc_fake: 0.010 loss_G_conf: 0.000 loss_AUX: 0.511 loss_D_gr_fake: 0.198 acc_grfake: 0.046 
(epoch: 14, batches: 80, time: 0.007, data: 0.005) loss_G_comp: 0.000 loss_G_anti_sc: 0.000 loss_G: 0.000 loss_D_real: 0.055 loss_D_fake: 0.138 loss_D: 0.942 acc_real: 0.042 acc_fake: 0.010 loss_G_conf: 0.000 loss_AUX: 0.512 loss_D_gr_fake: 0.237 acc_grfake: 0.046 
(epoch: 14, batches: 100, time: 0.008, data: 0.005) loss_G_comp: 0.000 loss_G_anti_sc: 0.000 loss_G: 0.000 loss_D_real: 0.051 loss_D_fake: 0.107 loss_D: 0.763 acc_real: 0.042 acc_fake: 0.010 loss_G_conf: 0.000 loss_AUX: 0.514 loss_D_gr_fake: 0.091 acc_grfake: 0.046 
(epoch: 14, batches: 120, time: 0.008, data: 0.006) loss_G_comp: 0.000 loss_G_anti_sc: 0.000 loss_G: 0.000 loss_D_real: 0.046 loss_D_fake: 0.038 loss_D: 0.662 acc_real: 0.042 acc_fake: 0.010 loss_G_conf: 0.000 loss_AUX: 0.507 loss_D_gr_fake: 0.071 acc_grfake: 0.046 
(epoch: 14, batches: 140, time: 0.008, data: 0.005) loss_G_comp: 0.000 loss_G_anti_sc: 0.000 loss_G: 0.000 loss_D_real: 0.023 loss_D_fake: 0.112 loss_D: 0.973 acc_real: 0.042 acc_fake: 0.010 loss_G_conf: 0.000 loss_AUX: 0.527 loss_D_gr_fake: 0.311 acc_grfake: 0.046 
validation accuracies:
                gf: 0.05
                real: 0.01
                fake: 0.03

ran validation set (B:3201) in                         45.7 s.
(epoch: 14, batches: 160, time: 0.008, data: 0.003) loss_G_comp: 0.000 loss_G_anti_sc: 0.000 loss_G: 0.000 loss_D_real: 0.024 loss_D_fake: 0.038 loss_D: 0.774 acc_real: 0.009 acc_fake: 0.025 loss_G_conf: 0.000 loss_AUX: 0.534 loss_D_gr_fake: 0.179 acc_grfake: 0.049 
(epoch: 14, batches: 180, time: 0.008, data: 0.004) loss_G_comp: 0.000 loss_G_anti_sc: 0.000 loss_G: 0.000 loss_D_real: 0.047 loss_D_fake: 0.032 loss_D: 0.689 acc_real: 0.009 acc_fake: 0.025 loss_G_conf: 0.000 loss_AUX: 0.550 loss_D_gr_fake: 0.061 acc_grfake: 0.049 
(epoch: 14, batches: 200, time: 0.008, data: 0.005) loss_G_comp: 0.000 loss_G_anti_sc: 0.000 loss_G: 0.000 loss_D_real: 0.068 loss_D_fake: 0.026 loss_D: 0.675 acc_real: 0.009 acc_fake: 0.025 loss_G_conf: 0.000 loss_AUX: 0.539 loss_D_gr_fake: 0.042 acc_grfake: 0.049 
(epoch: 14, batches: 220, time: 0.007, data: 0.004) loss_G_comp: 0.000 loss_G_anti_sc: 0.000 loss_G: 0.000 loss_D_real: 0.091 loss_D_fake: 0.005 loss_D: 0.701 acc_real: 0.009 acc_fake: 0.025 loss_G_conf: 0.000 loss_AUX: 0.540 loss_D_gr_fake: 0.065 acc_grfake: 0.049 
learning rate 0.0002000 -> 0.0002000
End of epoch 14 / 30 	 Time Taken: 212 sec
Gaussian filter weight at end of epoch 14: tensor([[[[0.0751, 0.1238, 0.0751],
          [0.1238, 0.2042, 0.1238],
          [0.0751, 0.1238, 0.0751]]],


        [[[0.0751, 0.1238, 0.0751],
          [0.1238, 0.2042, 0.1238],
          [0.0751, 0.1238, 0.0751]]],


        [[[0.0751, 0.1238, 0.0751],
          [0.1238, 0.2042, 0.1238],
          [0.0751, 0.1238, 0.0751]]]], device='cuda:0')
