starting MoveGAN training run 10
Tar file moved to scratch
Current time : 11:16:03

10k_train.tar.gz
990000_img.jpg
990000_mask_0.jpg
990000_mask_1.jpg
990000_mask_2.jpg
Tar file extracted on scratch
Current time : 11:16:08

Validation tar copied to scratch
Current time : 11:16:08

validation tar extracted on scratch
Current time : 11:16:09

----------------- Options ---------------
               batch_size: 64                            	[default: 1]
                    beta1: 0.5                           
                    beta2: 0.999                         
          checkpoints_dir: /scratch/checkpoints          	[default: ./checkpoints]
           continue_train: False                         
                crop_size: 64                            
                 dataroot: /scratch/datasets/ROOM/images/	[default: None]
             dataset_mode: room                          
                direction: AtoB                          
              display_env: main                          
             display_freq: 100                           
               display_id: 0                             	[default: 1]
            display_ncols: 4                             
             display_port: 8097                          
           display_server: http://localhost              
          display_winsize: 256                           
                    epoch: latest                        
              epoch_count: 1                             
                 gan_mode: vanilla                       
                  gpu_ids: 0                             
                init_gain: 0.02                          
                init_type: normal                        
                 input_nc: 3                             
                  isTrain: True                          	[default: None]
          keep_last_batch: False                         
                load_iter: 0                             	[default: 0]
                load_size: 64                            
                       lr: 0.0002                        
           lr_decay_iters: 50                            
                lr_policy: step                          
         max_dataset_size: 10000                         	[default: inf]
          min_obj_surface: 60                            	[default: 100]
                    model: move                          	[default: copy]
                 n_epochs: 10                            	[default: 100]
           n_epochs_decay: 20                            	[default: 100]
               n_layers_D: 3                             
            n_layers_conv: 4                             
                     name: Move                          	[default: MoveModel]
                      ndf: 64                            
                     netD: basic                         
                     netG: resnet_9blocks                
                      ngf: 64                            
               no_dropout: False                         
                  no_flip: True                          
                  no_html: False                         
                     norm: instance                      
              num_threads: 4                             
                output_nc: 3                             
                    phase: train                         
                pool_size: 50                            
               preprocess: resize                        
               print_freq: 20                            
              real_target: 0.8                           
             save_by_iter: False                         
          save_epoch_freq: 5                             
         save_latest_freq: 5000                          
                     seed: 0                             
           serial_batches: False                         
                   suffix:                               
                theta_dim: 6                             	[default: 2]
              tracemalloc: False                         
         update_html_freq: 100                           
                  use_amp: True                          
           val_batch_size: 128                           
                 val_freq: 100                           
                  verbose: False                         
----------------- End -------------------
dataset [RoomDataset] and dataloder are created
dataset [RoomDataset] and dataloder are created
Starting training of move-model
The number of training images = 10000
The number of validation images = 1111
The number of epochs to run = 30
gpu_ids: [0]
initialize network with normal
gpu_ids: [0]
initialize network with normal
model [MoveModel] was created
---------- Networks initialized -------------
[Network Conv] Total number of parameters : 4.732 M
[Network D] Total number of parameters : 6.960 M
-----------------------------------------------
create web directory /scratch/checkpoints/Move/web...
(epoch: 1, batches: 20, time: 0.002, data: 0.001) loss_D_real: 0.603 loss_D_fake: 2.078 loss_D: 1.340 loss_G: 0.596 loss_conv: 3.365 loss_eq: 2.769 acc_real: 0.935 acc_fake: 0.028 
{'scale': 65536.0, 'growth_factor': 2.0, 'backoff_factor': 0.5, 'growth_interval': 2000, '_growth_tracker': 20}
(epoch: 1, batches: 40, time: 0.002, data: 0.001) loss_D_real: 0.528 loss_D_fake: 1.682 loss_D: 1.105 loss_G: 0.530 loss_conv: 3.201 loss_eq: 2.671 acc_real: 0.996 acc_fake: 0.004 
{'scale': 65536.0, 'growth_factor': 2.0, 'backoff_factor': 0.5, 'growth_interval': 2000, '_growth_tracker': 40}
(epoch: 1, batches: 60, time: 0.002, data: 0.002) loss_D_real: 0.525 loss_D_fake: 1.620 loss_D: 1.073 loss_G: 0.524 loss_conv: 3.106 loss_eq: 2.582 acc_real: 0.988 acc_fake: 0.008 
{'scale': 65536.0, 'growth_factor': 2.0, 'backoff_factor': 0.5, 'growth_interval': 2000, '_growth_tracker': 60}
(epoch: 1, batches: 80, time: 0.002, data: 0.001) loss_D_real: 0.537 loss_D_fake: 1.536 loss_D: 1.037 loss_G: 0.546 loss_conv: 3.153 loss_eq: 2.606 acc_real: 0.975 acc_fake: 0.021 
{'scale': 65536.0, 'growth_factor': 2.0, 'backoff_factor': 0.5, 'growth_interval': 2000, '_growth_tracker': 80}
(epoch: 1, batches: 100, time: 0.003, data: 0.002) loss_D_real: 0.525 loss_D_fake: 1.630 loss_D: 1.078 loss_G: 0.522 loss_conv: 3.205 loss_eq: 2.683 acc_real: 0.996 acc_fake: 0.000 
{'scale': 65536.0, 'growth_factor': 2.0, 'backoff_factor': 0.5, 'growth_interval': 2000, '_growth_tracker': 100}
(epoch: 1, batches: 120, time: 0.002, data: 0.002) loss_D_real: 0.521 loss_D_fake: 1.617 loss_D: 1.069 loss_G: 0.518 loss_conv: 3.369 loss_eq: 2.851 acc_real: 0.991 acc_fake: 0.000 
{'scale': 65536.0, 'growth_factor': 2.0, 'backoff_factor': 0.5, 'growth_interval': 2000, '_growth_tracker': 120}
(epoch: 1, batches: 140, time: 0.002, data: 0.001) loss_D_real: 0.536 loss_D_fake: 1.937 loss_D: 1.236 loss_G: 0.517 loss_conv: 3.457 loss_eq: 2.939 acc_real: 1.000 acc_fake: 0.005 
{'scale': 65536.0, 'growth_factor': 2.0, 'backoff_factor': 0.5, 'growth_interval': 2000, '_growth_tracker': 140}
learning rate 0.0002000 -> 0.0002000
End of epoch 1 / 30 	 Time Taken: 423 sec
(epoch: 2, batches: 20, time: 0.002, data: 0.002) loss_D_real: 0.514 loss_D_fake: 1.755 loss_D: 1.135 loss_G: 0.515 loss_conv: 3.487 loss_eq: 2.971 acc_real: 1.000 acc_fake: 0.000 
{'scale': 65536.0, 'growth_factor': 2.0, 'backoff_factor': 0.5, 'growth_interval': 2000, '_growth_tracker': 176}
(epoch: 2, batches: 40, time: 0.002, data: 0.001) loss_D_real: 0.512 loss_D_fake: 1.702 loss_D: 1.107 loss_G: 0.511 loss_conv: 3.496 loss_eq: 2.985 acc_real: 1.000 acc_fake: 0.000 
{'scale': 65536.0, 'growth_factor': 2.0, 'backoff_factor': 0.5, 'growth_interval': 2000, '_growth_tracker': 196}
(epoch: 2, batches: 60, time: 0.002, data: 0.002) loss_D_real: 0.514 loss_D_fake: 1.748 loss_D: 1.131 loss_G: 0.513 loss_conv: 3.507 loss_eq: 2.994 acc_real: 1.000 acc_fake: 0.000 
{'scale': 65536.0, 'growth_factor': 2.0, 'backoff_factor': 0.5, 'growth_interval': 2000, '_growth_tracker': 216}
(epoch: 2, batches: 80, time: 0.002, data: 0.002) loss_D_real: 0.517 loss_D_fake: 1.761 loss_D: 1.139 loss_G: 0.514 loss_conv: 3.489 loss_eq: 2.976 acc_real: 1.000 acc_fake: 0.000 
{'scale': 65536.0, 'growth_factor': 2.0, 'backoff_factor': 0.5, 'growth_interval': 2000, '_growth_tracker': 236}
(epoch: 2, batches: 100, time: 0.002, data: 0.001) loss_D_real: 0.510 loss_D_fake: 1.683 loss_D: 1.096 loss_G: 0.510 loss_conv: 3.492 loss_eq: 2.982 acc_real: 1.000 acc_fake: 0.000 
{'scale': 65536.0, 'growth_factor': 2.0, 'backoff_factor': 0.5, 'growth_interval': 2000, '_growth_tracker': 256}
(epoch: 2, batches: 120, time: 0.002, data: 0.001) loss_D_real: 0.511 loss_D_fake: 1.610 loss_D: 1.060 loss_G: 0.510 loss_conv: 3.494 loss_eq: 2.984 acc_real: 1.000 acc_fake: 0.000 
{'scale': 65536.0, 'growth_factor': 2.0, 'backoff_factor': 0.5, 'growth_interval': 2000, '_growth_tracker': 276}
(epoch: 2, batches: 140, time: 0.002, data: 0.002) loss_D_real: 0.510 loss_D_fake: 1.655 loss_D: 1.083 loss_G: 0.509 loss_conv: 3.502 loss_eq: 2.993 acc_real: 1.000 acc_fake: 0.000 
{'scale': 65536.0, 'growth_factor': 2.0, 'backoff_factor': 0.5, 'growth_interval': 2000, '_growth_tracker': 296}
learning rate 0.0002000 -> 0.0002000
End of epoch 2 / 30 	 Time Taken: 424 sec
(epoch: 3, batches: 20, time: 0.002, data: 0.001) loss_D_real: 0.511 loss_D_fake: 1.427 loss_D: 0.969 loss_G: 0.514 loss_conv: 3.504 loss_eq: 2.990 acc_real: 1.000 acc_fake: 0.000 
{'scale': 65536.0, 'growth_factor': 2.0, 'backoff_factor': 0.5, 'growth_interval': 2000, '_growth_tracker': 332}
(epoch: 3, batches: 40, time: 0.002, data: 0.001) loss_D_real: 0.507 loss_D_fake: 1.666 loss_D: 1.086 loss_G: 0.506 loss_conv: 3.500 loss_eq: 2.994 acc_real: 1.000 acc_fake: 0.000 
{'scale': 65536.0, 'growth_factor': 2.0, 'backoff_factor': 0.5, 'growth_interval': 2000, '_growth_tracker': 352}
(epoch: 3, batches: 60, time: 0.003, data: 0.002) loss_D_real: 0.509 loss_D_fake: 1.629 loss_D: 1.069 loss_G: 0.508 loss_conv: 3.504 loss_eq: 2.996 acc_real: 1.000 acc_fake: 0.000 
{'scale': 65536.0, 'growth_factor': 2.0, 'backoff_factor': 0.5, 'growth_interval': 2000, '_growth_tracker': 372}
(epoch: 3, batches: 80, time: 0.002, data: 0.012) loss_D_real: 0.508 loss_D_fake: 1.607 loss_D: 1.058 loss_G: 0.513 loss_conv: 3.507 loss_eq: 2.994 acc_real: 1.000 acc_fake: 0.000 
{'scale': 65536.0, 'growth_factor': 2.0, 'backoff_factor': 0.5, 'growth_interval': 2000, '_growth_tracker': 392}
(epoch: 3, batches: 100, time: 0.002, data: 0.023) loss_D_real: 0.508 loss_D_fake: 1.688 loss_D: 1.098 loss_G: 0.507 loss_conv: 3.481 loss_eq: 2.975 acc_real: 1.000 acc_fake: 0.000 
{'scale': 65536.0, 'growth_factor': 2.0, 'backoff_factor': 0.5, 'growth_interval': 2000, '_growth_tracker': 412}
(epoch: 3, batches: 120, time: 0.003, data: 0.002) loss_D_real: 0.508 loss_D_fake: 1.732 loss_D: 1.120 loss_G: 0.508 loss_conv: 3.499 loss_eq: 2.990 acc_real: 1.000 acc_fake: 0.000 
{'scale': 65536.0, 'growth_factor': 2.0, 'backoff_factor': 0.5, 'growth_interval': 2000, '_growth_tracker': 432}
(epoch: 3, batches: 140, time: 0.003, data: 0.001) loss_D_real: 0.508 loss_D_fake: 1.819 loss_D: 1.163 loss_G: 0.507 loss_conv: 3.483 loss_eq: 2.976 acc_real: 1.000 acc_fake: 0.000 
{'scale': 65536.0, 'growth_factor': 2.0, 'backoff_factor': 0.5, 'growth_interval': 2000, '_growth_tracker': 452}
learning rate 0.0002000 -> 0.0002000
End of epoch 3 / 30 	 Time Taken: 421 sec
(epoch: 4, batches: 20, time: 0.002, data: 0.217) loss_D_real: 0.509 loss_D_fake: 1.742 loss_D: 1.125 loss_G: 0.508 loss_conv: 3.508 loss_eq: 3.000 acc_real: 1.000 acc_fake: 0.000 
{'scale': 65536.0, 'growth_factor': 2.0, 'backoff_factor': 0.5, 'growth_interval': 2000, '_growth_tracker': 488}
(epoch: 4, batches: 40, time: 0.003, data: 0.002) loss_D_real: 0.513 loss_D_fake: 1.406 loss_D: 0.959 loss_G: 0.516 loss_conv: 3.509 loss_eq: 2.992 acc_real: 1.000 acc_fake: 0.000 
{'scale': 65536.0, 'growth_factor': 2.0, 'backoff_factor': 0.5, 'growth_interval': 2000, '_growth_tracker': 508}
(epoch: 4, batches: 60, time: 0.002, data: 0.001) loss_D_real: 0.506 loss_D_fake: 1.566 loss_D: 1.036 loss_G: 0.509 loss_conv: 3.508 loss_eq: 3.000 acc_real: 1.000 acc_fake: 0.000 
{'scale': 65536.0, 'growth_factor': 2.0, 'backoff_factor': 0.5, 'growth_interval': 2000, '_growth_tracker': 528}
(epoch: 4, batches: 80, time: 0.002, data: 0.002) loss_D_real: 0.504 loss_D_fake: 1.645 loss_D: 1.074 loss_G: 0.504 loss_conv: 3.504 loss_eq: 3.000 acc_real: 1.000 acc_fake: 0.000 
{'scale': 65536.0, 'growth_factor': 2.0, 'backoff_factor': 0.5, 'growth_interval': 2000, '_growth_tracker': 548}
(epoch: 4, batches: 100, time: 0.002, data: 0.001) loss_D_real: 0.505 loss_D_fake: 1.571 loss_D: 1.038 loss_G: 0.505 loss_conv: 3.505 loss_eq: 3.000 acc_real: 1.000 acc_fake: 0.000 
{'scale': 65536.0, 'growth_factor': 2.0, 'backoff_factor': 0.5, 'growth_interval': 2000, '_growth_tracker': 568}
(epoch: 4, batches: 120, time: 0.002, data: 0.001) loss_D_real: 0.504 loss_D_fake: 1.598 loss_D: 1.051 loss_G: 0.504 loss_conv: 3.501 loss_eq: 2.997 acc_real: 1.000 acc_fake: 0.000 
{'scale': 65536.0, 'growth_factor': 2.0, 'backoff_factor': 0.5, 'growth_interval': 2000, '_growth_tracker': 588}
(epoch: 4, batches: 140, time: 0.002, data: 0.002) loss_D_real: 0.504 loss_D_fake: 1.536 loss_D: 1.020 loss_G: 0.505 loss_conv: 3.504 loss_eq: 3.000 acc_real: 1.000 acc_fake: 0.000 
{'scale': 65536.0, 'growth_factor': 2.0, 'backoff_factor': 0.5, 'growth_interval': 2000, '_growth_tracker': 608}
learning rate 0.0002000 -> 0.0002000
End of epoch 4 / 30 	 Time Taken: 422 sec
(epoch: 5, batches: 20, time: 0.002, data: 9.832) loss_D_real: 0.503 loss_D_fake: 1.619 loss_D: 1.061 loss_G: 0.503 loss_conv: 3.503 loss_eq: 3.000 acc_real: 1.000 acc_fake: 0.000 
{'scale': 65536.0, 'growth_factor': 2.0, 'backoff_factor': 0.5, 'growth_interval': 2000, '_growth_tracker': 644}
(epoch: 5, batches: 40, time: 0.002, data: 9.285) loss_D_real: 0.504 loss_D_fake: 1.676 loss_D: 1.090 loss_G: 0.504 loss_conv: 3.504 loss_eq: 3.000 acc_real: 1.000 acc_fake: 0.000 
{'scale': 65536.0, 'growth_factor': 2.0, 'backoff_factor': 0.5, 'growth_interval': 2000, '_growth_tracker': 664}
(epoch: 5, batches: 60, time: 0.002, data: 8.789) loss_D_real: 0.504 loss_D_fake: 1.545 loss_D: 1.024 loss_G: 0.504 loss_conv: 3.504 loss_eq: 3.000 acc_real: 1.000 acc_fake: 0.000 
{'scale': 65536.0, 'growth_factor': 2.0, 'backoff_factor': 0.5, 'growth_interval': 2000, '_growth_tracker': 684}
(epoch: 5, batches: 80, time: 0.002, data: 8.172) loss_D_real: 0.504 loss_D_fake: 1.523 loss_D: 1.013 loss_G: 0.504 loss_conv: 3.504 loss_eq: 3.000 acc_real: 1.000 acc_fake: 0.000 
{'scale': 65536.0, 'growth_factor': 2.0, 'backoff_factor': 0.5, 'growth_interval': 2000, '_growth_tracker': 704}
(epoch: 5, batches: 100, time: 0.002, data: 7.313) loss_D_real: 0.505 loss_D_fake: 1.708 loss_D: 1.107 loss_G: 0.505 loss_conv: 3.505 loss_eq: 3.000 acc_real: 1.000 acc_fake: 0.000 
{'scale': 65536.0, 'growth_factor': 2.0, 'backoff_factor': 0.5, 'growth_interval': 2000, '_growth_tracker': 724}
(epoch: 5, batches: 120, time: 0.002, data: 7.180) loss_D_real: 0.503 loss_D_fake: 1.566 loss_D: 1.034 loss_G: 0.502 loss_conv: 3.502 loss_eq: 3.000 acc_real: 1.000 acc_fake: 0.000 
{'scale': 65536.0, 'growth_factor': 2.0, 'backoff_factor': 0.5, 'growth_interval': 2000, '_growth_tracker': 744}
(epoch: 5, batches: 140, time: 0.002, data: 6.797) loss_D_real: 0.503 loss_D_fake: 1.566 loss_D: 1.035 loss_G: 0.504 loss_conv: 3.503 loss_eq: 2.999 acc_real: 1.000 acc_fake: 0.000 
{'scale': 65536.0, 'growth_factor': 2.0, 'backoff_factor': 0.5, 'growth_interval': 2000, '_growth_tracker': 764}
saving the model at the end of epoch 5, iters 49920
learning rate 0.0002000 -> 0.0002000
End of epoch 5 / 30 	 Time Taken: 425 sec
(epoch: 6, batches: 20, time: 0.003, data: 0.001) loss_D_real: 0.505 loss_D_fake: 1.678 loss_D: 1.092 loss_G: 0.505 loss_conv: 3.504 loss_eq: 2.999 acc_real: 1.000 acc_fake: 0.000 
{'scale': 65536.0, 'growth_factor': 2.0, 'backoff_factor': 0.5, 'growth_interval': 2000, '_growth_tracker': 800}
(epoch: 6, batches: 40, time: 0.003, data: 0.002) loss_D_real: 0.505 loss_D_fake: 1.605 loss_D: 1.055 loss_G: 0.504 loss_conv: 3.504 loss_eq: 3.000 acc_real: 1.000 acc_fake: 0.000 
{'scale': 65536.0, 'growth_factor': 2.0, 'backoff_factor': 0.5, 'growth_interval': 2000, '_growth_tracker': 820}
(epoch: 6, batches: 60, time: 0.003, data: 0.001) loss_D_real: 0.508 loss_D_fake: 1.440 loss_D: 0.974 loss_G: 0.508 loss_conv: 3.508 loss_eq: 3.000 acc_real: 1.000 acc_fake: 0.000 
{'scale': 65536.0, 'growth_factor': 2.0, 'backoff_factor': 0.5, 'growth_interval': 2000, '_growth_tracker': 840}
(epoch: 6, batches: 80, time: 0.002, data: 0.001) loss_D_real: 0.504 loss_D_fake: 1.556 loss_D: 1.030 loss_G: 0.504 loss_conv: 3.503 loss_eq: 2.999 acc_real: 1.000 acc_fake: 0.000 
{'scale': 65536.0, 'growth_factor': 2.0, 'backoff_factor': 0.5, 'growth_interval': 2000, '_growth_tracker': 860}
(epoch: 6, batches: 100, time: 0.003, data: 0.001) loss_D_real: 0.506 loss_D_fake: 1.626 loss_D: 1.066 loss_G: 0.505 loss_conv: 3.505 loss_eq: 3.000 acc_real: 1.000 acc_fake: 0.000 
{'scale': 65536.0, 'growth_factor': 2.0, 'backoff_factor': 0.5, 'growth_interval': 2000, '_growth_tracker': 880}
(epoch: 6, batches: 120, time: 0.003, data: 0.002) loss_D_real: 0.504 loss_D_fake: 1.613 loss_D: 1.058 loss_G: 0.504 loss_conv: 3.504 loss_eq: 3.000 acc_real: 1.000 acc_fake: 0.000 
{'scale': 65536.0, 'growth_factor': 2.0, 'backoff_factor': 0.5, 'growth_interval': 2000, '_growth_tracker': 900}
(epoch: 6, batches: 140, time: 0.002, data: 0.001) loss_D_real: 0.503 loss_D_fake: 1.629 loss_D: 1.066 loss_G: 0.504 loss_conv: 3.504 loss_eq: 3.000 acc_real: 1.000 acc_fake: 0.000 
{'scale': 65536.0, 'growth_factor': 2.0, 'backoff_factor': 0.5, 'growth_interval': 2000, '_growth_tracker': 920}
learning rate 0.0002000 -> 0.0002000
End of epoch 6 / 30 	 Time Taken: 423 sec
(epoch: 7, batches: 20, time: 0.002, data: 0.002) loss_D_real: 0.502 loss_D_fake: 1.620 loss_D: 1.061 loss_G: 0.503 loss_conv: 3.503 loss_eq: 3.000 acc_real: 1.000 acc_fake: 0.000 
{'scale': 65536.0, 'growth_factor': 2.0, 'backoff_factor': 0.5, 'growth_interval': 2000, '_growth_tracker': 956}
(epoch: 7, batches: 40, time: 0.002, data: 0.001) loss_D_real: 0.505 loss_D_fake: 1.616 loss_D: 1.060 loss_G: 0.505 loss_conv: 3.505 loss_eq: 3.000 acc_real: 1.000 acc_fake: 0.000 
{'scale': 65536.0, 'growth_factor': 2.0, 'backoff_factor': 0.5, 'growth_interval': 2000, '_growth_tracker': 976}
(epoch: 7, batches: 60, time: 0.003, data: 0.001) loss_D_real: 0.503 loss_D_fake: 1.591 loss_D: 1.047 loss_G: 0.502 loss_conv: 3.502 loss_eq: 3.000 acc_real: 1.000 acc_fake: 0.000 
{'scale': 65536.0, 'growth_factor': 2.0, 'backoff_factor': 0.5, 'growth_interval': 2000, '_growth_tracker': 996}
(epoch: 7, batches: 80, time: 0.002, data: 0.002) loss_D_real: 0.504 loss_D_fake: 1.553 loss_D: 1.029 loss_G: 0.504 loss_conv: 3.504 loss_eq: 3.000 acc_real: 1.000 acc_fake: 0.000 
{'scale': 65536.0, 'growth_factor': 2.0, 'backoff_factor': 0.5, 'growth_interval': 2000, '_growth_tracker': 1016}
(epoch: 7, batches: 100, time: 0.003, data: 0.001) loss_D_real: 0.503 loss_D_fake: 1.709 loss_D: 1.106 loss_G: 0.504 loss_conv: 3.504 loss_eq: 3.000 acc_real: 1.000 acc_fake: 0.000 
{'scale': 65536.0, 'growth_factor': 2.0, 'backoff_factor': 0.5, 'growth_interval': 2000, '_growth_tracker': 1036}
(epoch: 7, batches: 120, time: 0.003, data: 0.002) loss_D_real: 0.506 loss_D_fake: 1.450 loss_D: 0.978 loss_G: 0.504 loss_conv: 3.504 loss_eq: 3.000 acc_real: 1.000 acc_fake: 0.000 
{'scale': 65536.0, 'growth_factor': 2.0, 'backoff_factor': 0.5, 'growth_interval': 2000, '_growth_tracker': 1056}
(epoch: 7, batches: 140, time: 0.002, data: 0.002) loss_D_real: 0.505 loss_D_fake: 1.507 loss_D: 1.006 loss_G: 0.509 loss_conv: 3.509 loss_eq: 3.000 acc_real: 1.000 acc_fake: 0.000 
{'scale': 65536.0, 'growth_factor': 2.0, 'backoff_factor': 0.5, 'growth_interval': 2000, '_growth_tracker': 1076}
learning rate 0.0002000 -> 0.0002000
End of epoch 7 / 30 	 Time Taken: 422 sec
(epoch: 8, batches: 20, time: 0.002, data: 0.001) loss_D_real: 0.503 loss_D_fake: 1.540 loss_D: 1.022 loss_G: 0.502 loss_conv: 3.499 loss_eq: 2.996 acc_real: 1.000 acc_fake: 0.000 
{'scale': 65536.0, 'growth_factor': 2.0, 'backoff_factor': 0.5, 'growth_interval': 2000, '_growth_tracker': 1112}
(epoch: 8, batches: 40, time: 0.002, data: 0.002) loss_D_real: 0.503 loss_D_fake: 1.667 loss_D: 1.085 loss_G: 0.502 loss_conv: 3.502 loss_eq: 3.000 acc_real: 1.000 acc_fake: 0.000 
{'scale': 65536.0, 'growth_factor': 2.0, 'backoff_factor': 0.5, 'growth_interval': 2000, '_growth_tracker': 1132}
(epoch: 8, batches: 60, time: 0.003, data: 0.005) loss_D_real: 0.502 loss_D_fake: 1.585 loss_D: 1.043 loss_G: 0.502 loss_conv: 3.502 loss_eq: 3.000 acc_real: 1.000 acc_fake: 0.000 
{'scale': 65536.0, 'growth_factor': 2.0, 'backoff_factor': 0.5, 'growth_interval': 2000, '_growth_tracker': 1152}
(epoch: 8, batches: 80, time: 0.003, data: 0.005) loss_D_real: 0.502 loss_D_fake: 1.602 loss_D: 1.052 loss_G: 0.502 loss_conv: 3.501 loss_eq: 2.999 acc_real: 1.000 acc_fake: 0.000 
{'scale': 65536.0, 'growth_factor': 2.0, 'backoff_factor': 0.5, 'growth_interval': 2000, '_growth_tracker': 1172}
(epoch: 8, batches: 100, time: 0.003, data: 0.004) loss_D_real: 0.503 loss_D_fake: 1.533 loss_D: 1.018 loss_G: 0.504 loss_conv: 3.503 loss_eq: 2.999 acc_real: 1.000 acc_fake: 0.000 
{'scale': 65536.0, 'growth_factor': 2.0, 'backoff_factor': 0.5, 'growth_interval': 2000, '_growth_tracker': 1192}
(epoch: 8, batches: 120, time: 0.003, data: 0.118) loss_D_real: 0.503 loss_D_fake: 1.719 loss_D: 1.111 loss_G: 0.504 loss_conv: 3.504 loss_eq: 3.000 acc_real: 1.000 acc_fake: 0.000 
{'scale': 65536.0, 'growth_factor': 2.0, 'backoff_factor': 0.5, 'growth_interval': 2000, '_growth_tracker': 1212}
(epoch: 8, batches: 140, time: 0.003, data: 0.078) loss_D_real: 0.505 loss_D_fake: 1.773 loss_D: 1.139 loss_G: 0.504 loss_conv: 3.504 loss_eq: 3.000 acc_real: 1.000 acc_fake: 0.000 
{'scale': 65536.0, 'growth_factor': 2.0, 'backoff_factor': 0.5, 'growth_interval': 2000, '_growth_tracker': 1232}
learning rate 0.0002000 -> 0.0002000
End of epoch 8 / 30 	 Time Taken: 423 sec
(epoch: 9, batches: 20, time: 0.003, data: 0.001) loss_D_real: 0.503 loss_D_fake: 1.692 loss_D: 1.098 loss_G: 0.504 loss_conv: 3.504 loss_eq: 3.000 acc_real: 1.000 acc_fake: 0.000 
{'scale': 65536.0, 'growth_factor': 2.0, 'backoff_factor': 0.5, 'growth_interval': 2000, '_growth_tracker': 1268}
(epoch: 9, batches: 40, time: 0.003, data: 0.001) loss_D_real: 0.503 loss_D_fake: 1.530 loss_D: 1.016 loss_G: 0.503 loss_conv: 3.502 loss_eq: 2.999 acc_real: 1.000 acc_fake: 0.000 
{'scale': 65536.0, 'growth_factor': 2.0, 'backoff_factor': 0.5, 'growth_interval': 2000, '_growth_tracker': 1288}
(epoch: 9, batches: 60, time: 0.002, data: 0.001) loss_D_real: 0.501 loss_D_fake: 1.627 loss_D: 1.064 loss_G: 0.501 loss_conv: 3.501 loss_eq: 3.000 acc_real: 1.000 acc_fake: 0.000 
{'scale': 65536.0, 'growth_factor': 2.0, 'backoff_factor': 0.5, 'growth_interval': 2000, '_growth_tracker': 1308}
(epoch: 9, batches: 80, time: 0.002, data: 0.001) loss_D_real: 0.502 loss_D_fake: 1.650 loss_D: 1.076 loss_G: 0.502 loss_conv: 3.500 loss_eq: 2.998 acc_real: 1.000 acc_fake: 0.000 
{'scale': 65536.0, 'growth_factor': 2.0, 'backoff_factor': 0.5, 'growth_interval': 2000, '_growth_tracker': 1328}
(epoch: 9, batches: 100, time: 0.002, data: 0.005) loss_D_real: 0.503 loss_D_fake: 1.639 loss_D: 1.071 loss_G: 0.503 loss_conv: 3.503 loss_eq: 3.000 acc_real: 1.000 acc_fake: 0.000 
{'scale': 65536.0, 'growth_factor': 2.0, 'backoff_factor': 0.5, 'growth_interval': 2000, '_growth_tracker': 1348}
(epoch: 9, batches: 120, time: 0.002, data: 0.678) loss_D_real: 0.505 loss_D_fake: 1.623 loss_D: 1.064 loss_G: 0.505 loss_conv: 3.505 loss_eq: 3.000 acc_real: 1.000 acc_fake: 0.000 
{'scale': 65536.0, 'growth_factor': 2.0, 'backoff_factor': 0.5, 'growth_interval': 2000, '_growth_tracker': 1368}
(epoch: 9, batches: 140, time: 0.002, data: 1.287) loss_D_real: 0.503 loss_D_fake: 1.622 loss_D: 1.063 loss_G: 0.502 loss_conv: 3.502 loss_eq: 3.000 acc_real: 1.000 acc_fake: 0.000 
{'scale': 65536.0, 'growth_factor': 2.0, 'backoff_factor': 0.5, 'growth_interval': 2000, '_growth_tracker': 1388}
learning rate 0.0002000 -> 0.0002000
End of epoch 9 / 30 	 Time Taken: 426 sec
(epoch: 10, batches: 20, time: 0.002, data: 10.055) loss_D_real: 0.503 loss_D_fake: 1.702 loss_D: 1.103 loss_G: 0.504 loss_conv: 3.504 loss_eq: 3.000 acc_real: 1.000 acc_fake: 0.000 
{'scale': 65536.0, 'growth_factor': 2.0, 'backoff_factor': 0.5, 'growth_interval': 2000, '_growth_tracker': 1424}
(epoch: 10, batches: 40, time: 0.003, data: 10.109) loss_D_real: 0.504 loss_D_fake: 1.504 loss_D: 1.004 loss_G: 0.503 loss_conv: 3.503 loss_eq: 3.000 acc_real: 1.000 acc_fake: 0.000 
{'scale': 65536.0, 'growth_factor': 2.0, 'backoff_factor': 0.5, 'growth_interval': 2000, '_growth_tracker': 1444}
(epoch: 10, batches: 60, time: 0.002, data: 10.171) loss_D_real: 0.502 loss_D_fake: 1.579 loss_D: 1.041 loss_G: 0.502 loss_conv: 3.502 loss_eq: 3.000 acc_real: 1.000 acc_fake: 0.000 
{'scale': 65536.0, 'growth_factor': 2.0, 'backoff_factor': 0.5, 'growth_interval': 2000, '_growth_tracker': 1464}
(epoch: 10, batches: 80, time: 0.002, data: 10.119) loss_D_real: 0.502 loss_D_fake: 1.626 loss_D: 1.064 loss_G: 0.502 loss_conv: 3.501 loss_eq: 3.000 acc_real: 1.000 acc_fake: 0.000 
{'scale': 65536.0, 'growth_factor': 2.0, 'backoff_factor': 0.5, 'growth_interval': 2000, '_growth_tracker': 1484}
(epoch: 10, batches: 100, time: 0.002, data: 10.123) loss_D_real: 0.502 loss_D_fake: 1.567 loss_D: 1.035 loss_G: 0.502 loss_conv: 3.502 loss_eq: 3.000 acc_real: 1.000 acc_fake: 0.000 
{'scale': 65536.0, 'growth_factor': 2.0, 'backoff_factor': 0.5, 'growth_interval': 2000, '_growth_tracker': 1504}
(epoch: 10, batches: 120, time: 0.002, data: 10.162) loss_D_real: 0.504 loss_D_fake: 1.766 loss_D: 1.135 loss_G: 0.504 loss_conv: 3.503 loss_eq: 2.998 acc_real: 1.000 acc_fake: 0.000 
{'scale': 65536.0, 'growth_factor': 2.0, 'backoff_factor': 0.5, 'growth_interval': 2000, '_growth_tracker': 1524}
(epoch: 10, batches: 140, time: 0.002, data: 10.206) loss_D_real: 0.502 loss_D_fake: 1.675 loss_D: 1.088 loss_G: 0.502 loss_conv: 3.502 loss_eq: 3.000 acc_real: 1.000 acc_fake: 0.000 
{'scale': 65536.0, 'growth_factor': 2.0, 'backoff_factor': 0.5, 'growth_interval': 2000, '_growth_tracker': 1544}
saving the model at the end of epoch 10, iters 99840
learning rate 0.0002000 -> 0.0001600
End of epoch 10 / 30 	 Time Taken: 422 sec
(epoch: 11, batches: 20, time: 0.003, data: 0.001) loss_D_real: 0.501 loss_D_fake: 1.597 loss_D: 1.049 loss_G: 0.501 loss_conv: 3.501 loss_eq: 3.000 acc_real: 1.000 acc_fake: 0.000 
{'scale': 65536.0, 'growth_factor': 2.0, 'backoff_factor': 0.5, 'growth_interval': 2000, '_growth_tracker': 1580}
(epoch: 11, batches: 40, time: 0.004, data: 0.001) loss_D_real: 0.501 loss_D_fake: 1.625 loss_D: 1.063 loss_G: 0.501 loss_conv: 3.501 loss_eq: 3.000 acc_real: 1.000 acc_fake: 0.000 
{'scale': 65536.0, 'growth_factor': 2.0, 'backoff_factor': 0.5, 'growth_interval': 2000, '_growth_tracker': 1600}
(epoch: 11, batches: 60, time: 0.003, data: 0.002) loss_D_real: 0.501 loss_D_fake: 1.617 loss_D: 1.059 loss_G: 0.501 loss_conv: 3.501 loss_eq: 3.000 acc_real: 1.000 acc_fake: 0.000 
{'scale': 65536.0, 'growth_factor': 2.0, 'backoff_factor': 0.5, 'growth_interval': 2000, '_growth_tracker': 1620}
(epoch: 11, batches: 80, time: 0.003, data: 0.001) loss_D_real: 0.501 loss_D_fake: 1.625 loss_D: 1.063 loss_G: 0.501 loss_conv: 3.501 loss_eq: 3.000 acc_real: 1.000 acc_fake: 0.000 
{'scale': 65536.0, 'growth_factor': 2.0, 'backoff_factor': 0.5, 'growth_interval': 2000, '_growth_tracker': 1640}
(epoch: 11, batches: 100, time: 0.003, data: 0.005) loss_D_real: 0.501 loss_D_fake: 1.626 loss_D: 1.063 loss_G: 0.501 loss_conv: 3.499 loss_eq: 2.998 acc_real: 1.000 acc_fake: 0.000 
{'scale': 65536.0, 'growth_factor': 2.0, 'backoff_factor': 0.5, 'growth_interval': 2000, '_growth_tracker': 1660}
(epoch: 11, batches: 120, time: 0.002, data: 0.002) loss_D_real: 0.501 loss_D_fake: 1.618 loss_D: 1.060 loss_G: 0.501 loss_conv: 3.501 loss_eq: 3.000 acc_real: 1.000 acc_fake: 0.000 
{'scale': 65536.0, 'growth_factor': 2.0, 'backoff_factor': 0.5, 'growth_interval': 2000, '_growth_tracker': 1680}
(epoch: 11, batches: 140, time: 0.003, data: 0.001) loss_D_real: 0.501 loss_D_fake: 1.608 loss_D: 1.054 loss_G: 0.501 loss_conv: 3.501 loss_eq: 3.000 acc_real: 1.000 acc_fake: 0.000 
{'scale': 65536.0, 'growth_factor': 2.0, 'backoff_factor': 0.5, 'growth_interval': 2000, '_growth_tracker': 1700}
learning rate 0.0001600 -> 0.0001600
End of epoch 11 / 30 	 Time Taken: 423 sec
(epoch: 12, batches: 20, time: 0.002, data: 0.002) loss_D_real: 0.501 loss_D_fake: 1.602 loss_D: 1.051 loss_G: 0.501 loss_conv: 3.501 loss_eq: 3.000 acc_real: 1.000 acc_fake: 0.000 
{'scale': 65536.0, 'growth_factor': 2.0, 'backoff_factor': 0.5, 'growth_interval': 2000, '_growth_tracker': 1736}
(epoch: 12, batches: 40, time: 0.002, data: 0.005) loss_D_real: 0.501 loss_D_fake: 1.618 loss_D: 1.060 loss_G: 0.501 loss_conv: 3.501 loss_eq: 3.000 acc_real: 1.000 acc_fake: 0.000 
{'scale': 65536.0, 'growth_factor': 2.0, 'backoff_factor': 0.5, 'growth_interval': 2000, '_growth_tracker': 1756}
(epoch: 12, batches: 60, time: 0.002, data: 0.002) loss_D_real: 0.501 loss_D_fake: 1.592 loss_D: 1.046 loss_G: 0.501 loss_conv: 3.501 loss_eq: 3.000 acc_real: 1.000 acc_fake: 0.000 
{'scale': 65536.0, 'growth_factor': 2.0, 'backoff_factor': 0.5, 'growth_interval': 2000, '_growth_tracker': 1776}
(epoch: 12, batches: 80, time: 0.002, data: 0.002) loss_D_real: 0.501 loss_D_fake: 1.612 loss_D: 1.056 loss_G: 0.501 loss_conv: 3.501 loss_eq: 3.000 acc_real: 1.000 acc_fake: 0.000 
{'scale': 65536.0, 'growth_factor': 2.0, 'backoff_factor': 0.5, 'growth_interval': 2000, '_growth_tracker': 1796}
(epoch: 12, batches: 100, time: 0.002, data: 0.001) loss_D_real: 0.501 loss_D_fake: 1.602 loss_D: 1.052 loss_G: 0.501 loss_conv: 3.501 loss_eq: 3.000 acc_real: 1.000 acc_fake: 0.000 
{'scale': 65536.0, 'growth_factor': 2.0, 'backoff_factor': 0.5, 'growth_interval': 2000, '_growth_tracker': 1816}
(epoch: 12, batches: 120, time: 0.002, data: 0.001) loss_D_real: 0.501 loss_D_fake: 1.607 loss_D: 1.054 loss_G: 0.501 loss_conv: 3.501 loss_eq: 3.000 acc_real: 1.000 acc_fake: 0.000 
{'scale': 65536.0, 'growth_factor': 2.0, 'backoff_factor': 0.5, 'growth_interval': 2000, '_growth_tracker': 1836}
(epoch: 12, batches: 140, time: 0.002, data: 0.001) loss_D_real: 0.501 loss_D_fake: 1.601 loss_D: 1.051 loss_G: 0.501 loss_conv: 3.500 loss_eq: 2.999 acc_real: 1.000 acc_fake: 0.000 
{'scale': 65536.0, 'growth_factor': 2.0, 'backoff_factor': 0.5, 'growth_interval': 2000, '_growth_tracker': 1856}
learning rate 0.0001600 -> 0.0001600
End of epoch 12 / 30 	 Time Taken: 423 sec
(epoch: 13, batches: 20, time: 0.002, data: 0.001) loss_D_real: 0.501 loss_D_fake: 1.616 loss_D: 1.058 loss_G: 0.501 loss_conv: 3.500 loss_eq: 2.999 acc_real: 1.000 acc_fake: 0.000 
{'scale': 65536.0, 'growth_factor': 2.0, 'backoff_factor': 0.5, 'growth_interval': 2000, '_growth_tracker': 1892}
(epoch: 13, batches: 40, time: 0.002, data: 0.151) loss_D_real: 0.501 loss_D_fake: 1.619 loss_D: 1.060 loss_G: 0.501 loss_conv: 3.501 loss_eq: 3.000 acc_real: 1.000 acc_fake: 0.000 
{'scale': 65536.0, 'growth_factor': 2.0, 'backoff_factor': 0.5, 'growth_interval': 2000, '_growth_tracker': 1912}
(epoch: 13, batches: 60, time: 0.002, data: 0.222) loss_D_real: 0.501 loss_D_fake: 1.619 loss_D: 1.060 loss_G: 0.501 loss_conv: 3.501 loss_eq: 3.000 acc_real: 1.000 acc_fake: 0.000 
{'scale': 65536.0, 'growth_factor': 2.0, 'backoff_factor': 0.5, 'growth_interval': 2000, '_growth_tracker': 1932}
(epoch: 13, batches: 80, time: 0.003, data: 0.229) loss_D_real: 0.501 loss_D_fake: 1.638 loss_D: 1.069 loss_G: 0.501 loss_conv: 3.501 loss_eq: 3.000 acc_real: 1.000 acc_fake: 0.000 
{'scale': 65536.0, 'growth_factor': 2.0, 'backoff_factor': 0.5, 'growth_interval': 2000, '_growth_tracker': 1952}
(epoch: 13, batches: 100, time: 0.003, data: 0.223) loss_D_real: 0.501 loss_D_fake: 1.619 loss_D: 1.060 loss_G: 0.501 loss_conv: 3.496 loss_eq: 2.995 acc_real: 1.000 acc_fake: 0.000 
{'scale': 65536.0, 'growth_factor': 2.0, 'backoff_factor': 0.5, 'growth_interval': 2000, '_growth_tracker': 1972}
(epoch: 13, batches: 120, time: 0.002, data: 0.179) loss_D_real: 0.501 loss_D_fake: 1.608 loss_D: 1.054 loss_G: 0.501 loss_conv: 3.501 loss_eq: 3.000 acc_real: 1.000 acc_fake: 0.000 
{'scale': 65536.0, 'growth_factor': 2.0, 'backoff_factor': 0.5, 'growth_interval': 2000, '_growth_tracker': 1992}
(epoch: 13, batches: 140, time: 0.002, data: 0.001) loss_D_real: 0.501 loss_D_fake: 1.591 loss_D: 1.046 loss_G: 0.501 loss_conv: 3.501 loss_eq: 3.000 acc_real: 1.000 acc_fake: 0.000 
{'scale': 131072.0, 'growth_factor': 2.0, 'backoff_factor': 0.5, 'growth_interval': 2000, '_growth_tracker': 12}
learning rate 0.0001600 -> 0.0001600
End of epoch 13 / 30 	 Time Taken: 422 sec
(epoch: 14, batches: 20, time: 0.002, data: 0.002) loss_D_real: 0.501 loss_D_fake: 1.590 loss_D: 1.045 loss_G: 0.501 loss_conv: 3.500 loss_eq: 2.999 acc_real: 1.000 acc_fake: 0.000 
{'scale': 131072.0, 'growth_factor': 2.0, 'backoff_factor': 0.5, 'growth_interval': 2000, '_growth_tracker': 48}
(epoch: 14, batches: 40, time: 0.003, data: 0.531) loss_D_real: 0.501 loss_D_fake: 1.634 loss_D: 1.067 loss_G: 0.501 loss_conv: 3.501 loss_eq: 3.000 acc_real: 1.000 acc_fake: 0.000 
{'scale': 131072.0, 'growth_factor': 2.0, 'backoff_factor': 0.5, 'growth_interval': 2000, '_growth_tracker': 68}
(epoch: 14, batches: 60, time: 0.002, data: 1.382) loss_D_real: 0.501 loss_D_fake: 1.603 loss_D: 1.052 loss_G: 0.501 loss_conv: 3.501 loss_eq: 3.000 acc_real: 1.000 acc_fake: 0.000 
{'scale': 131072.0, 'growth_factor': 2.0, 'backoff_factor': 0.5, 'growth_interval': 2000, '_growth_tracker': 88}
(epoch: 14, batches: 80, time: 0.002, data: 2.135) loss_D_real: 0.501 loss_D_fake: 1.608 loss_D: 1.054 loss_G: 0.501 loss_conv: 3.501 loss_eq: 3.000 acc_real: 1.000 acc_fake: 0.000 
{'scale': 131072.0, 'growth_factor': 2.0, 'backoff_factor': 0.5, 'growth_interval': 2000, '_growth_tracker': 108}
(epoch: 14, batches: 100, time: 0.002, data: 3.043) loss_D_real: 0.501 loss_D_fake: 1.590 loss_D: 1.046 loss_G: 0.501 loss_conv: 3.500 loss_eq: 2.999 acc_real: 1.000 acc_fake: 0.000 
{'scale': 131072.0, 'growth_factor': 2.0, 'backoff_factor': 0.5, 'growth_interval': 2000, '_growth_tracker': 128}
(epoch: 14, batches: 120, time: 0.002, data: 3.769) loss_D_real: 0.501 loss_D_fake: 1.609 loss_D: 1.055 loss_G: 0.501 loss_conv: 3.501 loss_eq: 3.000 acc_real: 1.000 acc_fake: 0.000 
{'scale': 131072.0, 'growth_factor': 2.0, 'backoff_factor': 0.5, 'growth_interval': 2000, '_growth_tracker': 148}
(epoch: 14, batches: 140, time: 0.002, data: 4.707) loss_D_real: 0.501 loss_D_fake: 1.635 loss_D: 1.068 loss_G: 0.501 loss_conv: 3.501 loss_eq: 3.000 acc_real: 1.000 acc_fake: 0.000 
{'scale': 131072.0, 'growth_factor': 2.0, 'backoff_factor': 0.5, 'growth_interval': 2000, '_growth_tracker': 168}
learning rate 0.0001600 -> 0.0001600
End of epoch 14 / 30 	 Time Taken: 420 sec
(epoch: 15, batches: 20, time: 0.003, data: 9.878) loss_D_real: 0.501 loss_D_fake: 1.609 loss_D: 1.055 loss_G: 0.501 loss_conv: 3.501 loss_eq: 3.000 acc_real: 1.000 acc_fake: 0.000 
{'scale': 131072.0, 'growth_factor': 2.0, 'backoff_factor': 0.5, 'growth_interval': 2000, '_growth_tracker': 204}
(epoch: 15, batches: 40, time: 0.003, data: 9.959) loss_D_real: 0.501 loss_D_fake: 1.639 loss_D: 1.070 loss_G: 0.501 loss_conv: 3.498 loss_eq: 2.997 acc_real: 1.000 acc_fake: 0.000 
{'scale': 131072.0, 'growth_factor': 2.0, 'backoff_factor': 0.5, 'growth_interval': 2000, '_growth_tracker': 224}
(epoch: 15, batches: 60, time: 0.002, data: 9.936) loss_D_real: 0.501 loss_D_fake: 1.582 loss_D: 1.042 loss_G: 0.501 loss_conv: 3.501 loss_eq: 3.000 acc_real: 1.000 acc_fake: 0.000 
{'scale': 131072.0, 'growth_factor': 2.0, 'backoff_factor': 0.5, 'growth_interval': 2000, '_growth_tracker': 244}
(epoch: 15, batches: 80, time: 0.002, data: 10.108) loss_D_real: 0.501 loss_D_fake: 1.563 loss_D: 1.032 loss_G: 0.501 loss_conv: 3.501 loss_eq: 3.000 acc_real: 1.000 acc_fake: 0.000 
{'scale': 131072.0, 'growth_factor': 2.0, 'backoff_factor': 0.5, 'growth_interval': 2000, '_growth_tracker': 264}
(epoch: 15, batches: 100, time: 0.003, data: 9.986) loss_D_real: 0.501 loss_D_fake: 1.655 loss_D: 1.078 loss_G: 0.501 loss_conv: 3.501 loss_eq: 3.000 acc_real: 1.000 acc_fake: 0.000 
{'scale': 131072.0, 'growth_factor': 2.0, 'backoff_factor': 0.5, 'growth_interval': 2000, '_growth_tracker': 284}
(epoch: 15, batches: 120, time: 0.002, data: 10.140) loss_D_real: 0.501 loss_D_fake: 1.601 loss_D: 1.051 loss_G: 0.501 loss_conv: 3.500 loss_eq: 2.999 acc_real: 1.000 acc_fake: 0.000 
{'scale': 131072.0, 'growth_factor': 2.0, 'backoff_factor': 0.5, 'growth_interval': 2000, '_growth_tracker': 304}
(epoch: 15, batches: 140, time: 0.003, data: 10.160) loss_D_real: 0.501 loss_D_fake: 1.662 loss_D: 1.082 loss_G: 0.501 loss_conv: 3.501 loss_eq: 3.000 acc_real: 1.000 acc_fake: 0.000 
{'scale': 131072.0, 'growth_factor': 2.0, 'backoff_factor': 0.5, 'growth_interval': 2000, '_growth_tracker': 324}
saving the model at the end of epoch 15, iters 149760
learning rate 0.0001600 -> 0.0001600
End of epoch 15 / 30 	 Time Taken: 423 sec
(epoch: 16, batches: 20, time: 0.003, data: 0.005) loss_D_real: 0.505 loss_D_fake: 1.798 loss_D: 1.151 loss_G: 0.504 loss_conv: 3.500 loss_eq: 2.996 acc_real: 1.000 acc_fake: 0.000 
{'scale': 131072.0, 'growth_factor': 2.0, 'backoff_factor': 0.5, 'growth_interval': 2000, '_growth_tracker': 360}
(epoch: 16, batches: 40, time: 0.002, data: 0.055) loss_D_real: 0.502 loss_D_fake: 1.532 loss_D: 1.017 loss_G: 0.501 loss_conv: 3.501 loss_eq: 3.000 acc_real: 1.000 acc_fake: 0.000 
{'scale': 131072.0, 'growth_factor': 2.0, 'backoff_factor': 0.5, 'growth_interval': 2000, '_growth_tracker': 380}
(epoch: 16, batches: 60, time: 0.004, data: 0.083) loss_D_real: 0.502 loss_D_fake: 1.638 loss_D: 1.070 loss_G: 0.502 loss_conv: 3.502 loss_eq: 3.000 acc_real: 1.000 acc_fake: 0.000 
{'scale': 131072.0, 'growth_factor': 2.0, 'backoff_factor': 0.5, 'growth_interval': 2000, '_growth_tracker': 400}
(epoch: 16, batches: 80, time: 0.003, data: 0.439) loss_D_real: 0.502 loss_D_fake: 1.672 loss_D: 1.087 loss_G: 0.502 loss_conv: 3.502 loss_eq: 3.000 acc_real: 1.000 acc_fake: 0.000 
{'scale': 131072.0, 'growth_factor': 2.0, 'backoff_factor': 0.5, 'growth_interval': 2000, '_growth_tracker': 420}
(epoch: 16, batches: 100, time: 0.002, data: 0.172) loss_D_real: 0.501 loss_D_fake: 1.614 loss_D: 1.058 loss_G: 0.501 loss_conv: 3.501 loss_eq: 3.000 acc_real: 1.000 acc_fake: 0.000 
{'scale': 131072.0, 'growth_factor': 2.0, 'backoff_factor': 0.5, 'growth_interval': 2000, '_growth_tracker': 440}
(epoch: 16, batches: 120, time: 0.002, data: 0.005) loss_D_real: 0.501 loss_D_fake: 1.626 loss_D: 1.063 loss_G: 0.501 loss_conv: 3.501 loss_eq: 3.000 acc_real: 1.000 acc_fake: 0.000 
{'scale': 131072.0, 'growth_factor': 2.0, 'backoff_factor': 0.5, 'growth_interval': 2000, '_growth_tracker': 460}
(epoch: 16, batches: 140, time: 0.003, data: 0.042) loss_D_real: 0.501 loss_D_fake: 1.692 loss_D: 1.097 loss_G: 0.501 loss_conv: 3.501 loss_eq: 3.000 acc_real: 1.000 acc_fake: 0.000 
{'scale': 131072.0, 'growth_factor': 2.0, 'backoff_factor': 0.5, 'growth_interval': 2000, '_growth_tracker': 480}
learning rate 0.0001600 -> 0.0001600
End of epoch 16 / 30 	 Time Taken: 422 sec
(epoch: 17, batches: 20, time: 0.003, data: 0.001) loss_D_real: 0.501 loss_D_fake: 1.625 loss_D: 1.063 loss_G: 0.501 loss_conv: 3.501 loss_eq: 3.000 acc_real: 1.000 acc_fake: 0.000 
{'scale': 131072.0, 'growth_factor': 2.0, 'backoff_factor': 0.5, 'growth_interval': 2000, '_growth_tracker': 516}
(epoch: 17, batches: 40, time: 0.002, data: 0.001) loss_D_real: 0.501 loss_D_fake: 1.630 loss_D: 1.065 loss_G: 0.501 loss_conv: 3.501 loss_eq: 3.000 acc_real: 1.000 acc_fake: 0.000 
{'scale': 131072.0, 'growth_factor': 2.0, 'backoff_factor': 0.5, 'growth_interval': 2000, '_growth_tracker': 536}
(epoch: 17, batches: 60, time: 0.002, data: 0.002) loss_D_real: 0.501 loss_D_fake: 1.652 loss_D: 1.076 loss_G: 0.501 loss_conv: 3.501 loss_eq: 3.000 acc_real: 1.000 acc_fake: 0.000 
{'scale': 131072.0, 'growth_factor': 2.0, 'backoff_factor': 0.5, 'growth_interval': 2000, '_growth_tracker': 556}
(epoch: 17, batches: 80, time: 0.002, data: 0.002) loss_D_real: 0.504 loss_D_fake: 1.678 loss_D: 1.091 loss_G: 0.503 loss_conv: 3.503 loss_eq: 3.000 acc_real: 1.000 acc_fake: 0.000 
{'scale': 131072.0, 'growth_factor': 2.0, 'backoff_factor': 0.5, 'growth_interval': 2000, '_growth_tracker': 576}
(epoch: 17, batches: 100, time: 0.003, data: 0.001) loss_D_real: 0.502 loss_D_fake: 1.580 loss_D: 1.041 loss_G: 0.504 loss_conv: 3.504 loss_eq: 3.000 acc_real: 1.000 acc_fake: 0.000 
{'scale': 131072.0, 'growth_factor': 2.0, 'backoff_factor': 0.5, 'growth_interval': 2000, '_growth_tracker': 596}
(epoch: 17, batches: 120, time: 0.002, data: 0.001) loss_D_real: 0.502 loss_D_fake: 1.648 loss_D: 1.075 loss_G: 0.502 loss_conv: 3.502 loss_eq: 3.000 acc_real: 1.000 acc_fake: 0.000 
{'scale': 131072.0, 'growth_factor': 2.0, 'backoff_factor': 0.5, 'growth_interval': 2000, '_growth_tracker': 616}
(epoch: 17, batches: 140, time: 0.003, data: 0.002) loss_D_real: 0.503 loss_D_fake: 1.574 loss_D: 1.038 loss_G: 0.503 loss_conv: 3.503 loss_eq: 3.000 acc_real: 1.000 acc_fake: 0.000 
{'scale': 131072.0, 'growth_factor': 2.0, 'backoff_factor': 0.5, 'growth_interval': 2000, '_growth_tracker': 636}
learning rate 0.0001600 -> 0.0001600
End of epoch 17 / 30 	 Time Taken: 417 sec
(epoch: 18, batches: 20, time: 0.002, data: 0.030) loss_D_real: 0.501 loss_D_fake: 1.556 loss_D: 1.029 loss_G: 0.501 loss_conv: 3.501 loss_eq: 3.000 acc_real: 1.000 acc_fake: 0.000 
{'scale': 131072.0, 'growth_factor': 2.0, 'backoff_factor': 0.5, 'growth_interval': 2000, '_growth_tracker': 672}
(epoch: 18, batches: 40, time: 0.002, data: 0.674) loss_D_real: 0.501 loss_D_fake: 1.584 loss_D: 1.043 loss_G: 0.501 loss_conv: 3.501 loss_eq: 3.000 acc_real: 1.000 acc_fake: 0.000 
{'scale': 131072.0, 'growth_factor': 2.0, 'backoff_factor': 0.5, 'growth_interval': 2000, '_growth_tracker': 692}
(epoch: 18, batches: 60, time: 0.003, data: 0.394) loss_D_real: 0.502 loss_D_fake: 1.667 loss_D: 1.084 loss_G: 0.502 loss_conv: 3.502 loss_eq: 3.000 acc_real: 1.000 acc_fake: 0.000 
{'scale': 131072.0, 'growth_factor': 2.0, 'backoff_factor': 0.5, 'growth_interval': 2000, '_growth_tracker': 712}
(epoch: 18, batches: 80, time: 0.002, data: 0.996) loss_D_real: 0.503 loss_D_fake: 1.710 loss_D: 1.107 loss_G: 0.503 loss_conv: 3.501 loss_eq: 2.999 acc_real: 1.000 acc_fake: 0.000 
{'scale': 131072.0, 'growth_factor': 2.0, 'backoff_factor': 0.5, 'growth_interval': 2000, '_growth_tracker': 732}
(epoch: 18, batches: 100, time: 0.002, data: 1.687) loss_D_real: 0.501 loss_D_fake: 1.622 loss_D: 1.062 loss_G: 0.502 loss_conv: 3.502 loss_eq: 3.000 acc_real: 1.000 acc_fake: 0.000 
{'scale': 131072.0, 'growth_factor': 2.0, 'backoff_factor': 0.5, 'growth_interval': 2000, '_growth_tracker': 752}
(epoch: 18, batches: 120, time: 0.002, data: 2.369) loss_D_real: 0.501 loss_D_fake: 1.577 loss_D: 1.039 loss_G: 0.501 loss_conv: 3.501 loss_eq: 3.000 acc_real: 1.000 acc_fake: 0.000 
{'scale': 131072.0, 'growth_factor': 2.0, 'backoff_factor': 0.5, 'growth_interval': 2000, '_growth_tracker': 772}
(epoch: 18, batches: 140, time: 0.003, data: 3.012) loss_D_real: 0.501 loss_D_fake: 1.651 loss_D: 1.076 loss_G: 0.501 loss_conv: 3.501 loss_eq: 3.000 acc_real: 1.000 acc_fake: 0.000 
{'scale': 131072.0, 'growth_factor': 2.0, 'backoff_factor': 0.5, 'growth_interval': 2000, '_growth_tracker': 792}
learning rate 0.0001600 -> 0.0001600
End of epoch 18 / 30 	 Time Taken: 419 sec
(epoch: 19, batches: 20, time: 0.003, data: 0.005) loss_D_real: 0.502 loss_D_fake: 1.657 loss_D: 1.079 loss_G: 0.502 loss_conv: 3.502 loss_eq: 3.000 acc_real: 1.000 acc_fake: 0.000 
{'scale': 131072.0, 'growth_factor': 2.0, 'backoff_factor': 0.5, 'growth_interval': 2000, '_growth_tracker': 828}
(epoch: 19, batches: 40, time: 0.003, data: 0.307) loss_D_real: 0.502 loss_D_fake: 1.531 loss_D: 1.017 loss_G: 0.503 loss_conv: 3.503 loss_eq: 3.000 acc_real: 1.000 acc_fake: 0.000 
{'scale': 131072.0, 'growth_factor': 2.0, 'backoff_factor': 0.5, 'growth_interval': 2000, '_growth_tracker': 848}
(epoch: 19, batches: 60, time: 0.003, data: 0.606) loss_D_real: 0.503 loss_D_fake: 1.689 loss_D: 1.096 loss_G: 0.503 loss_conv: 3.503 loss_eq: 3.000 acc_real: 1.000 acc_fake: 0.000 
{'scale': 131072.0, 'growth_factor': 2.0, 'backoff_factor': 0.5, 'growth_interval': 2000, '_growth_tracker': 868}
(epoch: 19, batches: 80, time: 0.002, data: 0.722) loss_D_real: 0.501 loss_D_fake: 1.571 loss_D: 1.036 loss_G: 0.501 loss_conv: 3.501 loss_eq: 3.000 acc_real: 1.000 acc_fake: 0.000 
{'scale': 131072.0, 'growth_factor': 2.0, 'backoff_factor': 0.5, 'growth_interval': 2000, '_growth_tracker': 888}
(epoch: 19, batches: 100, time: 0.002, data: 0.613) loss_D_real: 0.501 loss_D_fake: 1.629 loss_D: 1.065 loss_G: 0.501 loss_conv: 3.501 loss_eq: 3.000 acc_real: 1.000 acc_fake: 0.000 
{'scale': 131072.0, 'growth_factor': 2.0, 'backoff_factor': 0.5, 'growth_interval': 2000, '_growth_tracker': 908}
(epoch: 19, batches: 120, time: 0.002, data: 0.005) loss_D_real: 0.501 loss_D_fake: 1.604 loss_D: 1.052 loss_G: 0.501 loss_conv: 3.501 loss_eq: 3.000 acc_real: 1.000 acc_fake: 0.000 
{'scale': 131072.0, 'growth_factor': 2.0, 'backoff_factor': 0.5, 'growth_interval': 2000, '_growth_tracker': 928}
(epoch: 19, batches: 140, time: 0.002, data: 0.001) loss_D_real: 0.501 loss_D_fake: 1.570 loss_D: 1.036 loss_G: 0.501 loss_conv: 3.501 loss_eq: 3.000 acc_real: 1.000 acc_fake: 0.000 
{'scale': 131072.0, 'growth_factor': 2.0, 'backoff_factor': 0.5, 'growth_interval': 2000, '_growth_tracker': 948}
learning rate 0.0001600 -> 0.0001600
End of epoch 19 / 30 	 Time Taken: 422 sec
(epoch: 20, batches: 20, time: 0.003, data: 9.749) loss_D_real: 0.503 loss_D_fake: 1.516 loss_D: 1.010 loss_G: 0.504 loss_conv: 3.504 loss_eq: 3.000 acc_real: 1.000 acc_fake: 0.000 
{'scale': 131072.0, 'growth_factor': 2.0, 'backoff_factor': 0.5, 'growth_interval': 2000, '_growth_tracker': 984}
(epoch: 20, batches: 40, time: 0.002, data: 9.725) loss_D_real: 0.504 loss_D_fake: 1.753 loss_D: 1.128 loss_G: 0.504 loss_conv: 3.504 loss_eq: 3.000 acc_real: 1.000 acc_fake: 0.000 
{'scale': 131072.0, 'growth_factor': 2.0, 'backoff_factor': 0.5, 'growth_interval': 2000, '_growth_tracker': 1004}
(epoch: 20, batches: 60, time: 0.002, data: 9.238) loss_D_real: 0.502 loss_D_fake: 1.544 loss_D: 1.023 loss_G: 0.502 loss_conv: 3.502 loss_eq: 3.000 acc_real: 1.000 acc_fake: 0.000 
{'scale': 131072.0, 'growth_factor': 2.0, 'backoff_factor': 0.5, 'growth_interval': 2000, '_growth_tracker': 1024}
(epoch: 20, batches: 80, time: 0.003, data: 9.185) loss_D_real: 0.501 loss_D_fake: 1.632 loss_D: 1.067 loss_G: 0.501 loss_conv: 3.501 loss_eq: 3.000 acc_real: 1.000 acc_fake: 0.000 
{'scale': 131072.0, 'growth_factor': 2.0, 'backoff_factor': 0.5, 'growth_interval': 2000, '_growth_tracker': 1044}
(epoch: 20, batches: 100, time: 0.002, data: 8.216) loss_D_real: 0.501 loss_D_fake: 1.608 loss_D: 1.055 loss_G: 0.501 loss_conv: 3.501 loss_eq: 3.000 acc_real: 1.000 acc_fake: 0.000 
{'scale': 131072.0, 'growth_factor': 2.0, 'backoff_factor': 0.5, 'growth_interval': 2000, '_growth_tracker': 1064}
(epoch: 20, batches: 120, time: 0.002, data: 7.336) loss_D_real: 0.501 loss_D_fake: 1.631 loss_D: 1.066 loss_G: 0.501 loss_conv: 3.501 loss_eq: 3.000 acc_real: 1.000 acc_fake: 0.000 
{'scale': 131072.0, 'growth_factor': 2.0, 'backoff_factor': 0.5, 'growth_interval': 2000, '_growth_tracker': 1084}
(epoch: 20, batches: 140, time: 0.002, data: 6.466) loss_D_real: 0.501 loss_D_fake: 1.683 loss_D: 1.092 loss_G: 0.502 loss_conv: 3.502 loss_eq: 3.000 acc_real: 1.000 acc_fake: 0.000 
{'scale': 131072.0, 'growth_factor': 2.0, 'backoff_factor': 0.5, 'growth_interval': 2000, '_growth_tracker': 1104}
saving the model at the end of epoch 20, iters 199680
learning rate 0.0001600 -> 0.0001280
End of epoch 20 / 30 	 Time Taken: 419 sec
(epoch: 21, batches: 20, time: 0.002, data: 0.053) loss_D_real: 0.501 loss_D_fake: 1.620 loss_D: 1.060 loss_G: 0.501 loss_conv: 3.501 loss_eq: 3.000 acc_real: 1.000 acc_fake: 0.000 
{'scale': 131072.0, 'growth_factor': 2.0, 'backoff_factor': 0.5, 'growth_interval': 2000, '_growth_tracker': 1140}
(epoch: 21, batches: 40, time: 0.002, data: 0.002) loss_D_real: 0.501 loss_D_fake: 1.608 loss_D: 1.054 loss_G: 0.501 loss_conv: 3.501 loss_eq: 3.000 acc_real: 1.000 acc_fake: 0.000 
{'scale': 131072.0, 'growth_factor': 2.0, 'backoff_factor': 0.5, 'growth_interval': 2000, '_growth_tracker': 1160}
(epoch: 21, batches: 60, time: 0.002, data: 0.005) loss_D_real: 0.501 loss_D_fake: 1.612 loss_D: 1.056 loss_G: 0.501 loss_conv: 3.501 loss_eq: 3.000 acc_real: 1.000 acc_fake: 0.000 
{'scale': 131072.0, 'growth_factor': 2.0, 'backoff_factor': 0.5, 'growth_interval': 2000, '_growth_tracker': 1180}
(epoch: 21, batches: 80, time: 0.004, data: 0.001) loss_D_real: 0.501 loss_D_fake: 1.603 loss_D: 1.052 loss_G: 0.501 loss_conv: 3.501 loss_eq: 3.000 acc_real: 1.000 acc_fake: 0.000 
{'scale': 131072.0, 'growth_factor': 2.0, 'backoff_factor': 0.5, 'growth_interval': 2000, '_growth_tracker': 1200}
(epoch: 21, batches: 100, time: 0.003, data: 0.005) loss_D_real: 0.501 loss_D_fake: 1.623 loss_D: 1.062 loss_G: 0.501 loss_conv: 3.501 loss_eq: 3.000 acc_real: 1.000 acc_fake: 0.000 
{'scale': 131072.0, 'growth_factor': 2.0, 'backoff_factor': 0.5, 'growth_interval': 2000, '_growth_tracker': 1220}
(epoch: 21, batches: 120, time: 0.002, data: 0.002) loss_D_real: 0.501 loss_D_fake: 1.603 loss_D: 1.052 loss_G: 0.501 loss_conv: 3.501 loss_eq: 3.000 acc_real: 1.000 acc_fake: 0.000 
{'scale': 131072.0, 'growth_factor': 2.0, 'backoff_factor': 0.5, 'growth_interval': 2000, '_growth_tracker': 1240}
(epoch: 21, batches: 140, time: 0.002, data: 0.001) loss_D_real: 0.501 loss_D_fake: 1.613 loss_D: 1.057 loss_G: 0.501 loss_conv: 3.501 loss_eq: 3.000 acc_real: 1.000 acc_fake: 0.000 
{'scale': 131072.0, 'growth_factor': 2.0, 'backoff_factor': 0.5, 'growth_interval': 2000, '_growth_tracker': 1260}
learning rate 0.0001280 -> 0.0001280
End of epoch 21 / 30 	 Time Taken: 422 sec
(epoch: 22, batches: 20, time: 0.002, data: 0.002) loss_D_real: 0.501 loss_D_fake: 1.601 loss_D: 1.051 loss_G: 0.501 loss_conv: 3.501 loss_eq: 3.000 acc_real: 1.000 acc_fake: 0.000 
{'scale': 131072.0, 'growth_factor': 2.0, 'backoff_factor': 0.5, 'growth_interval': 2000, '_growth_tracker': 1296}
(epoch: 22, batches: 40, time: 0.003, data: 0.071) loss_D_real: 0.501 loss_D_fake: 1.604 loss_D: 1.052 loss_G: 0.501 loss_conv: 3.501 loss_eq: 3.000 acc_real: 1.000 acc_fake: 0.000 
{'scale': 131072.0, 'growth_factor': 2.0, 'backoff_factor': 0.5, 'growth_interval': 2000, '_growth_tracker': 1316}
(epoch: 22, batches: 60, time: 0.002, data: 0.113) loss_D_real: 0.501 loss_D_fake: 1.621 loss_D: 1.061 loss_G: 0.501 loss_conv: 3.501 loss_eq: 3.000 acc_real: 1.000 acc_fake: 0.000 
{'scale': 131072.0, 'growth_factor': 2.0, 'backoff_factor': 0.5, 'growth_interval': 2000, '_growth_tracker': 1336}
(epoch: 22, batches: 80, time: 0.002, data: 0.209) loss_D_real: 0.501 loss_D_fake: 1.616 loss_D: 1.058 loss_G: 0.501 loss_conv: 3.501 loss_eq: 3.000 acc_real: 1.000 acc_fake: 0.000 
{'scale': 131072.0, 'growth_factor': 2.0, 'backoff_factor': 0.5, 'growth_interval': 2000, '_growth_tracker': 1356}
(epoch: 22, batches: 100, time: 0.002, data: 0.185) loss_D_real: 0.501 loss_D_fake: 1.612 loss_D: 1.056 loss_G: 0.501 loss_conv: 3.500 loss_eq: 3.000 acc_real: 1.000 acc_fake: 0.000 
{'scale': 131072.0, 'growth_factor': 2.0, 'backoff_factor': 0.5, 'growth_interval': 2000, '_growth_tracker': 1376}
(epoch: 22, batches: 120, time: 0.002, data: 0.004) loss_D_real: 0.501 loss_D_fake: 1.601 loss_D: 1.051 loss_G: 0.501 loss_conv: 3.501 loss_eq: 3.000 acc_real: 1.000 acc_fake: 0.000 
{'scale': 131072.0, 'growth_factor': 2.0, 'backoff_factor': 0.5, 'growth_interval': 2000, '_growth_tracker': 1396}
(epoch: 22, batches: 140, time: 0.003, data: 0.001) loss_D_real: 0.501 loss_D_fake: 1.594 loss_D: 1.047 loss_G: 0.501 loss_conv: 3.501 loss_eq: 3.000 acc_real: 1.000 acc_fake: 0.000 
{'scale': 131072.0, 'growth_factor': 2.0, 'backoff_factor': 0.5, 'growth_interval': 2000, '_growth_tracker': 1416}
learning rate 0.0001280 -> 0.0001280
End of epoch 22 / 30 	 Time Taken: 424 sec
(epoch: 23, batches: 20, time: 0.002, data: 0.001) loss_D_real: 0.501 loss_D_fake: 1.615 loss_D: 1.058 loss_G: 0.501 loss_conv: 3.501 loss_eq: 3.000 acc_real: 1.000 acc_fake: 0.000 
{'scale': 131072.0, 'growth_factor': 2.0, 'backoff_factor': 0.5, 'growth_interval': 2000, '_growth_tracker': 1452}
(epoch: 23, batches: 40, time: 0.002, data: 0.002) loss_D_real: 0.501 loss_D_fake: 1.629 loss_D: 1.065 loss_G: 0.501 loss_conv: 3.501 loss_eq: 3.000 acc_real: 1.000 acc_fake: 0.000 
{'scale': 131072.0, 'growth_factor': 2.0, 'backoff_factor': 0.5, 'growth_interval': 2000, '_growth_tracker': 1472}
(epoch: 23, batches: 60, time: 0.002, data: 0.002) loss_D_real: 0.501 loss_D_fake: 1.617 loss_D: 1.059 loss_G: 0.501 loss_conv: 3.501 loss_eq: 3.000 acc_real: 1.000 acc_fake: 0.000 
{'scale': 131072.0, 'growth_factor': 2.0, 'backoff_factor': 0.5, 'growth_interval': 2000, '_growth_tracker': 1492}
(epoch: 23, batches: 80, time: 0.003, data: 0.001) loss_D_real: 0.501 loss_D_fake: 1.616 loss_D: 1.058 loss_G: 0.501 loss_conv: 3.501 loss_eq: 3.000 acc_real: 1.000 acc_fake: 0.000 
{'scale': 131072.0, 'growth_factor': 2.0, 'backoff_factor': 0.5, 'growth_interval': 2000, '_growth_tracker': 1512}
(epoch: 23, batches: 100, time: 0.002, data: 0.001) loss_D_real: 0.501 loss_D_fake: 1.609 loss_D: 1.055 loss_G: 0.501 loss_conv: 3.501 loss_eq: 3.000 acc_real: 1.000 acc_fake: 0.000 
{'scale': 131072.0, 'growth_factor': 2.0, 'backoff_factor': 0.5, 'growth_interval': 2000, '_growth_tracker': 1532}
(epoch: 23, batches: 120, time: 0.003, data: 0.002) loss_D_real: 0.501 loss_D_fake: 1.614 loss_D: 1.057 loss_G: 0.501 loss_conv: 3.501 loss_eq: 3.000 acc_real: 1.000 acc_fake: 0.000 
{'scale': 131072.0, 'growth_factor': 2.0, 'backoff_factor': 0.5, 'growth_interval': 2000, '_growth_tracker': 1552}
(epoch: 23, batches: 140, time: 0.002, data: 0.001) loss_D_real: 0.501 loss_D_fake: 1.605 loss_D: 1.053 loss_G: 0.501 loss_conv: 3.501 loss_eq: 3.000 acc_real: 1.000 acc_fake: 0.000 
{'scale': 131072.0, 'growth_factor': 2.0, 'backoff_factor': 0.5, 'growth_interval': 2000, '_growth_tracker': 1572}
learning rate 0.0001280 -> 0.0001280
End of epoch 23 / 30 	 Time Taken: 422 sec
(epoch: 24, batches: 20, time: 0.002, data: 0.005) loss_D_real: 0.501 loss_D_fake: 1.609 loss_D: 1.055 loss_G: 0.501 loss_conv: 3.501 loss_eq: 3.000 acc_real: 1.000 acc_fake: 0.000 
{'scale': 131072.0, 'growth_factor': 2.0, 'backoff_factor': 0.5, 'growth_interval': 2000, '_growth_tracker': 1608}
(epoch: 24, batches: 40, time: 0.003, data: 0.050) loss_D_real: 0.501 loss_D_fake: 1.608 loss_D: 1.055 loss_G: 0.501 loss_conv: 3.501 loss_eq: 3.000 acc_real: 1.000 acc_fake: 0.000 
{'scale': 131072.0, 'growth_factor': 2.0, 'backoff_factor': 0.5, 'growth_interval': 2000, '_growth_tracker': 1628}
(epoch: 24, batches: 60, time: 0.002, data: 0.009) loss_D_real: 0.501 loss_D_fake: 1.601 loss_D: 1.051 loss_G: 0.501 loss_conv: 3.501 loss_eq: 3.000 acc_real: 1.000 acc_fake: 0.000 
{'scale': 131072.0, 'growth_factor': 2.0, 'backoff_factor': 0.5, 'growth_interval': 2000, '_growth_tracker': 1648}
(epoch: 24, batches: 80, time: 0.002, data: 0.006) loss_D_real: 0.501 loss_D_fake: 1.609 loss_D: 1.055 loss_G: 0.501 loss_conv: 3.501 loss_eq: 3.000 acc_real: 1.000 acc_fake: 0.000 
{'scale': 131072.0, 'growth_factor': 2.0, 'backoff_factor': 0.5, 'growth_interval': 2000, '_growth_tracker': 1668}
(epoch: 24, batches: 100, time: 0.002, data: 0.006) loss_D_real: 0.501 loss_D_fake: 1.616 loss_D: 1.058 loss_G: 0.501 loss_conv: 3.501 loss_eq: 3.000 acc_real: 1.000 acc_fake: 0.000 
{'scale': 131072.0, 'growth_factor': 2.0, 'backoff_factor': 0.5, 'growth_interval': 2000, '_growth_tracker': 1688}
(epoch: 24, batches: 120, time: 0.002, data: 0.343) loss_D_real: 0.501 loss_D_fake: 1.628 loss_D: 1.064 loss_G: 0.501 loss_conv: 3.501 loss_eq: 3.000 acc_real: 1.000 acc_fake: 0.000 
{'scale': 131072.0, 'growth_factor': 2.0, 'backoff_factor': 0.5, 'growth_interval': 2000, '_growth_tracker': 1708}
(epoch: 24, batches: 140, time: 0.002, data: 0.161) loss_D_real: 0.501 loss_D_fake: 1.603 loss_D: 1.052 loss_G: 0.501 loss_conv: 3.501 loss_eq: 3.000 acc_real: 1.000 acc_fake: 0.000 
{'scale': 131072.0, 'growth_factor': 2.0, 'backoff_factor': 0.5, 'growth_interval': 2000, '_growth_tracker': 1728}
learning rate 0.0001280 -> 0.0001280
End of epoch 24 / 30 	 Time Taken: 424 sec
(epoch: 25, batches: 20, time: 0.002, data: 9.898) loss_D_real: 0.501 loss_D_fake: 1.604 loss_D: 1.052 loss_G: 0.501 loss_conv: 3.501 loss_eq: 3.000 acc_real: 1.000 acc_fake: 0.000 
{'scale': 131072.0, 'growth_factor': 2.0, 'backoff_factor': 0.5, 'growth_interval': 2000, '_growth_tracker': 1764}
(epoch: 25, batches: 40, time: 0.003, data: 9.629) loss_D_real: 0.501 loss_D_fake: 1.620 loss_D: 1.060 loss_G: 0.501 loss_conv: 3.501 loss_eq: 3.000 acc_real: 1.000 acc_fake: 0.000 
{'scale': 131072.0, 'growth_factor': 2.0, 'backoff_factor': 0.5, 'growth_interval': 2000, '_growth_tracker': 1784}
(epoch: 25, batches: 60, time: 0.002, data: 9.110) loss_D_real: 0.501 loss_D_fake: 1.615 loss_D: 1.058 loss_G: 0.501 loss_conv: 3.500 loss_eq: 3.000 acc_real: 1.000 acc_fake: 0.000 
{'scale': 131072.0, 'growth_factor': 2.0, 'backoff_factor': 0.5, 'growth_interval': 2000, '_growth_tracker': 1804}
(epoch: 25, batches: 80, time: 0.002, data: 9.343) loss_D_real: 0.501 loss_D_fake: 1.627 loss_D: 1.064 loss_G: 0.501 loss_conv: 3.501 loss_eq: 3.000 acc_real: 1.000 acc_fake: 0.000 
{'scale': 131072.0, 'growth_factor': 2.0, 'backoff_factor': 0.5, 'growth_interval': 2000, '_growth_tracker': 1824}
(epoch: 25, batches: 100, time: 0.002, data: 9.303) loss_D_real: 0.501 loss_D_fake: 1.619 loss_D: 1.060 loss_G: 0.501 loss_conv: 3.500 loss_eq: 3.000 acc_real: 1.000 acc_fake: 0.000 
{'scale': 131072.0, 'growth_factor': 2.0, 'backoff_factor': 0.5, 'growth_interval': 2000, '_growth_tracker': 1844}
(epoch: 25, batches: 120, time: 0.002, data: 9.228) loss_D_real: 0.501 loss_D_fake: 1.609 loss_D: 1.055 loss_G: 0.501 loss_conv: 3.501 loss_eq: 3.000 acc_real: 1.000 acc_fake: 0.000 
{'scale': 131072.0, 'growth_factor': 2.0, 'backoff_factor': 0.5, 'growth_interval': 2000, '_growth_tracker': 1864}
(epoch: 25, batches: 140, time: 0.002, data: 9.165) loss_D_real: 0.501 loss_D_fake: 1.621 loss_D: 1.061 loss_G: 0.501 loss_conv: 3.501 loss_eq: 3.000 acc_real: 1.000 acc_fake: 0.000 
{'scale': 131072.0, 'growth_factor': 2.0, 'backoff_factor': 0.5, 'growth_interval': 2000, '_growth_tracker': 1884}
saving the model at the end of epoch 25, iters 249600
learning rate 0.0001280 -> 0.0001280
End of epoch 25 / 30 	 Time Taken: 418 sec
(epoch: 26, batches: 20, time: 0.002, data: 0.001) loss_D_real: 0.501 loss_D_fake: 1.612 loss_D: 1.056 loss_G: 0.501 loss_conv: 3.501 loss_eq: 3.000 acc_real: 1.000 acc_fake: 0.000 
{'scale': 131072.0, 'growth_factor': 2.0, 'backoff_factor': 0.5, 'growth_interval': 2000, '_growth_tracker': 1920}
(epoch: 26, batches: 40, time: 0.003, data: 0.001) loss_D_real: 0.501 loss_D_fake: 1.632 loss_D: 1.066 loss_G: 0.501 loss_conv: 3.501 loss_eq: 3.000 acc_real: 1.000 acc_fake: 0.000 
{'scale': 131072.0, 'growth_factor': 2.0, 'backoff_factor': 0.5, 'growth_interval': 2000, '_growth_tracker': 1940}
(epoch: 26, batches: 60, time: 0.003, data: 0.002) loss_D_real: 0.501 loss_D_fake: 1.592 loss_D: 1.046 loss_G: 0.501 loss_conv: 3.501 loss_eq: 3.000 acc_real: 1.000 acc_fake: 0.000 
{'scale': 131072.0, 'growth_factor': 2.0, 'backoff_factor': 0.5, 'growth_interval': 2000, '_growth_tracker': 1960}
(epoch: 26, batches: 80, time: 0.002, data: 0.001) loss_D_real: 0.501 loss_D_fake: 1.602 loss_D: 1.052 loss_G: 0.501 loss_conv: 3.501 loss_eq: 3.000 acc_real: 1.000 acc_fake: 0.000 
{'scale': 131072.0, 'growth_factor': 2.0, 'backoff_factor': 0.5, 'growth_interval': 2000, '_growth_tracker': 1980}
(epoch: 26, batches: 100, time: 0.004, data: 0.002) loss_D_real: 0.501 loss_D_fake: 1.592 loss_D: 1.047 loss_G: 0.501 loss_conv: 3.501 loss_eq: 3.000 acc_real: 1.000 acc_fake: 0.000 
{'scale': 262144.0, 'growth_factor': 2.0, 'backoff_factor': 0.5, 'growth_interval': 2000, '_growth_tracker': 0}
(epoch: 26, batches: 120, time: 0.002, data: 0.001) loss_D_real: 0.501 loss_D_fake: 1.565 loss_D: 1.033 loss_G: 0.501 loss_conv: 3.499 loss_eq: 2.998 acc_real: 1.000 acc_fake: 0.000 
{'scale': 262144.0, 'growth_factor': 2.0, 'backoff_factor': 0.5, 'growth_interval': 2000, '_growth_tracker': 20}
(epoch: 26, batches: 140, time: 0.002, data: 0.001) loss_D_real: 0.501 loss_D_fake: 1.572 loss_D: 1.036 loss_G: 0.501 loss_conv: 3.501 loss_eq: 3.000 acc_real: 1.000 acc_fake: 0.000 
{'scale': 262144.0, 'growth_factor': 2.0, 'backoff_factor': 0.5, 'growth_interval': 2000, '_growth_tracker': 40}
learning rate 0.0001280 -> 0.0001280
End of epoch 26 / 30 	 Time Taken: 421 sec
(epoch: 27, batches: 20, time: 0.002, data: 0.001) loss_D_real: 0.501 loss_D_fake: 1.557 loss_D: 1.029 loss_G: 0.501 loss_conv: 3.501 loss_eq: 3.000 acc_real: 1.000 acc_fake: 0.000 
{'scale': 262144.0, 'growth_factor': 2.0, 'backoff_factor': 0.5, 'growth_interval': 2000, '_growth_tracker': 76}
(epoch: 27, batches: 40, time: 0.003, data: 0.001) loss_D_real: 0.501 loss_D_fake: 1.652 loss_D: 1.076 loss_G: 0.501 loss_conv: 3.500 loss_eq: 3.000 acc_real: 1.000 acc_fake: 0.000 
{'scale': 262144.0, 'growth_factor': 2.0, 'backoff_factor': 0.5, 'growth_interval': 2000, '_growth_tracker': 96}
(epoch: 27, batches: 60, time: 0.002, data: 0.002) loss_D_real: 0.501 loss_D_fake: 1.584 loss_D: 1.042 loss_G: 0.501 loss_conv: 3.501 loss_eq: 3.000 acc_real: 1.000 acc_fake: 0.000 
{'scale': 262144.0, 'growth_factor': 2.0, 'backoff_factor': 0.5, 'growth_interval': 2000, '_growth_tracker': 116}
(epoch: 27, batches: 80, time: 0.002, data: 0.001) loss_D_real: 0.501 loss_D_fake: 1.598 loss_D: 1.049 loss_G: 0.501 loss_conv: 3.501 loss_eq: 3.000 acc_real: 1.000 acc_fake: 0.000 
{'scale': 262144.0, 'growth_factor': 2.0, 'backoff_factor': 0.5, 'growth_interval': 2000, '_growth_tracker': 136}
(epoch: 27, batches: 100, time: 0.002, data: 0.001) loss_D_real: 0.501 loss_D_fake: 1.660 loss_D: 1.081 loss_G: 0.501 loss_conv: 3.501 loss_eq: 3.000 acc_real: 1.000 acc_fake: 0.000 
{'scale': 262144.0, 'growth_factor': 2.0, 'backoff_factor': 0.5, 'growth_interval': 2000, '_growth_tracker': 156}
(epoch: 27, batches: 120, time: 0.002, data: 0.002) loss_D_real: 0.501 loss_D_fake: 1.553 loss_D: 1.027 loss_G: 0.501 loss_conv: 3.501 loss_eq: 3.000 acc_real: 1.000 acc_fake: 0.000 
{'scale': 262144.0, 'growth_factor': 2.0, 'backoff_factor': 0.5, 'growth_interval': 2000, '_growth_tracker': 176}
(epoch: 27, batches: 140, time: 0.002, data: 0.002) loss_D_real: 0.502 loss_D_fake: 1.523 loss_D: 1.012 loss_G: 0.502 loss_conv: 3.502 loss_eq: 3.000 acc_real: 1.000 acc_fake: 0.000 
{'scale': 262144.0, 'growth_factor': 2.0, 'backoff_factor': 0.5, 'growth_interval': 2000, '_growth_tracker': 196}
learning rate 0.0001280 -> 0.0001280
End of epoch 27 / 30 	 Time Taken: 421 sec
(epoch: 28, batches: 20, time: 0.002, data: 0.042) loss_D_real: 0.501 loss_D_fake: 1.548 loss_D: 1.025 loss_G: 0.501 loss_conv: 3.501 loss_eq: 3.000 acc_real: 1.000 acc_fake: 0.000 
{'scale': 262144.0, 'growth_factor': 2.0, 'backoff_factor': 0.5, 'growth_interval': 2000, '_growth_tracker': 232}
(epoch: 28, batches: 40, time: 0.003, data: 0.005) loss_D_real: 0.501 loss_D_fake: 1.622 loss_D: 1.061 loss_G: 0.501 loss_conv: 3.501 loss_eq: 3.000 acc_real: 1.000 acc_fake: 0.000 
{'scale': 262144.0, 'growth_factor': 2.0, 'backoff_factor': 0.5, 'growth_interval': 2000, '_growth_tracker': 252}
(epoch: 28, batches: 60, time: 0.003, data: 0.001) loss_D_real: 0.501 loss_D_fake: 1.625 loss_D: 1.063 loss_G: 0.501 loss_conv: 3.501 loss_eq: 3.000 acc_real: 1.000 acc_fake: 0.000 
{'scale': 262144.0, 'growth_factor': 2.0, 'backoff_factor': 0.5, 'growth_interval': 2000, '_growth_tracker': 272}
(epoch: 28, batches: 80, time: 0.002, data: 0.005) loss_D_real: 0.501 loss_D_fake: 1.585 loss_D: 1.043 loss_G: 0.501 loss_conv: 3.498 loss_eq: 2.998 acc_real: 1.000 acc_fake: 0.000 
{'scale': 262144.0, 'growth_factor': 2.0, 'backoff_factor': 0.5, 'growth_interval': 2000, '_growth_tracker': 292}
(epoch: 28, batches: 100, time: 0.002, data: 2.002) loss_D_real: 0.502 loss_D_fake: 1.724 loss_D: 1.113 loss_G: 0.502 loss_conv: 3.502 loss_eq: 3.000 acc_real: 1.000 acc_fake: 0.000 
{'scale': 262144.0, 'growth_factor': 2.0, 'backoff_factor': 0.5, 'growth_interval': 2000, '_growth_tracker': 312}
(epoch: 28, batches: 120, time: 0.003, data: 2.811) loss_D_real: 0.503 loss_D_fake: 1.513 loss_D: 1.008 loss_G: 0.503 loss_conv: 3.503 loss_eq: 3.000 acc_real: 1.000 acc_fake: 0.000 
{'scale': 262144.0, 'growth_factor': 2.0, 'backoff_factor': 0.5, 'growth_interval': 2000, '_growth_tracker': 332}
(epoch: 28, batches: 140, time: 0.002, data: 3.009) loss_D_real: 0.503 loss_D_fake: 1.533 loss_D: 1.018 loss_G: 0.502 loss_conv: 3.502 loss_eq: 3.000 acc_real: 1.000 acc_fake: 0.000 
{'scale': 262144.0, 'growth_factor': 2.0, 'backoff_factor': 0.5, 'growth_interval': 2000, '_growth_tracker': 352}
learning rate 0.0001280 -> 0.0001280
End of epoch 28 / 30 	 Time Taken: 417 sec
(epoch: 29, batches: 20, time: 0.002, data: 0.020) loss_D_real: 0.503 loss_D_fake: 1.542 loss_D: 1.022 loss_G: 0.502 loss_conv: 3.502 loss_eq: 3.000 acc_real: 1.000 acc_fake: 0.000 
{'scale': 262144.0, 'growth_factor': 2.0, 'backoff_factor': 0.5, 'growth_interval': 2000, '_growth_tracker': 388}
(epoch: 29, batches: 40, time: 0.002, data: 0.001) loss_D_real: 0.501 loss_D_fake: 1.612 loss_D: 1.057 loss_G: 0.501 loss_conv: 3.501 loss_eq: 3.000 acc_real: 1.000 acc_fake: 0.000 
{'scale': 262144.0, 'growth_factor': 2.0, 'backoff_factor': 0.5, 'growth_interval': 2000, '_growth_tracker': 408}
(epoch: 29, batches: 60, time: 0.002, data: 0.025) loss_D_real: 0.501 loss_D_fake: 1.604 loss_D: 1.052 loss_G: 0.501 loss_conv: 3.499 loss_eq: 2.998 acc_real: 1.000 acc_fake: 0.000 
{'scale': 262144.0, 'growth_factor': 2.0, 'backoff_factor': 0.5, 'growth_interval': 2000, '_growth_tracker': 428}
(epoch: 29, batches: 80, time: 0.002, data: 0.138) loss_D_real: 0.501 loss_D_fake: 1.595 loss_D: 1.048 loss_G: 0.501 loss_conv: 3.501 loss_eq: 3.000 acc_real: 1.000 acc_fake: 0.000 
{'scale': 262144.0, 'growth_factor': 2.0, 'backoff_factor': 0.5, 'growth_interval': 2000, '_growth_tracker': 448}
(epoch: 29, batches: 100, time: 0.002, data: 0.005) loss_D_real: 0.501 loss_D_fake: 1.576 loss_D: 1.038 loss_G: 0.501 loss_conv: 3.501 loss_eq: 3.000 acc_real: 1.000 acc_fake: 0.000 
{'scale': 262144.0, 'growth_factor': 2.0, 'backoff_factor': 0.5, 'growth_interval': 2000, '_growth_tracker': 468}
(epoch: 29, batches: 120, time: 0.003, data: 0.343) loss_D_real: 0.501 loss_D_fake: 1.607 loss_D: 1.054 loss_G: 0.501 loss_conv: 3.501 loss_eq: 3.000 acc_real: 1.000 acc_fake: 0.000 
{'scale': 262144.0, 'growth_factor': 2.0, 'backoff_factor': 0.5, 'growth_interval': 2000, '_growth_tracker': 488}
(epoch: 29, batches: 140, time: 0.003, data: 0.002) loss_D_real: 0.501 loss_D_fake: 1.555 loss_D: 1.028 loss_G: 0.501 loss_conv: 3.501 loss_eq: 3.000 acc_real: 1.000 acc_fake: 0.000 
{'scale': 262144.0, 'growth_factor': 2.0, 'backoff_factor': 0.5, 'growth_interval': 2000, '_growth_tracker': 508}
learning rate 0.0001280 -> 0.0001280
End of epoch 29 / 30 	 Time Taken: 418 sec
(epoch: 30, batches: 20, time: 0.002, data: 9.670) loss_D_real: 0.501 loss_D_fake: 1.554 loss_D: 1.028 loss_G: 0.501 loss_conv: 3.501 loss_eq: 3.000 acc_real: 1.000 acc_fake: 0.000 
{'scale': 262144.0, 'growth_factor': 2.0, 'backoff_factor': 0.5, 'growth_interval': 2000, '_growth_tracker': 544}
(epoch: 30, batches: 40, time: 0.002, data: 9.727) loss_D_real: 0.501 loss_D_fake: 1.629 loss_D: 1.065 loss_G: 0.501 loss_conv: 3.501 loss_eq: 3.000 acc_real: 1.000 acc_fake: 0.000 
{'scale': 262144.0, 'growth_factor': 2.0, 'backoff_factor': 0.5, 'growth_interval': 2000, '_growth_tracker': 564}
(epoch: 30, batches: 60, time: 0.002, data: 9.720) loss_D_real: 0.501 loss_D_fake: 1.593 loss_D: 1.047 loss_G: 0.501 loss_conv: 3.501 loss_eq: 3.000 acc_real: 1.000 acc_fake: 0.000 
{'scale': 262144.0, 'growth_factor': 2.0, 'backoff_factor': 0.5, 'growth_interval': 2000, '_growth_tracker': 584}
(epoch: 30, batches: 80, time: 0.002, data: 9.545) loss_D_real: 0.502 loss_D_fake: 1.605 loss_D: 1.053 loss_G: 0.502 loss_conv: 3.502 loss_eq: 3.000 acc_real: 1.000 acc_fake: 0.000 
{'scale': 262144.0, 'growth_factor': 2.0, 'backoff_factor': 0.5, 'growth_interval': 2000, '_growth_tracker': 604}
(epoch: 30, batches: 100, time: 0.003, data: 9.342) loss_D_real: 0.503 loss_D_fake: 1.664 loss_D: 1.083 loss_G: 0.503 loss_conv: 3.502 loss_eq: 3.000 acc_real: 1.000 acc_fake: 0.000 
{'scale': 262144.0, 'growth_factor': 2.0, 'backoff_factor': 0.5, 'growth_interval': 2000, '_growth_tracker': 624}
(epoch: 30, batches: 120, time: 0.003, data: 9.609) loss_D_real: 0.501 loss_D_fake: 1.621 loss_D: 1.061 loss_G: 0.501 loss_conv: 3.501 loss_eq: 3.000 acc_real: 1.000 acc_fake: 0.000 
{'scale': 262144.0, 'growth_factor': 2.0, 'backoff_factor': 0.5, 'growth_interval': 2000, '_growth_tracker': 644}
(epoch: 30, batches: 140, time: 0.003, data: 9.871) loss_D_real: 0.501 loss_D_fake: 1.628 loss_D: 1.064 loss_G: 0.501 loss_conv: 3.501 loss_eq: 3.000 acc_real: 1.000 acc_fake: 0.000 
{'scale': 262144.0, 'growth_factor': 2.0, 'backoff_factor': 0.5, 'growth_interval': 2000, '_growth_tracker': 664}
saving the model at the end of epoch 30, iters 299520
learning rate 0.0001280 -> 0.0001024
End of epoch 30 / 30 	 Time Taken: 420 sec
Finished training, model is saved
Batches trained - G: 3120, D: 1560 
