starting training run 21
Setting up a new session...
Traceback (most recent call last):
  File "/sw/arch/Debian10/EB_production/2020/software/Python/3.8.2-GCCcore-9.3.0/lib/python3.8/site-packages/urllib3/connection.py", line 159, in _new_conn
    conn = connection.create_connection(
  File "/sw/arch/Debian10/EB_production/2020/software/Python/3.8.2-GCCcore-9.3.0/lib/python3.8/site-packages/urllib3/util/connection.py", line 84, in create_connection
    raise err
  File "/sw/arch/Debian10/EB_production/2020/software/Python/3.8.2-GCCcore-9.3.0/lib/python3.8/site-packages/urllib3/util/connection.py", line 74, in create_connection
    sock.connect(sa)
ConnectionRefusedError: [Errno 111] Connection refused

During handling of the above exception, another exception occurred:

Traceback (most recent call last):
  File "/sw/arch/Debian10/EB_production/2020/software/Python/3.8.2-GCCcore-9.3.0/lib/python3.8/site-packages/urllib3/connectionpool.py", line 670, in urlopen
    httplib_response = self._make_request(
  File "/sw/arch/Debian10/EB_production/2020/software/Python/3.8.2-GCCcore-9.3.0/lib/python3.8/site-packages/urllib3/connectionpool.py", line 392, in _make_request
    conn.request(method, url, **httplib_request_kw)
  File "/sw/arch/Debian10/EB_production/2020/software/Python/3.8.2-GCCcore-9.3.0/lib/python3.8/http/client.py", line 1230, in request
    self._send_request(method, url, body, headers, encode_chunked)
  File "/sw/arch/Debian10/EB_production/2020/software/Python/3.8.2-GCCcore-9.3.0/lib/python3.8/http/client.py", line 1276, in _send_request
    self.endheaders(body, encode_chunked=encode_chunked)
  File "/sw/arch/Debian10/EB_production/2020/software/Python/3.8.2-GCCcore-9.3.0/lib/python3.8/http/client.py", line 1225, in endheaders
    self._send_output(message_body, encode_chunked=encode_chunked)
  File "/sw/arch/Debian10/EB_production/2020/software/Python/3.8.2-GCCcore-9.3.0/lib/python3.8/http/client.py", line 1004, in _send_output
    self.send(msg)
  File "/sw/arch/Debian10/EB_production/2020/software/Python/3.8.2-GCCcore-9.3.0/lib/python3.8/http/client.py", line 944, in send
    self.connect()
  File "/sw/arch/Debian10/EB_production/2020/software/Python/3.8.2-GCCcore-9.3.0/lib/python3.8/site-packages/urllib3/connection.py", line 187, in connect
    conn = self._new_conn()
  File "/sw/arch/Debian10/EB_production/2020/software/Python/3.8.2-GCCcore-9.3.0/lib/python3.8/site-packages/urllib3/connection.py", line 171, in _new_conn
    raise NewConnectionError(
urllib3.exceptions.NewConnectionError: <urllib3.connection.HTTPConnection object at 0x1551e6f35880>: Failed to establish a new connection: [Errno 111] Connection refused

During handling of the above exception, another exception occurred:

Traceback (most recent call last):
  File "/sw/arch/Debian10/EB_production/2020/software/Python/3.8.2-GCCcore-9.3.0/lib/python3.8/site-packages/requests/adapters.py", line 439, in send
    resp = conn.urlopen(
  File "/sw/arch/Debian10/EB_production/2020/software/Python/3.8.2-GCCcore-9.3.0/lib/python3.8/site-packages/urllib3/connectionpool.py", line 724, in urlopen
    retries = retries.increment(
  File "/sw/arch/Debian10/EB_production/2020/software/Python/3.8.2-GCCcore-9.3.0/lib/python3.8/site-packages/urllib3/util/retry.py", line 439, in increment
    raise MaxRetryError(_pool, url, error or ResponseError(cause))
urllib3.exceptions.MaxRetryError: HTTPConnectionPool(host='localhost', port=8097): Max retries exceeded with url: /env/main (Caused by NewConnectionError('<urllib3.connection.HTTPConnection object at 0x1551e6f35880>: Failed to establish a new connection: [Errno 111] Connection refused'))

During handling of the above exception, another exception occurred:

Traceback (most recent call last):
  File "/home/tlotze/.local/lib/python3.8/site-packages/visdom/__init__.py", line 708, in _send
    return self._handle_post(
  File "/home/tlotze/.local/lib/python3.8/site-packages/visdom/__init__.py", line 677, in _handle_post
    r = self.session.post(url, data=data)
  File "/sw/arch/Debian10/EB_production/2020/software/Python/3.8.2-GCCcore-9.3.0/lib/python3.8/site-packages/requests/sessions.py", line 578, in post
    return self.request('POST', url, data=data, json=json, **kwargs)
  File "/sw/arch/Debian10/EB_production/2020/software/Python/3.8.2-GCCcore-9.3.0/lib/python3.8/site-packages/requests/sessions.py", line 530, in request
    resp = self.send(prep, **send_kwargs)
  File "/sw/arch/Debian10/EB_production/2020/software/Python/3.8.2-GCCcore-9.3.0/lib/python3.8/site-packages/requests/sessions.py", line 643, in send
    r = adapter.send(request, **kwargs)
  File "/sw/arch/Debian10/EB_production/2020/software/Python/3.8.2-GCCcore-9.3.0/lib/python3.8/site-packages/requests/adapters.py", line 516, in send
    raise ConnectionError(e, request=request)
requests.exceptions.ConnectionError: HTTPConnectionPool(host='localhost', port=8097): Max retries exceeded with url: /env/main (Caused by NewConnectionError('<urllib3.connection.HTTPConnection object at 0x1551e6f35880>: Failed to establish a new connection: [Errno 111] Connection refused'))
[Errno 111] Connection refused
----------------- Options ---------------
              D_headstart: 10000                         	[default: 80000]
              D_threshold: 0.6                           
               batch_size: 50                            
                    beta1: 0.5                           
                    beta2: 0.999                         
           border_zeroing: True                          
          checkpoints_dir: /scratch/checkpoints          	[default: ./checkpoints]
        confidence_weight: 0.0                           
           continue_train: False                         
                crop_size: 256                           	[default: 64]
                 dataroot: /scratch/datasets/CLEVR_colorized/images	[default: datasets]
             dataset_mode: double                        
                direction: None                          
              display_env: main                          
             display_freq: 5000                          	[default: 1]
               display_id: 1                             
            display_ncols: 4                             
             display_port: 8097                          
           display_server: http://localhost              
          display_winsize: 256                           
                    epoch: latest                        
              epoch_count: 1                             
                 gan_mode: lsgan                         
                  gpu_ids: 0                             
                init_gain: 0.02                          
                init_type: normal                        
                 input_nc: 3                             
                  isTrain: True                          	[default: None]
               lambda_aux: 0.2                           
                load_iter: 0                             	[default: 0]
                load_size: 265                           	[default: 70]
                       lr: 0.0001                        
           lr_decay_iters: 50                            
                lr_policy: step                          
         max_dataset_size: inf                           
                    model: copypasteGAN                  	[default: cycle_gan]
                 n_epochs: 5                             	[default: 1]
           n_epochs_decay: 3                             
               n_layers_D: 3                             
                     name: CopyGAN                       
                      ndf: 64                            
                     netD: copy                          
                     netG: copy                          
                      ngf: 64                            
               no_dropout: False                         
                  no_flip: True                          
                  no_html: False                         
                     norm: instance                      
           nr_obj_classes: 1                             
              num_threads: 4                             
                output_nc: 3                             
                    phase: train                         
                pool_size: 50                            
               preprocess: resize_and_crop               
               print_freq: 1000                          	[default: 100]
              real_target: 1.0                           
             save_by_iter: False                         
          save_epoch_freq: 10                            	[default: 50]
         save_latest_freq: 5000                          
                     seed: 42                            
           serial_batches: False                         
               sigma_blur: 1.0                           
                   suffix:                               
         update_html_freq: 5000                          	[default: 1000]
           val_batch_size: 500                           
                 val_freq: 50                            
                  verbose: True                          	[default: False]
----------------- End -------------------
----------------- Options ---------------
              D_headstart: 10000                         	[default: 80000]
              D_threshold: 0.6                           
               batch_size: 50                            
                    beta1: 0.5                           
                    beta2: 0.999                         
           border_zeroing: True                          
          checkpoints_dir: /scratch/checkpoints          	[default: ./checkpoints]
        confidence_weight: 0.0                           
           continue_train: False                         
                crop_size: 256                           	[default: 64]
                 dataroot: /scratch/datasets/CLEVR_colorized/images	[default: datasets]
             dataset_mode: double                        
                direction: None                          
              display_env: main                          
             display_freq: 5000                          	[default: 1]
               display_id: 1                             
            display_ncols: 4                             
             display_port: 8097                          
           display_server: http://localhost              
          display_winsize: 256                           
                    epoch: latest                        
              epoch_count: 1                             
                 gan_mode: lsgan                         
                  gpu_ids: 0                             
                init_gain: 0.02                          
                init_type: normal                        
                 input_nc: 3                             
                  isTrain: True                          	[default: None]
               lambda_aux: 0.2                           
                load_iter: 0                             	[default: 0]
                load_size: 265                           	[default: 70]
                       lr: 0.0001                        
           lr_decay_iters: 50                            
                lr_policy: step                          
         max_dataset_size: inf                           
                    model: copypasteGAN                  	[default: cycle_gan]
                 n_epochs: 5                             	[default: 1]
           n_epochs_decay: 3                             
               n_layers_D: 3                             
                     name: CopyGAN                       
                      ndf: 64                            
                     netD: copy                          
                     netG: copy                          
                      ngf: 64                            
               no_dropout: False                         
                  no_flip: True                          
                  no_html: False                         
                     norm: instance                      
           nr_obj_classes: 1                             
              num_threads: 4                             
                output_nc: 3                             
                    phase: train                         
                pool_size: 50                            
               preprocess: resize_and_crop               
               print_freq: 1000                          	[default: 100]
              real_target: 1.0                           
             save_by_iter: False                         
          save_epoch_freq: 10                            	[default: 50]
         save_latest_freq: 5000                          
                     seed: 42                            
           serial_batches: False                         
               sigma_blur: 1.0                           
                   suffix:                               
         update_html_freq: 5000                          	[default: 1000]
           val_batch_size: 500                           
                 val_freq: 50                            
                  verbose: True                          	[default: False]
----------------- End -------------------
dataset [DoubleDataset] was created
dataset [DoubleDataset] was created
The number of training images = 15000
The number of epochs to run = 8
initialize network with normal
initialize network with normal
model [CopyPasteGANModel] was created
---------- Networks initialized -------------
DataParallel(
  (module): CopyUNet(
    (downscale): Sequential(
      (0): EncoderBlock(
        (model): Sequential(
          (0): Conv2d(3, 3, kernel_size=(3, 3), stride=(2, 2), padding=(1, 1), bias=False)
          (1): InstanceNorm2d(3, eps=1e-05, momentum=0.1, affine=False, track_running_stats=False)
          (2): LeakyReLU(negative_slope=0.2, inplace=True)
        )
      )
      (1): EncoderBlock(
        (model): Sequential(
          (0): Conv2d(3, 3, kernel_size=(3, 3), stride=(2, 2), padding=(1, 1), bias=False)
          (1): InstanceNorm2d(3, eps=1e-05, momentum=0.1, affine=False, track_running_stats=False)
          (2): LeakyReLU(negative_slope=0.2, inplace=True)
        )
      )
    )
    (upscale): Sequential(
      (0): DecoderBlock(
        (model): Sequential(
          (0): Upsample(scale_factor=2.0, mode=bilinear)
          (1): Conv2d(1, 1, kernel_size=(3, 3), stride=(1, 1), padding=(1, 1))
          (2): InstanceNorm2d(1, eps=1e-05, momentum=0.1, affine=False, track_running_stats=False)
          (3): LeakyReLU(negative_slope=0.2, inplace=True)
        )
      )
      (1): DecoderBlock(
        (model): Sequential(
          (0): Upsample(scale_factor=2.0, mode=bilinear)
          (1): Conv2d(1, 1, kernel_size=(3, 3), stride=(1, 1), padding=(1, 1))
          (2): InstanceNorm2d(1, eps=1e-05, momentum=0.1, affine=False, track_running_stats=False)
          (3): LeakyReLU(negative_slope=0.2, inplace=True)
        )
      )
    )
    (enc1): EncoderBlock(
      (model): Sequential(
        (0): Conv2d(3, 64, kernel_size=(3, 3), stride=(1, 1), padding=(1, 1), bias=False)
        (1): InstanceNorm2d(64, eps=1e-05, momentum=0.1, affine=False, track_running_stats=False)
        (2): LeakyReLU(negative_slope=0.2, inplace=True)
      )
    )
    (enc2): EncoderBlock(
      (model): Sequential(
        (0): Conv2d(64, 128, kernel_size=(3, 3), stride=(2, 2), padding=(1, 1), bias=False)
        (1): InstanceNorm2d(128, eps=1e-05, momentum=0.1, affine=False, track_running_stats=False)
        (2): LeakyReLU(negative_slope=0.2, inplace=True)
      )
    )
    (enc3): EncoderBlock(
      (model): Sequential(
        (0): Conv2d(128, 256, kernel_size=(3, 3), stride=(2, 2), padding=(1, 1), bias=False)
        (1): InstanceNorm2d(256, eps=1e-05, momentum=0.1, affine=False, track_running_stats=False)
        (2): LeakyReLU(negative_slope=0.2, inplace=True)
      )
    )
    (enc4): EncoderBlock(
      (model): Sequential(
        (0): Conv2d(256, 512, kernel_size=(3, 3), stride=(2, 2), padding=(1, 1), bias=False)
        (1): InstanceNorm2d(512, eps=1e-05, momentum=0.1, affine=False, track_running_stats=False)
        (2): LeakyReLU(negative_slope=0.2, inplace=True)
      )
    )
    (dec4): DecoderBlock(
      (model): Sequential(
        (0): Upsample(scale_factor=2.0, mode=bilinear)
        (1): Conv2d(512, 256, kernel_size=(3, 3), stride=(1, 1), padding=(1, 1))
        (2): InstanceNorm2d(256, eps=1e-05, momentum=0.1, affine=False, track_running_stats=False)
        (3): LeakyReLU(negative_slope=0.2, inplace=True)
      )
    )
    (dec3): DecoderBlock(
      (model): Sequential(
        (0): Upsample(scale_factor=2.0, mode=bilinear)
        (1): Conv2d(512, 128, kernel_size=(3, 3), stride=(1, 1), padding=(1, 1))
        (2): InstanceNorm2d(128, eps=1e-05, momentum=0.1, affine=False, track_running_stats=False)
        (3): LeakyReLU(negative_slope=0.2, inplace=True)
      )
    )
    (dec2): DecoderBlock(
      (model): Sequential(
        (0): Upsample(scale_factor=2.0, mode=bilinear)
        (1): Conv2d(256, 64, kernel_size=(3, 3), stride=(1, 1), padding=(1, 1))
        (2): InstanceNorm2d(64, eps=1e-05, momentum=0.1, affine=False, track_running_stats=False)
        (3): LeakyReLU(negative_slope=0.2, inplace=True)
      )
    )
    (dec1): DecoderBlock(
      (model): Sequential(
        (0): Conv2d(128, 1, kernel_size=(3, 3), stride=(1, 1), padding=(1, 1))
      )
    )
    (sigmoid): Sigmoid()
  )
)
[Network G] Total number of parameters : 3.469 M
DataParallel(
  (module): CopyUNet(
    (blur_filter): Conv2d(3, 3, kernel_size=(3, 3), stride=(1, 1), padding=(1, 1), groups=3, bias=False, padding_mode=replicate)
    (downscale): Sequential(
      (0): EncoderBlock(
        (model): Sequential(
          (0): Conv2d(3, 3, kernel_size=(3, 3), stride=(2, 2), padding=(1, 1), bias=False)
          (1): InstanceNorm2d(3, eps=1e-05, momentum=0.1, affine=False, track_running_stats=False)
          (2): LeakyReLU(negative_slope=0.2, inplace=True)
        )
      )
      (1): EncoderBlock(
        (model): Sequential(
          (0): Conv2d(3, 3, kernel_size=(3, 3), stride=(2, 2), padding=(1, 1), bias=False)
          (1): InstanceNorm2d(3, eps=1e-05, momentum=0.1, affine=False, track_running_stats=False)
          (2): LeakyReLU(negative_slope=0.2, inplace=True)
        )
      )
    )
    (upscale): Sequential(
      (0): DecoderBlock(
        (model): Sequential(
          (0): Upsample(scale_factor=2.0, mode=bilinear)
          (1): Conv2d(1, 1, kernel_size=(3, 3), stride=(1, 1), padding=(1, 1))
          (2): InstanceNorm2d(1, eps=1e-05, momentum=0.1, affine=False, track_running_stats=False)
          (3): LeakyReLU(negative_slope=0.2, inplace=True)
        )
      )
      (1): DecoderBlock(
        (model): Sequential(
          (0): Upsample(scale_factor=2.0, mode=bilinear)
          (1): Conv2d(1, 1, kernel_size=(3, 3), stride=(1, 1), padding=(1, 1))
          (2): InstanceNorm2d(1, eps=1e-05, momentum=0.1, affine=False, track_running_stats=False)
          (3): LeakyReLU(negative_slope=0.2, inplace=True)
        )
      )
    )
    (enc1): EncoderBlock(
      (model): Sequential(
        (0): Conv2d(3, 64, kernel_size=(3, 3), stride=(1, 1), padding=(1, 1), bias=False)
        (1): InstanceNorm2d(64, eps=1e-05, momentum=0.1, affine=False, track_running_stats=False)
        (2): LeakyReLU(negative_slope=0.2, inplace=True)
      )
    )
    (enc2): EncoderBlock(
      (model): Sequential(
        (0): Conv2d(64, 128, kernel_size=(3, 3), stride=(2, 2), padding=(1, 1), bias=False)
        (1): InstanceNorm2d(128, eps=1e-05, momentum=0.1, affine=False, track_running_stats=False)
        (2): LeakyReLU(negative_slope=0.2, inplace=True)
      )
    )
    (enc3): EncoderBlock(
      (model): Sequential(
        (0): Conv2d(128, 256, kernel_size=(3, 3), stride=(2, 2), padding=(1, 1), bias=False)
        (1): InstanceNorm2d(256, eps=1e-05, momentum=0.1, affine=False, track_running_stats=False)
        (2): LeakyReLU(negative_slope=0.2, inplace=True)
      )
    )
    (enc4): EncoderBlock(
      (model): Sequential(
        (0): Conv2d(256, 512, kernel_size=(3, 3), stride=(2, 2), padding=(1, 1), bias=False)
        (1): InstanceNorm2d(512, eps=1e-05, momentum=0.1, affine=False, track_running_stats=False)
        (2): LeakyReLU(negative_slope=0.2, inplace=True)
      )
    )
    (dec4): DecoderBlock(
      (model): Sequential(
        (0): Upsample(scale_factor=2.0, mode=bilinear)
        (1): Conv2d(512, 256, kernel_size=(3, 3), stride=(1, 1), padding=(1, 1))
        (2): InstanceNorm2d(256, eps=1e-05, momentum=0.1, affine=False, track_running_stats=False)
        (3): LeakyReLU(negative_slope=0.2, inplace=True)
      )
    )
    (dec3): DecoderBlock(
      (model): Sequential(
        (0): Upsample(scale_factor=2.0, mode=bilinear)
        (1): Conv2d(512, 128, kernel_size=(3, 3), stride=(1, 1), padding=(1, 1))
        (2): InstanceNorm2d(128, eps=1e-05, momentum=0.1, affine=False, track_running_stats=False)
        (3): LeakyReLU(negative_slope=0.2, inplace=True)
      )
    )
    (dec2): DecoderBlock(
      (model): Sequential(
        (0): Upsample(scale_factor=2.0, mode=bilinear)
        (1): Conv2d(256, 64, kernel_size=(3, 3), stride=(1, 1), padding=(1, 1))
        (2): InstanceNorm2d(64, eps=1e-05, momentum=0.1, affine=False, track_running_stats=False)
        (3): LeakyReLU(negative_slope=0.2, inplace=True)
      )
    )
    (dec1): DecoderBlock(
      (model): Sequential(
        (0): Conv2d(128, 1, kernel_size=(3, 3), stride=(1, 1), padding=(1, 1))
      )
    )
    (sigmoid): Sigmoid()
    (avg): Sequential(
      (0): AvgPool2d(kernel_size=8, stride=2, padding=0)
      (1): Flatten(start_dim=1, end_dim=-1)
      (2): Linear(in_features=512, out_features=256, bias=True)
      (3): LeakyReLU(negative_slope=0.01)
      (4): Linear(in_features=256, out_features=1, bias=True)
      (5): Sigmoid()
    )
  )
)
[Network D] Total number of parameters : 3.600 M
-----------------------------------------------
Exception in user code:
------------------------------------------------------------
checking connection: False


Could not connect to Visdom server. 
 Trying to start a server....
Command: /sw/arch/Debian10/EB_production/2020/software/Python/3.8.2-GCCcore-9.3.0/bin/python -m visdom.server -p 8097 &>/dev/null &
check connection after creating new server: False
create web directory /scratch/checkpoints/CopyGAN/web...
(epoch: 1, iters: 1000, time: 0.011, data: 2.426) loss_G_comp: 0.000 loss_G_anti_sc: 0.000 loss_G: 0.000 loss_D_real: 0.703 loss_D_fake: 0.687 loss_D_gr_fake: 0.655 loss_AUX: 0.506 loss_D: 2.551 acc_real: 0.320 acc_fake: 0.600 acc_grfake: 0.900 
D preds: real 0.50, fake 0.50, grfake: 0.48
accuracy: real: 0.32, fake: 0.6, grfake: 0.9

(epoch: 1, iters: 2000, time: 0.014, data: 0.015) loss_G_comp: 0.000 loss_G_anti_sc: 0.000 loss_G: 0.000 loss_D_real: 0.589 loss_D_fake: 0.747 loss_D_gr_fake: 0.612 loss_AUX: 0.508 loss_D: 2.456 acc_real: 0.820 acc_fake: 0.380 acc_grfake: 0.740 
D preds: real 0.56, fake 0.52, grfake: 0.45
accuracy: real: 0.82, fake: 0.38, grfake: 0.74

validation accuracies:
                gf: 0.81
                real: 0.87
                fake: 0.36

(epoch: 1, iters: 3000, time: 0.011, data: 0.016) loss_G_comp: 0.000 loss_G_anti_sc: 0.000 loss_G: 0.000 loss_D_real: 0.487 loss_D_fake: 0.809 loss_D_gr_fake: 0.506 loss_AUX: 0.503 loss_D: 2.306 acc_real: 0.840 acc_fake: 0.400 acc_grfake: 0.820 
D preds: real 0.63, fake 0.54, grfake: 0.38
accuracy: real: 0.84, fake: 0.4, grfake: 0.82

(epoch: 1, iters: 4000, time: 0.039, data: 0.017) loss_G_comp: 0.000 loss_G_anti_sc: 0.000 loss_G: 0.000 loss_D_real: 0.359 loss_D_fake: 0.718 loss_D_gr_fake: 0.403 loss_AUX: 0.504 loss_D: 1.983 acc_real: 0.980 acc_fake: 0.540 acc_grfake: 0.880 
D preds: real 0.70, fake 0.49, grfake: 0.29
accuracy: real: 0.98, fake: 0.54, grfake: 0.88

validation accuracies:
                gf: 0.86
                real: 0.95
                fake: 0.54

(epoch: 1, iters: 5000, time: 1.034, data: 0.015) loss_G_comp: 0.000 loss_G_anti_sc: 0.000 loss_G: 0.000 loss_D_real: 0.272 loss_D_fake: 0.669 loss_D_gr_fake: 0.272 loss_AUX: 0.503 loss_D: 1.716 acc_real: 1.000 acc_fake: 0.620 acc_grfake: 0.880 
D preds: real 0.77, fake 0.46, grfake: 0.21
accuracy: real: 1.0, fake: 0.62, grfake: 0.88

saving the latest model (epoch 1, total_iters 5000)
(epoch: 1, iters: 6000, time: 0.015, data: 0.015) loss_G_comp: 0.000 loss_G_anti_sc: 0.000 loss_G: 0.000 loss_D_real: 0.231 loss_D_fake: 1.100 loss_D_gr_fake: 0.413 loss_AUX: 0.501 loss_D: 2.244 acc_real: 0.940 acc_fake: 0.200 acc_grfake: 0.840 
D preds: real 0.81, fake 0.63, grfake: 0.26
accuracy: real: 0.94, fake: 0.2, grfake: 0.84

(epoch: 1, iters: 7000, time: 0.024, data: 0.028) loss_G_comp: 0.000 loss_G_anti_sc: 0.000 loss_G: 0.000 loss_D_real: 0.224 loss_D_fake: 0.679 loss_D_gr_fake: 0.204 loss_AUX: 0.500 loss_D: 1.607 acc_real: 0.940 acc_fake: 0.620 acc_grfake: 0.900 
D preds: real 0.82, fake 0.45, grfake: 0.14
accuracy: real: 0.94, fake: 0.62, grfake: 0.9

validation accuracies:
                gf: 0.88
                real: 0.95
                fake: 0.57

(epoch: 1, iters: 8000, time: 0.025, data: 0.021) loss_G_comp: 0.000 loss_G_anti_sc: 0.000 loss_G: 0.000 loss_D_real: 0.180 loss_D_fake: 0.796 loss_D_gr_fake: 0.242 loss_AUX: 0.502 loss_D: 1.719 acc_real: 0.960 acc_fake: 0.420 acc_grfake: 0.920 
D preds: real 0.86, fake 0.51, grfake: 0.15
accuracy: real: 0.96, fake: 0.42, grfake: 0.92

(epoch: 1, iters: 9000, time: 0.030, data: 0.016) loss_G_comp: 0.000 loss_G_anti_sc: 0.000 loss_G: 0.000 loss_D_real: 0.192 loss_D_fake: 0.846 loss_D_gr_fake: 0.219 loss_AUX: 0.502 loss_D: 1.760 acc_real: 0.960 acc_fake: 0.520 acc_grfake: 0.920 
D preds: real 0.84, fake 0.51, grfake: 0.14
accuracy: real: 0.96, fake: 0.52, grfake: 0.92

validation accuracies:
                gf: 0.89
                real: 0.96
                fake: 0.50

Headstart D over
(epoch: 1, iters: 10000, time: 1.044, data: 0.015) loss_G_comp: 0.000 loss_G_anti_sc: 0.000 loss_G: 0.000 loss_D_real: 0.211 loss_D_fake: 0.964 loss_D_gr_fake: 0.346 loss_AUX: 0.501 loss_D: 2.022 acc_real: 0.940 acc_fake: 0.440 acc_grfake: 0.860 
D preds: real 0.84, fake 0.54, grfake: 0.16
accuracy: real: 0.94, fake: 0.44, grfake: 0.86

saving the latest model (epoch 1, total_iters 10000)
(epoch: 1, iters: 11000, time: 0.013, data: 0.016) loss_G_comp: 0.000 loss_G_anti_sc: 0.000 loss_G: 0.000 loss_D_real: 0.166 loss_D_fake: 0.916 loss_D_gr_fake: 0.315 loss_AUX: 0.501 loss_D: 1.898 acc_real: 0.960 acc_fake: 0.500 acc_grfake: 0.880 
D preds: real 0.86, fake 0.52, grfake: 0.18
accuracy: real: 0.96, fake: 0.5, grfake: 0.88

(epoch: 1, iters: 12000, time: 0.036, data: 0.016) loss_G_comp: 0.000 loss_G_anti_sc: 0.000 loss_G: 0.000 loss_D_real: 0.124 loss_D_fake: 0.955 loss_D_gr_fake: 0.260 loss_AUX: 0.500 loss_D: 1.838 acc_real: 0.980 acc_fake: 0.420 acc_grfake: 0.900 
D preds: real 0.89, fake 0.54, grfake: 0.14
accuracy: real: 0.98, fake: 0.42, grfake: 0.9

validation accuracies:
                gf: 0.93
                real: 0.94
                fake: 0.73

(epoch: 1, iters: 13000, time: 0.012, data: 0.016) loss_G_comp: 0.690 loss_G_anti_sc: 0.971 loss_G: 1.660 loss_D_real: 0.109 loss_D_fake: 1.000 loss_D_gr_fake: 0.195 loss_AUX: 0.496 loss_D: 1.800 acc_real: 0.980 acc_fake: 0.320 acc_grfake: 0.860 
D preds: real 0.88, fake 0.59, grfake: 0.17
accuracy: real: 0.98, fake: 0.32, grfake: 0.86

(epoch: 1, iters: 14000, time: 0.013, data: 0.016) loss_G_comp: 0.627 loss_G_anti_sc: 0.781 loss_G: 1.408 loss_D_real: 0.300 loss_D_fake: 0.934 loss_D_gr_fake: 0.231 loss_AUX: 0.500 loss_D: 1.965 acc_real: 0.980 acc_fake: 0.280 acc_grfake: 0.960 
D preds: real 0.85, fake 0.60, grfake: 0.09
accuracy: real: 0.98, fake: 0.28, grfake: 0.96

validation accuracies:
                gf: 0.90
                real: 0.97
                fake: 0.37

(epoch: 1, iters: 15000, time: 1.027, data: 0.016) loss_G_comp: 0.474 loss_G_anti_sc: 1.073 loss_G: 1.547 loss_D_real: 0.121 loss_D_fake: 1.109 loss_D_gr_fake: 0.193 loss_AUX: 0.497 loss_D: 1.920 acc_real: 1.000 acc_fake: 0.340 acc_grfake: 0.940 
D preds: real 0.89, fake 0.59, grfake: 0.11
accuracy: real: 1.0, fake: 0.34, grfake: 0.94

saving the latest model (epoch 1, total_iters 15000)
learning rate 0.0001000 -> 0.0001000
End of epoch 1 / 8 	 Time Taken: 555 sec
(epoch: 2, iters: 1000, time: 0.017, data: 1.478) loss_G_comp: 0.474 loss_G_anti_sc: 1.073 loss_G: 1.547 loss_D_real: 0.218 loss_D_fake: 0.891 loss_D_gr_fake: 0.279 loss_AUX: 0.498 loss_D: 1.886 acc_real: 0.920 acc_fake: 0.520 acc_grfake: 0.860 
D preds: real 0.85, fake 0.52, grfake: 0.14
accuracy: real: 0.92, fake: 0.52, grfake: 0.86

(epoch: 2, iters: 2000, time: 0.011, data: 0.028) loss_G_comp: 0.474 loss_G_anti_sc: 1.073 loss_G: 1.547 loss_D_real: 0.114 loss_D_fake: 0.866 loss_D_gr_fake: 0.171 loss_AUX: 0.496 loss_D: 1.647 acc_real: 0.960 acc_fake: 0.360 acc_grfake: 0.920 
D preds: real 0.90, fake 0.54, grfake: 0.13
accuracy: real: 0.96, fake: 0.36, grfake: 0.92

validation accuracies:
                gf: 0.91
                real: 0.94
                fake: 0.47

(epoch: 2, iters: 3000, time: 0.014, data: 0.016) loss_G_comp: 0.474 loss_G_anti_sc: 1.073 loss_G: 1.547 loss_D_real: 0.053 loss_D_fake: 1.514 loss_D_gr_fake: 0.435 loss_AUX: 0.498 loss_D: 2.501 acc_real: 1.000 acc_fake: 0.220 acc_grfake: 0.860 
D preds: real 0.95, fake 0.69, grfake: 0.18
accuracy: real: 1.0, fake: 0.22, grfake: 0.86

(epoch: 2, iters: 4000, time: 0.011, data: 0.035) loss_G_comp: 0.474 loss_G_anti_sc: 1.073 loss_G: 1.547 loss_D_real: 0.097 loss_D_fake: 1.048 loss_D_gr_fake: 0.266 loss_AUX: 0.499 loss_D: 1.910 acc_real: 0.980 acc_fake: 0.380 acc_grfake: 0.900 
D preds: real 0.91, fake 0.59, grfake: 0.14
accuracy: real: 0.98, fake: 0.38, grfake: 0.9

validation accuracies:
                gf: 0.92
                real: 0.97
                fake: 0.53

(epoch: 2, iters: 5000, time: 1.049, data: 0.031) loss_G_comp: 0.474 loss_G_anti_sc: 1.073 loss_G: 1.547 loss_D_real: 0.154 loss_D_fake: 1.044 loss_D_gr_fake: 0.490 loss_AUX: 0.499 loss_D: 2.187 acc_real: 0.960 acc_fake: 0.380 acc_grfake: 0.820 
D preds: real 0.87, fake 0.54, grfake: 0.20
accuracy: real: 0.96, fake: 0.38, grfake: 0.82

saving the latest model (epoch 2, total_iters 20000)
(epoch: 2, iters: 6000, time: 0.016, data: 0.017) loss_G_comp: 0.474 loss_G_anti_sc: 1.073 loss_G: 1.547 loss_D_real: 0.128 loss_D_fake: 0.864 loss_D_gr_fake: 0.205 loss_AUX: 0.497 loss_D: 1.694 acc_real: 1.000 acc_fake: 0.500 acc_grfake: 0.920 
D preds: real 0.88, fake 0.50, grfake: 0.11
accuracy: real: 1.0, fake: 0.5, grfake: 0.92

(epoch: 2, iters: 7000, time: 0.014, data: 0.030) loss_G_comp: 0.474 loss_G_anti_sc: 1.073 loss_G: 1.547 loss_D_real: 0.271 loss_D_fake: 0.769 loss_D_gr_fake: 0.344 loss_AUX: 0.497 loss_D: 1.880 acc_real: 0.940 acc_fake: 0.560 acc_grfake: 0.860 
D preds: real 0.83, fake 0.47, grfake: 0.15
accuracy: real: 0.94, fake: 0.56, grfake: 0.86

validation accuracies:
                gf: 0.92
                real: 0.97
                fake: 0.41

(epoch: 2, iters: 8000, time: 0.013, data: 0.016) loss_G_comp: 0.474 loss_G_anti_sc: 1.073 loss_G: 1.547 loss_D_real: 0.078 loss_D_fake: 1.179 loss_D_gr_fake: 0.294 loss_AUX: 0.496 loss_D: 2.048 acc_real: 1.000 acc_fake: 0.300 acc_grfake: 0.880 
D preds: real 0.93, fake 0.61, grfake: 0.14
accuracy: real: 1.0, fake: 0.3, grfake: 0.88

(epoch: 2, iters: 9000, time: 0.020, data: 0.015) loss_G_comp: 0.474 loss_G_anti_sc: 1.073 loss_G: 1.547 loss_D_real: 0.121 loss_D_fake: 0.795 loss_D_gr_fake: 0.166 loss_AUX: 0.498 loss_D: 1.580 acc_real: 0.980 acc_fake: 0.500 acc_grfake: 0.920 
D preds: real 0.89, fake 0.49, grfake: 0.10
accuracy: real: 0.98, fake: 0.5, grfake: 0.92

validation accuracies:
                gf: 0.90
                real: 0.98
                fake: 0.38

(epoch: 2, iters: 10000, time: 1.040, data: 0.017) loss_G_comp: 0.474 loss_G_anti_sc: 1.073 loss_G: 1.547 loss_D_real: 0.113 loss_D_fake: 1.041 loss_D_gr_fake: 0.201 loss_AUX: 0.495 loss_D: 1.850 acc_real: 0.980 acc_fake: 0.340 acc_grfake: 0.940 
D preds: real 0.90, fake 0.57, grfake: 0.10
accuracy: real: 0.98, fake: 0.34, grfake: 0.94

saving the latest model (epoch 2, total_iters 25000)
(epoch: 2, iters: 11000, time: 0.020, data: 0.016) loss_G_comp: 0.474 loss_G_anti_sc: 1.073 loss_G: 1.547 loss_D_real: 0.102 loss_D_fake: 0.987 loss_D_gr_fake: 0.049 loss_AUX: 0.497 loss_D: 1.636 acc_real: 1.000 acc_fake: 0.380 acc_grfake: 1.000 
D preds: real 0.91, fake 0.56, grfake: 0.04
accuracy: real: 1.0, fake: 0.38, grfake: 1.0

(epoch: 2, iters: 12000, time: 0.016, data: 0.016) loss_G_comp: 0.474 loss_G_anti_sc: 1.073 loss_G: 1.547 loss_D_real: 0.077 loss_D_fake: 1.032 loss_D_gr_fake: 0.204 loss_AUX: 0.497 loss_D: 1.810 acc_real: 1.000 acc_fake: 0.480 acc_grfake: 0.940 
D preds: real 0.93, fake 0.54, grfake: 0.12
accuracy: real: 1.0, fake: 0.48, grfake: 0.94

validation accuracies:
                gf: 0.92
                real: 0.96
                fake: 0.51

(epoch: 2, iters: 13000, time: 0.011, data: 0.016) loss_G_comp: 0.474 loss_G_anti_sc: 1.073 loss_G: 1.547 loss_D_real: 0.153 loss_D_fake: 0.696 loss_D_gr_fake: 0.047 loss_AUX: 0.498 loss_D: 1.394 acc_real: 0.960 acc_fake: 0.560 acc_grfake: 0.980 
D preds: real 0.87, fake 0.46, grfake: 0.04
accuracy: real: 0.96, fake: 0.56, grfake: 0.98

(epoch: 2, iters: 14000, time: 0.023, data: 0.017) loss_G_comp: 0.474 loss_G_anti_sc: 1.073 loss_G: 1.547 loss_D_real: 0.090 loss_D_fake: 1.010 loss_D_gr_fake: 0.352 loss_AUX: 0.496 loss_D: 1.948 acc_real: 1.000 acc_fake: 0.440 acc_grfake: 0.880 
D preds: real 0.92, fake 0.54, grfake: 0.15
accuracy: real: 1.0, fake: 0.44, grfake: 0.88

validation accuracies:
                gf: 0.91
                real: 0.98
                fake: 0.43

(epoch: 2, iters: 15000, time: 1.021, data: 0.017) loss_G_comp: 0.474 loss_G_anti_sc: 1.073 loss_G: 1.547 loss_D_real: 0.074 loss_D_fake: 1.080 loss_D_gr_fake: 0.297 loss_AUX: 0.495 loss_D: 1.947 acc_real: 1.000 acc_fake: 0.380 acc_grfake: 0.900 
D preds: real 0.93, fake 0.56, grfake: 0.12
accuracy: real: 1.0, fake: 0.38, grfake: 0.9

saving the latest model (epoch 2, total_iters 30000)
learning rate 0.0001000 -> 0.0001000
End of epoch 2 / 8 	 Time Taken: 559 sec
(epoch: 3, iters: 1000, time: 0.012, data: 1.569) loss_G_comp: 0.474 loss_G_anti_sc: 1.073 loss_G: 1.547 loss_D_real: 0.075 loss_D_fake: 1.095 loss_D_gr_fake: 0.327 loss_AUX: 0.499 loss_D: 1.996 acc_real: 1.000 acc_fake: 0.460 acc_grfake: 0.860 
D preds: real 0.93, fake 0.55, grfake: 0.15
accuracy: real: 1.0, fake: 0.46, grfake: 0.86

(epoch: 3, iters: 2000, time: 0.012, data: 0.037) loss_G_comp: 0.474 loss_G_anti_sc: 1.073 loss_G: 1.547 loss_D_real: 0.195 loss_D_fake: 0.795 loss_D_gr_fake: 0.191 loss_AUX: 0.498 loss_D: 1.679 acc_real: 0.980 acc_fake: 0.600 acc_grfake: 0.900 
D preds: real 0.84, fake 0.46, grfake: 0.11
accuracy: real: 0.98, fake: 0.6, grfake: 0.9

validation accuracies:
                gf: 0.92
                real: 0.98
                fake: 0.47

(epoch: 3, iters: 3000, time: 0.029, data: 0.015) loss_G_comp: 0.474 loss_G_anti_sc: 1.073 loss_G: 1.547 loss_D_real: 0.071 loss_D_fake: 1.088 loss_D_gr_fake: 0.299 loss_AUX: 0.497 loss_D: 1.956 acc_real: 1.000 acc_fake: 0.360 acc_grfake: 0.900 
D preds: real 0.94, fake 0.57, grfake: 0.13
accuracy: real: 1.0, fake: 0.36, grfake: 0.9

(epoch: 3, iters: 4000, time: 0.011, data: 0.016) loss_G_comp: 0.474 loss_G_anti_sc: 1.073 loss_G: 1.547 loss_D_real: 0.130 loss_D_fake: 0.765 loss_D_gr_fake: 0.068 loss_AUX: 0.496 loss_D: 1.459 acc_real: 1.000 acc_fake: 0.460 acc_grfake: 0.980 
D preds: real 0.89, fake 0.47, grfake: 0.05
accuracy: real: 1.0, fake: 0.46, grfake: 0.98

validation accuracies:
                gf: 0.91
                real: 0.99
                fake: 0.40

(epoch: 3, iters: 5000, time: 1.045, data: 0.018) loss_G_comp: 0.474 loss_G_anti_sc: 1.073 loss_G: 1.547 loss_D_real: 0.092 loss_D_fake: 0.971 loss_D_gr_fake: 0.129 loss_AUX: 0.498 loss_D: 1.690 acc_real: 0.980 acc_fake: 0.360 acc_grfake: 0.960 
D preds: real 0.92, fake 0.54, grfake: 0.06
accuracy: real: 0.98, fake: 0.36, grfake: 0.96

saving the latest model (epoch 3, total_iters 35000)
(epoch: 3, iters: 6000, time: 0.025, data: 0.017) loss_G_comp: 0.474 loss_G_anti_sc: 1.073 loss_G: 1.547 loss_D_real: 0.082 loss_D_fake: 0.945 loss_D_gr_fake: 0.234 loss_AUX: 0.496 loss_D: 1.756 acc_real: 1.000 acc_fake: 0.560 acc_grfake: 0.900 
D preds: real 0.93, fake 0.51, grfake: 0.10
accuracy: real: 1.0, fake: 0.56, grfake: 0.9

(epoch: 3, iters: 7000, time: 0.032, data: 0.017) loss_G_comp: 0.474 loss_G_anti_sc: 1.073 loss_G: 1.547 loss_D_real: 0.064 loss_D_fake: 0.938 loss_D_gr_fake: 0.344 loss_AUX: 0.497 loss_D: 1.842 acc_real: 1.000 acc_fake: 0.480 acc_grfake: 0.860 
D preds: real 0.94, fake 0.50, grfake: 0.15
accuracy: real: 1.0, fake: 0.48, grfake: 0.86

validation accuracies:
                gf: 0.91
                real: 0.99
                fake: 0.57

(epoch: 3, iters: 8000, time: 0.022, data: 0.021) loss_G_comp: 0.474 loss_G_anti_sc: 1.073 loss_G: 1.547 loss_D_real: 0.094 loss_D_fake: 0.863 loss_D_gr_fake: 0.303 loss_AUX: 0.497 loss_D: 1.757 acc_real: 0.980 acc_fake: 0.540 acc_grfake: 0.920 
D preds: real 0.92, fake 0.47, grfake: 0.10
accuracy: real: 0.98, fake: 0.54, grfake: 0.92

(epoch: 3, iters: 9000, time: 0.011, data: 0.016) loss_G_comp: 0.474 loss_G_anti_sc: 1.073 loss_G: 1.547 loss_D_real: 0.072 loss_D_fake: 1.029 loss_D_gr_fake: 0.100 loss_AUX: 0.495 loss_D: 1.695 acc_real: 1.000 acc_fake: 0.420 acc_grfake: 0.940 
D preds: real 0.93, fake 0.55, grfake: 0.06
accuracy: real: 1.0, fake: 0.42, grfake: 0.94

validation accuracies:
                gf: 0.93
                real: 0.97
                fake: 0.60

(epoch: 3, iters: 10000, time: 1.045, data: 0.016) loss_G_comp: 0.474 loss_G_anti_sc: 1.073 loss_G: 1.547 loss_D_real: 0.098 loss_D_fake: 0.620 loss_D_gr_fake: 0.039 loss_AUX: 0.496 loss_D: 1.253 acc_real: 0.960 acc_fake: 0.620 acc_grfake: 1.000 
D preds: real 0.92, fake 0.40, grfake: 0.03
accuracy: real: 0.96, fake: 0.62, grfake: 1.0

saving the latest model (epoch 3, total_iters 40000)
(epoch: 3, iters: 11000, time: 0.021, data: 0.017) loss_G_comp: 0.474 loss_G_anti_sc: 1.073 loss_G: 1.547 loss_D_real: 0.150 loss_D_fake: 0.894 loss_D_gr_fake: 0.181 loss_AUX: 0.498 loss_D: 1.723 acc_real: 0.960 acc_fake: 0.500 acc_grfake: 0.920 
D preds: real 0.89, fake 0.50, grfake: 0.10
accuracy: real: 0.96, fake: 0.5, grfake: 0.92

(epoch: 3, iters: 12000, time: 0.023, data: 0.016) loss_G_comp: 0.474 loss_G_anti_sc: 1.073 loss_G: 1.547 loss_D_real: 0.109 loss_D_fake: 0.788 loss_D_gr_fake: 0.246 loss_AUX: 0.497 loss_D: 1.640 acc_real: 1.000 acc_fake: 0.500 acc_grfake: 0.920 
D preds: real 0.90, fake 0.47, grfake: 0.09
accuracy: real: 1.0, fake: 0.5, grfake: 0.92

validation accuracies:
                gf: 0.94
                real: 0.83
                fake: 0.73

(epoch: 3, iters: 13000, time: 0.011, data: 0.020) loss_G_comp: 0.421 loss_G_anti_sc: 0.848 loss_G: 1.269 loss_D_real: 0.092 loss_D_fake: 1.778 loss_D_gr_fake: 0.194 loss_AUX: 0.496 loss_D: 2.560 acc_real: 0.960 acc_fake: 0.180 acc_grfake: 0.920 
D preds: real 0.89, fake 0.70, grfake: 0.11
accuracy: real: 0.96, fake: 0.18, grfake: 0.92

(epoch: 3, iters: 14000, time: 0.019, data: 0.021) loss_G_comp: 0.640 loss_G_anti_sc: 0.568 loss_G: 1.208 loss_D_real: 0.069 loss_D_fake: 1.263 loss_D_gr_fake: 0.362 loss_AUX: 0.499 loss_D: 2.193 acc_real: 0.940 acc_fake: 0.360 acc_grfake: 0.940 
D preds: real 0.84, fake 0.58, grfake: 0.08
accuracy: real: 0.94, fake: 0.36, grfake: 0.94

validation accuracies:
                gf: 0.90
                real: 0.99
                fake: 0.20

(epoch: 3, iters: 15000, time: 1.019, data: 0.023) loss_G_comp: 0.506 loss_G_anti_sc: 1.104 loss_G: 1.609 loss_D_real: 0.115 loss_D_fake: 1.422 loss_D_gr_fake: 0.422 loss_AUX: 0.500 loss_D: 2.460 acc_real: 0.980 acc_fake: 0.280 acc_grfake: 0.880 
D preds: real 0.90, fake 0.66, grfake: 0.13
accuracy: real: 0.98, fake: 0.28, grfake: 0.88

saving the latest model (epoch 3, total_iters 45000)
learning rate 0.0001000 -> 0.0001000
End of epoch 3 / 8 	 Time Taken: 572 sec
(epoch: 4, iters: 1000, time: 0.029, data: 1.821) loss_G_comp: 0.506 loss_G_anti_sc: 1.104 loss_G: 1.609 loss_D_real: 0.088 loss_D_fake: 1.446 loss_D_gr_fake: 0.191 loss_AUX: 0.498 loss_D: 2.223 acc_real: 1.000 acc_fake: 0.160 acc_grfake: 0.940 
D preds: real 0.92, fake 0.70, grfake: 0.08
accuracy: real: 1.0, fake: 0.16, grfake: 0.94

(epoch: 4, iters: 2000, time: 0.011, data: 0.026) loss_G_comp: 0.506 loss_G_anti_sc: 1.104 loss_G: 1.609 loss_D_real: 0.117 loss_D_fake: 1.477 loss_D_gr_fake: 0.149 loss_AUX: 0.498 loss_D: 2.241 acc_real: 0.980 acc_fake: 0.260 acc_grfake: 0.940 
D preds: real 0.91, fake 0.68, grfake: 0.08
accuracy: real: 0.98, fake: 0.26, grfake: 0.94

validation accuracies:
                gf: 0.91
                real: 0.99
                fake: 0.27

(epoch: 4, iters: 3000, time: 0.037, data: 0.015) loss_G_comp: 0.506 loss_G_anti_sc: 1.104 loss_G: 1.609 loss_D_real: 0.089 loss_D_fake: 1.423 loss_D_gr_fake: 0.316 loss_AUX: 0.500 loss_D: 2.328 acc_real: 1.000 acc_fake: 0.160 acc_grfake: 0.880 
D preds: real 0.92, fake 0.69, grfake: 0.13
accuracy: real: 1.0, fake: 0.16, grfake: 0.88

(epoch: 4, iters: 4000, time: 0.015, data: 0.017) loss_G_comp: 0.506 loss_G_anti_sc: 1.104 loss_G: 1.609 loss_D_real: 0.126 loss_D_fake: 1.205 loss_D_gr_fake: 0.259 loss_AUX: 0.500 loss_D: 2.089 acc_real: 0.980 acc_fake: 0.280 acc_grfake: 0.880 
D preds: real 0.89, fake 0.63, grfake: 0.13
accuracy: real: 0.98, fake: 0.28, grfake: 0.88

validation accuracies:
                gf: 0.92
                real: 0.99
                fake: 0.25

(epoch: 4, iters: 5000, time: 1.061, data: 0.017) loss_G_comp: 0.506 loss_G_anti_sc: 1.104 loss_G: 1.609 loss_D_real: 0.071 loss_D_fake: 1.513 loss_D_gr_fake: 0.157 loss_AUX: 0.498 loss_D: 2.239 acc_real: 1.000 acc_fake: 0.260 acc_grfake: 0.960 
D preds: real 0.94, fake 0.67, grfake: 0.07
accuracy: real: 1.0, fake: 0.26, grfake: 0.96

saving the latest model (epoch 4, total_iters 50000)
(epoch: 4, iters: 6000, time: 0.028, data: 0.016) loss_G_comp: 0.506 loss_G_anti_sc: 1.104 loss_G: 1.609 loss_D_real: 0.077 loss_D_fake: 1.182 loss_D_gr_fake: 0.169 loss_AUX: 0.498 loss_D: 1.926 acc_real: 0.980 acc_fake: 0.300 acc_grfake: 0.920 
D preds: real 0.93, fake 0.63, grfake: 0.08
accuracy: real: 0.98, fake: 0.3, grfake: 0.92

(epoch: 4, iters: 7000, time: 0.011, data: 0.016) loss_G_comp: 0.506 loss_G_anti_sc: 1.104 loss_G: 1.609 loss_D_real: 0.075 loss_D_fake: 0.883 loss_D_gr_fake: 0.205 loss_AUX: 0.501 loss_D: 1.664 acc_real: 1.000 acc_fake: 0.480 acc_grfake: 0.900 
D preds: real 0.93, fake 0.52, grfake: 0.09
accuracy: real: 1.0, fake: 0.48, grfake: 0.9

validation accuracies:
                gf: 0.93
                real: 0.99
                fake: 0.35

(epoch: 4, iters: 8000, time: 0.019, data: 0.016) loss_G_comp: 0.506 loss_G_anti_sc: 1.104 loss_G: 1.609 loss_D_real: 0.118 loss_D_fake: 0.877 loss_D_gr_fake: 0.160 loss_AUX: 0.499 loss_D: 1.654 acc_real: 1.000 acc_fake: 0.520 acc_grfake: 0.960 
D preds: real 0.90, fake 0.50, grfake: 0.07
accuracy: real: 1.0, fake: 0.52, grfake: 0.96

(epoch: 4, iters: 9000, time: 0.015, data: 0.015) loss_G_comp: 0.506 loss_G_anti_sc: 1.104 loss_G: 1.609 loss_D_real: 0.084 loss_D_fake: 1.270 loss_D_gr_fake: 0.094 loss_AUX: 0.500 loss_D: 1.948 acc_real: 1.000 acc_fake: 0.240 acc_grfake: 0.960 
D preds: real 0.92, fake 0.65, grfake: 0.05
accuracy: real: 1.0, fake: 0.24, grfake: 0.96

validation accuracies:
                gf: 0.90
                real: 0.99
                fake: 0.23

(epoch: 4, iters: 10000, time: 1.041, data: 0.021) loss_G_comp: 0.506 loss_G_anti_sc: 1.104 loss_G: 1.609 loss_D_real: 0.085 loss_D_fake: 1.447 loss_D_gr_fake: 0.070 loss_AUX: 0.497 loss_D: 2.100 acc_real: 0.960 acc_fake: 0.260 acc_grfake: 0.960 
D preds: real 0.94, fake 0.67, grfake: 0.05
accuracy: real: 0.96, fake: 0.26, grfake: 0.96

saving the latest model (epoch 4, total_iters 55000)
(epoch: 4, iters: 11000, time: 0.013, data: 0.016) loss_G_comp: 0.506 loss_G_anti_sc: 1.104 loss_G: 1.609 loss_D_real: 0.114 loss_D_fake: 1.250 loss_D_gr_fake: 0.284 loss_AUX: 0.499 loss_D: 2.147 acc_real: 0.960 acc_fake: 0.320 acc_grfake: 0.900 
D preds: real 0.91, fake 0.62, grfake: 0.12
accuracy: real: 0.96, fake: 0.32, grfake: 0.9

(epoch: 4, iters: 12000, time: 0.016, data: 0.038) loss_G_comp: 0.506 loss_G_anti_sc: 1.104 loss_G: 1.609 loss_D_real: 0.070 loss_D_fake: 1.076 loss_D_gr_fake: 0.295 loss_AUX: 0.500 loss_D: 1.940 acc_real: 1.000 acc_fake: 0.420 acc_grfake: 0.880 
D preds: real 0.93, fake 0.55, grfake: 0.12
accuracy: real: 1.0, fake: 0.42, grfake: 0.88

validation accuracies:
                gf: 0.93
                real: 0.99
                fake: 0.33

(epoch: 4, iters: 13000, time: 0.010, data: 0.034) loss_G_comp: 0.506 loss_G_anti_sc: 1.104 loss_G: 1.609 loss_D_real: 0.093 loss_D_fake: 1.286 loss_D_gr_fake: 0.298 loss_AUX: 0.499 loss_D: 2.176 acc_real: 0.980 acc_fake: 0.200 acc_grfake: 0.840 
D preds: real 0.93, fake 0.65, grfake: 0.15
accuracy: real: 0.98, fake: 0.2, grfake: 0.84

(epoch: 4, iters: 14000, time: 0.011, data: 0.017) loss_G_comp: 0.506 loss_G_anti_sc: 1.104 loss_G: 1.609 loss_D_real: 0.184 loss_D_fake: 0.833 loss_D_gr_fake: 0.085 loss_AUX: 0.500 loss_D: 1.602 acc_real: 0.960 acc_fake: 0.560 acc_grfake: 0.960 
D preds: real 0.85, fake 0.47, grfake: 0.06
accuracy: real: 0.96, fake: 0.56, grfake: 0.96

validation accuracies:
                gf: 0.93
                real: 0.99
                fake: 0.37

(epoch: 4, iters: 15000, time: 1.017, data: 0.016) loss_G_comp: 0.506 loss_G_anti_sc: 1.104 loss_G: 1.609 loss_D_real: 0.149 loss_D_fake: 0.922 loss_D_gr_fake: 0.160 loss_AUX: 0.500 loss_D: 1.731 acc_real: 0.940 acc_fake: 0.460 acc_grfake: 0.940 
D preds: real 0.89, fake 0.53, grfake: 0.07
accuracy: real: 0.94, fake: 0.46, grfake: 0.94

saving the latest model (epoch 4, total_iters 60000)
learning rate 0.0001000 -> 0.0001000
End of epoch 4 / 8 	 Time Taken: 567 sec
(epoch: 5, iters: 1000, time: 0.011, data: 1.319) loss_G_comp: 0.506 loss_G_anti_sc: 1.104 loss_G: 1.609 loss_D_real: 0.104 loss_D_fake: 1.059 loss_D_gr_fake: 0.083 loss_AUX: 0.499 loss_D: 1.745 acc_real: 1.000 acc_fake: 0.480 acc_grfake: 0.940 
D preds: real 0.91, fake 0.54, grfake: 0.05
accuracy: real: 1.0, fake: 0.48, grfake: 0.94

(epoch: 5, iters: 2000, time: 0.028, data: 0.016) loss_G_comp: 0.506 loss_G_anti_sc: 1.104 loss_G: 1.609 loss_D_real: 0.078 loss_D_fake: 1.292 loss_D_gr_fake: 0.199 loss_AUX: 0.499 loss_D: 2.069 acc_real: 0.980 acc_fake: 0.240 acc_grfake: 0.900 
D preds: real 0.93, fake 0.64, grfake: 0.10
accuracy: real: 0.98, fake: 0.24, grfake: 0.9

validation accuracies:
                gf: 0.93
                real: 0.98
                fake: 0.47

(epoch: 5, iters: 3000, time: 0.026, data: 0.015) loss_G_comp: 0.506 loss_G_anti_sc: 1.104 loss_G: 1.609 loss_D_real: 0.159 loss_D_fake: 0.928 loss_D_gr_fake: 0.186 loss_AUX: 0.499 loss_D: 1.772 acc_real: 0.980 acc_fake: 0.480 acc_grfake: 0.900 
D preds: real 0.88, fake 0.52, grfake: 0.09
accuracy: real: 0.98, fake: 0.48, grfake: 0.9

(epoch: 5, iters: 4000, time: 0.011, data: 0.016) loss_G_comp: 0.506 loss_G_anti_sc: 1.104 loss_G: 1.609 loss_D_real: 0.122 loss_D_fake: 0.863 loss_D_gr_fake: 0.257 loss_AUX: 0.499 loss_D: 1.740 acc_real: 0.980 acc_fake: 0.500 acc_grfake: 0.880 
D preds: real 0.89, fake 0.49, grfake: 0.12
accuracy: real: 0.98, fake: 0.5, grfake: 0.88

validation accuracies:
                gf: 0.93
                real: 0.98
                fake: 0.46

(epoch: 5, iters: 5000, time: 1.029, data: 0.042) loss_G_comp: 0.506 loss_G_anti_sc: 1.104 loss_G: 1.609 loss_D_real: 0.088 loss_D_fake: 0.889 loss_D_gr_fake: 0.205 loss_AUX: 0.500 loss_D: 1.682 acc_real: 1.000 acc_fake: 0.480 acc_grfake: 0.920 
D preds: real 0.92, fake 0.52, grfake: 0.09
accuracy: real: 1.0, fake: 0.48, grfake: 0.92

saving the latest model (epoch 5, total_iters 65000)
(epoch: 5, iters: 6000, time: 0.011, data: 0.016) loss_G_comp: 0.506 loss_G_anti_sc: 1.104 loss_G: 1.609 loss_D_real: 0.166 loss_D_fake: 0.973 loss_D_gr_fake: 0.185 loss_AUX: 0.498 loss_D: 1.822 acc_real: 0.920 acc_fake: 0.460 acc_grfake: 0.920 
D preds: real 0.87, fake 0.54, grfake: 0.08
accuracy: real: 0.92, fake: 0.46, grfake: 0.92

(epoch: 5, iters: 7000, time: 0.020, data: 0.016) loss_G_comp: 0.506 loss_G_anti_sc: 1.104 loss_G: 1.609 loss_D_real: 0.047 loss_D_fake: 1.288 loss_D_gr_fake: 0.195 loss_AUX: 0.498 loss_D: 2.028 acc_real: 1.000 acc_fake: 0.360 acc_grfake: 0.940 
D preds: real 0.96, fake 0.62, grfake: 0.08
accuracy: real: 1.0, fake: 0.36, grfake: 0.94

validation accuracies:
                gf: 0.94
                real: 0.98
                fake: 0.47

(epoch: 5, iters: 8000, time: 0.024, data: 0.016) loss_G_comp: 0.506 loss_G_anti_sc: 1.104 loss_G: 1.609 loss_D_real: 0.108 loss_D_fake: 1.284 loss_D_gr_fake: 0.238 loss_AUX: 0.500 loss_D: 2.130 acc_real: 0.960 acc_fake: 0.380 acc_grfake: 0.880 
D preds: real 0.92, fake 0.61, grfake: 0.12
accuracy: real: 0.96, fake: 0.38, grfake: 0.88

(epoch: 5, iters: 9000, time: 0.012, data: 0.016) loss_G_comp: 0.506 loss_G_anti_sc: 1.104 loss_G: 1.609 loss_D_real: 0.107 loss_D_fake: 0.889 loss_D_gr_fake: 0.052 loss_AUX: 0.499 loss_D: 1.547 acc_real: 1.000 acc_fake: 0.500 acc_grfake: 0.980 
D preds: real 0.90, fake 0.51, grfake: 0.03
accuracy: real: 1.0, fake: 0.5, grfake: 0.98

validation accuracies:
                gf: 0.92
                real: 0.99
                fake: 0.30

(epoch: 5, iters: 10000, time: 1.033, data: 0.017) loss_G_comp: 0.506 loss_G_anti_sc: 1.104 loss_G: 1.609 loss_D_real: 0.057 loss_D_fake: 1.423 loss_D_gr_fake: 0.314 loss_AUX: 0.501 loss_D: 2.296 acc_real: 1.000 acc_fake: 0.320 acc_grfake: 0.860 
D preds: real 0.95, fake 0.65, grfake: 0.14
accuracy: real: 1.0, fake: 0.32, grfake: 0.86

saving the latest model (epoch 5, total_iters 70000)
(epoch: 5, iters: 11000, time: 0.025, data: 0.016) loss_G_comp: 0.506 loss_G_anti_sc: 1.104 loss_G: 1.609 loss_D_real: 0.044 loss_D_fake: 1.360 loss_D_gr_fake: 0.146 loss_AUX: 0.498 loss_D: 2.047 acc_real: 1.000 acc_fake: 0.300 acc_grfake: 0.960 
D preds: real 0.96, fake 0.62, grfake: 0.05
accuracy: real: 1.0, fake: 0.3, grfake: 0.96

(epoch: 5, iters: 12000, time: 0.023, data: 0.015) loss_G_comp: 0.506 loss_G_anti_sc: 1.104 loss_G: 1.609 loss_D_real: 0.325 loss_D_fake: 0.621 loss_D_gr_fake: 0.028 loss_AUX: 0.498 loss_D: 1.473 acc_real: 0.880 acc_fake: 0.580 acc_grfake: 0.980 
D preds: real 0.76, fake 0.40, grfake: 0.02
accuracy: real: 0.88, fake: 0.58, grfake: 0.98

validation accuracies:
                gf: 0.92
                real: 0.98
                fake: 0.42

(epoch: 5, iters: 13000, time: 0.020, data: 0.017) loss_G_comp: 0.506 loss_G_anti_sc: 1.104 loss_G: 1.609 loss_D_real: 0.069 loss_D_fake: 1.047 loss_D_gr_fake: 0.205 loss_AUX: 0.500 loss_D: 1.821 acc_real: 1.000 acc_fake: 0.420 acc_grfake: 0.920 
D preds: real 0.94, fake 0.55, grfake: 0.09
accuracy: real: 1.0, fake: 0.42, grfake: 0.92

(epoch: 5, iters: 14000, time: 0.017, data: 0.017) loss_G_comp: 0.506 loss_G_anti_sc: 1.104 loss_G: 1.609 loss_D_real: 0.100 loss_D_fake: 0.998 loss_D_gr_fake: 0.079 loss_AUX: 0.499 loss_D: 1.676 acc_real: 1.000 acc_fake: 0.420 acc_grfake: 0.960 
D preds: real 0.91, fake 0.53, grfake: 0.04
accuracy: real: 1.0, fake: 0.42, grfake: 0.96

validation accuracies:
                gf: 0.92
                real: 1.00
                fake: 0.34

(epoch: 5, iters: 15000, time: 1.014, data: 0.016) loss_G_comp: 0.506 loss_G_anti_sc: 1.104 loss_G: 1.609 loss_D_real: 0.106 loss_D_fake: 1.233 loss_D_gr_fake: 0.125 loss_AUX: 0.500 loss_D: 1.964 acc_real: 0.980 acc_fake: 0.320 acc_grfake: 0.940 
D preds: real 0.91, fake 0.59, grfake: 0.07
accuracy: real: 0.98, fake: 0.32, grfake: 0.94

saving the latest model (epoch 5, total_iters 75000)
learning rate 0.0001000 -> 0.0000800
End of epoch 5 / 8 	 Time Taken: 558 sec
(epoch: 6, iters: 1000, time: 0.016, data: 1.828) loss_G_comp: 0.506 loss_G_anti_sc: 1.104 loss_G: 1.609 loss_D_real: 0.097 loss_D_fake: 1.034 loss_D_gr_fake: 0.421 loss_AUX: 0.502 loss_D: 2.054 acc_real: 0.980 acc_fake: 0.540 acc_grfake: 0.860 
D preds: real 0.91, fake 0.52, grfake: 0.15
accuracy: real: 0.98, fake: 0.54, grfake: 0.86

(epoch: 6, iters: 2000, time: 0.013, data: 0.031) loss_G_comp: 0.506 loss_G_anti_sc: 1.104 loss_G: 1.609 loss_D_real: 0.149 loss_D_fake: 0.943 loss_D_gr_fake: 0.066 loss_AUX: 0.499 loss_D: 1.656 acc_real: 0.940 acc_fake: 0.520 acc_grfake: 0.980 
D preds: real 0.88, fake 0.50, grfake: 0.03
accuracy: real: 0.94, fake: 0.52, grfake: 0.98

validation accuracies:
                gf: 0.94
                real: 0.98
                fake: 0.55

(epoch: 6, iters: 3000, time: 0.012, data: 0.021) loss_G_comp: 0.506 loss_G_anti_sc: 1.104 loss_G: 1.609 loss_D_real: 0.081 loss_D_fake: 1.151 loss_D_gr_fake: 0.390 loss_AUX: 0.500 loss_D: 2.123 acc_real: 0.980 acc_fake: 0.400 acc_grfake: 0.860 
D preds: real 0.93, fake 0.56, grfake: 0.14
accuracy: real: 0.98, fake: 0.4, grfake: 0.86

(epoch: 6, iters: 4000, time: 0.022, data: 0.035) loss_G_comp: 0.506 loss_G_anti_sc: 1.104 loss_G: 1.609 loss_D_real: 0.141 loss_D_fake: 0.991 loss_D_gr_fake: 0.171 loss_AUX: 0.500 loss_D: 1.803 acc_real: 0.980 acc_fake: 0.420 acc_grfake: 0.940 
D preds: real 0.92, fake 0.53, grfake: 0.07
accuracy: real: 0.98, fake: 0.42, grfake: 0.94

validation accuracies:
                gf: 0.93
                real: 0.98
                fake: 0.60

(epoch: 6, iters: 5000, time: 1.031, data: 0.016) loss_G_comp: 1.110 loss_G_anti_sc: 0.275 loss_G: 1.385 loss_D_real: 0.092 loss_D_fake: 1.019 loss_D_gr_fake: 0.230 loss_AUX: 0.501 loss_D: 1.842 acc_real: 0.980 acc_fake: 0.580 acc_grfake: 0.880 
D preds: real 0.89, fake 0.44, grfake: 0.11
accuracy: real: 0.98, fake: 0.58, grfake: 0.88

saving the latest model (epoch 6, total_iters 80000)
(epoch: 6, iters: 6000, time: 0.028, data: 0.017) loss_G_comp: 0.474 loss_G_anti_sc: 0.897 loss_G: 1.372 loss_D_real: 0.075 loss_D_fake: 1.105 loss_D_gr_fake: 0.142 loss_AUX: 0.498 loss_D: 1.820 acc_real: 1.000 acc_fake: 0.220 acc_grfake: 0.920 
D preds: real 0.94, fake 0.69, grfake: 0.07
accuracy: real: 1.0, fake: 0.22, grfake: 0.92

(epoch: 6, iters: 7000, time: 0.028, data: 0.016) loss_G_comp: 0.614 loss_G_anti_sc: 0.860 loss_G: 1.474 loss_D_real: 0.078 loss_D_fake: 1.415 loss_D_gr_fake: 0.227 loss_AUX: 0.499 loss_D: 2.219 acc_real: 1.000 acc_fake: 0.300 acc_grfake: 0.980 
D preds: real 0.94, fake 0.61, grfake: 0.04
accuracy: real: 1.0, fake: 0.3, grfake: 0.98

validation accuracies:
                gf: 0.91
                real: 0.99
                fake: 0.18

(epoch: 6, iters: 8000, time: 0.035, data: 0.016) loss_G_comp: 0.248 loss_G_anti_sc: 1.023 loss_G: 1.271 loss_D_real: 0.260 loss_D_fake: 0.677 loss_D_gr_fake: 0.146 loss_AUX: 0.499 loss_D: 1.581 acc_real: 0.920 acc_fake: 0.580 acc_grfake: 0.940 
D preds: real 0.80, fake 0.44, grfake: 0.08
accuracy: real: 0.92, fake: 0.58, grfake: 0.94

(epoch: 6, iters: 9000, time: 0.027, data: 0.016) loss_G_comp: 0.248 loss_G_anti_sc: 1.023 loss_G: 1.271 loss_D_real: 0.073 loss_D_fake: 1.261 loss_D_gr_fake: 0.306 loss_AUX: 0.500 loss_D: 2.141 acc_real: 1.000 acc_fake: 0.280 acc_grfake: 0.920 
D preds: real 0.94, fake 0.63, grfake: 0.09
accuracy: real: 1.0, fake: 0.28, grfake: 0.92

validation accuracies:
                gf: 0.93
                real: 1.00
                fake: 0.21

(epoch: 6, iters: 10000, time: 1.036, data: 0.016) loss_G_comp: 0.248 loss_G_anti_sc: 1.023 loss_G: 1.271 loss_D_real: 0.074 loss_D_fake: 1.374 loss_D_gr_fake: 0.174 loss_AUX: 0.499 loss_D: 2.120 acc_real: 1.000 acc_fake: 0.360 acc_grfake: 0.940 
D preds: real 0.93, fake 0.64, grfake: 0.07
accuracy: real: 1.0, fake: 0.36, grfake: 0.94

saving the latest model (epoch 6, total_iters 85000)
(epoch: 6, iters: 11000, time: 0.030, data: 0.016) loss_G_comp: 0.248 loss_G_anti_sc: 1.023 loss_G: 1.271 loss_D_real: 0.055 loss_D_fake: 1.420 loss_D_gr_fake: 0.269 loss_AUX: 0.499 loss_D: 2.243 acc_real: 1.000 acc_fake: 0.180 acc_grfake: 0.920 
D preds: real 0.95, fake 0.68, grfake: 0.09
accuracy: real: 1.0, fake: 0.18, grfake: 0.92

(epoch: 6, iters: 12000, time: 0.023, data: 0.016) loss_G_comp: 0.248 loss_G_anti_sc: 1.023 loss_G: 1.271 loss_D_real: 0.066 loss_D_fake: 1.640 loss_D_gr_fake: 0.319 loss_AUX: 0.501 loss_D: 2.526 acc_real: 1.000 acc_fake: 0.220 acc_grfake: 0.860 
D preds: real 0.94, fake 0.71, grfake: 0.14
accuracy: real: 1.0, fake: 0.22, grfake: 0.86

validation accuracies:
                gf: 0.92
                real: 0.99
                fake: 0.24

(epoch: 6, iters: 13000, time: 0.023, data: 0.016) loss_G_comp: 0.248 loss_G_anti_sc: 1.023 loss_G: 1.271 loss_D_real: 0.055 loss_D_fake: 1.481 loss_D_gr_fake: 0.325 loss_AUX: 0.499 loss_D: 2.359 acc_real: 1.000 acc_fake: 0.180 acc_grfake: 0.880 
D preds: real 0.95, fake 0.68, grfake: 0.13
accuracy: real: 1.0, fake: 0.18, grfake: 0.88

(epoch: 6, iters: 14000, time: 0.014, data: 0.024) loss_G_comp: 0.248 loss_G_anti_sc: 1.023 loss_G: 1.271 loss_D_real: 0.148 loss_D_fake: 1.402 loss_D_gr_fake: 0.168 loss_AUX: 0.497 loss_D: 2.215 acc_real: 0.960 acc_fake: 0.240 acc_grfake: 0.940 
D preds: real 0.91, fake 0.67, grfake: 0.07
accuracy: real: 0.96, fake: 0.24, grfake: 0.94

validation accuracies:
                gf: 0.94
                real: 0.98
                fake: 0.43

(epoch: 6, iters: 15000, time: 1.019, data: 0.026) loss_G_comp: 0.248 loss_G_anti_sc: 1.023 loss_G: 1.271 loss_D_real: 0.105 loss_D_fake: 0.943 loss_D_gr_fake: 0.078 loss_AUX: 0.499 loss_D: 1.625 acc_real: 0.980 acc_fake: 0.480 acc_grfake: 0.960 
D preds: real 0.91, fake 0.49, grfake: 0.04
accuracy: real: 0.98, fake: 0.48, grfake: 0.96

saving the latest model (epoch 6, total_iters 90000)
learning rate 0.0000800 -> 0.0000800
End of epoch 6 / 8 	 Time Taken: 568 sec
(epoch: 7, iters: 1000, time: 0.015, data: 1.307) loss_G_comp: 0.248 loss_G_anti_sc: 1.023 loss_G: 1.271 loss_D_real: 0.088 loss_D_fake: 1.211 loss_D_gr_fake: 0.256 loss_AUX: 0.499 loss_D: 2.053 acc_real: 0.980 acc_fake: 0.360 acc_grfake: 0.900 
D preds: real 0.93, fake 0.59, grfake: 0.10
accuracy: real: 0.98, fake: 0.36, grfake: 0.9

(epoch: 7, iters: 2000, time: 0.036, data: 0.016) loss_G_comp: 0.248 loss_G_anti_sc: 1.023 loss_G: 1.271 loss_D_real: 0.066 loss_D_fake: 1.399 loss_D_gr_fake: 0.129 loss_AUX: 0.498 loss_D: 2.092 acc_real: 1.000 acc_fake: 0.200 acc_grfake: 0.960 
D preds: real 0.94, fake 0.66, grfake: 0.05
accuracy: real: 1.0, fake: 0.2, grfake: 0.96

validation accuracies:
                gf: 0.93
                real: 0.99
                fake: 0.40

(epoch: 7, iters: 3000, time: 0.018, data: 0.021) loss_G_comp: 0.248 loss_G_anti_sc: 1.023 loss_G: 1.271 loss_D_real: 0.054 loss_D_fake: 1.329 loss_D_gr_fake: 0.244 loss_AUX: 0.499 loss_D: 2.125 acc_real: 1.000 acc_fake: 0.240 acc_grfake: 0.920 
D preds: real 0.95, fake 0.67, grfake: 0.11
accuracy: real: 1.0, fake: 0.24, grfake: 0.92

(epoch: 7, iters: 4000, time: 0.014, data: 0.015) loss_G_comp: 0.248 loss_G_anti_sc: 1.023 loss_G: 1.271 loss_D_real: 0.050 loss_D_fake: 1.152 loss_D_gr_fake: 0.040 loss_AUX: 0.499 loss_D: 1.742 acc_real: 1.000 acc_fake: 0.380 acc_grfake: 0.980 
D preds: real 0.95, fake 0.58, grfake: 0.03
accuracy: real: 1.0, fake: 0.38, grfake: 0.98

validation accuracies:
                gf: 0.93
                real: 1.00
                fake: 0.24

(epoch: 7, iters: 5000, time: 1.037, data: 0.016) loss_G_comp: 0.248 loss_G_anti_sc: 1.023 loss_G: 1.271 loss_D_real: 0.070 loss_D_fake: 1.268 loss_D_gr_fake: 0.124 loss_AUX: 0.498 loss_D: 1.961 acc_real: 1.000 acc_fake: 0.400 acc_grfake: 0.960 
D preds: real 0.93, fake 0.60, grfake: 0.06
accuracy: real: 1.0, fake: 0.4, grfake: 0.96

saving the latest model (epoch 7, total_iters 95000)
(epoch: 7, iters: 6000, time: 0.019, data: 0.016) loss_G_comp: 0.248 loss_G_anti_sc: 1.023 loss_G: 1.271 loss_D_real: 0.101 loss_D_fake: 1.152 loss_D_gr_fake: 0.042 loss_AUX: 0.500 loss_D: 1.795 acc_real: 0.980 acc_fake: 0.340 acc_grfake: 0.980 
D preds: real 0.91, fake 0.59, grfake: 0.03
accuracy: real: 0.98, fake: 0.34, grfake: 0.98

(epoch: 7, iters: 7000, time: 0.027, data: 0.015) loss_G_comp: 0.248 loss_G_anti_sc: 1.023 loss_G: 1.271 loss_D_real: 0.165 loss_D_fake: 0.949 loss_D_gr_fake: 0.110 loss_AUX: 0.500 loss_D: 1.724 acc_real: 0.960 acc_fake: 0.480 acc_grfake: 0.960 
D preds: real 0.87, fake 0.52, grfake: 0.06
accuracy: real: 0.96, fake: 0.48, grfake: 0.96

validation accuracies:
                gf: 0.92
                real: 0.99
                fake: 0.32

(epoch: 7, iters: 8000, time: 0.011, data: 0.016) loss_G_comp: 0.248 loss_G_anti_sc: 1.023 loss_G: 1.271 loss_D_real: 0.067 loss_D_fake: 0.894 loss_D_gr_fake: 0.286 loss_AUX: 0.499 loss_D: 1.746 acc_real: 1.000 acc_fake: 0.560 acc_grfake: 0.920 
D preds: real 0.94, fake 0.50, grfake: 0.11
accuracy: real: 1.0, fake: 0.56, grfake: 0.92

(epoch: 7, iters: 9000, time: 0.013, data: 0.029) loss_G_comp: 0.248 loss_G_anti_sc: 1.023 loss_G: 1.271 loss_D_real: 0.056 loss_D_fake: 1.194 loss_D_gr_fake: 0.159 loss_AUX: 0.501 loss_D: 1.910 acc_real: 1.000 acc_fake: 0.340 acc_grfake: 0.940 
D preds: real 0.95, fake 0.61, grfake: 0.07
accuracy: real: 1.0, fake: 0.34, grfake: 0.94

validation accuracies:
                gf: 0.94
                real: 0.98
                fake: 0.38

(epoch: 7, iters: 10000, time: 1.090, data: 0.016) loss_G_comp: 0.248 loss_G_anti_sc: 1.023 loss_G: 1.271 loss_D_real: 0.093 loss_D_fake: 1.240 loss_D_gr_fake: 0.211 loss_AUX: 0.499 loss_D: 2.042 acc_real: 1.000 acc_fake: 0.300 acc_grfake: 0.920 
D preds: real 0.92, fake 0.60, grfake: 0.08
accuracy: real: 1.0, fake: 0.3, grfake: 0.92

saving the latest model (epoch 7, total_iters 100000)
(epoch: 7, iters: 11000, time: 0.011, data: 0.017) loss_G_comp: 0.248 loss_G_anti_sc: 1.023 loss_G: 1.271 loss_D_real: 0.075 loss_D_fake: 1.297 loss_D_gr_fake: 0.219 loss_AUX: 0.500 loss_D: 2.092 acc_real: 0.980 acc_fake: 0.300 acc_grfake: 0.920 
D preds: real 0.94, fake 0.61, grfake: 0.08
accuracy: real: 0.98, fake: 0.3, grfake: 0.92

(epoch: 7, iters: 12000, time: 0.034, data: 0.017) loss_G_comp: 0.248 loss_G_anti_sc: 1.023 loss_G: 1.271 loss_D_real: 0.091 loss_D_fake: 0.943 loss_D_gr_fake: 0.087 loss_AUX: 0.500 loss_D: 1.621 acc_real: 0.980 acc_fake: 0.500 acc_grfake: 0.960 
D preds: real 0.92, fake 0.50, grfake: 0.04
accuracy: real: 0.98, fake: 0.5, grfake: 0.96

validation accuracies:
                gf: 0.94
                real: 0.98
                fake: 0.48

(epoch: 7, iters: 13000, time: 0.021, data: 0.025) loss_G_comp: 0.248 loss_G_anti_sc: 1.023 loss_G: 1.271 loss_D_real: 0.125 loss_D_fake: 1.001 loss_D_gr_fake: 0.022 loss_AUX: 0.498 loss_D: 1.646 acc_real: 0.980 acc_fake: 0.380 acc_grfake: 1.000 
D preds: real 0.90, fake 0.56, grfake: 0.02
accuracy: real: 0.98, fake: 0.38, grfake: 1.0

(epoch: 7, iters: 14000, time: 0.014, data: 0.018) loss_G_comp: 0.248 loss_G_anti_sc: 1.023 loss_G: 1.271 loss_D_real: 0.115 loss_D_fake: 1.240 loss_D_gr_fake: 0.187 loss_AUX: 0.501 loss_D: 2.042 acc_real: 0.960 acc_fake: 0.360 acc_grfake: 0.940 
D preds: real 0.91, fake 0.60, grfake: 0.07
accuracy: real: 0.96, fake: 0.36, grfake: 0.94

validation accuracies:
                gf: 0.93
                real: 0.99
                fake: 0.26

(epoch: 7, iters: 15000, time: 1.016, data: 0.027) loss_G_comp: 0.248 loss_G_anti_sc: 1.023 loss_G: 1.271 loss_D_real: 0.083 loss_D_fake: 1.592 loss_D_gr_fake: 0.179 loss_AUX: 0.498 loss_D: 2.352 acc_real: 0.980 acc_fake: 0.260 acc_grfake: 0.920 
D preds: real 0.93, fake 0.68, grfake: 0.08
accuracy: real: 0.98, fake: 0.26, grfake: 0.92

saving the latest model (epoch 7, total_iters 105000)
learning rate 0.0000800 -> 0.0000800
End of epoch 7 / 8 	 Time Taken: 577 sec
(epoch: 8, iters: 1000, time: 0.023, data: 1.260) loss_G_comp: 0.248 loss_G_anti_sc: 1.023 loss_G: 1.271 loss_D_real: 0.118 loss_D_fake: 1.375 loss_D_gr_fake: 0.171 loss_AUX: 0.498 loss_D: 2.162 acc_real: 0.960 acc_fake: 0.240 acc_grfake: 0.920 
D preds: real 0.91, fake 0.68, grfake: 0.08
accuracy: real: 0.96, fake: 0.24, grfake: 0.92

(epoch: 8, iters: 2000, time: 0.016, data: 0.018) loss_G_comp: 0.248 loss_G_anti_sc: 1.023 loss_G: 1.271 loss_D_real: 0.124 loss_D_fake: 1.134 loss_D_gr_fake: 0.189 loss_AUX: 0.498 loss_D: 1.945 acc_real: 0.960 acc_fake: 0.380 acc_grfake: 0.940 
D preds: real 0.91, fake 0.57, grfake: 0.07
accuracy: real: 0.96, fake: 0.38, grfake: 0.94

validation accuracies:
                gf: 0.94
                real: 0.98
                fake: 0.51

(epoch: 8, iters: 3000, time: 0.033, data: 0.020) loss_G_comp: 0.248 loss_G_anti_sc: 1.023 loss_G: 1.271 loss_D_real: 0.053 loss_D_fake: 1.358 loss_D_gr_fake: 0.140 loss_AUX: 0.498 loss_D: 2.050 acc_real: 1.000 acc_fake: 0.320 acc_grfake: 0.920 
D preds: real 0.95, fake 0.63, grfake: 0.08
accuracy: real: 1.0, fake: 0.32, grfake: 0.92

(epoch: 8, iters: 4000, time: 0.027, data: 0.022) loss_G_comp: 0.248 loss_G_anti_sc: 1.023 loss_G: 1.271 loss_D_real: 0.061 loss_D_fake: 1.072 loss_D_gr_fake: 0.270 loss_AUX: 0.498 loss_D: 1.900 acc_real: 1.000 acc_fake: 0.340 acc_grfake: 0.900 
D preds: real 0.94, fake 0.56, grfake: 0.10
accuracy: real: 1.0, fake: 0.34, grfake: 0.9

validation accuracies:
                gf: 0.92
                real: 0.99
                fake: 0.32

(epoch: 8, iters: 5000, time: 1.042, data: 0.017) loss_G_comp: 0.248 loss_G_anti_sc: 1.023 loss_G: 1.271 loss_D_real: 0.057 loss_D_fake: 1.177 loss_D_gr_fake: 0.196 loss_AUX: 0.500 loss_D: 1.930 acc_real: 1.000 acc_fake: 0.400 acc_grfake: 0.920 
D preds: real 0.95, fake 0.57, grfake: 0.09
accuracy: real: 1.0, fake: 0.4, grfake: 0.92

saving the latest model (epoch 8, total_iters 110000)
(epoch: 8, iters: 6000, time: 0.032, data: 0.016) loss_G_comp: 0.248 loss_G_anti_sc: 1.023 loss_G: 1.271 loss_D_real: 0.155 loss_D_fake: 0.762 loss_D_gr_fake: 0.055 loss_AUX: 0.499 loss_D: 1.472 acc_real: 0.960 acc_fake: 0.520 acc_grfake: 0.980 
D preds: real 0.87, fake 0.43, grfake: 0.04
accuracy: real: 0.96, fake: 0.52, grfake: 0.98

(epoch: 8, iters: 7000, time: 0.032, data: 0.017) loss_G_comp: 0.248 loss_G_anti_sc: 1.023 loss_G: 1.271 loss_D_real: 0.056 loss_D_fake: 1.205 loss_D_gr_fake: 0.100 loss_AUX: 0.498 loss_D: 1.859 acc_real: 1.000 acc_fake: 0.300 acc_grfake: 0.960 
D preds: real 0.95, fake 0.61, grfake: 0.04
accuracy: real: 1.0, fake: 0.3, grfake: 0.96

validation accuracies:
                gf: 0.93
                real: 0.99
                fake: 0.36

(epoch: 8, iters: 8000, time: 0.010, data: 0.018) loss_G_comp: 0.248 loss_G_anti_sc: 1.023 loss_G: 1.271 loss_D_real: 0.275 loss_D_fake: 0.726 loss_D_gr_fake: 0.269 loss_AUX: 0.500 loss_D: 1.769 acc_real: 0.940 acc_fake: 0.580 acc_grfake: 0.860 
D preds: real 0.81, fake 0.44, grfake: 0.12
accuracy: real: 0.94, fake: 0.58, grfake: 0.86

(epoch: 8, iters: 9000, time: 0.011, data: 0.032) loss_G_comp: 0.248 loss_G_anti_sc: 1.023 loss_G: 1.271 loss_D_real: 0.090 loss_D_fake: 1.074 loss_D_gr_fake: 0.259 loss_AUX: 0.499 loss_D: 1.923 acc_real: 0.980 acc_fake: 0.380 acc_grfake: 0.900 
D preds: real 0.92, fake 0.56, grfake: 0.10
accuracy: real: 0.98, fake: 0.38, grfake: 0.9

validation accuracies:
                gf: 0.93
                real: 0.99
                fake: 0.30

(epoch: 8, iters: 10000, time: 1.029, data: 0.017) loss_G_comp: 0.248 loss_G_anti_sc: 1.023 loss_G: 1.271 loss_D_real: 0.069 loss_D_fake: 1.198 loss_D_gr_fake: 0.143 loss_AUX: 0.497 loss_D: 1.908 acc_real: 0.980 acc_fake: 0.440 acc_grfake: 0.960 
D preds: real 0.94, fake 0.56, grfake: 0.06
accuracy: real: 0.98, fake: 0.44, grfake: 0.96

saving the latest model (epoch 8, total_iters 115000)
(epoch: 8, iters: 11000, time: 0.028, data: 0.018) loss_G_comp: 0.248 loss_G_anti_sc: 1.023 loss_G: 1.271 loss_D_real: 0.145 loss_D_fake: 1.289 loss_D_gr_fake: 0.076 loss_AUX: 0.498 loss_D: 2.008 acc_real: 0.940 acc_fake: 0.260 acc_grfake: 0.960 
D preds: real 0.88, fake 0.62, grfake: 0.05
accuracy: real: 0.94, fake: 0.26, grfake: 0.96

(epoch: 8, iters: 12000, time: 0.011, data: 0.016) loss_G_comp: 0.248 loss_G_anti_sc: 1.023 loss_G: 1.271 loss_D_real: 0.075 loss_D_fake: 1.305 loss_D_gr_fake: 0.152 loss_AUX: 0.499 loss_D: 2.031 acc_real: 1.000 acc_fake: 0.260 acc_grfake: 0.960 
D preds: real 0.93, fake 0.63, grfake: 0.07
accuracy: real: 1.0, fake: 0.26, grfake: 0.96

validation accuracies:
                gf: 0.94
                real: 1.00
                fake: 0.32

(epoch: 8, iters: 13000, time: 0.016, data: 0.031) loss_G_comp: 0.248 loss_G_anti_sc: 1.023 loss_G: 1.271 loss_D_real: 0.063 loss_D_fake: 1.511 loss_D_gr_fake: 0.328 loss_AUX: 0.500 loss_D: 2.402 acc_real: 1.000 acc_fake: 0.240 acc_grfake: 0.880 
D preds: real 0.94, fake 0.69, grfake: 0.13
accuracy: real: 1.0, fake: 0.24, grfake: 0.88

(epoch: 8, iters: 14000, time: 0.011, data: 0.018) loss_G_comp: 0.248 loss_G_anti_sc: 1.023 loss_G: 1.271 loss_D_real: 0.077 loss_D_fake: 1.219 loss_D_gr_fake: 0.027 loss_AUX: 0.498 loss_D: 1.821 acc_real: 0.960 acc_fake: 0.240 acc_grfake: 1.000 
D preds: real 0.94, fake 0.62, grfake: 0.02
accuracy: real: 0.96, fake: 0.24, grfake: 1.0

validation accuracies:
                gf: 0.94
                real: 0.99
                fake: 0.30

(epoch: 8, iters: 15000, time: 1.038, data: 0.026) loss_G_comp: 0.248 loss_G_anti_sc: 1.023 loss_G: 1.271 loss_D_real: 0.058 loss_D_fake: 1.178 loss_D_gr_fake: 0.108 loss_AUX: 0.497 loss_D: 1.841 acc_real: 1.000 acc_fake: 0.360 acc_grfake: 0.960 
D preds: real 0.95, fake 0.58, grfake: 0.05
accuracy: real: 1.0, fake: 0.36, grfake: 0.96

saving the latest model (epoch 8, total_iters 120000)
learning rate 0.0000800 -> 0.0000800
End of epoch 8 / 8 	 Time Taken: 562 sec
Finished training, model is saved
