starting training run 33
----------------- Options ---------------
              D_headstart: 0                             	[default: 80000]
              D_threshold: 0.6                           
       accumulation_steps: 1                             	[default: 4]
               batch_size: 64                            
                    beta1: 0.5                           
                    beta2: 0.999                         
          checkpoints_dir: /scratch/checkpoints          	[default: ./checkpoints]
        confidence_weight: 1.0                           	[default: 0.0]
           continue_train: False                         
                crop_size: 64                            
                 dataroot: /scratch/datasets/CLEVR_colorized/images	[default: datasets]
             dataset_mode: double                        
                direction: None                          
              display_env: main                          
             display_freq: 100                           
               display_id: 0                             	[default: 1]
            display_ncols: 4                             
             display_port: 8097                          
           display_server: http://localhost              
          display_winsize: 256                           
                    epoch: latest                        
              epoch_count: 1                             
                 gan_mode: lsgan                         
                  gpu_ids: 0                             
                init_gain: 0.02                          
                init_type: normal                        
                 input_nc: 3                             
                  isTrain: True                          	[default: None]
          keep_last_batch: False                         
               lambda_aux: 0.0                           	[default: 0.1]
                load_iter: 0                             	[default: 0]
                load_size: 70                            
                       lr: 0.0001                        
           lr_decay_iters: 50                            
                lr_policy: step                          
         max_dataset_size: inf                           
                    model: copypasteGAN                  	[default: cycle_gan]
                 n_epochs: 10                            	[default: 1]
           n_epochs_decay: 10                            	[default: 3]
               n_layers_D: 3                             
                     name: CopyGAN                       
                      ndf: 64                            
                     netD: copy                          
                     netG: copy                          
                      ngf: 64                            
        no_border_zeroing: False                         
               no_dropout: False                         
                  no_flip: True                          
                  no_html: False                         
                     norm: instance                      
           nr_obj_classes: 1                             
              num_threads: 4                             
                output_nc: 3                             
                  patch_D: True                          	[default: False]
                    phase: train                         
                pool_size: 50                            
               preprocess: resize_and_crop               
               print_freq: 20                            
              real_target: 1.0                           
             save_by_iter: False                         
          save_epoch_freq: 5                             	[default: 10]
         save_latest_freq: 5000                          
                     seed: 42                            
           serial_batches: False                         
               sigma_blur: 1.0                           
                   suffix:                               
         update_html_freq: 100                           
           val_batch_size: 128                           
                 val_freq: 100                           
                  verbose: True                          	[default: False]
----------------- End -------------------
----------------- Options ---------------
              D_headstart: 0                             	[default: 80000]
              D_threshold: 0.6                           
       accumulation_steps: 1                             	[default: 4]
               batch_size: 64                            
                    beta1: 0.5                           
                    beta2: 0.999                         
          checkpoints_dir: /scratch/checkpoints          	[default: ./checkpoints]
        confidence_weight: 1.0                           	[default: 0.0]
           continue_train: False                         
                crop_size: 64                            
                 dataroot: /scratch/datasets/CLEVR_colorized/images	[default: datasets]
             dataset_mode: double                        
                direction: None                          
              display_env: main                          
             display_freq: 100                           
               display_id: 0                             	[default: 1]
            display_ncols: 4                             
             display_port: 8097                          
           display_server: http://localhost              
          display_winsize: 256                           
                    epoch: latest                        
              epoch_count: 1                             
                 gan_mode: lsgan                         
                  gpu_ids: 0                             
                init_gain: 0.02                          
                init_type: normal                        
                 input_nc: 3                             
                  isTrain: True                          	[default: None]
          keep_last_batch: False                         
               lambda_aux: 0.0                           	[default: 0.1]
                load_iter: 0                             	[default: 0]
                load_size: 70                            
                       lr: 0.0001                        
           lr_decay_iters: 50                            
                lr_policy: step                          
         max_dataset_size: inf                           
                    model: copypasteGAN                  	[default: cycle_gan]
                 n_epochs: 10                            	[default: 1]
           n_epochs_decay: 10                            	[default: 3]
               n_layers_D: 3                             
                     name: CopyGAN                       
                      ndf: 64                            
                     netD: copy                          
                     netG: copy                          
                      ngf: 64                            
        no_border_zeroing: False                         
               no_dropout: False                         
                  no_flip: True                          
                  no_html: False                         
                     norm: instance                      
           nr_obj_classes: 1                             
              num_threads: 4                             
                output_nc: 3                             
                  patch_D: True                          	[default: False]
                    phase: train                         
                pool_size: 50                            
               preprocess: resize_and_crop               
               print_freq: 20                            
              real_target: 1.0                           
             save_by_iter: False                         
          save_epoch_freq: 5                             	[default: 10]
         save_latest_freq: 5000                          
                     seed: 42                            
           serial_batches: False                         
               sigma_blur: 1.0                           
                   suffix:                               
         update_html_freq: 100                           
           val_batch_size: 128                           
                 val_freq: 100                           
                  verbose: True                          	[default: False]
----------------- End -------------------
dataset [DoubleDataset] was created
dataset [DoubleDataset] was created
The number of training images = 15000
The number of epochs to run = 20
initialize network with normal
initialize network with normal
model [CopyPasteGANModel] was created
---------- Networks initialized -------------
DataParallel(
  (module): CopyUNet(
    (enc1): EncoderBlock(
      (model): Sequential(
        (0): Conv2d(3, 64, kernel_size=(3, 3), stride=(1, 1), padding=(1, 1), bias=False)
        (1): InstanceNorm2d(64, eps=1e-05, momentum=0.1, affine=False, track_running_stats=False)
        (2): LeakyReLU(negative_slope=0.2, inplace=True)
      )
    )
    (enc2): EncoderBlock(
      (model): Sequential(
        (0): Conv2d(64, 128, kernel_size=(3, 3), stride=(2, 2), padding=(1, 1), bias=False)
        (1): InstanceNorm2d(128, eps=1e-05, momentum=0.1, affine=False, track_running_stats=False)
        (2): LeakyReLU(negative_slope=0.2, inplace=True)
      )
    )
    (enc3): EncoderBlock(
      (model): Sequential(
        (0): Conv2d(128, 256, kernel_size=(3, 3), stride=(2, 2), padding=(1, 1), bias=False)
        (1): InstanceNorm2d(256, eps=1e-05, momentum=0.1, affine=False, track_running_stats=False)
        (2): LeakyReLU(negative_slope=0.2, inplace=True)
      )
    )
    (enc4): EncoderBlock(
      (model): Sequential(
        (0): Conv2d(256, 512, kernel_size=(3, 3), stride=(2, 2), padding=(1, 1), bias=False)
        (1): InstanceNorm2d(512, eps=1e-05, momentum=0.1, affine=False, track_running_stats=False)
        (2): LeakyReLU(negative_slope=0.2, inplace=True)
      )
    )
    (dec4): DecoderBlock(
      (model): Sequential(
        (0): Upsample(scale_factor=2.0, mode=bilinear)
        (1): Conv2d(512, 256, kernel_size=(3, 3), stride=(1, 1), padding=(1, 1))
        (2): InstanceNorm2d(256, eps=1e-05, momentum=0.1, affine=False, track_running_stats=False)
        (3): LeakyReLU(negative_slope=0.2, inplace=True)
      )
    )
    (dec3): DecoderBlock(
      (model): Sequential(
        (0): Upsample(scale_factor=2.0, mode=bilinear)
        (1): Conv2d(512, 128, kernel_size=(3, 3), stride=(1, 1), padding=(1, 1))
        (2): InstanceNorm2d(128, eps=1e-05, momentum=0.1, affine=False, track_running_stats=False)
        (3): LeakyReLU(negative_slope=0.2, inplace=True)
      )
    )
    (dec2): DecoderBlock(
      (model): Sequential(
        (0): Upsample(scale_factor=2.0, mode=bilinear)
        (1): Conv2d(256, 64, kernel_size=(3, 3), stride=(1, 1), padding=(1, 1))
        (2): InstanceNorm2d(64, eps=1e-05, momentum=0.1, affine=False, track_running_stats=False)
        (3): LeakyReLU(negative_slope=0.2, inplace=True)
      )
    )
    (dec1): DecoderBlock(
      (model): Sequential(
        (0): Conv2d(128, 1, kernel_size=(3, 3), stride=(1, 1), padding=(1, 1))
      )
    )
    (sigmoid): Sigmoid()
  )
)
[Network G] Total number of parameters : 3.469 M
DataParallel(
  (module): CopyUNet(
    (blur_filter): Conv2d(3, 3, kernel_size=(3, 3), stride=(1, 1), padding=(1, 1), groups=3, bias=False, padding_mode=replicate)
    (enc1): EncoderBlock(
      (model): Sequential(
        (0): Conv2d(3, 64, kernel_size=(3, 3), stride=(1, 1), padding=(1, 1), bias=False)
        (1): InstanceNorm2d(64, eps=1e-05, momentum=0.1, affine=False, track_running_stats=False)
        (2): LeakyReLU(negative_slope=0.2, inplace=True)
      )
    )
    (enc2): EncoderBlock(
      (model): Sequential(
        (0): Conv2d(64, 128, kernel_size=(3, 3), stride=(2, 2), padding=(1, 1), bias=False)
        (1): InstanceNorm2d(128, eps=1e-05, momentum=0.1, affine=False, track_running_stats=False)
        (2): LeakyReLU(negative_slope=0.2, inplace=True)
      )
    )
    (enc3): EncoderBlock(
      (model): Sequential(
        (0): Conv2d(128, 256, kernel_size=(3, 3), stride=(2, 2), padding=(1, 1), bias=False)
        (1): InstanceNorm2d(256, eps=1e-05, momentum=0.1, affine=False, track_running_stats=False)
        (2): LeakyReLU(negative_slope=0.2, inplace=True)
      )
    )
    (enc4): EncoderBlock(
      (model): Sequential(
        (0): Conv2d(256, 512, kernel_size=(3, 3), stride=(2, 2), padding=(1, 1), bias=False)
        (1): InstanceNorm2d(512, eps=1e-05, momentum=0.1, affine=False, track_running_stats=False)
        (2): LeakyReLU(negative_slope=0.2, inplace=True)
      )
    )
    (dec4): DecoderBlock(
      (model): Sequential(
        (0): Upsample(scale_factor=2.0, mode=bilinear)
        (1): Conv2d(512, 256, kernel_size=(3, 3), stride=(1, 1), padding=(1, 1))
        (2): InstanceNorm2d(256, eps=1e-05, momentum=0.1, affine=False, track_running_stats=False)
        (3): LeakyReLU(negative_slope=0.2, inplace=True)
      )
    )
    (dec3): DecoderBlock(
      (model): Sequential(
        (0): Upsample(scale_factor=2.0, mode=bilinear)
        (1): Conv2d(512, 128, kernel_size=(3, 3), stride=(1, 1), padding=(1, 1))
        (2): InstanceNorm2d(128, eps=1e-05, momentum=0.1, affine=False, track_running_stats=False)
        (3): LeakyReLU(negative_slope=0.2, inplace=True)
      )
    )
    (dec2): DecoderBlock(
      (model): Sequential(
        (0): Upsample(scale_factor=2.0, mode=bilinear)
        (1): Conv2d(256, 64, kernel_size=(3, 3), stride=(1, 1), padding=(1, 1))
        (2): InstanceNorm2d(64, eps=1e-05, momentum=0.1, affine=False, track_running_stats=False)
        (3): LeakyReLU(negative_slope=0.2, inplace=True)
      )
    )
    (dec1): DecoderBlock(
      (model): Sequential(
        (0): Conv2d(128, 1, kernel_size=(3, 3), stride=(1, 1), padding=(1, 1))
      )
    )
    (sigmoid): Sigmoid()
    (avg): Sequential(
      (0): Conv2d(512, 1, kernel_size=(3, 3), stride=(2, 2), padding=(1, 1))
      (1): Sigmoid()
    )
  )
)
[Network D] Total number of parameters : 3.473 M
-----------------------------------------------
create web directory /scratch/checkpoints/CopyGAN/web...
validation accuracies:
                gf: 0.99
                real: 0.00
                fake: 0.98

ran validation set (B:1) in                         34.2 s.
(epoch: 1, batches: 20, time: 0.004, data: 0.611) loss_G_comp: 0.727 loss_G_anti_sc: 0.683 loss_G: 1.553 loss_D_real: 0.618 loss_D_fake: 0.710 loss_D_gr_fake: 0.693 loss_D: 2.021 acc_real: 0.003 acc_fake: 0.982 acc_grfake: 0.989 loss_G_conf: 0.143 
(epoch: 1, batches: 40, time: 0.005, data: 0.001) loss_G_comp: 0.717 loss_G_anti_sc: 0.643 loss_G: 1.458 loss_D_real: 0.547 loss_D_fake: 0.690 loss_D_gr_fake: 0.620 loss_D: 1.857 acc_real: 0.003 acc_fake: 0.982 acc_grfake: 0.989 loss_G_conf: 0.098 
(epoch: 1, batches: 60, time: 0.004, data: 0.001) loss_G_comp: 0.722 loss_G_anti_sc: 0.621 loss_G: 1.432 loss_D_real: 0.514 loss_D_fake: 0.804 loss_D_gr_fake: 0.611 loss_D: 1.929 acc_real: 0.003 acc_fake: 0.982 acc_grfake: 0.989 loss_G_conf: 0.090 
(epoch: 1, batches: 80, time: 0.005, data: 0.790) loss_G_comp: 0.564 loss_G_anti_sc: 0.633 loss_G: 1.289 loss_D_real: 0.502 loss_D_fake: 0.912 loss_D_gr_fake: 0.537 loss_D: 1.951 acc_real: 0.003 acc_fake: 0.982 acc_grfake: 0.989 loss_G_conf: 0.093 
(epoch: 1, batches: 100, time: 0.006, data: 0.016) loss_G_comp: 0.588 loss_G_anti_sc: 0.621 loss_G: 1.290 loss_D_real: 0.411 loss_D_fake: 1.040 loss_D_gr_fake: 0.521 loss_D: 1.971 acc_real: 0.003 acc_fake: 0.982 acc_grfake: 0.989 loss_G_conf: 0.081 
validation accuracies:
                gf: 0.96
                real: 0.43
                fake: 0.84

ran validation set (B:101) in                         33.1 s.
(epoch: 1, batches: 120, time: 0.004, data: 0.001) loss_G_comp: 0.435 loss_G_anti_sc: 0.709 loss_G: 1.223 loss_D_real: 0.575 loss_D_fake: 0.942 loss_D_gr_fake: 0.392 loss_D: 1.909 acc_real: 0.434 acc_fake: 0.844 acc_grfake: 0.963 loss_G_conf: 0.079 
(epoch: 1, batches: 140, time: 0.004, data: 0.008) loss_G_comp: 0.514 loss_G_anti_sc: 0.658 loss_G: 1.240 loss_D_real: 0.478 loss_D_fake: 0.983 loss_D_gr_fake: 0.463 loss_D: 1.923 acc_real: 0.434 acc_fake: 0.844 acc_grfake: 0.963 loss_G_conf: 0.068 
(epoch: 1, batches: 160, time: 0.004, data: 0.010) loss_G_comp: 0.557 loss_G_anti_sc: 0.571 loss_G: 1.198 loss_D_real: 0.362 loss_D_fake: 1.216 loss_D_gr_fake: 0.397 loss_D: 1.975 acc_real: 0.434 acc_fake: 0.844 acc_grfake: 0.963 loss_G_conf: 0.070 
(epoch: 1, batches: 180, time: 0.004, data: 0.001) loss_G_comp: 0.596 loss_G_anti_sc: 0.411 loss_G: 1.068 loss_D_real: 0.280 loss_D_fake: 1.268 loss_D_gr_fake: 0.664 loss_D: 2.212 acc_real: 0.434 acc_fake: 0.844 acc_grfake: 0.963 loss_G_conf: 0.061 
(epoch: 1, batches: 200, time: 0.007, data: 0.001) loss_G_comp: 0.486 loss_G_anti_sc: 0.499 loss_G: 1.045 loss_D_real: 0.414 loss_D_fake: 1.190 loss_D_gr_fake: 0.363 loss_D: 1.966 acc_real: 0.434 acc_fake: 0.844 acc_grfake: 0.963 loss_G_conf: 0.060 
validation accuracies:
                gf: 0.97
                real: 0.40
                fake: 0.74

ran validation set (B:201) in                         33.1 s.
(epoch: 1, batches: 220, time: 0.005, data: 0.418) loss_G_comp: 0.355 loss_G_anti_sc: 0.570 loss_G: 0.986 loss_D_real: 0.518 loss_D_fake: 1.123 loss_D_gr_fake: 0.298 loss_D: 1.939 acc_real: 0.399 acc_fake: 0.743 acc_grfake: 0.973 loss_G_conf: 0.062 
learning rate 0.0001000 -> 0.0001000
End of epoch 1 / 20 	 Time Taken: 185 sec
(epoch: 2, batches: 20, time: 0.004, data: 0.008) loss_G_comp: 0.413 loss_G_anti_sc: 0.647 loss_G: 1.116 loss_D_real: 0.267 loss_D_fake: 1.432 loss_D_gr_fake: 0.461 loss_D: 2.160 acc_real: 0.399 acc_fake: 0.743 acc_grfake: 0.973 loss_G_conf: 0.056 
(epoch: 2, batches: 40, time: 0.004, data: 0.013) loss_G_comp: 0.307 loss_G_anti_sc: 0.699 loss_G: 1.067 loss_D_real: 0.436 loss_D_fake: 1.169 loss_D_gr_fake: 0.245 loss_D: 1.849 acc_real: 0.399 acc_fake: 0.743 acc_grfake: 0.973 loss_G_conf: 0.062 
(epoch: 2, batches: 60, time: 0.004, data: 0.316) loss_G_comp: 0.423 loss_G_anti_sc: 0.655 loss_G: 1.136 loss_D_real: 0.405 loss_D_fake: 1.202 loss_D_gr_fake: 0.336 loss_D: 1.944 acc_real: 0.399 acc_fake: 0.743 acc_grfake: 0.973 loss_G_conf: 0.058 
validation accuracies:
                gf: 0.98
                real: 0.43
                fake: 0.83

ran validation set (B:301) in                         33.7 s.
(epoch: 2, batches: 80, time: 0.005, data: 0.004) loss_G_comp: 0.387 loss_G_anti_sc: 0.558 loss_G: 1.000 loss_D_real: 0.299 loss_D_fake: 1.408 loss_D_gr_fake: 0.322 loss_D: 2.029 acc_real: 0.429 acc_fake: 0.830 acc_grfake: 0.978 loss_G_conf: 0.055 
(epoch: 2, batches: 100, time: 0.005, data: 0.004) loss_G_comp: 0.296 loss_G_anti_sc: 0.602 loss_G: 0.949 loss_D_real: 0.511 loss_D_fake: 1.163 loss_D_gr_fake: 0.226 loss_D: 1.900 acc_real: 0.429 acc_fake: 0.830 acc_grfake: 0.978 loss_G_conf: 0.051 
(epoch: 2, batches: 120, time: 0.004, data: 0.001) loss_G_comp: 0.273 loss_G_anti_sc: 0.683 loss_G: 1.011 loss_D_real: 0.368 loss_D_fake: 1.441 loss_D_gr_fake: 0.229 loss_D: 2.037 acc_real: 0.429 acc_fake: 0.830 acc_grfake: 0.978 loss_G_conf: 0.055 
(epoch: 2, batches: 140, time: 0.004, data: 0.001) loss_G_comp: 0.308 loss_G_anti_sc: 0.493 loss_G: 0.853 loss_D_real: 0.217 loss_D_fake: 1.869 loss_D_gr_fake: 0.282 loss_D: 2.369 acc_real: 0.429 acc_fake: 0.830 acc_grfake: 0.978 loss_G_conf: 0.051 
(epoch: 2, batches: 160, time: 0.004, data: 0.006) loss_G_comp: 0.352 loss_G_anti_sc: 0.478 loss_G: 0.879 loss_D_real: 0.286 loss_D_fake: 1.379 loss_D_gr_fake: 0.390 loss_D: 2.055 acc_real: 0.429 acc_fake: 0.830 acc_grfake: 0.978 loss_G_conf: 0.049 
validation accuracies:
                gf: 0.94
                real: 0.80
                fake: 0.37

ran validation set (B:401) in                         33.5 s.
(epoch: 2, batches: 180, time: 0.004, data: 0.047) loss_G_comp: 0.378 loss_G_anti_sc: 0.410 loss_G: 0.840 loss_D_real: 0.244 loss_D_fake: 1.407 loss_D_gr_fake: 0.400 loss_D: 2.051 acc_real: 0.799 acc_fake: 0.365 acc_grfake: 0.939 loss_G_conf: 0.051 
(epoch: 2, batches: 200, time: 0.003, data: 0.001) loss_G_comp: 0.378 loss_G_anti_sc: 0.410 loss_G: 0.840 loss_D_real: 0.240 loss_D_fake: 1.044 loss_D_gr_fake: 0.273 loss_D: 1.558 acc_real: 0.799 acc_fake: 0.365 acc_grfake: 0.939 loss_G_conf: 0.051 
(epoch: 2, batches: 220, time: 0.003, data: 0.001) loss_G_comp: 0.378 loss_G_anti_sc: 0.410 loss_G: 0.840 loss_D_real: 0.215 loss_D_fake: 0.911 loss_D_gr_fake: 0.309 loss_D: 1.435 acc_real: 0.799 acc_fake: 0.365 acc_grfake: 0.939 loss_G_conf: 0.051 
learning rate 0.0001000 -> 0.0001000
End of epoch 2 / 20 	 Time Taken: 152 sec
(epoch: 3, batches: 20, time: 0.004, data: 0.001) loss_G_comp: 0.378 loss_G_anti_sc: 0.410 loss_G: 0.840 loss_D_real: 0.140 loss_D_fake: 0.867 loss_D_gr_fake: 0.450 loss_D: 1.456 acc_real: 0.799 acc_fake: 0.365 acc_grfake: 0.939 loss_G_conf: 0.051 
validation accuracies:
                gf: 0.96
                real: 0.70
                fake: 0.95

ran validation set (B:501) in                         33.6 s.
(epoch: 3, batches: 40, time: 0.004, data: 0.001) loss_G_comp: 0.509 loss_G_anti_sc: 0.537 loss_G: 1.095 loss_D_real: 0.354 loss_D_fake: 1.265 loss_D_gr_fake: 0.178 loss_D: 1.798 acc_real: 0.699 acc_fake: 0.954 acc_grfake: 0.960 loss_G_conf: 0.050 
(epoch: 3, batches: 60, time: 0.004, data: 0.513) loss_G_comp: 0.344 loss_G_anti_sc: 0.491 loss_G: 0.898 loss_D_real: 0.238 loss_D_fake: 1.332 loss_D_gr_fake: 0.232 loss_D: 1.802 acc_real: 0.699 acc_fake: 0.954 acc_grfake: 0.960 loss_G_conf: 0.063 
(epoch: 3, batches: 80, time: 0.004, data: 0.865) loss_G_comp: 0.394 loss_G_anti_sc: 0.475 loss_G: 0.921 loss_D_real: 0.279 loss_D_fake: 1.350 loss_D_gr_fake: 0.277 loss_D: 1.906 acc_real: 0.699 acc_fake: 0.954 acc_grfake: 0.960 loss_G_conf: 0.052 
(epoch: 3, batches: 100, time: 0.004, data: 0.335) loss_G_comp: 0.352 loss_G_anti_sc: 0.560 loss_G: 0.966 loss_D_real: 0.171 loss_D_fake: 1.714 loss_D_gr_fake: 0.263 loss_D: 2.147 acc_real: 0.699 acc_fake: 0.954 acc_grfake: 0.960 loss_G_conf: 0.054 
(epoch: 3, batches: 120, time: 0.004, data: 0.001) loss_G_comp: 0.364 loss_G_anti_sc: 0.389 loss_G: 0.803 loss_D_real: 0.256 loss_D_fake: 1.285 loss_D_gr_fake: 0.192 loss_D: 1.734 acc_real: 0.699 acc_fake: 0.954 acc_grfake: 0.960 loss_G_conf: 0.051 
validation accuracies:
                gf: 0.96
                real: 0.66
                fake: 0.61

ran validation set (B:601) in                         33.0 s.
(epoch: 3, batches: 140, time: 0.004, data: 0.006) loss_G_comp: 0.356 loss_G_anti_sc: 0.521 loss_G: 0.923 loss_D_real: 0.329 loss_D_fake: 1.472 loss_D_gr_fake: 0.210 loss_D: 2.011 acc_real: 0.656 acc_fake: 0.608 acc_grfake: 0.959 loss_G_conf: 0.046 
(epoch: 3, batches: 160, time: 0.005, data: 0.001) loss_G_comp: 0.367 loss_G_anti_sc: 0.483 loss_G: 0.905 loss_D_real: 0.333 loss_D_fake: 1.384 loss_D_gr_fake: 0.194 loss_D: 1.911 acc_real: 0.656 acc_fake: 0.608 acc_grfake: 0.959 loss_G_conf: 0.055 
(epoch: 3, batches: 180, time: 0.004, data: 0.001) loss_G_comp: 0.101 loss_G_anti_sc: 0.968 loss_G: 1.120 loss_D_real: 0.572 loss_D_fake: 1.226 loss_D_gr_fake: 0.097 loss_D: 1.895 acc_real: 0.656 acc_fake: 0.608 acc_grfake: 0.959 loss_G_conf: 0.051 
(epoch: 3, batches: 200, time: 0.005, data: 0.021) loss_G_comp: 0.431 loss_G_anti_sc: 0.256 loss_G: 0.736 loss_D_real: 0.200 loss_D_fake: 1.839 loss_D_gr_fake: 0.286 loss_D: 2.325 acc_real: 0.656 acc_fake: 0.608 acc_grfake: 0.959 loss_G_conf: 0.049 
(epoch: 3, batches: 220, time: 0.004, data: 0.034) loss_G_comp: 0.398 loss_G_anti_sc: 0.360 loss_G: 0.808 loss_D_real: 0.153 loss_D_fake: 1.954 loss_D_gr_fake: 0.332 loss_D: 2.439 acc_real: 0.656 acc_fake: 0.608 acc_grfake: 0.959 loss_G_conf: 0.050 
validation accuracies:
                gf: 0.91
                real: 0.93
                fake: 0.20

ran validation set (B:701) in                         33.0 s.
learning rate 0.0001000 -> 0.0001000
End of epoch 3 / 20 	 Time Taken: 186 sec
(epoch: 4, batches: 20, time: 0.003, data: 0.343) loss_G_comp: 0.163 loss_G_anti_sc: 0.595 loss_G: 0.810 loss_D_real: 0.104 loss_D_fake: 1.600 loss_D_gr_fake: 0.226 loss_D: 1.930 acc_real: 0.928 acc_fake: 0.198 acc_grfake: 0.914 loss_G_conf: 0.052 
(epoch: 4, batches: 40, time: 0.003, data: 0.002) loss_G_comp: 0.163 loss_G_anti_sc: 0.595 loss_G: 0.810 loss_D_real: 0.160 loss_D_fake: 1.108 loss_D_gr_fake: 0.281 loss_D: 1.549 acc_real: 0.928 acc_fake: 0.198 acc_grfake: 0.914 loss_G_conf: 0.052 
(epoch: 4, batches: 60, time: 0.003, data: 0.017) loss_G_comp: 0.163 loss_G_anti_sc: 0.595 loss_G: 0.810 loss_D_real: 0.152 loss_D_fake: 1.132 loss_D_gr_fake: 0.215 loss_D: 1.499 acc_real: 0.928 acc_fake: 0.198 acc_grfake: 0.914 loss_G_conf: 0.052 
(epoch: 4, batches: 80, time: 0.004, data: 0.001) loss_G_comp: 0.163 loss_G_anti_sc: 0.595 loss_G: 0.810 loss_D_real: 0.158 loss_D_fake: 0.779 loss_D_gr_fake: 0.194 loss_D: 1.131 acc_real: 0.928 acc_fake: 0.198 acc_grfake: 0.914 loss_G_conf: 0.052 
validation accuracies:
                gf: 0.92
                real: 0.96
                fake: 0.86

ran validation set (B:801) in                         33.8 s.
(epoch: 4, batches: 100, time: 0.003, data: 0.001) loss_G_comp: 0.917 loss_G_anti_sc: 0.414 loss_G: 1.380 loss_D_real: 0.081 loss_D_fake: 0.906 loss_D_gr_fake: 0.205 loss_D: 1.192 acc_real: 0.956 acc_fake: 0.861 acc_grfake: 0.922 loss_G_conf: 0.049 
(epoch: 4, batches: 120, time: 0.005, data: 0.539) loss_G_comp: 0.448 loss_G_anti_sc: 0.423 loss_G: 0.922 loss_D_real: 0.154 loss_D_fake: 1.866 loss_D_gr_fake: 0.417 loss_D: 2.437 acc_real: 0.956 acc_fake: 0.861 acc_grfake: 0.922 loss_G_conf: 0.052 
(epoch: 4, batches: 140, time: 0.004, data: 0.510) loss_G_comp: 0.274 loss_G_anti_sc: 0.377 loss_G: 0.701 loss_D_real: 0.211 loss_D_fake: 1.782 loss_D_gr_fake: 0.153 loss_D: 2.145 acc_real: 0.956 acc_fake: 0.861 acc_grfake: 0.922 loss_G_conf: 0.050 
(epoch: 4, batches: 160, time: 0.004, data: 0.666) loss_G_comp: 0.339 loss_G_anti_sc: 0.267 loss_G: 0.662 loss_D_real: 0.116 loss_D_fake: 1.913 loss_D_gr_fake: 0.206 loss_D: 2.235 acc_real: 0.956 acc_fake: 0.861 acc_grfake: 0.922 loss_G_conf: 0.057 
(epoch: 4, batches: 180, time: 0.004, data: 0.371) loss_G_comp: 0.263 loss_G_anti_sc: 0.343 loss_G: 0.664 loss_D_real: 0.180 loss_D_fake: 1.647 loss_D_gr_fake: 0.265 loss_D: 2.092 acc_real: 0.956 acc_fake: 0.861 acc_grfake: 0.922 loss_G_conf: 0.057 
validation accuracies:
                gf: 0.96
                real: 0.78
                fake: 0.43

ran validation set (B:901) in                         33.3 s.
(epoch: 4, batches: 200, time: 0.002, data: 0.173) loss_G_comp: 0.337 loss_G_anti_sc: 0.222 loss_G: 0.616 loss_D_real: 0.119 loss_D_fake: 1.966 loss_D_gr_fake: 0.221 loss_D: 2.306 acc_real: 0.780 acc_fake: 0.432 acc_grfake: 0.964 loss_G_conf: 0.057 
(epoch: 4, batches: 220, time: 0.003, data: 0.001) loss_G_comp: 0.337 loss_G_anti_sc: 0.222 loss_G: 0.616 loss_D_real: 0.109 loss_D_fake: 2.032 loss_D_gr_fake: 0.180 loss_D: 2.320 acc_real: 0.780 acc_fake: 0.432 acc_grfake: 0.964 loss_G_conf: 0.057 
learning rate 0.0001000 -> 0.0001000
End of epoch 4 / 20 	 Time Taken: 151 sec
(epoch: 5, batches: 20, time: 0.003, data: 0.580) loss_G_comp: 0.337 loss_G_anti_sc: 0.222 loss_G: 0.616 loss_D_real: 0.126 loss_D_fake: 1.576 loss_D_gr_fake: 0.176 loss_D: 1.878 acc_real: 0.780 acc_fake: 0.432 acc_grfake: 0.964 loss_G_conf: 0.057 
(epoch: 5, batches: 40, time: 0.003, data: 0.841) loss_G_comp: 0.337 loss_G_anti_sc: 0.222 loss_G: 0.616 loss_D_real: 0.114 loss_D_fake: 1.241 loss_D_gr_fake: 0.192 loss_D: 1.548 acc_real: 0.780 acc_fake: 0.432 acc_grfake: 0.964 loss_G_conf: 0.057 
(epoch: 5, batches: 60, time: 0.003, data: 0.742) loss_G_comp: 0.337 loss_G_anti_sc: 0.222 loss_G: 0.616 loss_D_real: 0.097 loss_D_fake: 1.009 loss_D_gr_fake: 0.268 loss_D: 1.374 acc_real: 0.780 acc_fake: 0.432 acc_grfake: 0.964 loss_G_conf: 0.057 
validation accuracies:
                gf: 0.94
                real: 0.88
                fake: 0.89

ran validation set (B:1001) in                         33.6 s.
(epoch: 5, batches: 80, time: 0.004, data: 0.284) loss_G_comp: 0.505 loss_G_anti_sc: 0.328 loss_G: 0.888 loss_D_real: 0.203 loss_D_fake: 1.707 loss_D_gr_fake: 0.272 loss_D: 2.182 acc_real: 0.881 acc_fake: 0.888 acc_grfake: 0.943 loss_G_conf: 0.055 
(epoch: 5, batches: 100, time: 0.004, data: 0.006) loss_G_comp: 0.325 loss_G_anti_sc: 0.300 loss_G: 0.678 loss_D_real: 0.203 loss_D_fake: 1.620 loss_D_gr_fake: 0.161 loss_D: 1.984 acc_real: 0.881 acc_fake: 0.888 acc_grfake: 0.943 loss_G_conf: 0.053 
(epoch: 5, batches: 120, time: 0.004, data: 0.003) loss_G_comp: 0.195 loss_G_anti_sc: 0.604 loss_G: 0.857 loss_D_real: 0.159 loss_D_fake: 1.979 loss_D_gr_fake: 0.219 loss_D: 2.357 acc_real: 0.881 acc_fake: 0.888 acc_grfake: 0.943 loss_G_conf: 0.058 
(epoch: 5, batches: 140, time: 0.004, data: 0.769) loss_G_comp: 0.251 loss_G_anti_sc: 0.396 loss_G: 0.703 loss_D_real: 0.233 loss_D_fake: 1.720 loss_D_gr_fake: 0.236 loss_D: 2.189 acc_real: 0.881 acc_fake: 0.888 acc_grfake: 0.943 loss_G_conf: 0.056 
(epoch: 5, batches: 160, time: 0.004, data: 0.457) loss_G_comp: 0.171 loss_G_anti_sc: 0.421 loss_G: 0.656 loss_D_real: 0.294 loss_D_fake: 1.893 loss_D_gr_fake: 0.164 loss_D: 2.351 acc_real: 0.881 acc_fake: 0.888 acc_grfake: 0.943 loss_G_conf: 0.065 
validation accuracies:
                gf: 0.93
                real: 0.95
                fake: 0.19

ran validation set (B:1101) in                         33.8 s.
(epoch: 5, batches: 180, time: 0.004, data: 0.003) loss_G_comp: 0.197 loss_G_anti_sc: 0.438 loss_G: 0.696 loss_D_real: 0.092 loss_D_fake: 2.061 loss_D_gr_fake: 0.236 loss_D: 2.389 acc_real: 0.954 acc_fake: 0.191 acc_grfake: 0.925 loss_G_conf: 0.061 
(epoch: 5, batches: 200, time: 0.003, data: 0.001) loss_G_comp: 0.197 loss_G_anti_sc: 0.438 loss_G: 0.696 loss_D_real: 0.161 loss_D_fake: 1.740 loss_D_gr_fake: 0.399 loss_D: 2.301 acc_real: 0.954 acc_fake: 0.191 acc_grfake: 0.925 loss_G_conf: 0.061 
(epoch: 5, batches: 220, time: 0.003, data: 0.001) loss_G_comp: 0.197 loss_G_anti_sc: 0.438 loss_G: 0.696 loss_D_real: 0.131 loss_D_fake: 1.307 loss_D_gr_fake: 0.179 loss_D: 1.618 acc_real: 0.954 acc_fake: 0.191 acc_grfake: 0.925 loss_G_conf: 0.061 
saving the model at the end of epoch 5, iters 74880
learning rate 0.0001000 -> 0.0001000
End of epoch 5 / 20 	 Time Taken: 152 sec
(epoch: 6, batches: 20, time: 0.003, data: 0.001) loss_G_comp: 0.197 loss_G_anti_sc: 0.438 loss_G: 0.696 loss_D_real: 0.208 loss_D_fake: 0.938 loss_D_gr_fake: 0.072 loss_D: 1.218 acc_real: 0.954 acc_fake: 0.191 acc_grfake: 0.925 loss_G_conf: 0.061 
validation accuracies:
                gf: 0.95
                real: 0.91
                fake: 0.79

ran validation set (B:1201) in                         33.6 s.
(epoch: 6, batches: 40, time: 0.005, data: 0.006) loss_G_comp: 0.550 loss_G_anti_sc: 0.363 loss_G: 0.957 loss_D_real: 0.023 loss_D_fake: 3.146 loss_D_gr_fake: 0.702 loss_D: 3.871 acc_real: 0.906 acc_fake: 0.793 acc_grfake: 0.948 loss_G_conf: 0.043 
(epoch: 6, batches: 60, time: 0.004, data: 0.001) loss_G_comp: 0.301 loss_G_anti_sc: 0.554 loss_G: 0.914 loss_D_real: 0.160 loss_D_fake: 2.146 loss_D_gr_fake: 0.340 loss_D: 2.646 acc_real: 0.906 acc_fake: 0.793 acc_grfake: 0.948 loss_G_conf: 0.060 
(epoch: 6, batches: 80, time: 0.005, data: 0.004) loss_G_comp: 0.406 loss_G_anti_sc: 0.252 loss_G: 0.714 loss_D_real: 0.160 loss_D_fake: 1.948 loss_D_gr_fake: 0.095 loss_D: 2.203 acc_real: 0.906 acc_fake: 0.793 acc_grfake: 0.948 loss_G_conf: 0.055 
(epoch: 6, batches: 100, time: 0.004, data: 0.004) loss_G_comp: 0.221 loss_G_anti_sc: 0.309 loss_G: 0.591 loss_D_real: 0.145 loss_D_fake: 2.245 loss_D_gr_fake: 0.208 loss_D: 2.597 acc_real: 0.906 acc_fake: 0.793 acc_grfake: 0.948 loss_G_conf: 0.061 
(epoch: 6, batches: 120, time: 0.004, data: 0.001) loss_G_comp: 0.296 loss_G_anti_sc: 0.245 loss_G: 0.603 loss_D_real: 0.168 loss_D_fake: 1.727 loss_D_gr_fake: 0.375 loss_D: 2.270 acc_real: 0.906 acc_fake: 0.793 acc_grfake: 0.948 loss_G_conf: 0.062 
validation accuracies:
                gf: 0.93
                real: 0.97
                fake: 0.17

ran validation set (B:1301) in                         33.1 s.
(epoch: 6, batches: 140, time: 0.004, data: 0.001) loss_G_comp: 0.140 loss_G_anti_sc: 0.874 loss_G: 1.066 loss_D_real: 0.104 loss_D_fake: 1.462 loss_D_gr_fake: 0.322 loss_D: 1.887 acc_real: 0.971 acc_fake: 0.167 acc_grfake: 0.931 loss_G_conf: 0.052 
(epoch: 6, batches: 160, time: 0.002, data: 0.204) loss_G_comp: 0.140 loss_G_anti_sc: 0.874 loss_G: 1.066 loss_D_real: 0.133 loss_D_fake: 1.329 loss_D_gr_fake: 0.289 loss_D: 1.751 acc_real: 0.971 acc_fake: 0.167 acc_grfake: 0.931 loss_G_conf: 0.052 
(epoch: 6, batches: 180, time: 0.003, data: 0.017) loss_G_comp: 0.140 loss_G_anti_sc: 0.874 loss_G: 1.066 loss_D_real: 0.067 loss_D_fake: 1.182 loss_D_gr_fake: 0.199 loss_D: 1.448 acc_real: 0.971 acc_fake: 0.167 acc_grfake: 0.931 loss_G_conf: 0.052 
(epoch: 6, batches: 200, time: 0.003, data: 0.003) loss_G_comp: 0.140 loss_G_anti_sc: 0.874 loss_G: 1.066 loss_D_real: 0.087 loss_D_fake: 1.010 loss_D_gr_fake: 0.093 loss_D: 1.189 acc_real: 0.971 acc_fake: 0.167 acc_grfake: 0.931 loss_G_conf: 0.052 
(epoch: 6, batches: 220, time: 0.004, data: 0.829) loss_G_comp: 0.140 loss_G_anti_sc: 0.874 loss_G: 1.066 loss_D_real: 0.071 loss_D_fake: 1.222 loss_D_gr_fake: 0.276 loss_D: 1.568 acc_real: 0.971 acc_fake: 0.167 acc_grfake: 0.931 loss_G_conf: 0.052 
validation accuracies:
                gf: 0.93
                real: 0.97
                fake: 0.80

ran validation set (B:1401) in                         33.0 s.
learning rate 0.0001000 -> 0.0001000
End of epoch 6 / 20 	 Time Taken: 184 sec
(epoch: 7, batches: 20, time: 0.004, data: 0.029) loss_G_comp: 0.123 loss_G_anti_sc: 0.501 loss_G: 0.687 loss_D_real: 0.260 loss_D_fake: 1.920 loss_D_gr_fake: 0.028 loss_D: 2.208 acc_real: 0.975 acc_fake: 0.796 acc_grfake: 0.925 loss_G_conf: 0.063 
(epoch: 7, batches: 40, time: 0.005, data: 0.001) loss_G_comp: 0.185 loss_G_anti_sc: 0.425 loss_G: 0.686 loss_D_real: 0.133 loss_D_fake: 2.392 loss_D_gr_fake: 0.226 loss_D: 2.752 acc_real: 0.975 acc_fake: 0.796 acc_grfake: 0.925 loss_G_conf: 0.076 
(epoch: 7, batches: 60, time: 0.004, data: 0.006) loss_G_comp: 0.224 loss_G_anti_sc: 0.349 loss_G: 0.634 loss_D_real: 0.158 loss_D_fake: 2.057 loss_D_gr_fake: 0.205 loss_D: 2.420 acc_real: 0.975 acc_fake: 0.796 acc_grfake: 0.925 loss_G_conf: 0.062 
(epoch: 7, batches: 80, time: 0.005, data: 0.001) loss_G_comp: 0.275 loss_G_anti_sc: 0.392 loss_G: 0.740 loss_D_real: 0.055 loss_D_fake: 3.068 loss_D_gr_fake: 0.401 loss_D: 3.524 acc_real: 0.975 acc_fake: 0.796 acc_grfake: 0.925 loss_G_conf: 0.072 
validation accuracies:
                gf: 0.96
                real: 0.87
                fake: 0.33

ran validation set (B:1501) in                         33.6 s.
(epoch: 7, batches: 100, time: 0.003, data: 0.264) loss_G_comp: 0.248 loss_G_anti_sc: 0.397 loss_G: 0.715 loss_D_real: 0.076 loss_D_fake: 2.386 loss_D_gr_fake: 0.219 loss_D: 2.681 acc_real: 0.868 acc_fake: 0.328 acc_grfake: 0.959 loss_G_conf: 0.071 
(epoch: 7, batches: 120, time: 0.004, data: 0.003) loss_G_comp: 0.248 loss_G_anti_sc: 0.397 loss_G: 0.715 loss_D_real: 0.140 loss_D_fake: 1.766 loss_D_gr_fake: 0.207 loss_D: 2.113 acc_real: 0.868 acc_fake: 0.328 acc_grfake: 0.959 loss_G_conf: 0.071 
(epoch: 7, batches: 140, time: 0.003, data: 0.001) loss_G_comp: 0.248 loss_G_anti_sc: 0.397 loss_G: 0.715 loss_D_real: 0.149 loss_D_fake: 1.641 loss_D_gr_fake: 0.124 loss_D: 1.914 acc_real: 0.868 acc_fake: 0.328 acc_grfake: 0.959 loss_G_conf: 0.071 
(epoch: 7, batches: 160, time: 0.003, data: 0.001) loss_G_comp: 0.248 loss_G_anti_sc: 0.397 loss_G: 0.715 loss_D_real: 0.136 loss_D_fake: 1.537 loss_D_gr_fake: 0.221 loss_D: 1.893 acc_real: 0.868 acc_fake: 0.328 acc_grfake: 0.959 loss_G_conf: 0.071 
(epoch: 7, batches: 180, time: 0.003, data: 0.001) loss_G_comp: 0.248 loss_G_anti_sc: 0.397 loss_G: 0.715 loss_D_real: 0.074 loss_D_fake: 1.764 loss_D_gr_fake: 0.308 loss_D: 2.146 acc_real: 0.868 acc_fake: 0.328 acc_grfake: 0.959 loss_G_conf: 0.071 
validation accuracies:
                gf: 0.94
                real: 0.97
                fake: 0.54

ran validation set (B:1601) in                         33.8 s.
(epoch: 7, batches: 200, time: 0.002, data: 0.001) loss_G_comp: 0.248 loss_G_anti_sc: 0.397 loss_G: 0.715 loss_D_real: 0.121 loss_D_fake: 1.315 loss_D_gr_fake: 0.113 loss_D: 1.548 acc_real: 0.974 acc_fake: 0.540 acc_grfake: 0.936 loss_G_conf: 0.071 
(epoch: 7, batches: 220, time: 0.003, data: 0.208) loss_G_comp: 0.248 loss_G_anti_sc: 0.397 loss_G: 0.715 loss_D_real: 0.089 loss_D_fake: 1.142 loss_D_gr_fake: 0.116 loss_D: 1.347 acc_real: 0.974 acc_fake: 0.540 acc_grfake: 0.936 loss_G_conf: 0.071 
learning rate 0.0001000 -> 0.0001000
End of epoch 7 / 20 	 Time Taken: 152 sec
(epoch: 8, batches: 20, time: 0.003, data: 0.001) loss_G_comp: 0.248 loss_G_anti_sc: 0.397 loss_G: 0.715 loss_D_real: 0.076 loss_D_fake: 1.247 loss_D_gr_fake: 0.169 loss_D: 1.491 acc_real: 0.974 acc_fake: 0.540 acc_grfake: 0.936 loss_G_conf: 0.071 
(epoch: 8, batches: 40, time: 0.004, data: 0.001) loss_G_comp: 0.248 loss_G_anti_sc: 0.397 loss_G: 0.715 loss_D_real: 0.105 loss_D_fake: 1.042 loss_D_gr_fake: 0.183 loss_D: 1.329 acc_real: 0.974 acc_fake: 0.540 acc_grfake: 0.936 loss_G_conf: 0.071 
(epoch: 8, batches: 60, time: 0.004, data: 0.784) loss_G_comp: 0.248 loss_G_anti_sc: 0.397 loss_G: 0.715 loss_D_real: 0.134 loss_D_fake: 0.899 loss_D_gr_fake: 0.256 loss_D: 1.289 acc_real: 0.974 acc_fake: 0.540 acc_grfake: 0.936 loss_G_conf: 0.071 
validation accuracies:
                gf: 0.95
                real: 0.93
                fake: 0.87

ran validation set (B:1701) in                         33.0 s.
(epoch: 8, batches: 80, time: 0.004, data: 0.768) loss_G_comp: 0.075 loss_G_anti_sc: 1.080 loss_G: 1.217 loss_D_real: 0.630 loss_D_fake: 1.442 loss_D_gr_fake: 0.123 loss_D: 2.194 acc_real: 0.930 acc_fake: 0.868 acc_grfake: 0.952 loss_G_conf: 0.062 
(epoch: 8, batches: 100, time: 0.005, data: 0.001) loss_G_comp: 0.232 loss_G_anti_sc: 0.466 loss_G: 0.762 loss_D_real: 0.203 loss_D_fake: 2.043 loss_D_gr_fake: 0.108 loss_D: 2.353 acc_real: 0.930 acc_fake: 0.868 acc_grfake: 0.952 loss_G_conf: 0.064 
(epoch: 8, batches: 120, time: 0.005, data: 0.001) loss_G_comp: 0.372 loss_G_anti_sc: 0.259 loss_G: 0.702 loss_D_real: 0.099 loss_D_fake: 2.087 loss_D_gr_fake: 0.140 loss_D: 2.325 acc_real: 0.930 acc_fake: 0.868 acc_grfake: 0.952 loss_G_conf: 0.071 
(epoch: 8, batches: 140, time: 0.004, data: 0.007) loss_G_comp: 0.360 loss_G_anti_sc: 0.364 loss_G: 0.789 loss_D_real: 0.123 loss_D_fake: 2.018 loss_D_gr_fake: 0.302 loss_D: 2.442 acc_real: 0.930 acc_fake: 0.868 acc_grfake: 0.952 loss_G_conf: 0.064 
(epoch: 8, batches: 160, time: 0.004, data: 0.001) loss_G_comp: 0.190 loss_G_anti_sc: 0.372 loss_G: 0.628 loss_D_real: 0.219 loss_D_fake: 1.813 loss_D_gr_fake: 0.142 loss_D: 2.174 acc_real: 0.930 acc_fake: 0.868 acc_grfake: 0.952 loss_G_conf: 0.066 
validation accuracies:
                gf: 0.95
                real: 0.98
                fake: 0.19

ran validation set (B:1801) in                         33.6 s.
(epoch: 8, batches: 180, time: 0.003, data: 0.003) loss_G_comp: 0.174 loss_G_anti_sc: 0.385 loss_G: 0.627 loss_D_real: 0.089 loss_D_fake: 1.780 loss_D_gr_fake: 0.285 loss_D: 2.154 acc_real: 0.977 acc_fake: 0.187 acc_grfake: 0.948 loss_G_conf: 0.068 
(epoch: 8, batches: 200, time: 0.003, data: 0.336) loss_G_comp: 0.174 loss_G_anti_sc: 0.385 loss_G: 0.627 loss_D_real: 0.105 loss_D_fake: 1.550 loss_D_gr_fake: 0.184 loss_D: 1.839 acc_real: 0.977 acc_fake: 0.187 acc_grfake: 0.948 loss_G_conf: 0.068 
(epoch: 8, batches: 220, time: 0.003, data: 0.006) loss_G_comp: 0.174 loss_G_anti_sc: 0.385 loss_G: 0.627 loss_D_real: 0.079 loss_D_fake: 1.551 loss_D_gr_fake: 0.331 loss_D: 1.961 acc_real: 0.977 acc_fake: 0.187 acc_grfake: 0.948 loss_G_conf: 0.068 
learning rate 0.0001000 -> 0.0001000
End of epoch 8 / 20 	 Time Taken: 152 sec
(epoch: 9, batches: 20, time: 0.004, data: 0.001) loss_G_comp: 0.174 loss_G_anti_sc: 0.385 loss_G: 0.627 loss_D_real: 0.071 loss_D_fake: 1.396 loss_D_gr_fake: 0.275 loss_D: 1.743 acc_real: 0.977 acc_fake: 0.187 acc_grfake: 0.948 loss_G_conf: 0.068 
validation accuracies:
                gf: 0.94
                real: 0.97
                fake: 0.71

ran validation set (B:1901) in                         34.0 s.
(epoch: 9, batches: 40, time: 0.005, data: 0.004) loss_G_comp: 0.392 loss_G_anti_sc: 0.275 loss_G: 0.745 loss_D_real: 0.051 loss_D_fake: 2.530 loss_D_gr_fake: 0.250 loss_D: 2.830 acc_real: 0.970 acc_fake: 0.709 acc_grfake: 0.944 loss_G_conf: 0.078 
(epoch: 9, batches: 60, time: 0.004, data: 0.035) loss_G_comp: 0.131 loss_G_anti_sc: 0.439 loss_G: 0.656 loss_D_real: 0.171 loss_D_fake: 2.399 loss_D_gr_fake: 0.121 loss_D: 2.691 acc_real: 0.970 acc_fake: 0.709 acc_grfake: 0.944 loss_G_conf: 0.087 
(epoch: 9, batches: 80, time: 0.005, data: 0.001) loss_G_comp: 0.096 loss_G_anti_sc: 0.592 loss_G: 0.763 loss_D_real: 0.216 loss_D_fake: 2.363 loss_D_gr_fake: 0.074 loss_D: 2.653 acc_real: 0.970 acc_fake: 0.709 acc_grfake: 0.944 loss_G_conf: 0.075 
(epoch: 9, batches: 100, time: 0.004, data: 0.445) loss_G_comp: 0.165 loss_G_anti_sc: 0.508 loss_G: 0.744 loss_D_real: 0.111 loss_D_fake: 2.152 loss_D_gr_fake: 0.243 loss_D: 2.507 acc_real: 0.970 acc_fake: 0.709 acc_grfake: 0.944 loss_G_conf: 0.071 
(epoch: 9, batches: 120, time: 0.005, data: 0.003) loss_G_comp: 0.185 loss_G_anti_sc: 0.271 loss_G: 0.534 loss_D_real: 0.215 loss_D_fake: 1.989 loss_D_gr_fake: 0.160 loss_D: 2.364 acc_real: 0.970 acc_fake: 0.709 acc_grfake: 0.944 loss_G_conf: 0.078 
validation accuracies:
                gf: 0.94
                real: 0.92
                fake: 0.24

ran validation set (B:2001) in                         33.3 s.
(epoch: 9, batches: 140, time: 0.004, data: 0.003) loss_G_comp: 0.195 loss_G_anti_sc: 0.291 loss_G: 0.561 loss_D_real: 0.084 loss_D_fake: 2.284 loss_D_gr_fake: 0.050 loss_D: 2.418 acc_real: 0.923 acc_fake: 0.239 acc_grfake: 0.944 loss_G_conf: 0.074 
(epoch: 9, batches: 160, time: 0.003, data: 0.187) loss_G_comp: 0.195 loss_G_anti_sc: 0.291 loss_G: 0.561 loss_D_real: 0.223 loss_D_fake: 1.483 loss_D_gr_fake: 0.052 loss_D: 1.759 acc_real: 0.923 acc_fake: 0.239 acc_grfake: 0.944 loss_G_conf: 0.074 
(epoch: 9, batches: 180, time: 0.003, data: 0.282) loss_G_comp: 0.195 loss_G_anti_sc: 0.291 loss_G: 0.561 loss_D_real: 0.100 loss_D_fake: 1.672 loss_D_gr_fake: 0.273 loss_D: 2.044 acc_real: 0.923 acc_fake: 0.239 acc_grfake: 0.944 loss_G_conf: 0.074 
(epoch: 9, batches: 200, time: 0.004, data: 0.001) loss_G_comp: 0.195 loss_G_anti_sc: 0.291 loss_G: 0.561 loss_D_real: 0.064 loss_D_fake: 1.703 loss_D_gr_fake: 0.243 loss_D: 2.010 acc_real: 0.923 acc_fake: 0.239 acc_grfake: 0.944 loss_G_conf: 0.074 
(epoch: 9, batches: 220, time: 0.003, data: 0.016) loss_G_comp: 0.195 loss_G_anti_sc: 0.291 loss_G: 0.561 loss_D_real: 0.181 loss_D_fake: 1.392 loss_D_gr_fake: 0.152 loss_D: 1.725 acc_real: 0.923 acc_fake: 0.239 acc_grfake: 0.944 loss_G_conf: 0.074 
validation accuracies:
                gf: 0.95
                real: 0.94
                fake: 0.67

ran validation set (B:2101) in                         33.2 s.
learning rate 0.0001000 -> 0.0001000
End of epoch 9 / 20 	 Time Taken: 184 sec
(epoch: 10, batches: 20, time: 0.004, data: 0.013) loss_G_comp: 0.249 loss_G_anti_sc: 0.204 loss_G: 0.547 loss_D_real: 0.146 loss_D_fake: 2.379 loss_D_gr_fake: 0.099 loss_D: 2.623 acc_real: 0.940 acc_fake: 0.665 acc_grfake: 0.948 loss_G_conf: 0.094 
(epoch: 10, batches: 40, time: 0.004, data: 0.807) loss_G_comp: 0.359 loss_G_anti_sc: 0.200 loss_G: 0.637 loss_D_real: 0.128 loss_D_fake: 2.518 loss_D_gr_fake: 0.281 loss_D: 2.927 acc_real: 0.940 acc_fake: 0.665 acc_grfake: 0.948 loss_G_conf: 0.078 
(epoch: 10, batches: 60, time: 0.004, data: 0.001) loss_G_comp: 0.208 loss_G_anti_sc: 0.474 loss_G: 0.774 loss_D_real: 0.067 loss_D_fake: 3.684 loss_D_gr_fake: 0.168 loss_D: 3.918 acc_real: 0.940 acc_fake: 0.665 acc_grfake: 0.948 loss_G_conf: 0.092 
(epoch: 10, batches: 80, time: 0.005, data: 0.007) loss_G_comp: 0.148 loss_G_anti_sc: 0.459 loss_G: 0.688 loss_D_real: 0.081 loss_D_fake: 2.467 loss_D_gr_fake: 0.226 loss_D: 2.774 acc_real: 0.940 acc_fake: 0.665 acc_grfake: 0.948 loss_G_conf: 0.080 
validation accuracies:
                gf: 0.96
                real: 0.82
                fake: 0.29

ran validation set (B:2201) in                         33.7 s.
(epoch: 10, batches: 100, time: 0.003, data: 0.004) loss_G_comp: 0.195 loss_G_anti_sc: 0.495 loss_G: 0.772 loss_D_real: 0.097 loss_D_fake: 2.825 loss_D_gr_fake: 0.205 loss_D: 3.126 acc_real: 0.821 acc_fake: 0.286 acc_grfake: 0.961 loss_G_conf: 0.082 
(epoch: 10, batches: 120, time: 0.003, data: 0.477) loss_G_comp: 0.195 loss_G_anti_sc: 0.495 loss_G: 0.772 loss_D_real: 0.086 loss_D_fake: 2.509 loss_D_gr_fake: 0.156 loss_D: 2.751 acc_real: 0.821 acc_fake: 0.286 acc_grfake: 0.961 loss_G_conf: 0.082 
(epoch: 10, batches: 140, time: 0.003, data: 0.001) loss_G_comp: 0.195 loss_G_anti_sc: 0.495 loss_G: 0.772 loss_D_real: 0.105 loss_D_fake: 2.344 loss_D_gr_fake: 0.252 loss_D: 2.701 acc_real: 0.821 acc_fake: 0.286 acc_grfake: 0.961 loss_G_conf: 0.082 
(epoch: 10, batches: 160, time: 0.003, data: 0.001) loss_G_comp: 0.195 loss_G_anti_sc: 0.495 loss_G: 0.772 loss_D_real: 0.068 loss_D_fake: 2.127 loss_D_gr_fake: 0.215 loss_D: 2.410 acc_real: 0.821 acc_fake: 0.286 acc_grfake: 0.961 loss_G_conf: 0.082 
(epoch: 10, batches: 180, time: 0.004, data: 0.001) loss_G_comp: 0.195 loss_G_anti_sc: 0.495 loss_G: 0.772 loss_D_real: 0.207 loss_D_fake: 1.426 loss_D_gr_fake: 0.079 loss_D: 1.712 acc_real: 0.821 acc_fake: 0.286 acc_grfake: 0.961 loss_G_conf: 0.082 
validation accuracies:
                gf: 0.95
                real: 0.98
                fake: 0.43

ran validation set (B:2301) in                         33.5 s.
(epoch: 10, batches: 200, time: 0.003, data: 0.030) loss_G_comp: 0.195 loss_G_anti_sc: 0.495 loss_G: 0.772 loss_D_real: 0.046 loss_D_fake: 1.926 loss_D_gr_fake: 0.139 loss_D: 2.110 acc_real: 0.982 acc_fake: 0.434 acc_grfake: 0.951 loss_G_conf: 0.082 
(epoch: 10, batches: 220, time: 0.003, data: 0.015) loss_G_comp: 0.195 loss_G_anti_sc: 0.495 loss_G: 0.772 loss_D_real: 0.108 loss_D_fake: 1.492 loss_D_gr_fake: 0.247 loss_D: 1.847 acc_real: 0.982 acc_fake: 0.434 acc_grfake: 0.951 loss_G_conf: 0.082 
saving the model at the end of epoch 10, iters 149760
learning rate 0.0001000 -> 0.0000800
End of epoch 10 / 20 	 Time Taken: 151 sec
(epoch: 11, batches: 20, time: 0.005, data: 0.001) loss_G_comp: 0.195 loss_G_anti_sc: 0.495 loss_G: 0.772 loss_D_real: 0.079 loss_D_fake: 1.575 loss_D_gr_fake: 0.215 loss_D: 1.868 acc_real: 0.982 acc_fake: 0.434 acc_grfake: 0.951 loss_G_conf: 0.082 
(epoch: 11, batches: 40, time: 0.004, data: 0.001) loss_G_comp: 0.195 loss_G_anti_sc: 0.495 loss_G: 0.772 loss_D_real: 0.074 loss_D_fake: 1.514 loss_D_gr_fake: 0.078 loss_D: 1.665 acc_real: 0.982 acc_fake: 0.434 acc_grfake: 0.951 loss_G_conf: 0.082 
(epoch: 11, batches: 60, time: 0.005, data: 0.003) loss_G_comp: 0.195 loss_G_anti_sc: 0.495 loss_G: 0.772 loss_D_real: 0.079 loss_D_fake: 1.587 loss_D_gr_fake: 0.267 loss_D: 1.933 acc_real: 0.982 acc_fake: 0.434 acc_grfake: 0.951 loss_G_conf: 0.082 
validation accuracies:
                gf: 0.95
                real: 0.95
                fake: 0.68

ran validation set (B:2401) in                         33.1 s.
(epoch: 11, batches: 80, time: 0.004, data: 0.001) loss_G_comp: 0.199 loss_G_anti_sc: 0.379 loss_G: 0.659 loss_D_real: 0.040 loss_D_fake: 2.944 loss_D_gr_fake: 0.306 loss_D: 3.290 acc_real: 0.946 acc_fake: 0.684 acc_grfake: 0.955 loss_G_conf: 0.081 
(epoch: 11, batches: 100, time: 0.004, data: 0.509) loss_G_comp: 0.177 loss_G_anti_sc: 0.340 loss_G: 0.608 loss_D_real: 0.102 loss_D_fake: 2.208 loss_D_gr_fake: 0.105 loss_D: 2.414 acc_real: 0.946 acc_fake: 0.684 acc_grfake: 0.955 loss_G_conf: 0.091 
(epoch: 11, batches: 120, time: 0.004, data: 0.017) loss_G_comp: 0.128 loss_G_anti_sc: 0.286 loss_G: 0.501 loss_D_real: 0.200 loss_D_fake: 2.703 loss_D_gr_fake: 0.164 loss_D: 3.066 acc_real: 0.946 acc_fake: 0.684 acc_grfake: 0.955 loss_G_conf: 0.087 
(epoch: 11, batches: 140, time: 0.005, data: 0.001) loss_G_comp: 0.133 loss_G_anti_sc: 0.343 loss_G: 0.557 loss_D_real: 0.154 loss_D_fake: 2.388 loss_D_gr_fake: 0.080 loss_D: 2.622 acc_real: 0.946 acc_fake: 0.684 acc_grfake: 0.955 loss_G_conf: 0.081 
(epoch: 11, batches: 160, time: 0.008, data: 0.001) loss_G_comp: 0.137 loss_G_anti_sc: 0.530 loss_G: 0.755 loss_D_real: 0.230 loss_D_fake: 2.568 loss_D_gr_fake: 0.129 loss_D: 2.927 acc_real: 0.946 acc_fake: 0.684 acc_grfake: 0.955 loss_G_conf: 0.088 
validation accuracies:
                gf: 0.94
                real: 0.98
                fake: 0.11

ran validation set (B:2501) in                         33.7 s.
(epoch: 11, batches: 180, time: 0.004, data: 0.003) loss_G_comp: 0.137 loss_G_anti_sc: 0.530 loss_G: 0.755 loss_D_real: 0.062 loss_D_fake: 2.041 loss_D_gr_fake: 0.154 loss_D: 2.257 acc_real: 0.984 acc_fake: 0.110 acc_grfake: 0.935 loss_G_conf: 0.088 
(epoch: 11, batches: 200, time: 0.003, data: 0.001) loss_G_comp: 0.137 loss_G_anti_sc: 0.530 loss_G: 0.755 loss_D_real: 0.120 loss_D_fake: 1.793 loss_D_gr_fake: 0.089 loss_D: 2.003 acc_real: 0.984 acc_fake: 0.110 acc_grfake: 0.935 loss_G_conf: 0.088 
(epoch: 11, batches: 220, time: 0.003, data: 0.002) loss_G_comp: 0.137 loss_G_anti_sc: 0.530 loss_G: 0.755 loss_D_real: 0.040 loss_D_fake: 1.793 loss_D_gr_fake: 0.179 loss_D: 2.012 acc_real: 0.984 acc_fake: 0.110 acc_grfake: 0.935 loss_G_conf: 0.088 
learning rate 0.0000800 -> 0.0000800
End of epoch 11 / 20 	 Time Taken: 151 sec
(epoch: 12, batches: 20, time: 0.003, data: 0.003) loss_G_comp: 0.137 loss_G_anti_sc: 0.530 loss_G: 0.755 loss_D_real: 0.100 loss_D_fake: 1.398 loss_D_gr_fake: 0.212 loss_D: 1.710 acc_real: 0.984 acc_fake: 0.110 acc_grfake: 0.935 loss_G_conf: 0.088 
validation accuracies:
                gf: 0.97
                real: 0.91
                fake: 0.77

ran validation set (B:2601) in                         33.2 s.
(epoch: 12, batches: 40, time: 0.005, data: 0.003) loss_G_comp: 0.187 loss_G_anti_sc: 0.206 loss_G: 0.477 loss_D_real: 0.127 loss_D_fake: 2.310 loss_D_gr_fake: 0.158 loss_D: 2.595 acc_real: 0.907 acc_fake: 0.771 acc_grfake: 0.966 loss_G_conf: 0.084 
(epoch: 12, batches: 60, time: 0.005, data: 0.584) loss_G_comp: 0.314 loss_G_anti_sc: 0.150 loss_G: 0.550 loss_D_real: 0.064 loss_D_fake: 2.508 loss_D_gr_fake: 0.272 loss_D: 2.843 acc_real: 0.907 acc_fake: 0.771 acc_grfake: 0.966 loss_G_conf: 0.086 
(epoch: 12, batches: 80, time: 0.004, data: 0.001) loss_G_comp: 0.144 loss_G_anti_sc: 0.192 loss_G: 0.422 loss_D_real: 0.116 loss_D_fake: 3.139 loss_D_gr_fake: 0.179 loss_D: 3.434 acc_real: 0.907 acc_fake: 0.771 acc_grfake: 0.966 loss_G_conf: 0.087 
(epoch: 12, batches: 100, time: 0.005, data: 0.003) loss_G_comp: 0.347 loss_G_anti_sc: 0.169 loss_G: 0.600 loss_D_real: 0.064 loss_D_fake: 3.105 loss_D_gr_fake: 0.230 loss_D: 3.399 acc_real: 0.907 acc_fake: 0.771 acc_grfake: 0.966 loss_G_conf: 0.084 
(epoch: 12, batches: 120, time: 0.004, data: 0.001) loss_G_comp: 0.120 loss_G_anti_sc: 0.456 loss_G: 0.659 loss_D_real: 0.107 loss_D_fake: 2.395 loss_D_gr_fake: 0.035 loss_D: 2.537 acc_real: 0.907 acc_fake: 0.771 acc_grfake: 0.966 loss_G_conf: 0.082 
validation accuracies:
                gf: 0.97
                real: 0.82
                fake: 0.38

ran validation set (B:2701) in                         33.1 s.
(epoch: 12, batches: 140, time: 0.004, data: 0.004) loss_G_comp: 0.307 loss_G_anti_sc: 0.240 loss_G: 0.635 loss_D_real: 0.079 loss_D_fake: 2.774 loss_D_gr_fake: 0.087 loss_D: 2.940 acc_real: 0.816 acc_fake: 0.377 acc_grfake: 0.965 loss_G_conf: 0.088 
(epoch: 12, batches: 160, time: 0.003, data: 0.742) loss_G_comp: 0.307 loss_G_anti_sc: 0.240 loss_G: 0.635 loss_D_real: 0.093 loss_D_fake: 2.402 loss_D_gr_fake: 0.225 loss_D: 2.720 acc_real: 0.816 acc_fake: 0.377 acc_grfake: 0.965 loss_G_conf: 0.088 
(epoch: 12, batches: 180, time: 0.003, data: 0.001) loss_G_comp: 0.307 loss_G_anti_sc: 0.240 loss_G: 0.635 loss_D_real: 0.087 loss_D_fake: 2.502 loss_D_gr_fake: 0.085 loss_D: 2.674 acc_real: 0.816 acc_fake: 0.377 acc_grfake: 0.965 loss_G_conf: 0.088 
(epoch: 12, batches: 200, time: 0.003, data: 0.001) loss_G_comp: 0.307 loss_G_anti_sc: 0.240 loss_G: 0.635 loss_D_real: 0.121 loss_D_fake: 2.242 loss_D_gr_fake: 0.071 loss_D: 2.435 acc_real: 0.816 acc_fake: 0.377 acc_grfake: 0.965 loss_G_conf: 0.088 
(epoch: 12, batches: 220, time: 0.003, data: 0.099) loss_G_comp: 0.307 loss_G_anti_sc: 0.240 loss_G: 0.635 loss_D_real: 0.089 loss_D_fake: 2.394 loss_D_gr_fake: 0.277 loss_D: 2.760 acc_real: 0.816 acc_fake: 0.377 acc_grfake: 0.965 loss_G_conf: 0.088 
validation accuracies:
                gf: 0.95
                real: 0.94
                fake: 0.43

ran validation set (B:2801) in                         33.0 s.
learning rate 0.0000800 -> 0.0000800
End of epoch 12 / 20 	 Time Taken: 184 sec
(epoch: 13, batches: 20, time: 0.004, data: 0.003) loss_G_comp: 0.307 loss_G_anti_sc: 0.240 loss_G: 0.635 loss_D_real: 0.077 loss_D_fake: 2.102 loss_D_gr_fake: 0.156 loss_D: 2.335 acc_real: 0.945 acc_fake: 0.426 acc_grfake: 0.954 loss_G_conf: 0.088 
(epoch: 13, batches: 40, time: 0.003, data: 0.001) loss_G_comp: 0.307 loss_G_anti_sc: 0.240 loss_G: 0.635 loss_D_real: 0.046 loss_D_fake: 2.111 loss_D_gr_fake: 0.185 loss_D: 2.342 acc_real: 0.945 acc_fake: 0.426 acc_grfake: 0.954 loss_G_conf: 0.088 
(epoch: 13, batches: 60, time: 0.003, data: 0.001) loss_G_comp: 0.307 loss_G_anti_sc: 0.240 loss_G: 0.635 loss_D_real: 0.073 loss_D_fake: 1.721 loss_D_gr_fake: 0.255 loss_D: 2.050 acc_real: 0.945 acc_fake: 0.426 acc_grfake: 0.954 loss_G_conf: 0.088 
(epoch: 13, batches: 80, time: 0.003, data: 0.006) loss_G_comp: 0.307 loss_G_anti_sc: 0.240 loss_G: 0.635 loss_D_real: 0.068 loss_D_fake: 1.594 loss_D_gr_fake: 0.156 loss_D: 1.818 acc_real: 0.945 acc_fake: 0.426 acc_grfake: 0.954 loss_G_conf: 0.088 
validation accuracies:
                gf: 0.96
                real: 0.97
                fake: 0.57

ran validation set (B:2901) in                         33.4 s.
(epoch: 13, batches: 100, time: 0.003, data: 0.003) loss_G_comp: 0.307 loss_G_anti_sc: 0.240 loss_G: 0.635 loss_D_real: 0.057 loss_D_fake: 1.739 loss_D_gr_fake: 0.267 loss_D: 2.063 acc_real: 0.973 acc_fake: 0.567 acc_grfake: 0.955 loss_G_conf: 0.088 
(epoch: 13, batches: 120, time: 0.003, data: 0.001) loss_G_comp: 0.307 loss_G_anti_sc: 0.240 loss_G: 0.635 loss_D_real: 0.070 loss_D_fake: 1.609 loss_D_gr_fake: 0.176 loss_D: 1.856 acc_real: 0.973 acc_fake: 0.567 acc_grfake: 0.955 loss_G_conf: 0.088 
(epoch: 13, batches: 140, time: 0.004, data: 0.847) loss_G_comp: 0.307 loss_G_anti_sc: 0.240 loss_G: 0.635 loss_D_real: 0.068 loss_D_fake: 1.518 loss_D_gr_fake: 0.011 loss_D: 1.597 acc_real: 0.973 acc_fake: 0.567 acc_grfake: 0.955 loss_G_conf: 0.088 
(epoch: 13, batches: 160, time: 0.003, data: 0.389) loss_G_comp: 0.307 loss_G_anti_sc: 0.240 loss_G: 0.635 loss_D_real: 0.105 loss_D_fake: 1.477 loss_D_gr_fake: 0.103 loss_D: 1.685 acc_real: 0.973 acc_fake: 0.567 acc_grfake: 0.955 loss_G_conf: 0.088 
(epoch: 13, batches: 180, time: 0.003, data: 0.542) loss_G_comp: 0.307 loss_G_anti_sc: 0.240 loss_G: 0.635 loss_D_real: 0.058 loss_D_fake: 1.474 loss_D_gr_fake: 0.252 loss_D: 1.785 acc_real: 0.973 acc_fake: 0.567 acc_grfake: 0.955 loss_G_conf: 0.088 
validation accuracies:
                gf: 0.95
                real: 0.97
                fake: 0.62

ran validation set (B:3001) in                         33.4 s.
(epoch: 13, batches: 200, time: 0.004, data: 0.001) loss_G_comp: 0.200 loss_G_anti_sc: 0.520 loss_G: 0.800 loss_D_real: 0.424 loss_D_fake: 2.014 loss_D_gr_fake: 0.058 loss_D: 2.496 acc_real: 0.974 acc_fake: 0.617 acc_grfake: 0.947 loss_G_conf: 0.080 
(epoch: 13, batches: 220, time: 0.005, data: 0.019) loss_G_comp: 0.198 loss_G_anti_sc: 0.166 loss_G: 0.445 loss_D_real: 0.113 loss_D_fake: 2.467 loss_D_gr_fake: 0.132 loss_D: 2.712 acc_real: 0.974 acc_fake: 0.617 acc_grfake: 0.947 loss_G_conf: 0.081 
learning rate 0.0000800 -> 0.0000800
End of epoch 13 / 20 	 Time Taken: 151 sec
(epoch: 14, batches: 20, time: 0.004, data: 0.068) loss_G_comp: 0.170 loss_G_anti_sc: 0.384 loss_G: 0.634 loss_D_real: 0.061 loss_D_fake: 2.529 loss_D_gr_fake: 0.275 loss_D: 2.864 acc_real: 0.974 acc_fake: 0.617 acc_grfake: 0.947 loss_G_conf: 0.080 
(epoch: 14, batches: 40, time: 0.004, data: 0.484) loss_G_comp: 0.157 loss_G_anti_sc: 0.253 loss_G: 0.496 loss_D_real: 0.062 loss_D_fake: 2.644 loss_D_gr_fake: 0.183 loss_D: 2.889 acc_real: 0.974 acc_fake: 0.617 acc_grfake: 0.947 loss_G_conf: 0.086 
validation accuracies:
                gf: 0.95
                real: 0.94
                fake: 0.26

ran validation set (B:3101) in                         33.2 s.
(epoch: 14, batches: 60, time: 0.002, data: 0.334) loss_G_comp: 0.217 loss_G_anti_sc: 0.218 loss_G: 0.519 loss_D_real: 0.093 loss_D_fake: 2.656 loss_D_gr_fake: 0.257 loss_D: 3.006 acc_real: 0.936 acc_fake: 0.261 acc_grfake: 0.952 loss_G_conf: 0.084 
(epoch: 14, batches: 80, time: 0.003, data: 0.002) loss_G_comp: 0.217 loss_G_anti_sc: 0.218 loss_G: 0.519 loss_D_real: 0.197 loss_D_fake: 2.243 loss_D_gr_fake: 0.072 loss_D: 2.512 acc_real: 0.936 acc_fake: 0.261 acc_grfake: 0.952 loss_G_conf: 0.084 
(epoch: 14, batches: 100, time: 0.003, data: 0.001) loss_G_comp: 0.217 loss_G_anti_sc: 0.218 loss_G: 0.519 loss_D_real: 0.152 loss_D_fake: 2.511 loss_D_gr_fake: 0.063 loss_D: 2.726 acc_real: 0.936 acc_fake: 0.261 acc_grfake: 0.952 loss_G_conf: 0.084 
(epoch: 14, batches: 120, time: 0.003, data: 0.001) loss_G_comp: 0.217 loss_G_anti_sc: 0.218 loss_G: 0.519 loss_D_real: 0.036 loss_D_fake: 2.709 loss_D_gr_fake: 0.186 loss_D: 2.932 acc_real: 0.936 acc_fake: 0.261 acc_grfake: 0.952 loss_G_conf: 0.084 
(epoch: 14, batches: 140, time: 0.004, data: 0.846) loss_G_comp: 0.217 loss_G_anti_sc: 0.218 loss_G: 0.519 loss_D_real: 0.056 loss_D_fake: 1.997 loss_D_gr_fake: 0.393 loss_D: 2.445 acc_real: 0.936 acc_fake: 0.261 acc_grfake: 0.952 loss_G_conf: 0.084 
validation accuracies:
                gf: 0.96
                real: 0.97
                fake: 0.40

ran validation set (B:3201) in                         33.0 s.
(epoch: 14, batches: 160, time: 0.002, data: 0.822) loss_G_comp: 0.217 loss_G_anti_sc: 0.218 loss_G: 0.519 loss_D_real: 0.138 loss_D_fake: 1.936 loss_D_gr_fake: 0.078 loss_D: 2.152 acc_real: 0.975 acc_fake: 0.398 acc_grfake: 0.958 loss_G_conf: 0.084 
(epoch: 14, batches: 180, time: 0.003, data: 0.001) loss_G_comp: 0.217 loss_G_anti_sc: 0.218 loss_G: 0.519 loss_D_real: 0.055 loss_D_fake: 2.109 loss_D_gr_fake: 0.168 loss_D: 2.333 acc_real: 0.975 acc_fake: 0.398 acc_grfake: 0.958 loss_G_conf: 0.084 
(epoch: 14, batches: 200, time: 0.003, data: 0.001) loss_G_comp: 0.217 loss_G_anti_sc: 0.218 loss_G: 0.519 loss_D_real: 0.094 loss_D_fake: 1.886 loss_D_gr_fake: 0.097 loss_D: 2.078 acc_real: 0.975 acc_fake: 0.398 acc_grfake: 0.958 loss_G_conf: 0.084 
(epoch: 14, batches: 220, time: 0.004, data: 0.308) loss_G_comp: 0.217 loss_G_anti_sc: 0.218 loss_G: 0.519 loss_D_real: 0.096 loss_D_fake: 1.855 loss_D_gr_fake: 0.191 loss_D: 2.143 acc_real: 0.975 acc_fake: 0.398 acc_grfake: 0.958 loss_G_conf: 0.084 
learning rate 0.0000800 -> 0.0000800
End of epoch 14 / 20 	 Time Taken: 151 sec
(epoch: 15, batches: 20, time: 0.004, data: 0.017) loss_G_comp: 0.217 loss_G_anti_sc: 0.218 loss_G: 0.519 loss_D_real: 0.107 loss_D_fake: 1.890 loss_D_gr_fake: 0.279 loss_D: 2.276 acc_real: 0.975 acc_fake: 0.398 acc_grfake: 0.958 loss_G_conf: 0.084 
validation accuracies:
                gf: 0.94
                real: 0.99
                fake: 0.41

ran validation set (B:3301) in                         33.1 s.
(epoch: 15, batches: 40, time: 0.003, data: 0.263) loss_G_comp: 0.217 loss_G_anti_sc: 0.218 loss_G: 0.519 loss_D_real: 0.073 loss_D_fake: 2.052 loss_D_gr_fake: 0.188 loss_D: 2.313 acc_real: 0.994 acc_fake: 0.406 acc_grfake: 0.941 loss_G_conf: 0.084 
(epoch: 15, batches: 60, time: 0.003, data: 0.546) loss_G_comp: 0.217 loss_G_anti_sc: 0.218 loss_G: 0.519 loss_D_real: 0.087 loss_D_fake: 1.678 loss_D_gr_fake: 0.252 loss_D: 2.017 acc_real: 0.994 acc_fake: 0.406 acc_grfake: 0.941 loss_G_conf: 0.084 
(epoch: 15, batches: 80, time: 0.004, data: 0.009) loss_G_comp: 0.217 loss_G_anti_sc: 0.218 loss_G: 0.519 loss_D_real: 0.062 loss_D_fake: 1.736 loss_D_gr_fake: 0.176 loss_D: 1.974 acc_real: 0.994 acc_fake: 0.406 acc_grfake: 0.941 loss_G_conf: 0.084 
(epoch: 15, batches: 100, time: 0.003, data: 0.001) loss_G_comp: 0.217 loss_G_anti_sc: 0.218 loss_G: 0.519 loss_D_real: 0.043 loss_D_fake: 1.669 loss_D_gr_fake: 0.111 loss_D: 1.824 acc_real: 0.994 acc_fake: 0.406 acc_grfake: 0.941 loss_G_conf: 0.084 
(epoch: 15, batches: 120, time: 0.003, data: 0.009) loss_G_comp: 0.217 loss_G_anti_sc: 0.218 loss_G: 0.519 loss_D_real: 0.067 loss_D_fake: 1.485 loss_D_gr_fake: 0.299 loss_D: 1.851 acc_real: 0.994 acc_fake: 0.406 acc_grfake: 0.941 loss_G_conf: 0.084 
validation accuracies:
                gf: 0.95
                real: 0.96
                fake: 0.69

ran validation set (B:3401) in                         33.7 s.
(epoch: 15, batches: 140, time: 0.004, data: 0.368) loss_G_comp: 0.213 loss_G_anti_sc: 0.272 loss_G: 0.585 loss_D_real: 0.147 loss_D_fake: 2.431 loss_D_gr_fake: 0.088 loss_D: 2.666 acc_real: 0.962 acc_fake: 0.687 acc_grfake: 0.952 loss_G_conf: 0.101 
(epoch: 15, batches: 160, time: 0.005, data: 0.844) loss_G_comp: 0.211 loss_G_anti_sc: 0.228 loss_G: 0.532 loss_D_real: 0.090 loss_D_fake: 2.690 loss_D_gr_fake: 0.061 loss_D: 2.842 acc_real: 0.962 acc_fake: 0.687 acc_grfake: 0.952 loss_G_conf: 0.093 
(epoch: 15, batches: 180, time: 0.004, data: 0.236) loss_G_comp: 0.284 loss_G_anti_sc: 0.254 loss_G: 0.625 loss_D_real: 0.111 loss_D_fake: 1.990 loss_D_gr_fake: 0.218 loss_D: 2.320 acc_real: 0.962 acc_fake: 0.687 acc_grfake: 0.952 loss_G_conf: 0.088 
(epoch: 15, batches: 200, time: 0.004, data: 0.002) loss_G_comp: 0.205 loss_G_anti_sc: 0.187 loss_G: 0.476 loss_D_real: 0.069 loss_D_fake: 3.343 loss_D_gr_fake: 0.433 loss_D: 3.845 acc_real: 0.962 acc_fake: 0.687 acc_grfake: 0.952 loss_G_conf: 0.084 
(epoch: 15, batches: 220, time: 0.005, data: 0.008) loss_G_comp: 0.038 loss_G_anti_sc: 0.684 loss_G: 0.812 loss_D_real: 0.389 loss_D_fake: 1.293 loss_D_gr_fake: 0.085 loss_D: 1.767 acc_real: 0.962 acc_fake: 0.687 acc_grfake: 0.952 loss_G_conf: 0.090 
validation accuracies:
                gf: 0.98
                real: 0.62
                fake: 0.41

ran validation set (B:3501) in                         33.0 s.
saving the model at the end of epoch 15, iters 224640
learning rate 0.0000800 -> 0.0000800
End of epoch 15 / 20 	 Time Taken: 184 sec
(epoch: 16, batches: 20, time: 0.004, data: 0.001) loss_G_comp: 0.312 loss_G_anti_sc: 0.265 loss_G: 0.657 loss_D_real: 0.077 loss_D_fake: 2.166 loss_D_gr_fake: 0.212 loss_D: 2.455 acc_real: 0.622 acc_fake: 0.414 acc_grfake: 0.976 loss_G_conf: 0.081 
(epoch: 16, batches: 40, time: 0.003, data: 0.001) loss_G_comp: 0.312 loss_G_anti_sc: 0.265 loss_G: 0.657 loss_D_real: 0.060 loss_D_fake: 1.886 loss_D_gr_fake: 0.241 loss_D: 2.188 acc_real: 0.622 acc_fake: 0.414 acc_grfake: 0.976 loss_G_conf: 0.081 
(epoch: 16, batches: 60, time: 0.004, data: 0.002) loss_G_comp: 0.312 loss_G_anti_sc: 0.265 loss_G: 0.657 loss_D_real: 0.101 loss_D_fake: 1.963 loss_D_gr_fake: 0.294 loss_D: 2.358 acc_real: 0.622 acc_fake: 0.414 acc_grfake: 0.976 loss_G_conf: 0.081 
(epoch: 16, batches: 80, time: 0.003, data: 0.773) loss_G_comp: 0.312 loss_G_anti_sc: 0.265 loss_G: 0.657 loss_D_real: 0.055 loss_D_fake: 2.043 loss_D_gr_fake: 0.151 loss_D: 2.249 acc_real: 0.622 acc_fake: 0.414 acc_grfake: 0.976 loss_G_conf: 0.081 
validation accuracies:
                gf: 0.96
                real: 0.95
                fake: 0.49

ran validation set (B:3601) in                         33.7 s.
(epoch: 16, batches: 100, time: 0.004, data: 0.017) loss_G_comp: 0.312 loss_G_anti_sc: 0.265 loss_G: 0.657 loss_D_real: 0.074 loss_D_fake: 1.726 loss_D_gr_fake: 0.215 loss_D: 2.014 acc_real: 0.945 acc_fake: 0.495 acc_grfake: 0.959 loss_G_conf: 0.081 
(epoch: 16, batches: 120, time: 0.003, data: 0.395) loss_G_comp: 0.312 loss_G_anti_sc: 0.265 loss_G: 0.657 loss_D_real: 0.154 loss_D_fake: 1.642 loss_D_gr_fake: 0.156 loss_D: 1.952 acc_real: 0.945 acc_fake: 0.495 acc_grfake: 0.959 loss_G_conf: 0.081 
(epoch: 16, batches: 140, time: 0.003, data: 0.483) loss_G_comp: 0.312 loss_G_anti_sc: 0.265 loss_G: 0.657 loss_D_real: 0.083 loss_D_fake: 1.661 loss_D_gr_fake: 0.106 loss_D: 1.849 acc_real: 0.945 acc_fake: 0.495 acc_grfake: 0.959 loss_G_conf: 0.081 
(epoch: 16, batches: 160, time: 0.003, data: 0.003) loss_G_comp: 0.312 loss_G_anti_sc: 0.265 loss_G: 0.657 loss_D_real: 0.103 loss_D_fake: 1.375 loss_D_gr_fake: 0.021 loss_D: 1.498 acc_real: 0.945 acc_fake: 0.495 acc_grfake: 0.959 loss_G_conf: 0.081 
(epoch: 16, batches: 180, time: 0.003, data: 0.001) loss_G_comp: 0.312 loss_G_anti_sc: 0.265 loss_G: 0.657 loss_D_real: 0.075 loss_D_fake: 1.810 loss_D_gr_fake: 0.156 loss_D: 2.041 acc_real: 0.945 acc_fake: 0.495 acc_grfake: 0.959 loss_G_conf: 0.081 
validation accuracies:
                gf: 0.96
                real: 0.97
                fake: 0.59

ran validation set (B:3701) in                         33.9 s.
(epoch: 16, batches: 200, time: 0.003, data: 0.016) loss_G_comp: 0.312 loss_G_anti_sc: 0.265 loss_G: 0.657 loss_D_real: 0.074 loss_D_fake: 1.571 loss_D_gr_fake: 0.314 loss_D: 1.959 acc_real: 0.970 acc_fake: 0.587 acc_grfake: 0.957 loss_G_conf: 0.081 
(epoch: 16, batches: 220, time: 0.003, data: 0.013) loss_G_comp: 0.312 loss_G_anti_sc: 0.265 loss_G: 0.657 loss_D_real: 0.071 loss_D_fake: 1.512 loss_D_gr_fake: 0.102 loss_D: 1.685 acc_real: 0.970 acc_fake: 0.587 acc_grfake: 0.957 loss_G_conf: 0.081 
learning rate 0.0000800 -> 0.0000800
End of epoch 16 / 20 	 Time Taken: 151 sec
(epoch: 17, batches: 20, time: 0.003, data: 0.001) loss_G_comp: 0.312 loss_G_anti_sc: 0.265 loss_G: 0.657 loss_D_real: 0.084 loss_D_fake: 1.160 loss_D_gr_fake: 0.055 loss_D: 1.298 acc_real: 0.970 acc_fake: 0.587 acc_grfake: 0.957 loss_G_conf: 0.081 
(epoch: 17, batches: 40, time: 0.003, data: 0.006) loss_G_comp: 0.312 loss_G_anti_sc: 0.265 loss_G: 0.657 loss_D_real: 0.067 loss_D_fake: 1.413 loss_D_gr_fake: 0.185 loss_D: 1.666 acc_real: 0.970 acc_fake: 0.587 acc_grfake: 0.957 loss_G_conf: 0.081 
validation accuracies:
                gf: 0.96
                real: 0.97
                fake: 0.80

ran validation set (B:3801) in                         33.1 s.
(epoch: 17, batches: 60, time: 0.004, data: 0.001) loss_G_comp: 0.037 loss_G_anti_sc: 0.607 loss_G: 0.743 loss_D_real: 0.057 loss_D_fake: 1.661 loss_D_gr_fake: 0.067 loss_D: 1.785 acc_real: 0.969 acc_fake: 0.796 acc_grfake: 0.958 loss_G_conf: 0.099 
(epoch: 17, batches: 80, time: 0.004, data: 0.001) loss_G_comp: 0.126 loss_G_anti_sc: 0.343 loss_G: 0.560 loss_D_real: 0.121 loss_D_fake: 2.432 loss_D_gr_fake: 0.099 loss_D: 2.652 acc_real: 0.969 acc_fake: 0.796 acc_grfake: 0.958 loss_G_conf: 0.091 
(epoch: 17, batches: 100, time: 0.004, data: 0.001) loss_G_comp: 0.160 loss_G_anti_sc: 0.222 loss_G: 0.475 loss_D_real: 0.094 loss_D_fake: 2.496 loss_D_gr_fake: 0.079 loss_D: 2.669 acc_real: 0.969 acc_fake: 0.796 acc_grfake: 0.958 loss_G_conf: 0.094 
(epoch: 17, batches: 120, time: 0.005, data: 0.006) loss_G_comp: 0.090 loss_G_anti_sc: 0.417 loss_G: 0.600 loss_D_real: 0.170 loss_D_fake: 2.502 loss_D_gr_fake: 0.119 loss_D: 2.790 acc_real: 0.969 acc_fake: 0.796 acc_grfake: 0.958 loss_G_conf: 0.093 
(epoch: 17, batches: 140, time: 0.004, data: 0.017) loss_G_comp: 0.217 loss_G_anti_sc: 0.223 loss_G: 0.539 loss_D_real: 0.164 loss_D_fake: 2.681 loss_D_gr_fake: 0.106 loss_D: 2.951 acc_real: 0.969 acc_fake: 0.796 acc_grfake: 0.958 loss_G_conf: 0.098 
validation accuracies:
                gf: 0.93
                real: 0.98
                fake: 0.09

ran validation set (B:3901) in                         33.4 s.
(epoch: 17, batches: 160, time: 0.002, data: 0.015) loss_G_comp: 0.118 loss_G_anti_sc: 0.347 loss_G: 0.562 loss_D_real: 0.066 loss_D_fake: 3.072 loss_D_gr_fake: 0.225 loss_D: 3.362 acc_real: 0.977 acc_fake: 0.092 acc_grfake: 0.934 loss_G_conf: 0.097 
(epoch: 17, batches: 180, time: 0.003, data: 0.205) loss_G_comp: 0.118 loss_G_anti_sc: 0.347 loss_G: 0.562 loss_D_real: 0.092 loss_D_fake: 2.823 loss_D_gr_fake: 0.110 loss_D: 3.026 acc_real: 0.977 acc_fake: 0.092 acc_grfake: 0.934 loss_G_conf: 0.097 
(epoch: 17, batches: 200, time: 0.003, data: 0.001) loss_G_comp: 0.118 loss_G_anti_sc: 0.347 loss_G: 0.562 loss_D_real: 0.161 loss_D_fake: 2.491 loss_D_gr_fake: 0.060 loss_D: 2.712 acc_real: 0.977 acc_fake: 0.092 acc_grfake: 0.934 loss_G_conf: 0.097 
(epoch: 17, batches: 220, time: 0.004, data: 0.001) loss_G_comp: 0.118 loss_G_anti_sc: 0.347 loss_G: 0.562 loss_D_real: 0.070 loss_D_fake: 2.632 loss_D_gr_fake: 0.228 loss_D: 2.929 acc_real: 0.977 acc_fake: 0.092 acc_grfake: 0.934 loss_G_conf: 0.097 
learning rate 0.0000800 -> 0.0000800
End of epoch 17 / 20 	 Time Taken: 151 sec
(epoch: 18, batches: 20, time: 0.004, data: 0.002) loss_G_comp: 0.118 loss_G_anti_sc: 0.347 loss_G: 0.562 loss_D_real: 0.052 loss_D_fake: 2.246 loss_D_gr_fake: 0.204 loss_D: 2.503 acc_real: 0.977 acc_fake: 0.092 acc_grfake: 0.934 loss_G_conf: 0.097 
validation accuracies:
                gf: 0.96
                real: 0.83
                fake: 0.50

ran validation set (B:4001) in                         33.9 s.
(epoch: 18, batches: 40, time: 0.003, data: 0.092) loss_G_comp: 0.118 loss_G_anti_sc: 0.347 loss_G: 0.562 loss_D_real: 0.069 loss_D_fake: 2.253 loss_D_gr_fake: 0.149 loss_D: 2.472 acc_real: 0.826 acc_fake: 0.503 acc_grfake: 0.965 loss_G_conf: 0.097 
(epoch: 18, batches: 60, time: 0.004, data: 0.595) loss_G_comp: 0.118 loss_G_anti_sc: 0.347 loss_G: 0.562 loss_D_real: 0.075 loss_D_fake: 2.067 loss_D_gr_fake: 0.298 loss_D: 2.440 acc_real: 0.826 acc_fake: 0.503 acc_grfake: 0.965 loss_G_conf: 0.097 
(epoch: 18, batches: 80, time: 0.004, data: 0.003) loss_G_comp: 0.118 loss_G_anti_sc: 0.347 loss_G: 0.562 loss_D_real: 0.112 loss_D_fake: 1.964 loss_D_gr_fake: 0.099 loss_D: 2.175 acc_real: 0.826 acc_fake: 0.503 acc_grfake: 0.965 loss_G_conf: 0.097 
(epoch: 18, batches: 100, time: 0.003, data: 0.001) loss_G_comp: 0.118 loss_G_anti_sc: 0.347 loss_G: 0.562 loss_D_real: 0.072 loss_D_fake: 1.919 loss_D_gr_fake: 0.169 loss_D: 2.159 acc_real: 0.826 acc_fake: 0.503 acc_grfake: 0.965 loss_G_conf: 0.097 
(epoch: 18, batches: 120, time: 0.004, data: 0.022) loss_G_comp: 0.118 loss_G_anti_sc: 0.347 loss_G: 0.562 loss_D_real: 0.069 loss_D_fake: 1.866 loss_D_gr_fake: 0.159 loss_D: 2.095 acc_real: 0.826 acc_fake: 0.503 acc_grfake: 0.965 loss_G_conf: 0.097 
validation accuracies:
                gf: 0.96
                real: 0.95
                fake: 0.61

ran validation set (B:4101) in                         33.4 s.
(epoch: 18, batches: 140, time: 0.004, data: 0.001) loss_G_comp: 0.214 loss_G_anti_sc: 0.302 loss_G: 0.621 loss_D_real: 0.092 loss_D_fake: 2.804 loss_D_gr_fake: 0.143 loss_D: 3.038 acc_real: 0.955 acc_fake: 0.610 acc_grfake: 0.963 loss_G_conf: 0.105 
(epoch: 18, batches: 160, time: 0.004, data: 0.017) loss_G_comp: 0.018 loss_G_anti_sc: 1.006 loss_G: 1.139 loss_D_real: 0.789 loss_D_fake: 1.776 loss_D_gr_fake: 0.012 loss_D: 2.577 acc_real: 0.955 acc_fake: 0.610 acc_grfake: 0.963 loss_G_conf: 0.115 
(epoch: 18, batches: 180, time: 0.004, data: 0.015) loss_G_comp: 0.088 loss_G_anti_sc: 0.375 loss_G: 0.556 loss_D_real: 0.107 loss_D_fake: 2.765 loss_D_gr_fake: 0.139 loss_D: 3.010 acc_real: 0.955 acc_fake: 0.610 acc_grfake: 0.963 loss_G_conf: 0.093 
(epoch: 18, batches: 200, time: 0.004, data: 0.007) loss_G_comp: 0.095 loss_G_anti_sc: 0.295 loss_G: 0.482 loss_D_real: 0.159 loss_D_fake: 2.620 loss_D_gr_fake: 0.050 loss_D: 2.830 acc_real: 0.955 acc_fake: 0.610 acc_grfake: 0.963 loss_G_conf: 0.091 
(epoch: 18, batches: 220, time: 0.004, data: 0.071) loss_G_comp: 0.043 loss_G_anti_sc: 0.481 loss_G: 0.624 loss_D_real: 0.163 loss_D_fake: 3.393 loss_D_gr_fake: 0.053 loss_D: 3.609 acc_real: 0.955 acc_fake: 0.610 acc_grfake: 0.963 loss_G_conf: 0.100 
validation accuracies:
                gf: 0.98
                real: 0.58
                fake: 0.34

ran validation set (B:4201) in                         33.8 s.
learning rate 0.0000800 -> 0.0000800
End of epoch 18 / 20 	 Time Taken: 185 sec
(epoch: 19, batches: 20, time: 0.004, data: 0.275) loss_G_comp: 0.386 loss_G_anti_sc: 0.136 loss_G: 0.621 loss_D_real: 0.070 loss_D_fake: 3.033 loss_D_gr_fake: 0.093 loss_D: 3.196 acc_real: 0.585 acc_fake: 0.338 acc_grfake: 0.981 loss_G_conf: 0.099 
(epoch: 19, batches: 40, time: 0.003, data: 0.002) loss_G_comp: 0.386 loss_G_anti_sc: 0.136 loss_G: 0.621 loss_D_real: 0.062 loss_D_fake: 2.918 loss_D_gr_fake: 0.278 loss_D: 3.259 acc_real: 0.585 acc_fake: 0.338 acc_grfake: 0.981 loss_G_conf: 0.099 
(epoch: 19, batches: 60, time: 0.003, data: 0.795) loss_G_comp: 0.386 loss_G_anti_sc: 0.136 loss_G: 0.621 loss_D_real: 0.063 loss_D_fake: 2.857 loss_D_gr_fake: 0.187 loss_D: 3.107 acc_real: 0.585 acc_fake: 0.338 acc_grfake: 0.981 loss_G_conf: 0.099 
(epoch: 19, batches: 80, time: 0.003, data: 0.002) loss_G_comp: 0.386 loss_G_anti_sc: 0.136 loss_G: 0.621 loss_D_real: 0.132 loss_D_fake: 2.217 loss_D_gr_fake: 0.136 loss_D: 2.484 acc_real: 0.585 acc_fake: 0.338 acc_grfake: 0.981 loss_G_conf: 0.099 
validation accuracies:
                gf: 0.95
                real: 0.96
                fake: 0.29

ran validation set (B:4301) in                         33.5 s.
(epoch: 19, batches: 100, time: 0.003, data: 0.017) loss_G_comp: 0.386 loss_G_anti_sc: 0.136 loss_G: 0.621 loss_D_real: 0.197 loss_D_fake: 2.050 loss_D_gr_fake: 0.129 loss_D: 2.376 acc_real: 0.964 acc_fake: 0.291 acc_grfake: 0.955 loss_G_conf: 0.099 
(epoch: 19, batches: 120, time: 0.004, data: 0.001) loss_G_comp: 0.386 loss_G_anti_sc: 0.136 loss_G: 0.621 loss_D_real: 0.070 loss_D_fake: 2.541 loss_D_gr_fake: 0.200 loss_D: 2.810 acc_real: 0.964 acc_fake: 0.291 acc_grfake: 0.955 loss_G_conf: 0.099 
(epoch: 19, batches: 140, time: 0.003, data: 0.001) loss_G_comp: 0.386 loss_G_anti_sc: 0.136 loss_G: 0.621 loss_D_real: 0.052 loss_D_fake: 2.955 loss_D_gr_fake: 0.030 loss_D: 3.037 acc_real: 0.964 acc_fake: 0.291 acc_grfake: 0.955 loss_G_conf: 0.099 
(epoch: 19, batches: 160, time: 0.003, data: 0.001) loss_G_comp: 0.386 loss_G_anti_sc: 0.136 loss_G: 0.621 loss_D_real: 0.059 loss_D_fake: 2.449 loss_D_gr_fake: 0.174 loss_D: 2.682 acc_real: 0.964 acc_fake: 0.291 acc_grfake: 0.955 loss_G_conf: 0.099 
(epoch: 19, batches: 180, time: 0.003, data: 0.233) loss_G_comp: 0.386 loss_G_anti_sc: 0.136 loss_G: 0.621 loss_D_real: 0.122 loss_D_fake: 2.343 loss_D_gr_fake: 0.111 loss_D: 2.576 acc_real: 0.964 acc_fake: 0.291 acc_grfake: 0.955 loss_G_conf: 0.099 
validation accuracies:
                gf: 0.95
                real: 0.97
                fake: 0.29

ran validation set (B:4401) in                         33.4 s.
(epoch: 19, batches: 200, time: 0.003, data: 0.016) loss_G_comp: 0.386 loss_G_anti_sc: 0.136 loss_G: 0.621 loss_D_real: 0.077 loss_D_fake: 1.802 loss_D_gr_fake: 0.050 loss_D: 1.928 acc_real: 0.967 acc_fake: 0.293 acc_grfake: 0.951 loss_G_conf: 0.099 
(epoch: 19, batches: 220, time: 0.003, data: 0.537) loss_G_comp: 0.386 loss_G_anti_sc: 0.136 loss_G: 0.621 loss_D_real: 0.039 loss_D_fake: 2.168 loss_D_gr_fake: 0.083 loss_D: 2.290 acc_real: 0.967 acc_fake: 0.293 acc_grfake: 0.951 loss_G_conf: 0.099 
learning rate 0.0000800 -> 0.0000800
End of epoch 19 / 20 	 Time Taken: 151 sec
(epoch: 20, batches: 20, time: 0.003, data: 0.001) loss_G_comp: 0.386 loss_G_anti_sc: 0.136 loss_G: 0.621 loss_D_real: 0.083 loss_D_fake: 2.022 loss_D_gr_fake: 0.188 loss_D: 2.294 acc_real: 0.967 acc_fake: 0.293 acc_grfake: 0.951 loss_G_conf: 0.099 
(epoch: 20, batches: 40, time: 0.004, data: 0.001) loss_G_comp: 0.386 loss_G_anti_sc: 0.136 loss_G: 0.621 loss_D_real: 0.047 loss_D_fake: 2.464 loss_D_gr_fake: 0.162 loss_D: 2.673 acc_real: 0.967 acc_fake: 0.293 acc_grfake: 0.951 loss_G_conf: 0.099 
validation accuracies:
                gf: 0.94
                real: 1.00
                fake: 0.30

ran validation set (B:4501) in                         33.2 s.
(epoch: 20, batches: 60, time: 0.004, data: 0.001) loss_G_comp: 0.386 loss_G_anti_sc: 0.136 loss_G: 0.621 loss_D_real: 0.109 loss_D_fake: 1.513 loss_D_gr_fake: 0.082 loss_D: 1.704 acc_real: 0.999 acc_fake: 0.297 acc_grfake: 0.943 loss_G_conf: 0.099 
(epoch: 20, batches: 80, time: 0.003, data: 0.167) loss_G_comp: 0.386 loss_G_anti_sc: 0.136 loss_G: 0.621 loss_D_real: 0.057 loss_D_fake: 1.648 loss_D_gr_fake: 0.172 loss_D: 1.877 acc_real: 0.999 acc_fake: 0.297 acc_grfake: 0.943 loss_G_conf: 0.099 
(epoch: 20, batches: 100, time: 0.003, data: 1.007) loss_G_comp: 0.386 loss_G_anti_sc: 0.136 loss_G: 0.621 loss_D_real: 0.053 loss_D_fake: 1.633 loss_D_gr_fake: 0.211 loss_D: 1.897 acc_real: 0.999 acc_fake: 0.297 acc_grfake: 0.943 loss_G_conf: 0.099 
(epoch: 20, batches: 120, time: 0.004, data: 0.001) loss_G_comp: 0.386 loss_G_anti_sc: 0.136 loss_G: 0.621 loss_D_real: 0.052 loss_D_fake: 1.693 loss_D_gr_fake: 0.295 loss_D: 2.041 acc_real: 0.999 acc_fake: 0.297 acc_grfake: 0.943 loss_G_conf: 0.099 
(epoch: 20, batches: 140, time: 0.003, data: 0.106) loss_G_comp: 0.386 loss_G_anti_sc: 0.136 loss_G: 0.621 loss_D_real: 0.037 loss_D_fake: 1.745 loss_D_gr_fake: 0.249 loss_D: 2.032 acc_real: 0.999 acc_fake: 0.297 acc_grfake: 0.943 loss_G_conf: 0.099 
validation accuracies:
                gf: 0.96
                real: 0.96
                fake: 0.67

ran validation set (B:4601) in                         33.7 s.
(epoch: 20, batches: 160, time: 0.005, data: 0.017) loss_G_comp: 0.155 loss_G_anti_sc: 0.220 loss_G: 0.482 loss_D_real: 0.015 loss_D_fake: 4.611 loss_D_gr_fake: 0.372 loss_D: 4.998 acc_real: 0.957 acc_fake: 0.670 acc_grfake: 0.956 loss_G_conf: 0.106 
(epoch: 20, batches: 180, time: 0.005, data: 0.007) loss_G_comp: 0.567 loss_G_anti_sc: 0.150 loss_G: 0.810 loss_D_real: 0.108 loss_D_fake: 2.383 loss_D_gr_fake: 0.094 loss_D: 2.585 acc_real: 0.957 acc_fake: 0.670 acc_grfake: 0.956 loss_G_conf: 0.093 
(epoch: 20, batches: 200, time: 0.004, data: 0.001) loss_G_comp: 0.210 loss_G_anti_sc: 0.209 loss_G: 0.516 loss_D_real: 0.079 loss_D_fake: 2.650 loss_D_gr_fake: 0.219 loss_D: 2.948 acc_real: 0.957 acc_fake: 0.670 acc_grfake: 0.956 loss_G_conf: 0.096 
(epoch: 20, batches: 220, time: 0.005, data: 0.080) loss_G_comp: 0.138 loss_G_anti_sc: 0.178 loss_G: 0.415 loss_D_real: 0.092 loss_D_fake: 3.314 loss_D_gr_fake: 0.210 loss_D: 3.617 acc_real: 0.957 acc_fake: 0.670 acc_grfake: 0.956 loss_G_conf: 0.099 
saving the model at the end of epoch 20, iters 299520
learning rate 0.0000800 -> 0.0000640
End of epoch 20 / 20 	 Time Taken: 152 sec
Finished training, model is saved
